[ 2015-09-16T09:49:38+08:00 ] 127.0.0.1 /
INFO: [ app_init ] --START--
INFO: Run Behavior\BuildLiteBehavior [ RunTime:0.000000s ]
INFO: [ app_init ] --END-- [ RunTime:0.000000s ]
INFO: [ app_begin ] --START--
INFO: Run Behavior\ReadHtmlCacheBehavior [ RunTime:0.010000s ]
INFO: [ app_begin ] --END-- [ RunTime:0.010000s ]
NOTIC: [2048] Non-static method Prop\Controller\Check::check() should not be called statically, assuming $this from incompatible context C:\Program Files\phpStudy\WWW_prop\Application\Prop\Controller\IndexController.class.php 第 7 行.

[ 2015-09-16T09:49:39+08:00 ] 127.0.0.1 /Prop/Login/Apilogin.html?backurl=http://prop.zzp.cn/
INFO: [ app_init ] --START--
INFO: Run Behavior\BuildLiteBehavior [ RunTime:0.000000s ]
INFO: [ app_init ] --END-- [ RunTime:0.000000s ]
INFO: [ app_begin ] --START--
INFO: Run Behavior\ReadHtmlCacheBehavior [ RunTime:0.000000s ]
INFO: [ app_begin ] --END-- [ RunTime:0.000000s ]
INFO: [ view_parse ] --START--
ERR: 模板不存在:./Application/Prop/View/default/layout.html

[ 2015-09-16T09:49:53+08:00 ] 127.0.0.1 /Prop/Login/Apilogin.html?backurl=http://prop.zzp.cn/
INFO: [ app_init ] --START--
INFO: Run Behavior\BuildLiteBehavior [ RunTime:0.000000s ]
INFO: [ app_init ] --END-- [ RunTime:0.000000s ]
INFO: [ app_begin ] --START--
INFO: Run Behavior\ReadHtmlCacheBehavior [ RunTime:0.000000s ]
INFO: [ app_begin ] --END-- [ RunTime:0.000000s ]
INFO: [ view_parse ] --START--
INFO: [ template_filter ] --START--
INFO: Run Behavior\ContentReplaceBehavior [ RunTime:0.000000s ]
INFO: [ template_filter ] --END-- [ RunTime:0.000000s ]
NOTIC: [8] Undefined variable: webname C:\Program Files\phpStudy\WWW_prop\Application\Runtime\Cache\Prop\084c8eb641af5f2c7eb463ce8c0692de.php 第 10 行.
INFO: Run Behavior\ParseTemplateBehavior [ RunTime:0.010000s ]
INFO: [ view_parse ] --END-- [ RunTime:0.010000s ]
INFO: [ view_filter ] --START--
INFO: Run Behavior\WriteHtmlCacheBehavior [ RunTime:0.000000s ]
INFO: [ view_filter ] --END-- [ RunTime:0.000000s ]
INFO: [ app_end ] --START--
INFO: Run Behavior\ShowPageTraceBehavior [ RunTime:0.000000s ]
INFO: [ app_end ] --END-- [ RunTime:0.000000s ]

[ 2015-09-16T09:49:54+08:00 ] 127.0.0.1 /Prop/Login/Apilogin?token=e8abAFUJBFQHUVUGUQZTVQIHAVIADlpZUFADV1RXUFFRAwwBUg4MVw&backurl=http://prop.zzp.cn/
INFO: [ app_init ] --START--
INFO: Run Behavior\BuildLiteBehavior [ RunTime:0.000000s ]
INFO: [ app_init ] --END-- [ RunTime:0.000000s ]
INFO: [ app_begin ] --START--
INFO: Run Behavior\ReadHtmlCacheBehavior [ RunTime:0.000000s ]
INFO: [ app_begin ] --END-- [ RunTime:0.000000s ]
INFO: [ view_parse ] --START--
INFO: [ template_filter ] --START--
INFO: Run Behavior\ContentReplaceBehavior [ RunTime:0.000000s ]
INFO: [ template_filter ] --END-- [ RunTime:0.000000s ]
NOTIC: [8] Undefined variable: webname C:\Program Files\phpStudy\WWW_prop\Application\Runtime\Cache\Prop\084c8eb641af5f2c7eb463ce8c0692de.php 第 10 行.
INFO: Run Behavior\ParseTemplateBehavior [ RunTime:0.000000s ]
INFO: [ view_parse ] --END-- [ RunTime:0.000000s ]
INFO: [ view_filter ] --START--
INFO: Run Behavior\WriteHtmlCacheBehavior [ RunTime:0.000000s ]
INFO: [ view_filter ] --END-- [ RunTime:0.000000s ]
INFO: [ app_end ] --START--
INFO: Run Behavior\ShowPageTraceBehavior [ RunTime:0.000000s ]
INFO: [ app_end ] --END-- [ RunTime:0.000000s ]

[ 2015-09-16T09:49:57+08:00 ] 127.0.0.1 /
INFO: [ app_init ] --START--
INFO: Run Behavior\BuildLiteBehavior [ RunTime:0.000000s ]
INFO: [ app_init ] --END-- [ RunTime:0.000000s ]
INFO: [ app_begin ] --START--
INFO: Run Behavior\ReadHtmlCacheBehavior [ RunTime:0.000000s ]
INFO: [ app_begin ] --END-- [ RunTime:0.000000s ]
NOTIC: [2048] Non-static method Prop\Controller\Check::check() should not be called statically, assuming $this from incompatible context C:\Program Files\phpStudy\WWW_prop\Application\Prop\Controller\IndexController.class.php 第 7 行.
SQL: SHOW COLUMNS FROM `prop_project_manager` [ RunTime:0.0300s ]
SQL: SELECT `project_id` FROM `prop_project_manager` WHERE ( uin=1468 )  [ RunTime:0.0000s ]
NOTIC: [2048] Non-static method Prop\Controller\Check::get_project_id() should not be called statically, assuming $this from incompatible context C:\Program Files\phpStudy\WWW_prop\Application\Prop\Controller\IndexController.class.php 第 23 行.
NOTIC: [2048] Non-static method Prop\Controller\Check::get_house() should not be called statically, assuming $this from incompatible context C:\Program Files\phpStudy\WWW_prop\Application\Prop\Controller\Check.class.php 第 85 行.
SQL: SHOW COLUMNS FROM `prop_reside_user` [ RunTime:0.0400s ]
SQL: SELECT * FROM `prop_reside_user` WHERE `uin` = 1468 AND `project_id` = 0  [ RunTime:0.0000s ]
SQL: SHOW COLUMNS FROM `prop_project` [ RunTime:0.0300s ]
SQL: SELECT * FROM `prop_project` WHERE ( h_id=36 ) LIMIT 1   [ RunTime:0.0000s ]
NOTIC: [2048] Non-static method Prop\Controller\Check::get_new_remind() should not be called statically, assuming $this from incompatible context C:\Program Files\phpStudy\WWW_prop\Application\Prop\Controller\IndexController.class.php 第 28 行.
SQL: SHOW COLUMNS FROM `prop_user` [ RunTime:0.0300s ]
SQL: SELECT `new_remind` FROM `prop_user` WHERE `uin` = 1468 LIMIT 1   [ RunTime:0.0000s ]
SQL: SHOW COLUMNS FROM `prop_notice` [ RunTime:0.0400s ]
SQL: SELECT MAX(add_time) AS tp_max FROM `prop_notice` WHERE `project_id` = 36 LIMIT 1   [ RunTime:0.0000s ]
SQL: SHOW COLUMNS FROM `prop_server` [ RunTime:0.0500s ]
SQL: SELECT MAX(add_time) AS tp_max FROM `prop_server` WHERE `project_id` = 36 LIMIT 1   [ RunTime:0.0000s ]
SQL: SHOW COLUMNS FROM `prop_bill` [ RunTime:0.0400s ]
SQL: SELECT MAX(add_time) AS tp_max FROM `prop_bill` WHERE `project_id` = 36 LIMIT 1   [ RunTime:0.0000s ]
SQL: SHOW COLUMNS FROM `prop_idle` [ RunTime:0.0300s ]
SQL: SELECT MAX(add_time) AS tp_max FROM `prop_idle` WHERE `project_id` = 36 LIMIT 1   [ RunTime:0.0000s ]
SQL: SHOW COLUMNS FROM `prop_carpool` [ RunTime:0.0300s ]
SQL: SELECT MAX(add_time) AS tp_max FROM `prop_carpool` WHERE `project_id` = 36 LIMIT 1   [ RunTime:0.0100s ]
SQL: SELECT MAX(add_time) AS tp_max FROM `prop_server` WHERE `project_id` = 36 LIMIT 1   [ RunTime:0.0000s ]
SQL: SELECT MAX(add_time) AS tp_max FROM `prop_server` WHERE `project_id` = 36 LIMIT 1   [ RunTime:0.0000s ]
SQL: SELECT MAX(add_time) AS tp_max FROM `prop_server` WHERE `project_id` = 36 LIMIT 1   [ RunTime:0.0000s ]
NOTIC: [2048] Non-static method Prop\Controller\Check::get_project() should not be called statically, assuming $this from incompatible context C:\Program Files\phpStudy\WWW_prop\Application\Prop\Controller\IndexController.class.php 第 41 行.
SQL: SELECT `project` FROM `prop_project` WHERE ( h_id=36 ) LIMIT 1   [ RunTime:0.0000s ]
NOTIC: [8] Use of undefined constant Y - assumed 'Y' C:\Program Files\phpStudy\WWW_prop\Application\Prop\Controller\IndexController.class.php 第 47 行.
NOTIC: [8] Use of undefined constant m - assumed 'm' C:\Program Files\phpStudy\WWW_prop\Application\Prop\Controller\IndexController.class.php 第 47 行.
NOTIC: [8] Use of undefined constant d - assumed 'd' C:\Program Files\phpStudy\WWW_prop\Application\Prop\Controller\IndexController.class.php 第 47 行.
INFO: [ view_parse ] --START--
INFO: [ template_filter ] --START--
INFO: Run Behavior\ContentReplaceBehavior [ RunTime:0.000000s ]
INFO: [ template_filter ] --END-- [ RunTime:0.000000s ]
NOTIC: [8] Undefined index: have_new C:\Program Files\phpStudy\WWW_prop\Application\Runtime\Cache\Prop\7e3d7cfcc9ab9ae4a723f02ca8a8a847.php 第 53 行.
NOTIC: [8] Undefined index: have_new C:\Program Files\phpStudy\WWW_prop\Application\Runtime\Cache\Prop\7e3d7cfcc9ab9ae4a723f02ca8a8a847.php 第 53 行.
NOTIC: [8] Undefined index: have_new C:\Program Files\phpStudy\WWW_prop\Application\Runtime\Cache\Prop\7e3d7cfcc9ab9ae4a723f02ca8a8a847.php 第 53 行.
NOTIC: [8] Undefined index: have_new C:\Program Files\phpStudy\WWW_prop\Application\Runtime\Cache\Prop\7e3d7cfcc9ab9ae4a723f02ca8a8a847.php 第 53 行.
NOTIC: [8] Undefined index: have_new C:\Program Files\phpStudy\WWW_prop\Application\Runtime\Cache\Prop\7e3d7cfcc9ab9ae4a723f02ca8a8a847.php 第 53 行.
NOTIC: [8] Undefined index: have_new C:\Program Files\phpStudy\WWW_prop\Application\Runtime\Cache\Prop\7e3d7cfcc9ab9ae4a723f02ca8a8a847.php 第 53 行.
NOTIC: [8] Undefined index: have_new C:\Program Files\phpStudy\WWW_prop\Application\Runtime\Cache\Prop\7e3d7cfcc9ab9ae4a723f02ca8a8a847.php 第 53 行.
NOTIC: [8] Undefined index: have_new C:\Program Files\phpStudy\WWW_prop\Application\Runtime\Cache\Prop\7e3d7cfcc9ab9ae4a723f02ca8a8a847.php 第 53 行.
NOTIC: [8] Undefined index: have_new C:\Program Files\phpStudy\WWW_prop\Application\Runtime\Cache\Prop\7e3d7cfcc9ab9ae4a723f02ca8a8a847.php 第 53 行.
NOTIC: [8] Undefined index: have_new C:\Program Files\phpStudy\WWW_prop\Application\Runtime\Cache\Prop\7e3d7cfcc9ab9ae4a723f02ca8a8a847.php 第 53 行.
NOTIC: [8] Undefined index: have_new C:\Program Files\phpStudy\WWW_prop\Application\Runtime\Cache\Prop\7e3d7cfcc9ab9ae4a723f02ca8a8a847.php 第 53 行.
NOTIC: [8] Undefined index: have_new C:\Program Files\phpStudy\WWW_prop\Application\Runtime\Cache\Prop\7e3d7cfcc9ab9ae4a723f02ca8a8a847.php 第 53 行.
NOTIC: [8] Undefined index: have_new C:\Program Files\phpStudy\WWW_prop\Application\Runtime\Cache\Prop\7e3d7cfcc9ab9ae4a723f02ca8a8a847.php 第 57 行.
INFO: Run Behavior\ParseTemplateBehavior [ RunTime:0.050000s ]
INFO: [ view_parse ] --END-- [ RunTime:0.050000s ]
INFO: [ view_filter ] --START--
INFO: Run Behavior\WriteHtmlCacheBehavior [ RunTime:0.000000s ]
INFO: [ view_filter ] --END-- [ RunTime:0.000000s ]
INFO: [ app_end ] --START--
INFO: Run Behavior\ShowPageTraceBehavior [ RunTime:0.000000s ]
INFO: [ app_end ] --END-- [ RunTime:0.000000s ]

[ 2015-09-16T09:53:20+08:00 ] 127.0.0.1 /
INFO: [ app_init ] --START--
INFO: Run Behavior\BuildLiteBehavior [ RunTime:0.000000s ]
INFO: [ app_init ] --END-- [ RunTime:0.000000s ]
INFO: [ app_begin ] --START--
INFO: Run Behavior\ReadHtmlCacheBehavior [ RunTime:0.001000s ]
INFO: [ app_begin ] --END-- [ RunTime:0.001000s ]
NOTIC: [2048] Non-static method Prop\Controller\Check::check() should not be called statically, assuming $this from incompatible context C:\Program Files\phpStudy\WWW_prop\Application\Prop\Controller\IndexController.class.php 第 7 行.
NOTIC: [2048] Non-static method Prop\Controller\Check::get_project_id() should not be called statically, assuming $this from incompatible context C:\Program Files\phpStudy\WWW_prop\Application\Prop\Controller\IndexController.class.php 第 23 行.
SQL: SHOW COLUMNS FROM `prop_project` [ RunTime:0.0020s ]
SQL: SELECT * FROM `prop_project` WHERE ( h_id=36 ) LIMIT 1   [ RunTime:0.0000s ]
NOTIC: [2048] Non-static method Prop\Controller\Check::get_new_remind() should not be called statically, assuming $this from incompatible context C:\Program Files\phpStudy\WWW_prop\Application\Prop\Controller\IndexController.class.php 第 28 行.
SQL: SHOW COLUMNS FROM `prop_user` [ RunTime:0.0030s ]
SQL: SELECT `new_remind` FROM `prop_user` WHERE `uin` = 1468 LIMIT 1   [ RunTime:0.0000s ]
SQL: SHOW COLUMNS FROM `prop_notice` [ RunTime:0.0030s ]
SQL: SELECT MAX(add_time) AS tp_max FROM `prop_notice` WHERE `project_id` = 36 LIMIT 1   [ RunTime:0.0000s ]
SQL: SHOW COLUMNS FROM `prop_server` [ RunTime:0.0020s ]
SQL: SELECT MAX(add_time) AS tp_max FROM `prop_server` WHERE `project_id` = 36 LIMIT 1   [ RunTime:0.0000s ]
SQL: SHOW COLUMNS FROM `prop_bill` [ RunTime:0.0040s ]
SQL: SELECT MAX(add_time) AS tp_max FROM `prop_bill` WHERE `project_id` = 36 LIMIT 1   [ RunTime:0.0010s ]
SQL: SHOW COLUMNS FROM `prop_idle` [ RunTime:0.0030s ]
SQL: SELECT MAX(add_time) AS tp_max FROM `prop_idle` WHERE `project_id` = 36 LIMIT 1   [ RunTime:0.0000s ]
SQL: SHOW COLUMNS FROM `prop_carpool` [ RunTime:0.0030s ]
SQL: SELECT MAX(add_time) AS tp_max FROM `prop_carpool` WHERE `project_id` = 36 LIMIT 1   [ RunTime:0.0000s ]
SQL: SELECT MAX(add_time) AS tp_max FROM `prop_server` WHERE `project_id` = 36 LIMIT 1   [ RunTime:0.0010s ]
SQL: SELECT MAX(add_time) AS tp_max FROM `prop_server` WHERE `project_id` = 36 LIMIT 1   [ RunTime:0.0000s ]
SQL: SELECT MAX(add_time) AS tp_max FROM `prop_server` WHERE `project_id` = 36 LIMIT 1   [ RunTime:0.0010s ]
NOTIC: [2048] Non-static method Prop\Controller\Check::get_project() should not be called statically, assuming $this from incompatible context C:\Program Files\phpStudy\WWW_prop\Application\Prop\Controller\IndexController.class.php 第 41 行.
SQL: SELECT `project` FROM `prop_project` WHERE ( h_id=36 ) LIMIT 1   [ RunTime:0.0000s ]
NOTIC: [8] Use of undefined constant Y - assumed 'Y' C:\Program Files\phpStudy\WWW_prop\Application\Prop\Controller\IndexController.class.php 第 47 行.
NOTIC: [8] Use of undefined constant m - assumed 'm' C:\Program Files\phpStudy\WWW_prop\Application\Prop\Controller\IndexController.class.php 第 47 行.
NOTIC: [8] Use of undefined constant d - assumed 'd' C:\Program Files\phpStudy\WWW_prop\Application\Prop\Controller\IndexController.class.php 第 47 行.
INFO: [ view_parse ] --START--
INFO: [ template_filter ] --START--
INFO: Run Behavior\ContentReplaceBehavior [ RunTime:0.000000s ]
INFO: [ template_filter ] --END-- [ RunTime:0.000000s ]
NOTIC: [8] Undefined index: have_new C:\Program Files\phpStudy\WWW_prop\Application\Runtime\Cache\Prop\7e3d7cfcc9ab9ae4a723f02ca8a8a847.php 第 53 行.
NOTIC: [8] Undefined index: have_new C:\Program Files\phpStudy\WWW_prop\Application\Runtime\Cache\Prop\7e3d7cfcc9ab9ae4a723f02ca8a8a847.php 第 53 行.
NOTIC: [8] Undefined index: have_new C:\Program Files\phpStudy\WWW_prop\Application\Runtime\Cache\Prop\7e3d7cfcc9ab9ae4a723f02ca8a8a847.php 第 53 行.
NOTIC: [8] Undefined index: have_new C:\Program Files\phpStudy\WWW_prop\Application\Runtime\Cache\Prop\7e3d7cfcc9ab9ae4a723f02ca8a8a847.php 第 53 行.
NOTIC: [8] Undefined index: have_new C:\Program Files\phpStudy\WWW_prop\Application\Runtime\Cache\Prop\7e3d7cfcc9ab9ae4a723f02ca8a8a847.php 第 53 行.
NOTIC: [8] Undefined index: have_new C:\Program Files\phpStudy\WWW_prop\Application\Runtime\Cache\Prop\7e3d7cfcc9ab9ae4a723f02ca8a8a847.php 第 53 行.
NOTIC: [8] Undefined index: have_new C:\Program Files\phpStudy\WWW_prop\Application\Runtime\Cache\Prop\7e3d7cfcc9ab9ae4a723f02ca8a8a847.php 第 53 行.
NOTIC: [8] Undefined index: have_new C:\Program Files\phpStudy\WWW_prop\Application\Runtime\Cache\Prop\7e3d7cfcc9ab9ae4a723f02ca8a8a847.php 第 53 行.
NOTIC: [8] Undefined index: have_new C:\Program Files\phpStudy\WWW_prop\Application\Runtime\Cache\Prop\7e3d7cfcc9ab9ae4a723f02ca8a8a847.php 第 53 行.
NOTIC: [8] Undefined index: have_new C:\Program Files\phpStudy\WWW_prop\Application\Runtime\Cache\Prop\7e3d7cfcc9ab9ae4a723f02ca8a8a847.php 第 53 行.
NOTIC: [8] Undefined index: have_new C:\Program Files\phpStudy\WWW_prop\Application\Runtime\Cache\Prop\7e3d7cfcc9ab9ae4a723f02ca8a8a847.php 第 53 行.
NOTIC: [8] Undefined index: have_new C:\Program Files\phpStudy\WWW_prop\Application\Runtime\Cache\Prop\7e3d7cfcc9ab9ae4a723f02ca8a8a847.php 第 53 行.
NOTIC: [8] Undefined index: have_new C:\Program Files\phpStudy\WWW_prop\Application\Runtime\Cache\Prop\7e3d7cfcc9ab9ae4a723f02ca8a8a847.php 第 57 行.
INFO: Run Behavior\ParseTemplateBehavior [ RunTime:0.013001s ]
INFO: [ view_parse ] --END-- [ RunTime:0.013001s ]
INFO: [ view_filter ] --START--
INFO: Run Behavior\WriteHtmlCacheBehavior [ RunTime:0.001000s ]
INFO: [ view_filter ] --END-- [ RunTime:0.001000s ]
INFO: [ app_end ] --START--
INFO: Run Behavior\ShowPageTraceBehavior [ RunTime:0.000000s ]
INFO: [ app_end ] --END-- [ RunTime:0.001000s ]

[ 2015-09-16T15:16:08+08:00 ] 127.0.0.1 /
INFO: [ app_init ] --START--
INFO: Run Behavior\BuildLiteBehavior [ RunTime:0.000000s ]
INFO: [ app_init ] --END-- [ RunTime:0.000000s ]
INFO: [ app_begin ] --START--
INFO: Run Behavior\ReadHtmlCacheBehavior [ RunTime:0.001000s ]
INFO: [ app_begin ] --END-- [ RunTime:0.001000s ]
NOTIC: [2048] Non-static method Prop\Controller\Check::check() should not be called statically, assuming $this from incompatible context C:\Program Files\phpStudy\WWW_prop\Application\Prop\Controller\IndexController.class.php 第 7 行.

[ 2015-09-16T15:16:09+08:00 ] 127.0.0.1 /Prop/Login/Apilogin.html?backurl=http://prop.zzp.cn/
INFO: [ app_init ] --START--
INFO: Run Behavior\BuildLiteBehavior [ RunTime:0.000000s ]
INFO: [ app_init ] --END-- [ RunTime:0.000000s ]
INFO: [ app_begin ] --START--
INFO: Run Behavior\ReadHtmlCacheBehavior [ RunTime:0.001000s ]
INFO: [ app_begin ] --END-- [ RunTime:0.001000s ]
INFO: [ view_parse ] --START--
INFO: [ template_filter ] --START--
INFO: Run Behavior\ContentReplaceBehavior [ RunTime:0.000000s ]
INFO: [ template_filter ] --END-- [ RunTime:0.000000s ]
NOTIC: [8] Undefined variable: webname C:\Program Files\phpStudy\WWW_prop\Application\Runtime\Cache\Prop\084c8eb641af5f2c7eb463ce8c0692de.php 第 10 行.
INFO: Run Behavior\ParseTemplateBehavior [ RunTime:0.006000s ]
INFO: [ view_parse ] --END-- [ RunTime:0.006000s ]
INFO: [ view_filter ] --START--
INFO: Run Behavior\WriteHtmlCacheBehavior [ RunTime:0.001000s ]
INFO: [ view_filter ] --END-- [ RunTime:0.001000s ]
INFO: [ app_end ] --START--
INFO: Run Behavior\ShowPageTraceBehavior [ RunTime:0.001000s ]
INFO: [ app_end ] --END-- [ RunTime:0.001000s ]

[ 2015-09-16T15:16:10+08:00 ] 127.0.0.1 /Prop/Login/Apilogin?token=e8abAFUJBFQHUVUGUQZTVQIHAVIADlpZUFADV1RXUFFRAwwBUg4MVw&backurl=http://prop.zzp.cn/
INFO: [ app_init ] --START--
INFO: Run Behavior\BuildLiteBehavior [ RunTime:0.000000s ]
INFO: [ app_init ] --END-- [ RunTime:0.000000s ]
INFO: [ app_begin ] --START--
INFO: Run Behavior\ReadHtmlCacheBehavior [ RunTime:0.001000s ]
INFO: [ app_begin ] --END-- [ RunTime:0.001000s ]
INFO: [ view_parse ] --START--
INFO: [ template_filter ] --START--
INFO: Run Behavior\ContentReplaceBehavior [ RunTime:0.000000s ]
INFO: [ template_filter ] --END-- [ RunTime:0.000000s ]
NOTIC: [8] Undefined variable: webname C:\Program Files\phpStudy\WWW_prop\Application\Runtime\Cache\Prop\084c8eb641af5f2c7eb463ce8c0692de.php 第 10 行.
INFO: Run Behavior\ParseTemplateBehavior [ RunTime:0.007000s ]
INFO: [ view_parse ] --END-- [ RunTime:0.007000s ]
INFO: [ view_filter ] --START--
INFO: Run Behavior\WriteHtmlCacheBehavior [ RunTime:0.000000s ]
INFO: [ view_filter ] --END-- [ RunTime:0.000000s ]
INFO: [ app_end ] --START--
INFO: Run Behavior\ShowPageTraceBehavior [ RunTime:0.001000s ]
INFO: [ app_end ] --END-- [ RunTime:0.001000s ]

[ 2015-09-16T15:16:13+08:00 ] 127.0.0.1 /
INFO: [ app_init ] --START--
INFO: Run Behavior\BuildLiteBehavior [ RunTime:0.000000s ]
INFO: [ app_init ] --END-- [ RunTime:0.000000s ]
INFO: [ app_begin ] --START--
INFO: Run Behavior\ReadHtmlCacheBehavior [ RunTime:0.001000s ]
INFO: [ app_begin ] --END-- [ RunTime:0.001000s ]
NOTIC: [2048] Non-static method Prop\Controller\Check::check() should not be called statically, assuming $this from incompatible context C:\Program Files\phpStudy\WWW_prop\Application\Prop\Controller\IndexController.class.php 第 7 行.
SQL: SHOW COLUMNS FROM `prop_project_manager` [ RunTime:0.0020s ]
SQL: SELECT `project_id` FROM `prop_project_manager` WHERE ( uin=1468 )  [ RunTime:0.0000s ]
NOTIC: [2048] Non-static method Prop\Controller\Check::get_project_id() should not be called statically, assuming $this from incompatible context C:\Program Files\phpStudy\WWW_prop\Application\Prop\Controller\IndexController.class.php 第 23 行.
NOTIC: [2048] Non-static method Prop\Controller\Check::get_house() should not be called statically, assuming $this from incompatible context C:\Program Files\phpStudy\WWW_prop\Application\Prop\Controller\Check.class.php 第 85 行.
SQL: SHOW COLUMNS FROM `prop_reside_user` [ RunTime:0.0030s ]
SQL: SELECT * FROM `prop_reside_user` WHERE `uin` = 1468 AND `project_id` = 0  [ RunTime:0.0000s ]
SQL: SHOW COLUMNS FROM `prop_project` [ RunTime:0.0030s ]
SQL: SELECT * FROM `prop_project` WHERE ( h_id=36 ) LIMIT 1   [ RunTime:0.0000s ]
NOTIC: [2048] Non-static method Prop\Controller\Check::get_new_remind() should not be called statically, assuming $this from incompatible context C:\Program Files\phpStudy\WWW_prop\Application\Prop\Controller\IndexController.class.php 第 28 行.
SQL: SHOW COLUMNS FROM `prop_user` [ RunTime:0.0020s ]
SQL: SELECT `new_remind` FROM `prop_user` WHERE `uin` = 1468 LIMIT 1   [ RunTime:0.0010s ]
SQL: SHOW COLUMNS FROM `prop_notice` [ RunTime:0.0020s ]
SQL: SELECT MAX(add_time) AS tp_max FROM `prop_notice` WHERE `project_id` = 36 LIMIT 1   [ RunTime:0.0000s ]
SQL: SHOW COLUMNS FROM `prop_server` [ RunTime:0.0020s ]
SQL: SELECT MAX(add_time) AS tp_max FROM `prop_server` WHERE `project_id` = 36 LIMIT 1   [ RunTime:0.0000s ]
SQL: SHOW COLUMNS FROM `prop_bill` [ RunTime:0.0030s ]
SQL: SELECT MAX(add_time) AS tp_max FROM `prop_bill` WHERE `project_id` = 36 LIMIT 1   [ RunTime:0.0010s ]
SQL: SHOW COLUMNS FROM `prop_idle` [ RunTime:0.0030s ]
SQL: SELECT MAX(add_time) AS tp_max FROM `prop_idle` WHERE `project_id` = 36 LIMIT 1   [ RunTime:0.0010s ]
SQL: SHOW COLUMNS FROM `prop_carpool` [ RunTime:0.0030s ]
SQL: SELECT MAX(add_time) AS tp_max FROM `prop_carpool` WHERE `project_id` = 36 LIMIT 1   [ RunTime:0.0010s ]
SQL: SELECT MAX(add_time) AS tp_max FROM `prop_server` WHERE `project_id` = 36 LIMIT 1   [ RunTime:0.0000s ]
SQL: SELECT MAX(add_time) AS tp_max FROM `prop_server` WHERE `project_id` = 36 LIMIT 1   [ RunTime:0.0010s ]
SQL: SELECT MAX(add_time) AS tp_max FROM `prop_server` WHERE `project_id` = 36 LIMIT 1   [ RunTime:0.0000s ]
NOTIC: [2048] Non-static method Prop\Controller\Check::get_project() should not be called statically, assuming $this from incompatible context C:\Program Files\phpStudy\WWW_prop\Application\Prop\Controller\IndexController.class.php 第 41 行.
SQL: SELECT `project` FROM `prop_project` WHERE ( h_id=36 ) LIMIT 1   [ RunTime:0.0000s ]
NOTIC: [8] Use of undefined constant Y - assumed 'Y' C:\Program Files\phpStudy\WWW_prop\Application\Prop\Controller\IndexController.class.php 第 47 行.
NOTIC: [8] Use of undefined constant m - assumed 'm' C:\Program Files\phpStudy\WWW_prop\Application\Prop\Controller\IndexController.class.php 第 47 行.
NOTIC: [8] Use of undefined constant d - assumed 'd' C:\Program Files\phpStudy\WWW_prop\Application\Prop\Controller\IndexController.class.php 第 47 行.
INFO: [ view_parse ] --START--
INFO: [ template_filter ] --START--
INFO: Run Behavior\ContentReplaceBehavior [ RunTime:0.000000s ]
INFO: [ template_filter ] --END-- [ RunTime:0.000000s ]
NOTIC: [8] Undefined index: have_new C:\Program Files\phpStudy\WWW_prop\Application\Runtime\Cache\Prop\7e3d7cfcc9ab9ae4a723f02ca8a8a847.php 第 53 行.
NOTIC: [8] Undefined index: have_new C:\Program Files\phpStudy\WWW_prop\Application\Runtime\Cache\Prop\7e3d7cfcc9ab9ae4a723f02ca8a8a847.php 第 53 行.
NOTIC: [8] Undefined index: have_new C:\Program Files\phpStudy\WWW_prop\Application\Runtime\Cache\Prop\7e3d7cfcc9ab9ae4a723f02ca8a8a847.php 第 53 行.
NOTIC: [8] Undefined index: have_new C:\Program Files\phpStudy\WWW_prop\Application\Runtime\Cache\Prop\7e3d7cfcc9ab9ae4a723f02ca8a8a847.php 第 53 行.
NOTIC: [8] Undefined index: have_new C:\Program Files\phpStudy\WWW_prop\Application\Runtime\Cache\Prop\7e3d7cfcc9ab9ae4a723f02ca8a8a847.php 第 53 行.
NOTIC: [8] Undefined index: have_new C:\Program Files\phpStudy\WWW_prop\Application\Runtime\Cache\Prop\7e3d7cfcc9ab9ae4a723f02ca8a8a847.php 第 53 行.
NOTIC: [8] Undefined index: have_new C:\Program Files\phpStudy\WWW_prop\Application\Runtime\Cache\Prop\7e3d7cfcc9ab9ae4a723f02ca8a8a847.php 第 53 行.
NOTIC: [8] Undefined index: have_new C:\Program Files\phpStudy\WWW_prop\Application\Runtime\Cache\Prop\7e3d7cfcc9ab9ae4a723f02ca8a8a847.php 第 53 行.
NOTIC: [8] Undefined index: have_new C:\Program Files\phpStudy\WWW_prop\Application\Runtime\Cache\Prop\7e3d7cfcc9ab9ae4a723f02ca8a8a847.php 第 53 行.
NOTIC: [8] Undefined index: have_new C:\Program Files\phpStudy\WWW_prop\Application\Runtime\Cache\Prop\7e3d7cfcc9ab9ae4a723f02ca8a8a847.php 第 53 行.
NOTIC: [8] Undefined index: have_new C:\Program Files\phpStudy\WWW_prop\Application\Runtime\Cache\Prop\7e3d7cfcc9ab9ae4a723f02ca8a8a847.php 第 53 行.
NOTIC: [8] Undefined index: have_new C:\Program Files\phpStudy\WWW_prop\Application\Runtime\Cache\Prop\7e3d7cfcc9ab9ae4a723f02ca8a8a847.php 第 53 行.
NOTIC: [8] Undefined index: have_new C:\Program Files\phpStudy\WWW_prop\Application\Runtime\Cache\Prop\7e3d7cfcc9ab9ae4a723f02ca8a8a847.php 第 57 行.
INFO: Run Behavior\ParseTemplateBehavior [ RunTime:0.015000s ]
INFO: [ view_parse ] --END-- [ RunTime:0.015000s ]
INFO: [ view_filter ] --START--
INFO: Run Behavior\WriteHtmlCacheBehavior [ RunTime:0.000000s ]
INFO: [ view_filter ] --END-- [ RunTime:0.000000s ]
INFO: [ app_end ] --START--
INFO: Run Behavior\ShowPageTraceBehavior [ RunTime:0.001001s ]
INFO: [ app_end ] --END-- [ RunTime:0.001001s ]

[ 2015-09-16T15:26:59+08:00 ] 127.0.0.1 /
INFO: [ app_init ] --START--
INFO: Run Behavior\BuildLiteBehavior [ RunTime:0.001000s ]
INFO: [ app_init ] --END-- [ RunTime:0.001000s ]
INFO: [ app_begin ] --START--
INFO: Run Behavior\ReadHtmlCacheBehavior [ RunTime:0.000000s ]
INFO: [ app_begin ] --END-- [ RunTime:0.000000s ]
NOTIC: [2048] Non-static method Prop\Controller\Check::check() should not be called statically, assuming $this from incompatible context C:\Program Files\phpStudy\WWW_prop\Application\Prop\Controller\IndexController.class.php 第 7 行.
NOTIC: [2048] Non-static method Prop\Controller\Check::get_project_id() should not be called statically, assuming $this from incompatible context C:\Program Files\phpStudy\WWW_prop\Application\Prop\Controller\IndexController.class.php 第 23 行.
SQL: SHOW COLUMNS FROM `prop_project` [ RunTime:0.0030s ]
SQL: SELECT * FROM `prop_project` WHERE ( h_id=36 ) LIMIT 1   [ RunTime:0.0000s ]
NOTIC: [2048] Non-static method Prop\Controller\Check::get_new_remind() should not be called statically, assuming $this from incompatible context C:\Program Files\phpStudy\WWW_prop\Application\Prop\Controller\IndexController.class.php 第 28 行.
SQL: SHOW COLUMNS FROM `prop_user` [ RunTime:0.0020s ]
SQL: SELECT `new_remind` FROM `prop_user` WHERE `uin` = 1468 LIMIT 1   [ RunTime:0.0000s ]
SQL: SHOW COLUMNS FROM `prop_notice` [ RunTime:0.0030s ]
SQL: SELECT MAX(add_time) AS tp_max FROM `prop_notice` WHERE `project_id` = 36 LIMIT 1   [ RunTime:0.0000s ]
SQL: SHOW COLUMNS FROM `prop_server` [ RunTime:0.0020s ]
SQL: SELECT MAX(add_time) AS tp_max FROM `prop_server` WHERE `project_id` = 36 LIMIT 1   [ RunTime:0.0000s ]
SQL: SHOW COLUMNS FROM `prop_bill` [ RunTime:0.0020s ]
SQL: SELECT MAX(add_time) AS tp_max FROM `prop_bill` WHERE `project_id` = 36 LIMIT 1   [ RunTime:0.0000s ]
SQL: SHOW COLUMNS FROM `prop_idle` [ RunTime:0.0020s ]
SQL: SELECT MAX(add_time) AS tp_max FROM `prop_idle` WHERE `project_id` = 36 LIMIT 1   [ RunTime:0.0000s ]
SQL: SHOW COLUMNS FROM `prop_carpool` [ RunTime:0.0020s ]
SQL: SELECT MAX(add_time) AS tp_max FROM `prop_carpool` WHERE `project_id` = 36 LIMIT 1   [ RunTime:0.0010s ]
SQL: SELECT MAX(add_time) AS tp_max FROM `prop_server` WHERE `project_id` = 36 LIMIT 1   [ RunTime:0.0000s ]
SQL: SELECT MAX(add_time) AS tp_max FROM `prop_server` WHERE `project_id` = 36 LIMIT 1   [ RunTime:0.0000s ]
SQL: SELECT MAX(add_time) AS tp_max FROM `prop_server` WHERE `project_id` = 36 LIMIT 1   [ RunTime:0.0000s ]
NOTIC: [2048] Non-static method Prop\Controller\Check::get_project() should not be called statically, assuming $this from incompatible context C:\Program Files\phpStudy\WWW_prop\Application\Prop\Controller\IndexController.class.php 第 41 行.
SQL: SELECT `project` FROM `prop_project` WHERE ( h_id=36 ) LIMIT 1   [ RunTime:0.0000s ]
NOTIC: [8] Use of undefined constant Y - assumed 'Y' C:\Program Files\phpStudy\WWW_prop\Application\Prop\Controller\IndexController.class.php 第 47 行.
NOTIC: [8] Use of undefined constant m - assumed 'm' C:\Program Files\phpStudy\WWW_prop\Application\Prop\Controller\IndexController.class.php 第 47 行.
NOTIC: [8] Use of undefined constant d - assumed 'd' C:\Program Files\phpStudy\WWW_prop\Application\Prop\Controller\IndexController.class.php 第 47 行.
INFO: [ view_parse ] --START--
INFO: [ template_filter ] --START--
INFO: Run Behavior\ContentReplaceBehavior [ RunTime:0.000000s ]
INFO: [ template_filter ] --END-- [ RunTime:0.000000s ]
NOTIC: [8] Undefined index: have_new C:\Program Files\phpStudy\WWW_prop\Application\Runtime\Cache\Prop\7e3d7cfcc9ab9ae4a723f02ca8a8a847.php 第 53 行.
NOTIC: [8] Undefined index: have_new C:\Program Files\phpStudy\WWW_prop\Application\Runtime\Cache\Prop\7e3d7cfcc9ab9ae4a723f02ca8a8a847.php 第 53 行.
NOTIC: [8] Undefined index: have_new C:\Program Files\phpStudy\WWW_prop\Application\Runtime\Cache\Prop\7e3d7cfcc9ab9ae4a723f02ca8a8a847.php 第 53 行.
NOTIC: [8] Undefined index: have_new C:\Program Files\phpStudy\WWW_prop\Application\Runtime\Cache\Prop\7e3d7cfcc9ab9ae4a723f02ca8a8a847.php 第 53 行.
NOTIC: [8] Undefined index: have_new C:\Program Files\phpStudy\WWW_prop\Application\Runtime\Cache\Prop\7e3d7cfcc9ab9ae4a723f02ca8a8a847.php 第 53 行.
NOTIC: [8] Undefined index: have_new C:\Program Files\phpStudy\WWW_prop\Application\Runtime\Cache\Prop\7e3d7cfcc9ab9ae4a723f02ca8a8a847.php 第 53 行.
NOTIC: [8] Undefined index: have_new C:\Program Files\phpStudy\WWW_prop\Application\Runtime\Cache\Prop\7e3d7cfcc9ab9ae4a723f02ca8a8a847.php 第 53 行.
NOTIC: [8] Undefined index: have_new C:\Program Files\phpStudy\WWW_prop\Application\Runtime\Cache\Prop\7e3d7cfcc9ab9ae4a723f02ca8a8a847.php 第 53 行.
NOTIC: [8] Undefined index: have_new C:\Program Files\phpStudy\WWW_prop\Application\Runtime\Cache\Prop\7e3d7cfcc9ab9ae4a723f02ca8a8a847.php 第 53 行.
NOTIC: [8] Undefined index: have_new C:\Program Files\phpStudy\WWW_prop\Application\Runtime\Cache\Prop\7e3d7cfcc9ab9ae4a723f02ca8a8a847.php 第 53 行.
NOTIC: [8] Undefined index: have_new C:\Program Files\phpStudy\WWW_prop\Application\Runtime\Cache\Prop\7e3d7cfcc9ab9ae4a723f02ca8a8a847.php 第 53 行.
NOTIC: [8] Undefined index: have_new C:\Program Files\phpStudy\WWW_prop\Application\Runtime\Cache\Prop\7e3d7cfcc9ab9ae4a723f02ca8a8a847.php 第 53 行.
NOTIC: [8] Undefined index: have_new C:\Program Files\phpStudy\WWW_prop\Application\Runtime\Cache\Prop\7e3d7cfcc9ab9ae4a723f02ca8a8a847.php 第 57 行.
INFO: Run Behavior\ParseTemplateBehavior [ RunTime:0.015001s ]
INFO: [ view_parse ] --END-- [ RunTime:0.015001s ]
INFO: [ view_filter ] --START--
INFO: Run Behavior\WriteHtmlCacheBehavior [ RunTime:0.001000s ]
INFO: [ view_filter ] --END-- [ RunTime:0.002000s ]
INFO: [ app_end ] --START--
INFO: Run Behavior\ShowPageTraceBehavior [ RunTime:0.001000s ]
INFO: [ app_end ] --END-- [ RunTime:0.001000s ]

[ 2015-09-16T15:34:37+08:00 ] 127.0.0.1 /
INFO: [ app_init ] --START--
INFO: Run Behavior\BuildLiteBehavior [ RunTime:0.001000s ]
INFO: [ app_init ] --END-- [ RunTime:0.001000s ]
INFO: [ app_begin ] --START--
INFO: Run Behavior\ReadHtmlCacheBehavior [ RunTime:0.002000s ]
INFO: [ app_begin ] --END-- [ RunTime:0.002000s ]
NOTIC: [2048] Non-static method Prop\Controller\Check::check() should not be called statically, assuming $this from incompatible context C:\Program Files\phpStudy\WWW_prop\Application\Prop\Controller\IndexController.class.php 第 7 行.
NOTIC: [2048] Non-static method Prop\Controller\Check::get_project_id() should not be called statically, assuming $this from incompatible context C:\Program Files\phpStudy\WWW_prop\Application\Prop\Controller\IndexController.class.php 第 23 行.
SQL: SHOW COLUMNS FROM `prop_project` [ RunTime:0.0020s ]
SQL: SELECT * FROM `prop_project` WHERE ( h_id=36 ) LIMIT 1   [ RunTime:0.0010s ]
NOTIC: [2048] Non-static method Prop\Controller\Check::get_new_remind() should not be called statically, assuming $this from incompatible context C:\Program Files\phpStudy\WWW_prop\Application\Prop\Controller\IndexController.class.php 第 28 行.
SQL: SHOW COLUMNS FROM `prop_user` [ RunTime:0.0020s ]
SQL: SELECT `new_remind` FROM `prop_user` WHERE `uin` = 1468 LIMIT 1   [ RunTime:0.0000s ]
SQL: SHOW COLUMNS FROM `prop_notice` [ RunTime:0.0030s ]
SQL: SELECT MAX(add_time) AS tp_max FROM `prop_notice` WHERE `project_id` = 36 LIMIT 1   [ RunTime:0.0000s ]
SQL: SHOW COLUMNS FROM `prop_server` [ RunTime:0.0030s ]
SQL: SELECT MAX(add_time) AS tp_max FROM `prop_server` WHERE `project_id` = 36 LIMIT 1   [ RunTime:0.0010s ]
SQL: SHOW COLUMNS FROM `prop_bill` [ RunTime:0.0060s ]
SQL: SELECT MAX(add_time) AS tp_max FROM `prop_bill` WHERE `project_id` = 36 LIMIT 1   [ RunTime:0.0000s ]
SQL: SHOW COLUMNS FROM `prop_idle` [ RunTime:0.0030s ]
SQL: SELECT MAX(add_time) AS tp_max FROM `prop_idle` WHERE `project_id` = 36 LIMIT 1   [ RunTime:0.0010s ]
SQL: SHOW COLUMNS FROM `prop_carpool` [ RunTime:0.0050s ]
SQL: SELECT MAX(add_time) AS tp_max FROM `prop_carpool` WHERE `project_id` = 36 LIMIT 1   [ RunTime:0.0010s ]
SQL: SELECT MAX(add_time) AS tp_max FROM `prop_server` WHERE `project_id` = 36 LIMIT 1   [ RunTime:0.0000s ]
SQL: SELECT MAX(add_time) AS tp_max FROM `prop_server` WHERE `project_id` = 36 LIMIT 1   [ RunTime:0.0000s ]
SQL: SELECT MAX(add_time) AS tp_max FROM `prop_server` WHERE `project_id` = 36 LIMIT 1   [ RunTime:0.0000s ]
NOTIC: [2048] Non-static method Prop\Controller\Check::get_project() should not be called statically, assuming $this from incompatible context C:\Program Files\phpStudy\WWW_prop\Application\Prop\Controller\IndexController.class.php 第 41 行.
SQL: SELECT `project` FROM `prop_project` WHERE ( h_id=36 ) LIMIT 1   [ RunTime:0.0000s ]
NOTIC: [8] Use of undefined constant Y - assumed 'Y' C:\Program Files\phpStudy\WWW_prop\Application\Prop\Controller\IndexController.class.php 第 47 行.
NOTIC: [8] Use of undefined constant m - assumed 'm' C:\Program Files\phpStudy\WWW_prop\Application\Prop\Controller\IndexController.class.php 第 47 行.
NOTIC: [8] Use of undefined constant d - assumed 'd' C:\Program Files\phpStudy\WWW_prop\Application\Prop\Controller\IndexController.class.php 第 47 行.
INFO: [ view_parse ] --START--
INFO: [ template_filter ] --START--
INFO: Run Behavior\ContentReplaceBehavior [ RunTime:0.000000s ]
INFO: [ template_filter ] --END-- [ RunTime:0.000000s ]
NOTIC: [8] Undefined index: have_new C:\Program Files\phpStudy\WWW_prop\Application\Runtime\Cache\Prop\7e3d7cfcc9ab9ae4a723f02ca8a8a847.php 第 53 行.
NOTIC: [8] Undefined index: have_new C:\Program Files\phpStudy\WWW_prop\Application\Runtime\Cache\Prop\7e3d7cfcc9ab9ae4a723f02ca8a8a847.php 第 53 行.
NOTIC: [8] Undefined index: have_new C:\Program Files\phpStudy\WWW_prop\Application\Runtime\Cache\Prop\7e3d7cfcc9ab9ae4a723f02ca8a8a847.php 第 53 行.
NOTIC: [8] Undefined index: have_new C:\Program Files\phpStudy\WWW_prop\Application\Runtime\Cache\Prop\7e3d7cfcc9ab9ae4a723f02ca8a8a847.php 第 53 行.
NOTIC: [8] Undefined index: have_new C:\Program Files\phpStudy\WWW_prop\Application\Runtime\Cache\Prop\7e3d7cfcc9ab9ae4a723f02ca8a8a847.php 第 53 行.
NOTIC: [8] Undefined index: have_new C:\Program Files\phpStudy\WWW_prop\Application\Runtime\Cache\Prop\7e3d7cfcc9ab9ae4a723f02ca8a8a847.php 第 53 行.
NOTIC: [8] Undefined index: have_new C:\Program Files\phpStudy\WWW_prop\Application\Runtime\Cache\Prop\7e3d7cfcc9ab9ae4a723f02ca8a8a847.php 第 53 行.
NOTIC: [8] Undefined index: have_new C:\Program Files\phpStudy\WWW_prop\Application\Runtime\Cache\Prop\7e3d7cfcc9ab9ae4a723f02ca8a8a847.php 第 53 行.
NOTIC: [8] Undefined index: have_new C:\Program Files\phpStudy\WWW_prop\Application\Runtime\Cache\Prop\7e3d7cfcc9ab9ae4a723f02ca8a8a847.php 第 53 行.
NOTIC: [8] Undefined index: have_new C:\Program Files\phpStudy\WWW_prop\Application\Runtime\Cache\Prop\7e3d7cfcc9ab9ae4a723f02ca8a8a847.php 第 53 行.
NOTIC: [8] Undefined index: have_new C:\Program Files\phpStudy\WWW_prop\Application\Runtime\Cache\Prop\7e3d7cfcc9ab9ae4a723f02ca8a8a847.php 第 53 行.
NOTIC: [8] Undefined index: have_new C:\Program Files\phpStudy\WWW_prop\Application\Runtime\Cache\Prop\7e3d7cfcc9ab9ae4a723f02ca8a8a847.php 第 53 行.
NOTIC: [8] Undefined index: have_new C:\Program Files\phpStudy\WWW_prop\Application\Runtime\Cache\Prop\7e3d7cfcc9ab9ae4a723f02ca8a8a847.php 第 57 行.
INFO: Run Behavior\ParseTemplateBehavior [ RunTime:0.012000s ]
INFO: [ view_parse ] --END-- [ RunTime:0.012000s ]
INFO: [ view_filter ] --START--
INFO: Run Behavior\WriteHtmlCacheBehavior [ RunTime:0.000000s ]
INFO: [ view_filter ] --END-- [ RunTime:0.001000s ]
INFO: [ app_end ] --START--
INFO: Run Behavior\ShowPageTraceBehavior [ RunTime:0.001000s ]
INFO: [ app_end ] --END-- [ RunTime:0.001000s ]

[ 2015-09-16T16:51:19+08:00 ] 127.0.0.1 /
INFO: [ app_init ] --START--
INFO: Run Behavior\BuildLiteBehavior [ RunTime:0.000000s ]
INFO: [ app_init ] --END-- [ RunTime:0.000000s ]
INFO: [ app_begin ] --START--
INFO: Run Behavior\ReadHtmlCacheBehavior [ RunTime:0.001000s ]
INFO: [ app_begin ] --END-- [ RunTime:0.001000s ]
NOTIC: [2048] Non-static method Prop\Controller\Check::check() should not be called statically, assuming $this from incompatible context C:\Program Files\phpStudy\WWW_prop\Application\Prop\Controller\IndexController.class.php 第 7 行.

[ 2015-09-16T16:51:20+08:00 ] 127.0.0.1 /Prop/Login/Apilogin.html?backurl=http://prop.zzp.cn/
INFO: [ app_init ] --START--
INFO: Run Behavior\BuildLiteBehavior [ RunTime:0.000000s ]
INFO: [ app_init ] --END-- [ RunTime:0.000000s ]
INFO: [ app_begin ] --START--
INFO: Run Behavior\ReadHtmlCacheBehavior [ RunTime:0.003001s ]
INFO: [ app_begin ] --END-- [ RunTime:0.003001s ]
INFO: [ view_parse ] --START--
INFO: [ template_filter ] --START--
INFO: Run Behavior\ContentReplaceBehavior [ RunTime:0.000000s ]
INFO: [ template_filter ] --END-- [ RunTime:0.000000s ]
NOTIC: [8] Undefined variable: webname C:\Program Files\phpStudy\WWW_prop\Application\Runtime\Cache\Prop\084c8eb641af5f2c7eb463ce8c0692de.php 第 10 行.
INFO: Run Behavior\ParseTemplateBehavior [ RunTime:0.008001s ]
INFO: [ view_parse ] --END-- [ RunTime:0.008001s ]
INFO: [ view_filter ] --START--
INFO: Run Behavior\WriteHtmlCacheBehavior [ RunTime:0.001000s ]
INFO: [ view_filter ] --END-- [ RunTime:0.001000s ]
INFO: [ app_end ] --START--
INFO: Run Behavior\ShowPageTraceBehavior [ RunTime:0.000000s ]
INFO: [ app_end ] --END-- [ RunTime:0.001000s ]

[ 2015-09-16T16:51:22+08:00 ] 127.0.0.1 /Prop/Login/Apilogin?token=e8abAFUJBFQHUVUGUQZTVQIHAVIADlpZUFADV1RXUFFRAwwBUg4MVw&backurl=http://prop.zzp.cn/
INFO: [ app_init ] --START--
INFO: Run Behavior\BuildLiteBehavior [ RunTime:0.000000s ]
INFO: [ app_init ] --END-- [ RunTime:0.000000s ]
INFO: [ app_begin ] --START--
INFO: Run Behavior\ReadHtmlCacheBehavior [ RunTime:0.001000s ]
INFO: [ app_begin ] --END-- [ RunTime:0.001000s ]
INFO: [ view_parse ] --START--
INFO: [ template_filter ] --START--
INFO: Run Behavior\ContentReplaceBehavior [ RunTime:0.000000s ]
INFO: [ template_filter ] --END-- [ RunTime:0.000000s ]
NOTIC: [8] Undefined variable: webname C:\Program Files\phpStudy\WWW_prop\Application\Runtime\Cache\Prop\084c8eb641af5f2c7eb463ce8c0692de.php 第 10 行.
INFO: Run Behavior\ParseTemplateBehavior [ RunTime:0.009001s ]
INFO: [ view_parse ] --END-- [ RunTime:0.009001s ]
INFO: [ view_filter ] --START--
INFO: Run Behavior\WriteHtmlCacheBehavior [ RunTime:0.000000s ]
INFO: [ view_filter ] --END-- [ RunTime:0.000000s ]
INFO: [ app_end ] --START--
INFO: Run Behavior\ShowPageTraceBehavior [ RunTime:0.001000s ]
INFO: [ app_end ] --END-- [ RunTime:0.001000s ]

[ 2015-09-16T16:51:24+08:00 ] 127.0.0.1 /
INFO: [ app_init ] --START--
INFO: Run Behavior\BuildLiteBehavior [ RunTime:0.000000s ]
INFO: [ app_init ] --END-- [ RunTime:0.000000s ]
INFO: [ app_begin ] --START--
INFO: Run Behavior\ReadHtmlCacheBehavior [ RunTime:0.000000s ]
INFO: [ app_begin ] --END-- [ RunTime:0.001000s ]
NOTIC: [2048] Non-static method Prop\Controller\Check::check() should not be called statically, assuming $this from incompatible context C:\Program Files\phpStudy\WWW_prop\Application\Prop\Controller\IndexController.class.php 第 7 行.
SQL: SHOW COLUMNS FROM `prop_project_manager` [ RunTime:0.0030s ]
SQL: SELECT `project_id` FROM `prop_project_manager` WHERE ( uin=1468 )  [ RunTime:0.0000s ]
SQL: SHOW COLUMNS FROM `prop_user` [ RunTime:0.0030s ]
SQL: SELECT COUNT(*) AS tp_count FROM `prop_user` WHERE ( uin=1468 ) LIMIT 1   [ RunTime:0.0000s ]
NOTIC: [2] Illegal offset type in isset or empty C:\Program Files\phpStudy\WWW_prop\ThinkPHP\Library\Think\Model.class.php 第 445 行.
SQL: UPDATE `prop_user` SET `session_id`='1tu48k8mmpj675j4led824hsg7' WHERE ( uin=1468 ) [ RunTime:0.0470s ]
NOTIC: [2048] Non-static method Prop\Controller\Check::get_project_id() should not be called statically, assuming $this from incompatible context C:\Program Files\phpStudy\WWW_prop\Application\Prop\Controller\IndexController.class.php 第 23 行.
NOTIC: [2048] Non-static method Prop\Controller\Check::get_house() should not be called statically, assuming $this from incompatible context C:\Program Files\phpStudy\WWW_prop\Application\Prop\Controller\Check.class.php 第 95 行.
SQL: SHOW COLUMNS FROM `prop_reside_user` [ RunTime:0.0030s ]
SQL: SELECT * FROM `prop_reside_user` WHERE `uin` = 1468 AND `project_id` = 0  [ RunTime:0.0000s ]
SQL: SHOW COLUMNS FROM `prop_project` [ RunTime:0.0030s ]
SQL: SELECT * FROM `prop_project` WHERE ( h_id=36 ) LIMIT 1   [ RunTime:0.0010s ]
NOTIC: [2048] Non-static method Prop\Controller\Check::get_new_remind() should not be called statically, assuming $this from incompatible context C:\Program Files\phpStudy\WWW_prop\Application\Prop\Controller\IndexController.class.php 第 28 行.
SQL: SELECT `new_remind` FROM `prop_user` WHERE `uin` = 1468 LIMIT 1   [ RunTime:0.0010s ]
SQL: SHOW COLUMNS FROM `prop_notice` [ RunTime:0.0040s ]
SQL: SELECT MAX(add_time) AS tp_max FROM `prop_notice` WHERE `project_id` = 36 LIMIT 1   [ RunTime:0.0000s ]
SQL: SHOW COLUMNS FROM `prop_server` [ RunTime:0.0030s ]
SQL: SELECT MAX(add_time) AS tp_max FROM `prop_server` WHERE `project_id` = 36 LIMIT 1   [ RunTime:0.0000s ]
SQL: SHOW COLUMNS FROM `prop_bill` [ RunTime:0.0030s ]
SQL: SELECT MAX(add_time) AS tp_max FROM `prop_bill` WHERE `project_id` = 36 LIMIT 1   [ RunTime:0.0000s ]
SQL: SHOW COLUMNS FROM `prop_idle` [ RunTime:0.0040s ]
SQL: SELECT MAX(add_time) AS tp_max FROM `prop_idle` WHERE `project_id` = 36 LIMIT 1   [ RunTime:0.0000s ]
SQL: SHOW COLUMNS FROM `prop_carpool` [ RunTime:0.0030s ]
SQL: SELECT MAX(add_time) AS tp_max FROM `prop_carpool` WHERE `project_id` = 36 LIMIT 1   [ RunTime:0.0000s ]
SQL: SELECT MAX(add_time) AS tp_max FROM `prop_server` WHERE `project_id` = 36 LIMIT 1   [ RunTime:0.0000s ]
SQL: SELECT MAX(add_time) AS tp_max FROM `prop_server` WHERE `project_id` = 36 LIMIT 1   [ RunTime:0.0010s ]
SQL: SELECT MAX(add_time) AS tp_max FROM `prop_server` WHERE `project_id` = 36 LIMIT 1   [ RunTime:0.0000s ]
NOTIC: [2048] Non-static method Prop\Controller\Check::get_project() should not be called statically, assuming $this from incompatible context C:\Program Files\phpStudy\WWW_prop\Application\Prop\Controller\IndexController.class.php 第 41 行.
SQL: SELECT `project` FROM `prop_project` WHERE ( h_id=36 ) LIMIT 1   [ RunTime:0.0000s ]
NOTIC: [8] Use of undefined constant Y - assumed 'Y' C:\Program Files\phpStudy\WWW_prop\Application\Prop\Controller\IndexController.class.php 第 47 行.
NOTIC: [8] Use of undefined constant m - assumed 'm' C:\Program Files\phpStudy\WWW_prop\Application\Prop\Controller\IndexController.class.php 第 47 行.
NOTIC: [8] Use of undefined constant d - assumed 'd' C:\Program Files\phpStudy\WWW_prop\Application\Prop\Controller\IndexController.class.php 第 47 行.
INFO: [ view_parse ] --START--
INFO: [ template_filter ] --START--
INFO: Run Behavior\ContentReplaceBehavior [ RunTime:0.000000s ]
INFO: [ template_filter ] --END-- [ RunTime:0.000000s ]
NOTIC: [8] Undefined index: have_new C:\Program Files\phpStudy\WWW_prop\Application\Runtime\Cache\Prop\7e3d7cfcc9ab9ae4a723f02ca8a8a847.php 第 53 行.
NOTIC: [8] Undefined index: have_new C:\Program Files\phpStudy\WWW_prop\Application\Runtime\Cache\Prop\7e3d7cfcc9ab9ae4a723f02ca8a8a847.php 第 53 行.
NOTIC: [8] Undefined index: have_new C:\Program Files\phpStudy\WWW_prop\Application\Runtime\Cache\Prop\7e3d7cfcc9ab9ae4a723f02ca8a8a847.php 第 53 行.
NOTIC: [8] Undefined index: have_new C:\Program Files\phpStudy\WWW_prop\Application\Runtime\Cache\Prop\7e3d7cfcc9ab9ae4a723f02ca8a8a847.php 第 53 行.
NOTIC: [8] Undefined index: have_new C:\Program Files\phpStudy\WWW_prop\Application\Runtime\Cache\Prop\7e3d7cfcc9ab9ae4a723f02ca8a8a847.php 第 53 行.
NOTIC: [8] Undefined index: have_new C:\Program Files\phpStudy\WWW_prop\Application\Runtime\Cache\Prop\7e3d7cfcc9ab9ae4a723f02ca8a8a847.php 第 53 行.
NOTIC: [8] Undefined index: have_new C:\Program Files\phpStudy\WWW_prop\Application\Runtime\Cache\Prop\7e3d7cfcc9ab9ae4a723f02ca8a8a847.php 第 53 行.
NOTIC: [8] Undefined index: have_new C:\Program Files\phpStudy\WWW_prop\Application\Runtime\Cache\Prop\7e3d7cfcc9ab9ae4a723f02ca8a8a847.php 第 53 行.
NOTIC: [8] Undefined index: have_new C:\Program Files\phpStudy\WWW_prop\Application\Runtime\Cache\Prop\7e3d7cfcc9ab9ae4a723f02ca8a8a847.php 第 53 行.
NOTIC: [8] Undefined index: have_new C:\Program Files\phpStudy\WWW_prop\Application\Runtime\Cache\Prop\7e3d7cfcc9ab9ae4a723f02ca8a8a847.php 第 53 行.
NOTIC: [8] Undefined index: have_new C:\Program Files\phpStudy\WWW_prop\Application\Runtime\Cache\Prop\7e3d7cfcc9ab9ae4a723f02ca8a8a847.php 第 53 行.
NOTIC: [8] Undefined index: have_new C:\Program Files\phpStudy\WWW_prop\Application\Runtime\Cache\Prop\7e3d7cfcc9ab9ae4a723f02ca8a8a847.php 第 53 行.
NOTIC: [8] Undefined index: have_new C:\Program Files\phpStudy\WWW_prop\Application\Runtime\Cache\Prop\7e3d7cfcc9ab9ae4a723f02ca8a8a847.php 第 57 行.
INFO: Run Behavior\ParseTemplateBehavior [ RunTime:0.019001s ]
INFO: [ view_parse ] --END-- [ RunTime:0.019001s ]
INFO: [ view_filter ] --START--
INFO: Run Behavior\WriteHtmlCacheBehavior [ RunTime:0.000000s ]
INFO: [ view_filter ] --END-- [ RunTime:0.001000s ]
INFO: [ app_end ] --START--
INFO: Run Behavior\ShowPageTraceBehavior [ RunTime:0.001000s ]
INFO: [ app_end ] --END-- [ RunTime:0.001000s ]

[ 2015-09-16T16:51:40+08:00 ] 127.0.0.1 /
INFO: [ app_init ] --START--
INFO: Run Behavior\BuildLiteBehavior [ RunTime:0.000000s ]
INFO: [ app_init ] --END-- [ RunTime:0.000000s ]
INFO: [ app_begin ] --START--
INFO: Run Behavior\ReadHtmlCacheBehavior [ RunTime:0.002000s ]
INFO: [ app_begin ] --END-- [ RunTime:0.002000s ]
NOTIC: [2048] Non-static method Prop\Controller\Check::check() should not be called statically, assuming $this from incompatible context C:\Program Files\phpStudy\WWW_prop\Application\Prop\Controller\IndexController.class.php 第 7 行.
NOTIC: [2048] Non-static method Prop\Controller\Check::get_project_id() should not be called statically, assuming $this from incompatible context C:\Program Files\phpStudy\WWW_prop\Application\Prop\Controller\IndexController.class.php 第 23 行.
SQL: SHOW COLUMNS FROM `prop_project` [ RunTime:0.0030s ]
SQL: SELECT * FROM `prop_project` WHERE ( h_id=36 ) LIMIT 1   [ RunTime:0.0000s ]
NOTIC: [2048] Non-static method Prop\Controller\Check::get_new_remind() should not be called statically, assuming $this from incompatible context C:\Program Files\phpStudy\WWW_prop\Application\Prop\Controller\IndexController.class.php 第 28 行.
SQL: SHOW COLUMNS FROM `prop_user` [ RunTime:0.0020s ]
SQL: SELECT `new_remind` FROM `prop_user` WHERE `uin` = 1468 LIMIT 1   [ RunTime:0.0000s ]
SQL: SHOW COLUMNS FROM `prop_notice` [ RunTime:0.0040s ]
SQL: SELECT MAX(add_time) AS tp_max FROM `prop_notice` WHERE `project_id` = 36 LIMIT 1   [ RunTime:0.0000s ]
SQL: SHOW COLUMNS FROM `prop_server` [ RunTime:0.0030s ]
SQL: SELECT MAX(add_time) AS tp_max FROM `prop_server` WHERE `project_id` = 36 LIMIT 1   [ RunTime:0.0010s ]
SQL: SHOW COLUMNS FROM `prop_bill` [ RunTime:0.0030s ]
SQL: SELECT MAX(add_time) AS tp_max FROM `prop_bill` WHERE `project_id` = 36 LIMIT 1   [ RunTime:0.0010s ]
SQL: SHOW COLUMNS FROM `prop_idle` [ RunTime:0.0030s ]
SQL: SELECT MAX(add_time) AS tp_max FROM `prop_idle` WHERE `project_id` = 36 LIMIT 1   [ RunTime:0.0010s ]
SQL: SHOW COLUMNS FROM `prop_carpool` [ RunTime:0.0030s ]
SQL: SELECT MAX(add_time) AS tp_max FROM `prop_carpool` WHERE `project_id` = 36 LIMIT 1   [ RunTime:0.0000s ]
SQL: SELECT MAX(add_time) AS tp_max FROM `prop_server` WHERE `project_id` = 36 LIMIT 1   [ RunTime:0.0000s ]
SQL: SELECT MAX(add_time) AS tp_max FROM `prop_server` WHERE `project_id` = 36 LIMIT 1   [ RunTime:0.0010s ]
SQL: SELECT MAX(add_time) AS tp_max FROM `prop_server` WHERE `project_id` = 36 LIMIT 1   [ RunTime:0.0000s ]
NOTIC: [2048] Non-static method Prop\Controller\Check::get_project() should not be called statically, assuming $this from incompatible context C:\Program Files\phpStudy\WWW_prop\Application\Prop\Controller\IndexController.class.php 第 41 行.
SQL: SELECT `project` FROM `prop_project` WHERE ( h_id=36 ) LIMIT 1   [ RunTime:0.0000s ]
NOTIC: [8] Use of undefined constant Y - assumed 'Y' C:\Program Files\phpStudy\WWW_prop\Application\Prop\Controller\IndexController.class.php 第 47 行.
NOTIC: [8] Use of undefined constant m - assumed 'm' C:\Program Files\phpStudy\WWW_prop\Application\Prop\Controller\IndexController.class.php 第 47 行.
NOTIC: [8] Use of undefined constant d - assumed 'd' C:\Program Files\phpStudy\WWW_prop\Application\Prop\Controller\IndexController.class.php 第 47 行.
INFO: [ view_parse ] --START--
INFO: [ template_filter ] --START--
INFO: Run Behavior\ContentReplaceBehavior [ RunTime:0.000000s ]
INFO: [ template_filter ] --END-- [ RunTime:0.001000s ]
NOTIC: [8] Undefined index: have_new C:\Program Files\phpStudy\WWW_prop\Application\Runtime\Cache\Prop\7e3d7cfcc9ab9ae4a723f02ca8a8a847.php 第 53 行.
NOTIC: [8] Undefined index: have_new C:\Program Files\phpStudy\WWW_prop\Application\Runtime\Cache\Prop\7e3d7cfcc9ab9ae4a723f02ca8a8a847.php 第 53 行.
NOTIC: [8] Undefined index: have_new C:\Program Files\phpStudy\WWW_prop\Application\Runtime\Cache\Prop\7e3d7cfcc9ab9ae4a723f02ca8a8a847.php 第 53 行.
NOTIC: [8] Undefined index: have_new C:\Program Files\phpStudy\WWW_prop\Application\Runtime\Cache\Prop\7e3d7cfcc9ab9ae4a723f02ca8a8a847.php 第 53 行.
NOTIC: [8] Undefined index: have_new C:\Program Files\phpStudy\WWW_prop\Application\Runtime\Cache\Prop\7e3d7cfcc9ab9ae4a723f02ca8a8a847.php 第 53 行.
NOTIC: [8] Undefined index: have_new C:\Program Files\phpStudy\WWW_prop\Application\Runtime\Cache\Prop\7e3d7cfcc9ab9ae4a723f02ca8a8a847.php 第 53 行.
NOTIC: [8] Undefined index: have_new C:\Program Files\phpStudy\WWW_prop\Application\Runtime\Cache\Prop\7e3d7cfcc9ab9ae4a723f02ca8a8a847.php 第 53 行.
NOTIC: [8] Undefined index: have_new C:\Program Files\phpStudy\WWW_prop\Application\Runtime\Cache\Prop\7e3d7cfcc9ab9ae4a723f02ca8a8a847.php 第 53 行.
NOTIC: [8] Undefined index: have_new C:\Program Files\phpStudy\WWW_prop\Application\Runtime\Cache\Prop\7e3d7cfcc9ab9ae4a723f02ca8a8a847.php 第 53 行.
NOTIC: [8] Undefined index: have_new C:\Program Files\phpStudy\WWW_prop\Application\Runtime\Cache\Prop\7e3d7cfcc9ab9ae4a723f02ca8a8a847.php 第 53 行.
NOTIC: [8] Undefined index: have_new C:\Program Files\phpStudy\WWW_prop\Application\Runtime\Cache\Prop\7e3d7cfcc9ab9ae4a723f02ca8a8a847.php 第 53 行.
NOTIC: [8] Undefined index: have_new C:\Program Files\phpStudy\WWW_prop\Application\Runtime\Cache\Prop\7e3d7cfcc9ab9ae4a723f02ca8a8a847.php 第 53 行.
NOTIC: [8] Undefined index: have_new C:\Program Files\phpStudy\WWW_prop\Application\Runtime\Cache\Prop\7e3d7cfcc9ab9ae4a723f02ca8a8a847.php 第 53 行.
NOTIC: [8] Undefined index: have_new C:\Program Files\phpStudy\WWW_prop\Application\Runtime\Cache\Prop\7e3d7cfcc9ab9ae4a723f02ca8a8a847.php 第 57 行.
INFO: Run Behavior\ParseTemplateBehavior [ RunTime:0.019002s ]
INFO: [ view_parse ] --END-- [ RunTime:0.019002s ]
INFO: [ view_filter ] --START--
INFO: Run Behavior\WriteHtmlCacheBehavior [ RunTime:0.001000s ]
INFO: [ view_filter ] --END-- [ RunTime:0.001000s ]
INFO: [ app_end ] --START--
INFO: Run Behavior\ShowPageTraceBehavior [ RunTime:0.001000s ]
INFO: [ app_end ] --END-- [ RunTime:0.001000s ]

[ 2015-09-16T16:51:44+08:00 ] 127.0.0.1 /Prop/My/index.html
INFO: [ app_init ] --START--
INFO: Run Behavior\BuildLiteBehavior [ RunTime:0.000000s ]
INFO: [ app_init ] --END-- [ RunTime:0.000000s ]
INFO: [ app_begin ] --START--
INFO: Run Behavior\ReadHtmlCacheBehavior [ RunTime:0.001000s ]
INFO: [ app_begin ] --END-- [ RunTime:0.001000s ]
NOTIC: [2048] Non-static method Prop\Controller\Check::check() should not be called statically, assuming $this from incompatible context C:\Program Files\phpStudy\WWW_prop\Application\Prop\Controller\MyController.class.php 第 7 行.
INFO: [ view_parse ] --START--
INFO: [ template_filter ] --START--
INFO: Run Behavior\ContentReplaceBehavior [ RunTime:0.000000s ]
INFO: [ template_filter ] --END-- [ RunTime:0.000000s ]
INFO: Run Behavior\ParseTemplateBehavior [ RunTime:0.029002s ]
INFO: [ view_parse ] --END-- [ RunTime:0.029002s ]
INFO: [ view_filter ] --START--
INFO: Run Behavior\WriteHtmlCacheBehavior [ RunTime:0.001000s ]
INFO: [ view_filter ] --END-- [ RunTime:0.001000s ]
INFO: [ app_end ] --START--
INFO: Run Behavior\ShowPageTraceBehavior [ RunTime:0.001000s ]
INFO: [ app_end ] --END-- [ RunTime:0.001000s ]

[ 2015-09-16T16:51:48+08:00 ] 127.0.0.1 /Prop/Login/logout/is_my/1.html
INFO: [ app_init ] --START--
INFO: Run Behavior\BuildLiteBehavior [ RunTime:0.000000s ]
INFO: [ app_init ] --END-- [ RunTime:0.001000s ]
INFO: [ app_begin ] --START--
INFO: Run Behavior\ReadHtmlCacheBehavior [ RunTime:0.001001s ]
INFO: [ app_begin ] --END-- [ RunTime:0.002001s ]

[ 2015-09-16T16:52:31+08:00 ] 127.0.0.1 /
INFO: [ app_init ] --START--
INFO: Run Behavior\BuildLiteBehavior [ RunTime:0.000000s ]
INFO: [ app_init ] --END-- [ RunTime:0.000000s ]
INFO: [ app_begin ] --START--
INFO: Run Behavior\ReadHtmlCacheBehavior [ RunTime:0.001000s ]
INFO: [ app_begin ] --END-- [ RunTime:0.001000s ]
NOTIC: [2048] Non-static method Prop\Controller\Check::check() should not be called statically, assuming $this from incompatible context C:\Program Files\phpStudy\WWW_prop\Application\Prop\Controller\IndexController.class.php 第 7 行.

[ 2015-09-16T16:52:32+08:00 ] 127.0.0.1 /Prop/Login/Apilogin.html?backurl=http://prop.zzp.cn/
INFO: [ app_init ] --START--
INFO: Run Behavior\BuildLiteBehavior [ RunTime:0.000000s ]
INFO: [ app_init ] --END-- [ RunTime:0.000000s ]
INFO: [ app_begin ] --START--
INFO: Run Behavior\ReadHtmlCacheBehavior [ RunTime:0.001000s ]
INFO: [ app_begin ] --END-- [ RunTime:0.001000s ]
INFO: [ view_parse ] --START--
INFO: [ template_filter ] --START--
INFO: Run Behavior\ContentReplaceBehavior [ RunTime:0.001000s ]
INFO: [ template_filter ] --END-- [ RunTime:0.001000s ]
NOTIC: [8] Undefined variable: webname C:\Program Files\phpStudy\WWW_prop\Application\Runtime\Cache\Prop\084c8eb641af5f2c7eb463ce8c0692de.php 第 10 行.
INFO: Run Behavior\ParseTemplateBehavior [ RunTime:0.010001s ]
INFO: [ view_parse ] --END-- [ RunTime:0.011001s ]
INFO: [ view_filter ] --START--
INFO: Run Behavior\WriteHtmlCacheBehavior [ RunTime:0.001000s ]
INFO: [ view_filter ] --END-- [ RunTime:0.001000s ]
INFO: [ app_end ] --START--
INFO: Run Behavior\ShowPageTraceBehavior [ RunTime:0.001000s ]
INFO: [ app_end ] --END-- [ RunTime:0.001000s ]

[ 2015-09-16T16:52:42+08:00 ] 127.0.0.1 /Prop/Login/Apilogin.html?backurl=http://prop.zzp.cn/?backurl=http://prop.zzp.cn/
INFO: [ app_init ] --START--
INFO: Run Behavior\BuildLiteBehavior [ RunTime:0.000000s ]
INFO: [ app_init ] --END-- [ RunTime:0.000000s ]
INFO: [ app_begin ] --START--
INFO: Run Behavior\ReadHtmlCacheBehavior [ RunTime:0.000000s ]
INFO: [ app_begin ] --END-- [ RunTime:0.000000s ]
INFO: [ view_parse ] --START--
INFO: [ template_filter ] --START--
INFO: Run Behavior\ContentReplaceBehavior [ RunTime:0.000000s ]
INFO: [ template_filter ] --END-- [ RunTime:0.000000s ]
NOTIC: [8] Undefined variable: webname C:\Program Files\phpStudy\WWW_prop\Application\Runtime\Cache\Prop\084c8eb641af5f2c7eb463ce8c0692de.php 第 10 行.
INFO: Run Behavior\ParseTemplateBehavior [ RunTime:0.006000s ]
INFO: [ view_parse ] --END-- [ RunTime:0.006000s ]
INFO: [ view_filter ] --START--
INFO: Run Behavior\WriteHtmlCacheBehavior [ RunTime:0.000000s ]
INFO: [ view_filter ] --END-- [ RunTime:0.000000s ]
INFO: [ app_end ] --START--
INFO: Run Behavior\ShowPageTraceBehavior [ RunTime:0.001000s ]
INFO: [ app_end ] --END-- [ RunTime:0.001000s ]

[ 2015-09-16T16:52:43+08:00 ] 127.0.0.1 /Prop/Login/Apilogin?token=5b9aBFECUQcHBARWUVIGVAACDAcGD1FaUwwHX1RQUANWAwgFVgVZBA&backurl=http://prop.zzp.cn/?backurl=http://prop.zzp.cn/
INFO: [ app_init ] --START--
INFO: Run Behavior\BuildLiteBehavior [ RunTime:0.000000s ]
INFO: [ app_init ] --END-- [ RunTime:0.000000s ]
INFO: [ app_begin ] --START--
INFO: Run Behavior\ReadHtmlCacheBehavior [ RunTime:0.001001s ]
INFO: [ app_begin ] --END-- [ RunTime:0.002001s ]
INFO: [ view_parse ] --START--
INFO: [ template_filter ] --START--
INFO: Run Behavior\ContentReplaceBehavior [ RunTime:0.000000s ]
INFO: [ template_filter ] --END-- [ RunTime:0.000000s ]
NOTIC: [8] Undefined variable: webname C:\Program Files\phpStudy\WWW_prop\Application\Runtime\Cache\Prop\084c8eb641af5f2c7eb463ce8c0692de.php 第 10 行.
INFO: Run Behavior\ParseTemplateBehavior [ RunTime:0.007000s ]
INFO: [ view_parse ] --END-- [ RunTime:0.007000s ]
INFO: [ view_filter ] --START--
INFO: Run Behavior\WriteHtmlCacheBehavior [ RunTime:0.000000s ]
INFO: [ view_filter ] --END-- [ RunTime:0.000000s ]
INFO: [ app_end ] --START--
INFO: Run Behavior\ShowPageTraceBehavior [ RunTime:0.002000s ]
INFO: [ app_end ] --END-- [ RunTime:0.002000s ]

[ 2015-09-16T16:52:46+08:00 ] 127.0.0.1 /?backurl=http://prop.zzp.cn/
INFO: [ app_init ] --START--
INFO: Run Behavior\BuildLiteBehavior [ RunTime:0.000000s ]
INFO: [ app_init ] --END-- [ RunTime:0.000000s ]
INFO: [ app_begin ] --START--
INFO: Run Behavior\ReadHtmlCacheBehavior [ RunTime:0.001000s ]
INFO: [ app_begin ] --END-- [ RunTime:0.001000s ]
NOTIC: [2048] Non-static method Prop\Controller\Check::check() should not be called statically, assuming $this from incompatible context C:\Program Files\phpStudy\WWW_prop\Application\Prop\Controller\IndexController.class.php 第 7 行.
SQL: SHOW COLUMNS FROM `prop_project_manager` [ RunTime:0.0020s ]
SQL: SELECT `project_id` FROM `prop_project_manager` WHERE ( uin=1468 )  [ RunTime:0.0010s ]
SQL: SHOW COLUMNS FROM `prop_user` [ RunTime:0.0030s ]
SQL: SELECT COUNT(*) AS tp_count FROM `prop_user` WHERE ( uin=1468 ) LIMIT 1   [ RunTime:0.0000s ]
SQL: INSERT INTO `prop_user` (`uin`,`session_id`) VALUES ('1468','1tu48k8mmpj675j4led824hsg7') [ RunTime:0.0000s ]
NOTIC: [2048] Non-static method Prop\Controller\Check::get_project_id() should not be called statically, assuming $this from incompatible context C:\Program Files\phpStudy\WWW_prop\Application\Prop\Controller\IndexController.class.php 第 23 行.
NOTIC: [2048] Non-static method Prop\Controller\Check::get_house() should not be called statically, assuming $this from incompatible context C:\Program Files\phpStudy\WWW_prop\Application\Prop\Controller\Check.class.php 第 95 行.
SQL: SHOW COLUMNS FROM `prop_reside_user` [ RunTime:0.0020s ]
SQL: SELECT * FROM `prop_reside_user` WHERE `uin` = 1468 AND `project_id` = 0  [ RunTime:0.0000s ]
SQL: SHOW COLUMNS FROM `prop_project` [ RunTime:0.0030s ]
SQL: SELECT * FROM `prop_project` WHERE ( h_id=36 ) LIMIT 1   [ RunTime:0.0000s ]
NOTIC: [2048] Non-static method Prop\Controller\Check::get_new_remind() should not be called statically, assuming $this from incompatible context C:\Program Files\phpStudy\WWW_prop\Application\Prop\Controller\IndexController.class.php 第 28 行.
SQL: SELECT `new_remind` FROM `prop_user` WHERE `uin` = 1468 LIMIT 1   [ RunTime:0.0000s ]
SQL: SHOW COLUMNS FROM `prop_notice` [ RunTime:0.0040s ]
SQL: SELECT MAX(add_time) AS tp_max FROM `prop_notice` WHERE `project_id` = 36 LIMIT 1   [ RunTime:0.0010s ]
SQL: SHOW COLUMNS FROM `prop_server` [ RunTime:0.0020s ]
SQL: SELECT MAX(add_time) AS tp_max FROM `prop_server` WHERE `project_id` = 36 LIMIT 1   [ RunTime:0.0000s ]
SQL: SHOW COLUMNS FROM `prop_bill` [ RunTime:0.0020s ]
SQL: SELECT MAX(add_time) AS tp_max FROM `prop_bill` WHERE `project_id` = 36 LIMIT 1   [ RunTime:0.0000s ]
SQL: SHOW COLUMNS FROM `prop_idle` [ RunTime:0.0020s ]
SQL: SELECT MAX(add_time) AS tp_max FROM `prop_idle` WHERE `project_id` = 36 LIMIT 1   [ RunTime:0.0000s ]
SQL: SHOW COLUMNS FROM `prop_carpool` [ RunTime:0.0020s ]
SQL: SELECT MAX(add_time) AS tp_max FROM `prop_carpool` WHERE `project_id` = 36 LIMIT 1   [ RunTime:0.0000s ]
SQL: SELECT MAX(add_time) AS tp_max FROM `prop_server` WHERE `project_id` = 36 LIMIT 1   [ RunTime:0.0010s ]
SQL: SELECT MAX(add_time) AS tp_max FROM `prop_server` WHERE `project_id` = 36 LIMIT 1   [ RunTime:0.0000s ]
SQL: SELECT MAX(add_time) AS tp_max FROM `prop_server` WHERE `project_id` = 36 LIMIT 1   [ RunTime:0.0000s ]
NOTIC: [2048] Non-static method Prop\Controller\Check::get_project() should not be called statically, assuming $this from incompatible context C:\Program Files\phpStudy\WWW_prop\Application\Prop\Controller\IndexController.class.php 第 41 行.
SQL: SELECT `project` FROM `prop_project` WHERE ( h_id=36 ) LIMIT 1   [ RunTime:0.0000s ]
NOTIC: [8] Use of undefined constant Y - assumed 'Y' C:\Program Files\phpStudy\WWW_prop\Application\Prop\Controller\IndexController.class.php 第 47 行.
NOTIC: [8] Use of undefined constant m - assumed 'm' C:\Program Files\phpStudy\WWW_prop\Application\Prop\Controller\IndexController.class.php 第 47 行.
NOTIC: [8] Use of undefined constant d - assumed 'd' C:\Program Files\phpStudy\WWW_prop\Application\Prop\Controller\IndexController.class.php 第 47 行.
INFO: [ view_parse ] --START--
INFO: [ template_filter ] --START--
INFO: Run Behavior\ContentReplaceBehavior [ RunTime:0.000000s ]
INFO: [ template_filter ] --END-- [ RunTime:0.000000s ]
NOTIC: [8] Undefined index: have_new C:\Program Files\phpStudy\WWW_prop\Application\Runtime\Cache\Prop\7e3d7cfcc9ab9ae4a723f02ca8a8a847.php 第 53 行.
NOTIC: [8] Undefined index: have_new C:\Program Files\phpStudy\WWW_prop\Application\Runtime\Cache\Prop\7e3d7cfcc9ab9ae4a723f02ca8a8a847.php 第 53 行.
NOTIC: [8] Undefined index: have_new C:\Program Files\phpStudy\WWW_prop\Application\Runtime\Cache\Prop\7e3d7cfcc9ab9ae4a723f02ca8a8a847.php 第 53 行.
NOTIC: [8] Undefined index: have_new C:\Program Files\phpStudy\WWW_prop\Application\Runtime\Cache\Prop\7e3d7cfcc9ab9ae4a723f02ca8a8a847.php 第 53 行.
NOTIC: [8] Undefined index: have_new C:\Program Files\phpStudy\WWW_prop\Application\Runtime\Cache\Prop\7e3d7cfcc9ab9ae4a723f02ca8a8a847.php 第 53 行.
NOTIC: [8] Undefined index: have_new C:\Program Files\phpStudy\WWW_prop\Application\Runtime\Cache\Prop\7e3d7cfcc9ab9ae4a723f02ca8a8a847.php 第 53 行.
NOTIC: [8] Undefined index: have_new C:\Program Files\phpStudy\WWW_prop\Application\Runtime\Cache\Prop\7e3d7cfcc9ab9ae4a723f02ca8a8a847.php 第 53 行.
NOTIC: [8] Undefined index: have_new C:\Program Files\phpStudy\WWW_prop\Application\Runtime\Cache\Prop\7e3d7cfcc9ab9ae4a723f02ca8a8a847.php 第 53 行.
NOTIC: [8] Undefined index: have_new C:\Program Files\phpStudy\WWW_prop\Application\Runtime\Cache\Prop\7e3d7cfcc9ab9ae4a723f02ca8a8a847.php 第 53 行.
NOTIC: [8] Undefined index: have_new C:\Program Files\phpStudy\WWW_prop\Application\Runtime\Cache\Prop\7e3d7cfcc9ab9ae4a723f02ca8a8a847.php 第 53 行.
NOTIC: [8] Undefined index: have_new C:\Program Files\phpStudy\WWW_prop\Application\Runtime\Cache\Prop\7e3d7cfcc9ab9ae4a723f02ca8a8a847.php 第 53 行.
NOTIC: [8] Undefined index: have_new C:\Program Files\phpStudy\WWW_prop\Application\Runtime\Cache\Prop\7e3d7cfcc9ab9ae4a723f02ca8a8a847.php 第 53 行.
NOTIC: [8] Undefined index: have_new C:\Program Files\phpStudy\WWW_prop\Application\Runtime\Cache\Prop\7e3d7cfcc9ab9ae4a723f02ca8a8a847.php 第 53 行.
NOTIC: [8] Undefined index: have_new C:\Program Files\phpStudy\WWW_prop\Application\Runtime\Cache\Prop\7e3d7cfcc9ab9ae4a723f02ca8a8a847.php 第 57 行.
INFO: Run Behavior\ParseTemplateBehavior [ RunTime:0.018001s ]
INFO: [ view_parse ] --END-- [ RunTime:0.019001s ]
INFO: [ view_filter ] --START--
INFO: Run Behavior\WriteHtmlCacheBehavior [ RunTime:0.000000s ]
INFO: [ view_filter ] --END-- [ RunTime:0.000000s ]
INFO: [ app_end ] --START--
INFO: Run Behavior\ShowPageTraceBehavior [ RunTime:0.001000s ]
INFO: [ app_end ] --END-- [ RunTime:0.001000s ]

