[ 2015-09-13T00:05:30+08:00 ] 127.0.0.1 /Prop/Index/d_register/
INFO: [ app_init ] --START--
INFO: Run Behavior\BuildLiteBehavior [ RunTime:0.000000s ]
INFO: [ app_init ] --END-- [ RunTime:0.000000s ]
INFO: [ app_begin ] --START--
INFO: Run Behavior\ReadHtmlCacheBehavior [ RunTime:0.001000s ]
INFO: [ app_begin ] --END-- [ RunTime:0.001000s ]
NOTIC: [2048] Non-static method Prop\Controller\Check::check() should not be called statically, assuming $this from incompatible context C:\Program Files\phpStudy\WWW_prop\Application\Prop\Controller\IndexController.class.php 第 7 行.
NOTIC: [8] Undefined index: Basic_id C:\Program Files\phpStudy\WWW_prop\Application\Prop\Controller\IndexController.class.php 第 106 行.
SQL: SHOW COLUMNS FROM `prop_reside_user` [ RunTime:0.0030s ]
SQL: SELECT COUNT(*) AS tp_count FROM `prop_reside_user` WHERE `uin` = 1468 AND `reside_type` = 1 AND `user_house_id` = 6 AND `project_id` = 36 AND `project_name` = '嘉福·尚江尊品一期' AND `building` = '1' AND `room_number` = '2402' LIMIT 1   [ RunTime:0.0000s ]
SQL: INSERT INTO `prop_reside_user` (`uin`,`reside_type`,`user_house_id`,`project_id`,`project_name`,`building`,`room_number`) VALUES ('1468','1','6','36','嘉福·尚江尊品一期','1','2402') [ RunTime:0.0010s ]

[ 2015-09-13T00:05:39+08:00 ] 127.0.0.1 /Prop/Index/d_register/
INFO: [ app_init ] --START--
INFO: Run Behavior\BuildLiteBehavior [ RunTime:0.000000s ]
INFO: [ app_init ] --END-- [ RunTime:0.000000s ]
INFO: [ app_begin ] --START--
INFO: Run Behavior\ReadHtmlCacheBehavior [ RunTime:0.001000s ]
INFO: [ app_begin ] --END-- [ RunTime:0.001000s ]
NOTIC: [2048] Non-static method Prop\Controller\Check::check() should not be called statically, assuming $this from incompatible context C:\Program Files\phpStudy\WWW_prop\Application\Prop\Controller\IndexController.class.php 第 7 行.
NOTIC: [8] Undefined index: Basic_id C:\Program Files\phpStudy\WWW_prop\Application\Prop\Controller\IndexController.class.php 第 106 行.
SQL: SHOW COLUMNS FROM `prop_reside_user` [ RunTime:0.0020s ]
SQL: SELECT COUNT(*) AS tp_count FROM `prop_reside_user` WHERE `uin` = 1468 AND `reside_type` = 1 AND `user_house_id` = 6 AND `project_id` = 36 AND `project_name` = '嘉福·尚江尊品一期' AND `building` = '1' AND `room_number` = '2402' LIMIT 1   [ RunTime:0.0010s ]

[ 2015-09-13T00:05:43+08:00 ] 127.0.0.1 /Prop/Index/d_register/
INFO: [ app_init ] --START--
INFO: Run Behavior\BuildLiteBehavior [ RunTime:0.001000s ]
INFO: [ app_init ] --END-- [ RunTime:0.001000s ]
INFO: [ app_begin ] --START--
INFO: Run Behavior\ReadHtmlCacheBehavior [ RunTime:0.001000s ]
INFO: [ app_begin ] --END-- [ RunTime:0.001000s ]
NOTIC: [2048] Non-static method Prop\Controller\Check::check() should not be called statically, assuming $this from incompatible context C:\Program Files\phpStudy\WWW_prop\Application\Prop\Controller\IndexController.class.php 第 7 行.
NOTIC: [8] Undefined index: Basic_id C:\Program Files\phpStudy\WWW_prop\Application\Prop\Controller\IndexController.class.php 第 106 行.
SQL: SHOW COLUMNS FROM `prop_reside_user` [ RunTime:0.0020s ]
SQL: SELECT COUNT(*) AS tp_count FROM `prop_reside_user` WHERE `uin` = 1468 AND `reside_type` = 1 AND `user_house_id` = 6 AND `project_id` = 36 AND `project_name` = '嘉福·尚江尊品一期' AND `building` = '1' AND `room_number` = '2402' LIMIT 1   [ RunTime:0.0010s ]

[ 2015-09-13T00:06:42+08:00 ] 127.0.0.1 /Prop/Index/d_register/
INFO: [ app_init ] --START--
INFO: Run Behavior\BuildLiteBehavior [ RunTime:0.000000s ]
INFO: [ app_init ] --END-- [ RunTime:0.000000s ]
INFO: [ app_begin ] --START--
INFO: Run Behavior\ReadHtmlCacheBehavior [ RunTime:0.000000s ]
INFO: [ app_begin ] --END-- [ RunTime:0.000000s ]
NOTIC: [2048] Non-static method Prop\Controller\Check::check() should not be called statically, assuming $this from incompatible context C:\Program Files\phpStudy\WWW_prop\Application\Prop\Controller\IndexController.class.php 第 7 行.
NOTIC: [8] Undefined index: Basic_id C:\Program Files\phpStudy\WWW_prop\Application\Prop\Controller\IndexController.class.php 第 106 行.
SQL: SHOW COLUMNS FROM `prop_reside_user` [ RunTime:0.0040s ]
SQL: SELECT COUNT(*) AS tp_count FROM `prop_reside_user` WHERE `uin` = 1468 AND `reside_type` = 1 AND `user_house_id` = 6 AND `project_id` = 36 AND `project_name` = '嘉福·尚江尊品一期' AND `building` = '1' AND `room_number` = '2402' LIMIT 1   [ RunTime:0.0000s ]

[ 2015-09-13T00:07:09+08:00 ] 127.0.0.1 /Prop/Index/d_register/
INFO: [ app_init ] --START--
INFO: Run Behavior\BuildLiteBehavior [ RunTime:0.000000s ]
INFO: [ app_init ] --END-- [ RunTime:0.000000s ]
INFO: [ app_begin ] --START--
INFO: Run Behavior\ReadHtmlCacheBehavior [ RunTime:0.000000s ]
INFO: [ app_begin ] --END-- [ RunTime:0.001000s ]
NOTIC: [2048] Non-static method Prop\Controller\Check::check() should not be called statically, assuming $this from incompatible context C:\Program Files\phpStudy\WWW_prop\Application\Prop\Controller\IndexController.class.php 第 7 行.
NOTIC: [8] Undefined index: Basic_id C:\Program Files\phpStudy\WWW_prop\Application\Prop\Controller\IndexController.class.php 第 106 行.
SQL: SHOW COLUMNS FROM `prop_reside_user` [ RunTime:0.0030s ]
SQL: SELECT COUNT(*) AS tp_count FROM `prop_reside_user` WHERE `uin` = 1468 AND `reside_type` = 1 AND `user_house_id` = 6 AND `project_id` = 36 AND `project_name` = '嘉福·尚江尊品一期' AND `building` = '1' AND `room_number` = '2402' LIMIT 1   [ RunTime:0.0000s ]

[ 2015-09-13T00:10:31+08:00 ] 127.0.0.1 /Prop/Index/d_register/
INFO: [ app_init ] --START--
INFO: Run Behavior\BuildLiteBehavior [ RunTime:0.000000s ]
INFO: [ app_init ] --END-- [ RunTime:0.000000s ]
INFO: [ app_begin ] --START--
INFO: Run Behavior\ReadHtmlCacheBehavior [ RunTime:0.000000s ]
INFO: [ app_begin ] --END-- [ RunTime:0.000000s ]
NOTIC: [2048] Non-static method Prop\Controller\Check::check() should not be called statically, assuming $this from incompatible context C:\Program Files\phpStudy\WWW_prop\Application\Prop\Controller\IndexController.class.php 第 7 行.

[ 2015-09-13T00:10:32+08:00 ] 127.0.0.1 /Prop/Login/Apilogin.html?backurl=http://prop.zzp.cn/Prop/Index/d_register/
INFO: [ app_init ] --START--
INFO: Run Behavior\BuildLiteBehavior [ RunTime:0.000000s ]
INFO: [ app_init ] --END-- [ RunTime:0.000000s ]
INFO: [ app_begin ] --START--
INFO: Run Behavior\ReadHtmlCacheBehavior [ RunTime:0.001000s ]
INFO: [ app_begin ] --END-- [ RunTime:0.001000s ]
INFO: [ view_parse ] --START--
INFO: [ template_filter ] --START--
INFO: Run Behavior\ContentReplaceBehavior [ RunTime:0.000000s ]
INFO: [ template_filter ] --END-- [ RunTime:0.000000s ]
NOTIC: [8] Undefined variable: webname C:\Program Files\phpStudy\WWW_prop\Application\Runtime\Cache\Prop\084c8eb641af5f2c7eb463ce8c0692de.php 第 10 行.
INFO: Run Behavior\ParseTemplateBehavior [ RunTime:0.008000s ]
INFO: [ view_parse ] --END-- [ RunTime:0.008000s ]
INFO: [ view_filter ] --START--
INFO: Run Behavior\WriteHtmlCacheBehavior [ RunTime:0.000000s ]
INFO: [ view_filter ] --END-- [ RunTime:0.000000s ]
INFO: [ app_end ] --START--
INFO: Run Behavior\ShowPageTraceBehavior [ RunTime:0.001000s ]
INFO: [ app_end ] --END-- [ RunTime:0.001000s ]

[ 2015-09-13T00:10:38+08:00 ] 127.0.0.1 /Prop/Index/d_register.html
INFO: [ app_init ] --START--
INFO: Run Behavior\BuildLiteBehavior [ RunTime:0.000000s ]
INFO: [ app_init ] --END-- [ RunTime:0.000000s ]
INFO: [ app_begin ] --START--
INFO: Run Behavior\ReadHtmlCacheBehavior [ RunTime:0.000000s ]
INFO: [ app_begin ] --END-- [ RunTime:0.001000s ]
NOTIC: [2048] Non-static method Prop\Controller\Check::check() should not be called statically, assuming $this from incompatible context C:\Program Files\phpStudy\WWW_prop\Application\Prop\Controller\IndexController.class.php 第 7 行.

[ 2015-09-13T00:10:39+08:00 ] 127.0.0.1 /Prop/Login/Apilogin.html?backurl=http://prop.zzp.cn/Prop/Index/d_register.html
INFO: [ app_init ] --START--
INFO: Run Behavior\BuildLiteBehavior [ RunTime:0.000000s ]
INFO: [ app_init ] --END-- [ RunTime:0.000000s ]
INFO: [ app_begin ] --START--
INFO: Run Behavior\ReadHtmlCacheBehavior [ RunTime:0.001000s ]
INFO: [ app_begin ] --END-- [ RunTime:0.001000s ]
INFO: [ view_parse ] --START--
INFO: [ template_filter ] --START--
INFO: Run Behavior\ContentReplaceBehavior [ RunTime:0.000000s ]
INFO: [ template_filter ] --END-- [ RunTime:0.001000s ]
NOTIC: [8] Undefined variable: webname C:\Program Files\phpStudy\WWW_prop\Application\Runtime\Cache\Prop\084c8eb641af5f2c7eb463ce8c0692de.php 第 10 行.
INFO: Run Behavior\ParseTemplateBehavior [ RunTime:0.005000s ]
INFO: [ view_parse ] --END-- [ RunTime:0.005000s ]
INFO: [ view_filter ] --START--
INFO: Run Behavior\WriteHtmlCacheBehavior [ RunTime:0.001000s ]
INFO: [ view_filter ] --END-- [ RunTime:0.001000s ]
INFO: [ app_end ] --START--
INFO: Run Behavior\ShowPageTraceBehavior [ RunTime:0.000000s ]
INFO: [ app_end ] --END-- [ RunTime:0.000000s ]

[ 2015-09-13T00:10:40+08:00 ] 127.0.0.1 /Prop/Login/Apilogin?token=def1BAMJAwUGAVNTAlFSDlYOD10CAlZcBgwLUVAHAAQCVAsFBA4LBg&backurl=http://prop.zzp.cn/Prop/Index/d_register.html
INFO: [ app_init ] --START--
INFO: Run Behavior\BuildLiteBehavior [ RunTime:0.000000s ]
INFO: [ app_init ] --END-- [ RunTime:0.000000s ]
INFO: [ app_begin ] --START--
INFO: Run Behavior\ReadHtmlCacheBehavior [ RunTime:0.001000s ]
INFO: [ app_begin ] --END-- [ RunTime:0.001000s ]
INFO: [ view_parse ] --START--
INFO: [ template_filter ] --START--
INFO: Run Behavior\ContentReplaceBehavior [ RunTime:0.000000s ]
INFO: [ template_filter ] --END-- [ RunTime:0.000000s ]
NOTIC: [8] Undefined variable: webname C:\Program Files\phpStudy\WWW_prop\Application\Runtime\Cache\Prop\084c8eb641af5f2c7eb463ce8c0692de.php 第 10 行.
INFO: Run Behavior\ParseTemplateBehavior [ RunTime:0.006001s ]
INFO: [ view_parse ] --END-- [ RunTime:0.006001s ]
INFO: [ view_filter ] --START--
INFO: Run Behavior\WriteHtmlCacheBehavior [ RunTime:0.000000s ]
INFO: [ view_filter ] --END-- [ RunTime:0.000000s ]
INFO: [ app_end ] --START--
INFO: Run Behavior\ShowPageTraceBehavior [ RunTime:0.001000s ]
INFO: [ app_end ] --END-- [ RunTime:0.001000s ]

[ 2015-09-13T00:10:43+08:00 ] 127.0.0.1 /Prop/Index/d_register.html
INFO: [ app_init ] --START--
INFO: Run Behavior\BuildLiteBehavior [ RunTime:0.000000s ]
INFO: [ app_init ] --END-- [ RunTime:0.000000s ]
INFO: [ app_begin ] --START--
INFO: Run Behavior\ReadHtmlCacheBehavior [ RunTime:0.001000s ]
INFO: [ app_begin ] --END-- [ RunTime:0.001000s ]
NOTIC: [2048] Non-static method Prop\Controller\Check::check() should not be called statically, assuming $this from incompatible context C:\Program Files\phpStudy\WWW_prop\Application\Prop\Controller\IndexController.class.php 第 7 行.
SQL: SHOW COLUMNS FROM `prop_project_manager` [ RunTime:0.0020s ]
SQL: SELECT `project_id` FROM `prop_project_manager` WHERE ( uin=1468 )  [ RunTime:0.0010s ]
NOTIC: [2048] Non-static method Prop\Controller\Check::get_house() should not be called statically, assuming $this from incompatible context C:\Program Files\phpStudy\WWW_prop\Application\Prop\Controller\IndexController.class.php 第 149 行.
NOTIC: [2048] Non-static method Prop\Controller\Check::get_project_id() should not be called statically, assuming $this from incompatible context C:\Program Files\phpStudy\WWW_prop\Application\Prop\Controller\IndexController.class.php 第 149 行.
NOTIC: [2048] Non-static method Prop\Controller\Check::get_house() should not be called statically, assuming $this from incompatible context C:\Program Files\phpStudy\WWW_prop\Application\Prop\Controller\Check.class.php 第 84 行.
SQL: SHOW COLUMNS FROM `prop_reside_user` [ RunTime:0.0030s ]
SQL: SELECT * FROM `prop_reside_user` WHERE `uin` = 1468 AND `project_id` = 0  [ RunTime:0.0010s ]
SQL: SELECT * FROM `prop_reside_user` WHERE `uin` = 1468 AND `project_id` = 36  [ RunTime:0.0010s ]
INFO: [ view_parse ] --START--
INFO: [ template_filter ] --START--
INFO: Run Behavior\ContentReplaceBehavior [ RunTime:0.000000s ]
INFO: [ template_filter ] --END-- [ RunTime:0.000000s ]
INFO: Run Behavior\ParseTemplateBehavior [ RunTime:0.011001s ]
INFO: [ view_parse ] --END-- [ RunTime:0.011001s ]
INFO: [ view_filter ] --START--
INFO: Run Behavior\WriteHtmlCacheBehavior [ RunTime:0.000000s ]
INFO: [ view_filter ] --END-- [ RunTime:0.000000s ]
INFO: [ app_end ] --START--
INFO: Run Behavior\ShowPageTraceBehavior [ RunTime:0.001000s ]
INFO: [ app_end ] --END-- [ RunTime:0.001000s ]

[ 2015-09-13T00:10:58+08:00 ] 127.0.0.1 /Prop/Index/d_register/
INFO: [ app_init ] --START--
INFO: Run Behavior\BuildLiteBehavior [ RunTime:0.000000s ]
INFO: [ app_init ] --END-- [ RunTime:0.000000s ]
INFO: [ app_begin ] --START--
INFO: Run Behavior\ReadHtmlCacheBehavior [ RunTime:0.001000s ]
INFO: [ app_begin ] --END-- [ RunTime:0.001000s ]
NOTIC: [2048] Non-static method Prop\Controller\Check::check() should not be called statically, assuming $this from incompatible context C:\Program Files\phpStudy\WWW_prop\Application\Prop\Controller\IndexController.class.php 第 7 行.
NOTIC: [8] Undefined index: Basic_id C:\Program Files\phpStudy\WWW_prop\Application\Prop\Controller\IndexController.class.php 第 106 行.
SQL: SHOW COLUMNS FROM `prop_reside_user` [ RunTime:0.0030s ]
SQL: SELECT COUNT(*) AS tp_count FROM `prop_reside_user` WHERE `uin` = 1468 AND `reside_type` = 1 AND `user_house_id` = 6 AND `project_id` = 36 AND `project_name` = '嘉福·尚江尊品一期' AND `building` = '1' AND `room_number` = '2402' LIMIT 1   [ RunTime:0.0010s ]

[ 2015-09-13T00:13:34+08:00 ] 127.0.0.1 /Prop/Index/d_register/
INFO: [ app_init ] --START--
INFO: Run Behavior\BuildLiteBehavior [ RunTime:0.000000s ]
INFO: [ app_init ] --END-- [ RunTime:0.000000s ]
INFO: [ app_begin ] --START--
INFO: Run Behavior\ReadHtmlCacheBehavior [ RunTime:0.001001s ]
INFO: [ app_begin ] --END-- [ RunTime:0.001001s ]
NOTIC: [2048] Non-static method Prop\Controller\Check::check() should not be called statically, assuming $this from incompatible context C:\Program Files\phpStudy\WWW_prop\Application\Prop\Controller\IndexController.class.php 第 7 行.
SQL: SHOW COLUMNS FROM `prop_reside_user` [ RunTime:0.0020s ]
SQL: SELECT COUNT(*) AS tp_count FROM `prop_reside_user` WHERE `uin` = 1468 AND `reside_type` = 1 AND `user_house_id` = 6 AND `project_id` = 36 AND `project_name` = '嘉福·尚江尊品一期' AND `building` = '1' AND `room_number` = '2402' LIMIT 1   [ RunTime:0.0000s ]

[ 2015-09-13T00:14:41+08:00 ] 127.0.0.1 /Prop/Index/d_register/
INFO: [ app_init ] --START--
INFO: Run Behavior\BuildLiteBehavior [ RunTime:0.000000s ]
INFO: [ app_init ] --END-- [ RunTime:0.001000s ]
INFO: [ app_begin ] --START--
INFO: Run Behavior\ReadHtmlCacheBehavior [ RunTime:0.001000s ]
INFO: [ app_begin ] --END-- [ RunTime:0.001000s ]
NOTIC: [2048] Non-static method Prop\Controller\Check::check() should not be called statically, assuming $this from incompatible context C:\Program Files\phpStudy\WWW_prop\Application\Prop\Controller\IndexController.class.php 第 7 行.
SQL: SHOW COLUMNS FROM `prop_reside_user` [ RunTime:0.0020s ]
SQL: SELECT COUNT(*) AS tp_count FROM `prop_reside_user` WHERE `uin` = 1468 AND `reside_type` = 1 AND `user_house_id` = 6 AND `project_id` = 36 AND `project_name` = '嘉福·尚江尊品一期' AND `building` = '1' AND `room_number` = '2402' LIMIT 1   [ RunTime:0.0000s ]

[ 2015-09-13T00:15:18+08:00 ] 127.0.0.1 /Prop/Index/d_register/
INFO: [ app_init ] --START--
INFO: Run Behavior\BuildLiteBehavior [ RunTime:0.000000s ]
INFO: [ app_init ] --END-- [ RunTime:0.000000s ]
INFO: [ app_begin ] --START--
INFO: Run Behavior\ReadHtmlCacheBehavior [ RunTime:0.000000s ]
INFO: [ app_begin ] --END-- [ RunTime:0.000000s ]
NOTIC: [2048] Non-static method Prop\Controller\Check::check() should not be called statically, assuming $this from incompatible context C:\Program Files\phpStudy\WWW_prop\Application\Prop\Controller\IndexController.class.php 第 7 行.
SQL: SHOW COLUMNS FROM `prop_reside_user` [ RunTime:0.0030s ]
SQL: SELECT COUNT(*) AS tp_count FROM `prop_reside_user` WHERE `uin` = 1468 AND `reside_type` = 1 AND `user_house_id` = 6 AND `project_id` = 36 AND `project_name` = '嘉福·尚江尊品一期' AND `building` = '1' AND `room_number` = '2402' LIMIT 1   [ RunTime:0.0000s ]

[ 2015-09-13T00:15:47+08:00 ] 127.0.0.1 /Prop/Index/d_register/
INFO: [ app_init ] --START--
INFO: Run Behavior\BuildLiteBehavior [ RunTime:0.000000s ]
INFO: [ app_init ] --END-- [ RunTime:0.000000s ]
INFO: [ app_begin ] --START--
INFO: Run Behavior\ReadHtmlCacheBehavior [ RunTime:0.001001s ]
INFO: [ app_begin ] --END-- [ RunTime:0.001001s ]
NOTIC: [2048] Non-static method Prop\Controller\Check::check() should not be called statically, assuming $this from incompatible context C:\Program Files\phpStudy\WWW_prop\Application\Prop\Controller\IndexController.class.php 第 7 行.
SQL: SHOW COLUMNS FROM `prop_reside_user` [ RunTime:0.0030s ]
SQL: SELECT COUNT(*) AS tp_count FROM `prop_reside_user` WHERE `uin` = 1468 AND `reside_type` = 1 AND `user_house_id` = 6 AND `project_id` = 36 AND `project_name` = '嘉福·尚江尊品一期' AND `building` = '1' AND `room_number` = '2402' LIMIT 1   [ RunTime:0.0000s ]

[ 2015-09-13T00:16:15+08:00 ] 127.0.0.1 /Prop/Index/d_register/
INFO: [ app_init ] --START--
INFO: Run Behavior\BuildLiteBehavior [ RunTime:0.000000s ]
INFO: [ app_init ] --END-- [ RunTime:0.000000s ]
INFO: [ app_begin ] --START--
INFO: Run Behavior\ReadHtmlCacheBehavior [ RunTime:0.000000s ]
INFO: [ app_begin ] --END-- [ RunTime:0.000000s ]
NOTIC: [2048] Non-static method Prop\Controller\Check::check() should not be called statically, assuming $this from incompatible context C:\Program Files\phpStudy\WWW_prop\Application\Prop\Controller\IndexController.class.php 第 7 行.
SQL: SHOW COLUMNS FROM `prop_reside_user` [ RunTime:0.0030s ]
SQL: SELECT COUNT(*) AS tp_count FROM `prop_reside_user` WHERE `uin` = 1468 AND `reside_type` = 1 AND `user_house_id` = 6 AND `project_id` = 36 AND `project_name` = '嘉福·尚江尊品一期' AND `building` = '1' AND `room_number` = '2402' LIMIT 1   [ RunTime:0.0000s ]

[ 2015-09-13T00:17:04+08:00 ] 127.0.0.1 /Prop/Index/d_register/
INFO: [ app_init ] --START--
INFO: Run Behavior\BuildLiteBehavior [ RunTime:0.000000s ]
INFO: [ app_init ] --END-- [ RunTime:0.000000s ]
INFO: [ app_begin ] --START--
INFO: Run Behavior\ReadHtmlCacheBehavior [ RunTime:0.000000s ]
INFO: [ app_begin ] --END-- [ RunTime:0.001000s ]
NOTIC: [2048] Non-static method Prop\Controller\Check::check() should not be called statically, assuming $this from incompatible context C:\Program Files\phpStudy\WWW_prop\Application\Prop\Controller\IndexController.class.php 第 7 行.
SQL: SHOW COLUMNS FROM `prop_reside_user` [ RunTime:0.0020s ]
SQL: SELECT COUNT(*) AS tp_count FROM `prop_reside_user` WHERE `uin` = 1468 AND `reside_type` = 1 AND `user_house_id` = 6 AND `project_id` = 36 AND `project_name` = '嘉福·尚江尊品一期' AND `building` = '1' AND `room_number` = '2402' LIMIT 1   [ RunTime:0.0010s ]

[ 2015-09-13T00:18:55+08:00 ] 127.0.0.1 /Prop/Index/d_register/
INFO: [ app_init ] --START--
INFO: Run Behavior\BuildLiteBehavior [ RunTime:0.000000s ]
INFO: [ app_init ] --END-- [ RunTime:0.000000s ]
INFO: [ app_begin ] --START--
INFO: Run Behavior\ReadHtmlCacheBehavior [ RunTime:0.000000s ]
INFO: [ app_begin ] --END-- [ RunTime:0.000000s ]
NOTIC: [2048] Non-static method Prop\Controller\Check::check() should not be called statically, assuming $this from incompatible context C:\Program Files\phpStudy\WWW_prop\Application\Prop\Controller\IndexController.class.php 第 7 行.
SQL: SHOW COLUMNS FROM `prop_reside_user` [ RunTime:0.0020s ]
SQL: SELECT COUNT(*) AS tp_count FROM `prop_reside_user` WHERE `uin` = 1468 AND `reside_type` = 1 AND `user_house_id` = 6 AND `project_id` = 36 AND `project_name` = '嘉福·尚江尊品一期' AND `building` = '1' AND `room_number` = '2402' LIMIT 1   [ RunTime:0.0000s ]

[ 2015-09-13T00:19:10+08:00 ] 127.0.0.1 /Prop/Index/d_register/
INFO: [ app_init ] --START--
INFO: Run Behavior\BuildLiteBehavior [ RunTime:0.000000s ]
INFO: [ app_init ] --END-- [ RunTime:0.000000s ]
INFO: [ app_begin ] --START--
INFO: Run Behavior\ReadHtmlCacheBehavior [ RunTime:0.000000s ]
INFO: [ app_begin ] --END-- [ RunTime:0.001000s ]
NOTIC: [2048] Non-static method Prop\Controller\Check::check() should not be called statically, assuming $this from incompatible context C:\Program Files\phpStudy\WWW_prop\Application\Prop\Controller\IndexController.class.php 第 7 行.
SQL: SHOW COLUMNS FROM `prop_reside_user` [ RunTime:0.0020s ]
SQL: SELECT COUNT(*) AS tp_count FROM `prop_reside_user` WHERE `uin` = 1468 AND `reside_type` = 1 AND `user_house_id` = 6 AND `project_id` = 36 AND `project_name` = '嘉福·尚江尊品一期' AND `building` = '1' AND `room_number` = '2402' LIMIT 1   [ RunTime:0.0000s ]

[ 2015-09-13T00:19:29+08:00 ] 127.0.0.1 /Prop/Index/d_register.html
INFO: [ app_init ] --START--
INFO: Run Behavior\BuildLiteBehavior [ RunTime:0.000000s ]
INFO: [ app_init ] --END-- [ RunTime:0.000000s ]
INFO: [ app_begin ] --START--
INFO: Run Behavior\ReadHtmlCacheBehavior [ RunTime:0.001000s ]
INFO: [ app_begin ] --END-- [ RunTime:0.008001s ]
NOTIC: [2048] Non-static method Prop\Controller\Check::check() should not be called statically, assuming $this from incompatible context C:\Program Files\phpStudy\WWW_prop\Application\Prop\Controller\IndexController.class.php 第 7 行.
NOTIC: [2048] Non-static method Prop\Controller\Check::get_house() should not be called statically, assuming $this from incompatible context C:\Program Files\phpStudy\WWW_prop\Application\Prop\Controller\IndexController.class.php 第 150 行.
NOTIC: [2048] Non-static method Prop\Controller\Check::get_project_id() should not be called statically, assuming $this from incompatible context C:\Program Files\phpStudy\WWW_prop\Application\Prop\Controller\IndexController.class.php 第 150 行.
SQL: SHOW COLUMNS FROM `prop_reside_user` [ RunTime:0.0020s ]
SQL: SELECT * FROM `prop_reside_user` WHERE `uin` = 1468 AND `project_id` = 36  [ RunTime:0.0000s ]
INFO: [ view_parse ] --START--
INFO: [ template_filter ] --START--
INFO: Run Behavior\ContentReplaceBehavior [ RunTime:0.000000s ]
INFO: [ template_filter ] --END-- [ RunTime:0.000000s ]
INFO: Run Behavior\ParseTemplateBehavior [ RunTime:0.008000s ]
INFO: [ view_parse ] --END-- [ RunTime:0.008000s ]
INFO: [ view_filter ] --START--
INFO: Run Behavior\WriteHtmlCacheBehavior [ RunTime:0.000000s ]
INFO: [ view_filter ] --END-- [ RunTime:0.000000s ]
INFO: [ app_end ] --START--
INFO: Run Behavior\ShowPageTraceBehavior [ RunTime:0.001000s ]
INFO: [ app_end ] --END-- [ RunTime:0.001000s ]

[ 2015-09-13T00:19:35+08:00 ] 127.0.0.1 /Prop/Index/d_register/
INFO: [ app_init ] --START--
INFO: Run Behavior\BuildLiteBehavior [ RunTime:0.000000s ]
INFO: [ app_init ] --END-- [ RunTime:0.000000s ]
INFO: [ app_begin ] --START--
INFO: Run Behavior\ReadHtmlCacheBehavior [ RunTime:0.000000s ]
INFO: [ app_begin ] --END-- [ RunTime:0.000000s ]
NOTIC: [2048] Non-static method Prop\Controller\Check::check() should not be called statically, assuming $this from incompatible context C:\Program Files\phpStudy\WWW_prop\Application\Prop\Controller\IndexController.class.php 第 7 行.
SQL: SHOW COLUMNS FROM `prop_reside_user` [ RunTime:0.0020s ]
SQL: SELECT COUNT(*) AS tp_count FROM `prop_reside_user` WHERE `uin` = 1468 AND `reside_type` = 1 AND `user_house_id` = 6 AND `project_id` = 36 AND `project_name` = '嘉福·尚江尊品一期' AND `building` = '1' AND `room_number` = '2402' LIMIT 1   [ RunTime:0.0000s ]

[ 2015-09-13T00:20:07+08:00 ] 127.0.0.1 /Prop/Index/d_register/
INFO: [ app_init ] --START--
INFO: Run Behavior\BuildLiteBehavior [ RunTime:0.000000s ]
INFO: [ app_init ] --END-- [ RunTime:0.000000s ]
INFO: [ app_begin ] --START--
INFO: Run Behavior\ReadHtmlCacheBehavior [ RunTime:0.001000s ]
INFO: [ app_begin ] --END-- [ RunTime:0.001000s ]
NOTIC: [2048] Non-static method Prop\Controller\Check::check() should not be called statically, assuming $this from incompatible context C:\Program Files\phpStudy\WWW_prop\Application\Prop\Controller\IndexController.class.php 第 7 行.
SQL: SHOW COLUMNS FROM `prop_reside_user` [ RunTime:0.0020s ]
SQL: SELECT COUNT(*) AS tp_count FROM `prop_reside_user` WHERE `uin` = 1468 AND `reside_type` = 1 AND `user_house_id` = 6 AND `project_id` = 36 AND `project_name` = '嘉福·尚江尊品一期' AND `building` = '1' AND `room_number` = '2402' LIMIT 1   [ RunTime:0.0000s ]

[ 2015-09-13T00:20:44+08:00 ] 127.0.0.1 /Prop/Index/d_register/
INFO: [ app_init ] --START--
INFO: Run Behavior\BuildLiteBehavior [ RunTime:0.000000s ]
INFO: [ app_init ] --END-- [ RunTime:0.000000s ]
INFO: [ app_begin ] --START--
INFO: Run Behavior\ReadHtmlCacheBehavior [ RunTime:0.000000s ]
INFO: [ app_begin ] --END-- [ RunTime:0.000000s ]
NOTIC: [2048] Non-static method Prop\Controller\Check::check() should not be called statically, assuming $this from incompatible context C:\Program Files\phpStudy\WWW_prop\Application\Prop\Controller\IndexController.class.php 第 7 行.
SQL: SHOW COLUMNS FROM `prop_reside_user` [ RunTime:0.0020s ]
SQL: SELECT COUNT(*) AS tp_count FROM `prop_reside_user` WHERE `uin` = 1468 AND `reside_type` = 1 AND `user_house_id` = 6 AND `project_id` = 36 AND `project_name` = '嘉福·尚江尊品一期' AND `building` = '1' AND `room_number` = '2402' LIMIT 1   [ RunTime:0.0000s ]

[ 2015-09-13T00:21:36+08:00 ] 127.0.0.1 /Prop/Index/d_register/
INFO: [ app_init ] --START--
INFO: Run Behavior\BuildLiteBehavior [ RunTime:0.000000s ]
INFO: [ app_init ] --END-- [ RunTime:0.000000s ]
INFO: [ app_begin ] --START--
INFO: Run Behavior\ReadHtmlCacheBehavior [ RunTime:0.001000s ]
INFO: [ app_begin ] --END-- [ RunTime:0.001000s ]
NOTIC: [2048] Non-static method Prop\Controller\Check::check() should not be called statically, assuming $this from incompatible context C:\Program Files\phpStudy\WWW_prop\Application\Prop\Controller\IndexController.class.php 第 7 行.
SQL: SHOW COLUMNS FROM `prop_reside_user` [ RunTime:0.0020s ]
SQL: SELECT COUNT(*) AS tp_count FROM `prop_reside_user` WHERE `uin` = 1468 AND `reside_type` = 1 AND `user_house_id` = 6 AND `project_id` = 36 AND `project_name` = '嘉福·尚江尊品一期' AND `building` = '1' AND `room_number` = '2402' LIMIT 1   [ RunTime:0.0010s ]

[ 2015-09-13T00:22:23+08:00 ] 127.0.0.1 /Prop/Index/d_register/
INFO: [ app_init ] --START--
INFO: Run Behavior\BuildLiteBehavior [ RunTime:0.000000s ]
INFO: [ app_init ] --END-- [ RunTime:0.000000s ]
INFO: [ app_begin ] --START--
INFO: Run Behavior\ReadHtmlCacheBehavior [ RunTime:0.001000s ]
INFO: [ app_begin ] --END-- [ RunTime:0.001000s ]
NOTIC: [2048] Non-static method Prop\Controller\Check::check() should not be called statically, assuming $this from incompatible context C:\Program Files\phpStudy\WWW_prop\Application\Prop\Controller\IndexController.class.php 第 7 行.
SQL: SHOW COLUMNS FROM `prop_reside_user` [ RunTime:0.0030s ]
SQL: SELECT COUNT(*) AS tp_count FROM `prop_reside_user` WHERE `uin` = 1468 AND `reside_type` = 1 AND `user_house_id` = 6 AND `project_id` = 36 AND `project_name` = '嘉福·尚江尊品一期' AND `building` = '1' AND `room_number` = '2402' LIMIT 1   [ RunTime:0.0000s ]

[ 2015-09-13T00:22:59+08:00 ] 127.0.0.1 /Prop/Index/d_register/
INFO: [ app_init ] --START--
INFO: Run Behavior\BuildLiteBehavior [ RunTime:0.000000s ]
INFO: [ app_init ] --END-- [ RunTime:0.000000s ]
INFO: [ app_begin ] --START--
INFO: Run Behavior\ReadHtmlCacheBehavior [ RunTime:0.000000s ]
INFO: [ app_begin ] --END-- [ RunTime:0.000000s ]
NOTIC: [2048] Non-static method Prop\Controller\Check::check() should not be called statically, assuming $this from incompatible context C:\Program Files\phpStudy\WWW_prop\Application\Prop\Controller\IndexController.class.php 第 7 行.
NOTIC: [8] Array to string conversion C:\Program Files\phpStudy\WWW_prop\Application\Common\Common\Bdata.class.php 第 79 行.
SQL: SHOW COLUMNS FROM `prop_reside_user` [ RunTime:0.0030s ]
SQL: SELECT COUNT(*) AS tp_count FROM `prop_reside_user` WHERE `uin` = 1468 AND `reside_type` = 1 AND `user_house_id` = 6 AND `project_id` = 36 AND `project_name` = '嘉福·尚江尊品一期' AND `building` = '1' AND `room_number` = '2402' LIMIT 1   [ RunTime:0.0010s ]

[ 2015-09-13T00:27:08+08:00 ] 127.0.0.1 /Prop/Index/d_register/
INFO: [ app_init ] --START--
INFO: Run Behavior\BuildLiteBehavior [ RunTime:0.000000s ]
INFO: [ app_init ] --END-- [ RunTime:0.000000s ]
INFO: [ app_begin ] --START--
INFO: Run Behavior\ReadHtmlCacheBehavior [ RunTime:0.000000s ]
INFO: [ app_begin ] --END-- [ RunTime:0.000000s ]
NOTIC: [2048] Non-static method Prop\Controller\Check::check() should not be called statically, assuming $this from incompatible context C:\Program Files\phpStudy\WWW_prop\Application\Prop\Controller\IndexController.class.php 第 7 行.
NOTIC: [8] Array to string conversion C:\Program Files\phpStudy\WWW_prop\Application\Common\Common\Bdata.class.php 第 79 行.
SQL: SHOW COLUMNS FROM `prop_reside_user` [ RunTime:0.0030s ]
SQL: SELECT COUNT(*) AS tp_count FROM `prop_reside_user` WHERE `uin` = 1468 AND `reside_type` = 1 AND `user_house_id` = 6 AND `project_id` = 36 AND `project_name` = '嘉福·尚江尊品一期' AND `building` = '1' AND `room_number` = '2402' LIMIT 1   [ RunTime:0.0000s ]

[ 2015-09-13T00:28:54+08:00 ] 127.0.0.1 /Prop/Index/d_register/
INFO: [ app_init ] --START--
INFO: Run Behavior\BuildLiteBehavior [ RunTime:0.000000s ]
INFO: [ app_init ] --END-- [ RunTime:0.000000s ]
INFO: [ app_begin ] --START--
INFO: Run Behavior\ReadHtmlCacheBehavior [ RunTime:0.001000s ]
INFO: [ app_begin ] --END-- [ RunTime:0.001000s ]
NOTIC: [2048] Non-static method Prop\Controller\Check::check() should not be called statically, assuming $this from incompatible context C:\Program Files\phpStudy\WWW_prop\Application\Prop\Controller\IndexController.class.php 第 7 行.
NOTIC: [8] Array to string conversion C:\Program Files\phpStudy\WWW_prop\Application\Common\Common\Bdata.class.php 第 79 行.
SQL: SHOW COLUMNS FROM `prop_reside_user` [ RunTime:0.0020s ]
SQL: SELECT COUNT(*) AS tp_count FROM `prop_reside_user` WHERE `uin` = 1468 AND `reside_type` = 1 AND `user_house_id` = 6 AND `project_id` = 36 AND `project_name` = '嘉福·尚江尊品一期' AND `building` = '1' AND `room_number` = '2402' LIMIT 1   [ RunTime:0.0010s ]

[ 2015-09-13T00:29:09+08:00 ] 127.0.0.1 /Prop/Index/d_register/
INFO: [ app_init ] --START--
INFO: Run Behavior\BuildLiteBehavior [ RunTime:0.000000s ]
INFO: [ app_init ] --END-- [ RunTime:0.000000s ]
INFO: [ app_begin ] --START--
INFO: Run Behavior\ReadHtmlCacheBehavior [ RunTime:0.001000s ]
INFO: [ app_begin ] --END-- [ RunTime:0.001000s ]
NOTIC: [2048] Non-static method Prop\Controller\Check::check() should not be called statically, assuming $this from incompatible context C:\Program Files\phpStudy\WWW_prop\Application\Prop\Controller\IndexController.class.php 第 7 行.
SQL: SHOW COLUMNS FROM `prop_reside_user` [ RunTime:0.0030s ]
SQL: SELECT COUNT(*) AS tp_count FROM `prop_reside_user` WHERE `uin` = 1468 AND `reside_type` = 1 AND `user_house_id` = 6 AND `project_id` = 36 AND `project_name` = '嘉福·尚江尊品一期' AND `building` = '1' AND `room_number` = '2402' LIMIT 1   [ RunTime:0.0010s ]

[ 2015-09-13T00:29:58+08:00 ] 127.0.0.1 /Prop/Index/d_register/
INFO: [ app_init ] --START--
INFO: Run Behavior\BuildLiteBehavior [ RunTime:0.000000s ]
INFO: [ app_init ] --END-- [ RunTime:0.000000s ]
INFO: [ app_begin ] --START--
INFO: Run Behavior\ReadHtmlCacheBehavior [ RunTime:0.001000s ]
INFO: [ app_begin ] --END-- [ RunTime:0.001000s ]
NOTIC: [2048] Non-static method Prop\Controller\Check::check() should not be called statically, assuming $this from incompatible context C:\Program Files\phpStudy\WWW_prop\Application\Prop\Controller\IndexController.class.php 第 7 行.
NOTIC: [8] Array to string conversion C:\Program Files\phpStudy\WWW_prop\Application\Common\Common\Bdata.class.php 第 79 行.
SQL: SHOW COLUMNS FROM `prop_reside_user` [ RunTime:0.0020s ]
SQL: SELECT COUNT(*) AS tp_count FROM `prop_reside_user` WHERE `uin` = 1468 AND `reside_type` = 1 AND `user_house_id` = 6 AND `project_id` = 36 AND `project_name` = '嘉福·尚江尊品一期' AND `building` = '1' AND `room_number` = '2402' LIMIT 1   [ RunTime:0.0000s ]

[ 2015-09-13T00:34:33+08:00 ] 127.0.0.1 /Prop/Index/d_register/
INFO: [ app_init ] --START--
INFO: Run Behavior\BuildLiteBehavior [ RunTime:0.000000s ]
INFO: [ app_init ] --END-- [ RunTime:0.001000s ]
INFO: [ app_begin ] --START--
INFO: Run Behavior\ReadHtmlCacheBehavior [ RunTime:0.001000s ]
INFO: [ app_begin ] --END-- [ RunTime:0.001000s ]
NOTIC: [2048] Non-static method Prop\Controller\Check::check() should not be called statically, assuming $this from incompatible context C:\Program Files\phpStudy\WWW_prop\Application\Prop\Controller\IndexController.class.php 第 7 行.

[ 2015-09-13T00:34:34+08:00 ] 127.0.0.1 /Prop/Login/Apilogin.html?backurl=http://prop.zzp.cn/Prop/Index/d_register/
INFO: [ app_init ] --START--
INFO: Run Behavior\BuildLiteBehavior [ RunTime:0.000000s ]
INFO: [ app_init ] --END-- [ RunTime:0.000000s ]
INFO: [ app_begin ] --START--
INFO: Run Behavior\ReadHtmlCacheBehavior [ RunTime:0.001000s ]
INFO: [ app_begin ] --END-- [ RunTime:0.001000s ]
INFO: [ view_parse ] --START--
INFO: [ template_filter ] --START--
INFO: Run Behavior\ContentReplaceBehavior [ RunTime:0.000000s ]
INFO: [ template_filter ] --END-- [ RunTime:0.000000s ]
NOTIC: [8] Undefined variable: webname C:\Program Files\phpStudy\WWW_prop\Application\Runtime\Cache\Prop\084c8eb641af5f2c7eb463ce8c0692de.php 第 10 行.
INFO: Run Behavior\ParseTemplateBehavior [ RunTime:0.007000s ]
INFO: [ view_parse ] --END-- [ RunTime:0.007000s ]
INFO: [ view_filter ] --START--
INFO: Run Behavior\WriteHtmlCacheBehavior [ RunTime:0.000000s ]
INFO: [ view_filter ] --END-- [ RunTime:0.000000s ]
INFO: [ app_end ] --START--
INFO: Run Behavior\ShowPageTraceBehavior [ RunTime:0.001000s ]
INFO: [ app_end ] --END-- [ RunTime:0.002000s ]

[ 2015-09-13T00:34:36+08:00 ] 127.0.0.1 /Prop/Index/d_register.html
INFO: [ app_init ] --START--
INFO: Run Behavior\BuildLiteBehavior [ RunTime:0.000000s ]
INFO: [ app_init ] --END-- [ RunTime:0.000000s ]
INFO: [ app_begin ] --START--
INFO: Run Behavior\ReadHtmlCacheBehavior [ RunTime:0.001000s ]
INFO: [ app_begin ] --END-- [ RunTime:0.001000s ]
NOTIC: [2048] Non-static method Prop\Controller\Check::check() should not be called statically, assuming $this from incompatible context C:\Program Files\phpStudy\WWW_prop\Application\Prop\Controller\IndexController.class.php 第 7 行.

[ 2015-09-13T00:34:37+08:00 ] 127.0.0.1 /Prop/Login/Apilogin.html?backurl=http://prop.zzp.cn/Prop/Index/d_register.html
INFO: [ app_init ] --START--
INFO: Run Behavior\BuildLiteBehavior [ RunTime:0.000000s ]
INFO: [ app_init ] --END-- [ RunTime:0.000000s ]
INFO: [ app_begin ] --START--
INFO: Run Behavior\ReadHtmlCacheBehavior [ RunTime:0.000000s ]
INFO: [ app_begin ] --END-- [ RunTime:0.000000s ]
INFO: [ view_parse ] --START--
INFO: [ template_filter ] --START--
INFO: Run Behavior\ContentReplaceBehavior [ RunTime:0.000000s ]
INFO: [ template_filter ] --END-- [ RunTime:0.000000s ]
NOTIC: [8] Undefined variable: webname C:\Program Files\phpStudy\WWW_prop\Application\Runtime\Cache\Prop\084c8eb641af5f2c7eb463ce8c0692de.php 第 10 行.
INFO: Run Behavior\ParseTemplateBehavior [ RunTime:0.007000s ]
INFO: [ view_parse ] --END-- [ RunTime:0.007000s ]
INFO: [ view_filter ] --START--
INFO: Run Behavior\WriteHtmlCacheBehavior [ RunTime:0.000000s ]
INFO: [ view_filter ] --END-- [ RunTime:0.001000s ]
INFO: [ app_end ] --START--
INFO: Run Behavior\ShowPageTraceBehavior [ RunTime:0.000000s ]
INFO: [ app_end ] --END-- [ RunTime:0.000000s ]

[ 2015-09-13T00:34:39+08:00 ] 127.0.0.1 /Prop/Login/Apilogin?token=def1BAMJAwUGAVNTAlFSDlYOD10CAlZcBgwLUVAHAAQCVAsFBA4LBg&backurl=http://prop.zzp.cn/Prop/Index/d_register.html
INFO: [ app_init ] --START--
INFO: Run Behavior\BuildLiteBehavior [ RunTime:0.000000s ]
INFO: [ app_init ] --END-- [ RunTime:0.000000s ]
INFO: [ app_begin ] --START--
INFO: Run Behavior\ReadHtmlCacheBehavior [ RunTime:0.000000s ]
INFO: [ app_begin ] --END-- [ RunTime:0.000000s ]
INFO: [ view_parse ] --START--
INFO: [ template_filter ] --START--
INFO: Run Behavior\ContentReplaceBehavior [ RunTime:0.000000s ]
INFO: [ template_filter ] --END-- [ RunTime:0.000000s ]
NOTIC: [8] Undefined variable: webname C:\Program Files\phpStudy\WWW_prop\Application\Runtime\Cache\Prop\084c8eb641af5f2c7eb463ce8c0692de.php 第 10 行.
INFO: Run Behavior\ParseTemplateBehavior [ RunTime:0.006000s ]
INFO: [ view_parse ] --END-- [ RunTime:0.006000s ]
INFO: [ view_filter ] --START--
INFO: Run Behavior\WriteHtmlCacheBehavior [ RunTime:0.000000s ]
INFO: [ view_filter ] --END-- [ RunTime:0.000000s ]
INFO: [ app_end ] --START--
INFO: Run Behavior\ShowPageTraceBehavior [ RunTime:0.001000s ]
INFO: [ app_end ] --END-- [ RunTime:0.001000s ]

[ 2015-09-13T00:34:41+08:00 ] 127.0.0.1 /Prop/Index/d_register.html
INFO: [ app_init ] --START--
INFO: Run Behavior\BuildLiteBehavior [ RunTime:0.000000s ]
INFO: [ app_init ] --END-- [ RunTime:0.000000s ]
INFO: [ app_begin ] --START--
INFO: Run Behavior\ReadHtmlCacheBehavior [ RunTime:0.000000s ]
INFO: [ app_begin ] --END-- [ RunTime:0.000000s ]
NOTIC: [2048] Non-static method Prop\Controller\Check::check() should not be called statically, assuming $this from incompatible context C:\Program Files\phpStudy\WWW_prop\Application\Prop\Controller\IndexController.class.php 第 7 行.
SQL: SHOW COLUMNS FROM `prop_project_manager` [ RunTime:0.0020s ]
SQL: SELECT `project_id` FROM `prop_project_manager` WHERE ( uin=1468 )  [ RunTime:0.0000s ]
NOTIC: [2048] Non-static method Prop\Controller\Check::get_house() should not be called statically, assuming $this from incompatible context C:\Program Files\phpStudy\WWW_prop\Application\Prop\Controller\IndexController.class.php 第 150 行.
NOTIC: [2048] Non-static method Prop\Controller\Check::get_project_id() should not be called statically, assuming $this from incompatible context C:\Program Files\phpStudy\WWW_prop\Application\Prop\Controller\IndexController.class.php 第 150 行.
NOTIC: [2048] Non-static method Prop\Controller\Check::get_house() should not be called statically, assuming $this from incompatible context C:\Program Files\phpStudy\WWW_prop\Application\Prop\Controller\Check.class.php 第 84 行.
SQL: SHOW COLUMNS FROM `prop_reside_user` [ RunTime:0.0030s ]
SQL: SELECT * FROM `prop_reside_user` WHERE `uin` = 1468 AND `project_id` = 0  [ RunTime:0.0000s ]
SQL: SELECT * FROM `prop_reside_user` WHERE `uin` = 1468 AND `project_id` = 36  [ RunTime:0.0000s ]
INFO: [ view_parse ] --START--
INFO: [ template_filter ] --START--
INFO: Run Behavior\ContentReplaceBehavior [ RunTime:0.000000s ]
INFO: [ template_filter ] --END-- [ RunTime:0.000000s ]
INFO: Run Behavior\ParseTemplateBehavior [ RunTime:0.007000s ]
INFO: [ view_parse ] --END-- [ RunTime:0.007000s ]
INFO: [ view_filter ] --START--
INFO: Run Behavior\WriteHtmlCacheBehavior [ RunTime:0.001000s ]
INFO: [ view_filter ] --END-- [ RunTime:0.001000s ]
INFO: [ app_end ] --START--
INFO: Run Behavior\ShowPageTraceBehavior [ RunTime:0.000000s ]
INFO: [ app_end ] --END-- [ RunTime:0.001000s ]

[ 2015-09-13T00:34:52+08:00 ] 127.0.0.1 /Prop/Index/d_register/
INFO: [ app_init ] --START--
INFO: Run Behavior\BuildLiteBehavior [ RunTime:0.001000s ]
INFO: [ app_init ] --END-- [ RunTime:0.001000s ]
INFO: [ app_begin ] --START--
INFO: Run Behavior\ReadHtmlCacheBehavior [ RunTime:0.001000s ]
INFO: [ app_begin ] --END-- [ RunTime:0.001000s ]
NOTIC: [2048] Non-static method Prop\Controller\Check::check() should not be called statically, assuming $this from incompatible context C:\Program Files\phpStudy\WWW_prop\Application\Prop\Controller\IndexController.class.php 第 7 行.
NOTIC: [8] Array to string conversion C:\Program Files\phpStudy\WWW_prop\Application\Common\Common\Bdata.class.php 第 79 行.
SQL: SHOW COLUMNS FROM `prop_reside_user` [ RunTime:0.0020s ]
SQL: SELECT COUNT(*) AS tp_count FROM `prop_reside_user` WHERE `uin` = 1468 AND `reside_type` = 1 AND `user_house_id` = 6 AND `project_id` = 36 AND `project_name` = '嘉福·尚江尊品一期' AND `building` = '1' AND `room_number` = '2402' LIMIT 1   [ RunTime:0.0000s ]

[ 2015-09-13T00:35:48+08:00 ] 127.0.0.1 /Prop/Index/d_register/
INFO: [ app_init ] --START--
INFO: Run Behavior\BuildLiteBehavior [ RunTime:0.000000s ]
INFO: [ app_init ] --END-- [ RunTime:0.000000s ]
INFO: [ app_begin ] --START--
INFO: Run Behavior\ReadHtmlCacheBehavior [ RunTime:0.001000s ]
INFO: [ app_begin ] --END-- [ RunTime:0.001000s ]
NOTIC: [2048] Non-static method Prop\Controller\Check::check() should not be called statically, assuming $this from incompatible context C:\Program Files\phpStudy\WWW_prop\Application\Prop\Controller\IndexController.class.php 第 7 行.
NOTIC: [8] Array to string conversion C:\Program Files\phpStudy\WWW_prop\Application\Common\Common\Bdata.class.php 第 79 行.
SQL: SHOW COLUMNS FROM `prop_reside_user` [ RunTime:0.0020s ]
SQL: SELECT COUNT(*) AS tp_count FROM `prop_reside_user` WHERE `uin` = 1468 AND `reside_type` = 1 AND `user_house_id` = 6 AND `project_id` = 36 AND `project_name` = '嘉福·尚江尊品一期' AND `building` = '1' AND `room_number` = '2402' LIMIT 1   [ RunTime:0.0000s ]

[ 2015-09-13T00:36:19+08:00 ] 127.0.0.1 /Prop/Index/d_register/
INFO: [ app_init ] --START--
INFO: Run Behavior\BuildLiteBehavior [ RunTime:0.000000s ]
INFO: [ app_init ] --END-- [ RunTime:0.000000s ]
INFO: [ app_begin ] --START--
INFO: Run Behavior\ReadHtmlCacheBehavior [ RunTime:0.001000s ]
INFO: [ app_begin ] --END-- [ RunTime:0.001000s ]
NOTIC: [2048] Non-static method Prop\Controller\Check::check() should not be called statically, assuming $this from incompatible context C:\Program Files\phpStudy\WWW_prop\Application\Prop\Controller\IndexController.class.php 第 7 行.

[ 2015-09-13T00:37:45+08:00 ] 127.0.0.1 /Prop/Index/d_register/
INFO: [ app_init ] --START--
INFO: Run Behavior\BuildLiteBehavior [ RunTime:0.000000s ]
INFO: [ app_init ] --END-- [ RunTime:0.000000s ]
INFO: [ app_begin ] --START--
INFO: Run Behavior\ReadHtmlCacheBehavior [ RunTime:0.001000s ]
INFO: [ app_begin ] --END-- [ RunTime:0.001000s ]
NOTIC: [2048] Non-static method Prop\Controller\Check::check() should not be called statically, assuming $this from incompatible context C:\Program Files\phpStudy\WWW_prop\Application\Prop\Controller\IndexController.class.php 第 7 行.

[ 2015-09-13T00:38:12+08:00 ] 127.0.0.1 /Prop/Index/d_register.html
INFO: [ app_init ] --START--
INFO: Run Behavior\BuildLiteBehavior [ RunTime:0.000000s ]
INFO: [ app_init ] --END-- [ RunTime:0.000000s ]
INFO: [ app_begin ] --START--
INFO: Run Behavior\ReadHtmlCacheBehavior [ RunTime:0.001000s ]
INFO: [ app_begin ] --END-- [ RunTime:0.001000s ]
NOTIC: [2048] Non-static method Prop\Controller\Check::check() should not be called statically, assuming $this from incompatible context C:\Program Files\phpStudy\WWW_prop\Application\Prop\Controller\IndexController.class.php 第 7 行.
NOTIC: [2048] Non-static method Prop\Controller\Check::get_house() should not be called statically, assuming $this from incompatible context C:\Program Files\phpStudy\WWW_prop\Application\Prop\Controller\IndexController.class.php 第 147 行.
NOTIC: [2048] Non-static method Prop\Controller\Check::get_project_id() should not be called statically, assuming $this from incompatible context C:\Program Files\phpStudy\WWW_prop\Application\Prop\Controller\IndexController.class.php 第 147 行.
SQL: SHOW COLUMNS FROM `prop_reside_user` [ RunTime:0.0020s ]
SQL: SELECT * FROM `prop_reside_user` WHERE `uin` = 1468 AND `project_id` = 36  [ RunTime:0.0000s ]
INFO: [ view_parse ] --START--
INFO: [ template_filter ] --START--
INFO: Run Behavior\ContentReplaceBehavior [ RunTime:0.001000s ]
INFO: [ template_filter ] --END-- [ RunTime:0.001000s ]
INFO: Run Behavior\ParseTemplateBehavior [ RunTime:0.009001s ]
INFO: [ view_parse ] --END-- [ RunTime:0.009001s ]
INFO: [ view_filter ] --START--
INFO: Run Behavior\WriteHtmlCacheBehavior [ RunTime:0.000000s ]
INFO: [ view_filter ] --END-- [ RunTime:0.000000s ]
INFO: [ app_end ] --START--
INFO: Run Behavior\ShowPageTraceBehavior [ RunTime:0.001000s ]
INFO: [ app_end ] --END-- [ RunTime:0.001000s ]

[ 2015-09-13T00:38:15+08:00 ] 127.0.0.1 /Prop/Index/d_register/
INFO: [ app_init ] --START--
INFO: Run Behavior\BuildLiteBehavior [ RunTime:0.000000s ]
INFO: [ app_init ] --END-- [ RunTime:0.000000s ]
INFO: [ app_begin ] --START--
INFO: Run Behavior\ReadHtmlCacheBehavior [ RunTime:0.001000s ]
INFO: [ app_begin ] --END-- [ RunTime:0.001000s ]
NOTIC: [2048] Non-static method Prop\Controller\Check::check() should not be called statically, assuming $this from incompatible context C:\Program Files\phpStudy\WWW_prop\Application\Prop\Controller\IndexController.class.php 第 7 行.

[ 2015-09-13T00:40:29+08:00 ] 127.0.0.1 /Prop/Index/d_register.html
INFO: [ app_init ] --START--
INFO: Run Behavior\BuildLiteBehavior [ RunTime:0.000000s ]
INFO: [ app_init ] --END-- [ RunTime:0.001001s ]
INFO: [ app_begin ] --START--
INFO: Run Behavior\ReadHtmlCacheBehavior [ RunTime:0.001000s ]
INFO: [ app_begin ] --END-- [ RunTime:0.001000s ]
NOTIC: [2048] Non-static method Prop\Controller\Check::check() should not be called statically, assuming $this from incompatible context C:\Program Files\phpStudy\WWW_prop\Application\Prop\Controller\IndexController.class.php 第 7 行.
NOTIC: [2048] Non-static method Prop\Controller\Check::get_house() should not be called statically, assuming $this from incompatible context C:\Program Files\phpStudy\WWW_prop\Application\Prop\Controller\IndexController.class.php 第 147 行.
NOTIC: [2048] Non-static method Prop\Controller\Check::get_project_id() should not be called statically, assuming $this from incompatible context C:\Program Files\phpStudy\WWW_prop\Application\Prop\Controller\IndexController.class.php 第 147 行.
SQL: SHOW COLUMNS FROM `prop_reside_user` [ RunTime:0.0020s ]
SQL: SELECT * FROM `prop_reside_user` WHERE `uin` = 1468 AND `project_id` = 36  [ RunTime:0.0010s ]
INFO: [ view_parse ] --START--
INFO: [ template_filter ] --START--
INFO: Run Behavior\ContentReplaceBehavior [ RunTime:0.000000s ]
INFO: [ template_filter ] --END-- [ RunTime:0.000000s ]
INFO: Run Behavior\ParseTemplateBehavior [ RunTime:0.013001s ]
INFO: [ view_parse ] --END-- [ RunTime:0.013001s ]
INFO: [ view_filter ] --START--
INFO: Run Behavior\WriteHtmlCacheBehavior [ RunTime:0.001000s ]
INFO: [ view_filter ] --END-- [ RunTime:0.001000s ]
INFO: [ app_end ] --START--
INFO: Run Behavior\ShowPageTraceBehavior [ RunTime:0.001000s ]
INFO: [ app_end ] --END-- [ RunTime:0.001000s ]

[ 2015-09-13T00:42:18+08:00 ] 127.0.0.1 /Prop/Index/d_register.html
INFO: [ app_init ] --START--
INFO: Run Behavior\BuildLiteBehavior [ RunTime:0.000000s ]
INFO: [ app_init ] --END-- [ RunTime:0.000000s ]
INFO: [ app_begin ] --START--
INFO: Run Behavior\ReadHtmlCacheBehavior [ RunTime:0.002000s ]
INFO: [ app_begin ] --END-- [ RunTime:0.002000s ]
NOTIC: [2048] Non-static method Prop\Controller\Check::check() should not be called statically, assuming $this from incompatible context C:\Program Files\phpStudy\WWW_prop\Application\Prop\Controller\IndexController.class.php 第 7 行.
NOTIC: [2048] Non-static method Prop\Controller\Check::get_house() should not be called statically, assuming $this from incompatible context C:\Program Files\phpStudy\WWW_prop\Application\Prop\Controller\IndexController.class.php 第 147 行.
NOTIC: [2048] Non-static method Prop\Controller\Check::get_project_id() should not be called statically, assuming $this from incompatible context C:\Program Files\phpStudy\WWW_prop\Application\Prop\Controller\IndexController.class.php 第 147 行.
SQL: SHOW COLUMNS FROM `prop_reside_user` [ RunTime:0.0030s ]
SQL: SELECT * FROM `prop_reside_user` WHERE `uin` = 1468 AND `project_id` = 36  [ RunTime:0.0010s ]
INFO: [ view_parse ] --START--
INFO: [ template_filter ] --START--
INFO: Run Behavior\ContentReplaceBehavior [ RunTime:0.000000s ]
INFO: [ template_filter ] --END-- [ RunTime:0.000000s ]
INFO: Run Behavior\ParseTemplateBehavior [ RunTime:0.008000s ]
INFO: [ view_parse ] --END-- [ RunTime:0.008000s ]
INFO: [ view_filter ] --START--
INFO: Run Behavior\WriteHtmlCacheBehavior [ RunTime:0.000000s ]
INFO: [ view_filter ] --END-- [ RunTime:0.000000s ]
INFO: [ app_end ] --START--
INFO: Run Behavior\ShowPageTraceBehavior [ RunTime:0.001000s ]
INFO: [ app_end ] --END-- [ RunTime:0.001000s ]

[ 2015-09-13T00:42:25+08:00 ] 127.0.0.1 /
INFO: [ app_init ] --START--
INFO: Run Behavior\BuildLiteBehavior [ RunTime:0.000000s ]
INFO: [ app_init ] --END-- [ RunTime:0.001000s ]
INFO: [ app_begin ] --START--
INFO: Run Behavior\ReadHtmlCacheBehavior [ RunTime:0.000000s ]
INFO: [ app_begin ] --END-- [ RunTime:0.001000s ]
NOTIC: [2048] Non-static method Prop\Controller\Check::check() should not be called statically, assuming $this from incompatible context C:\Program Files\phpStudy\WWW_prop\Application\Prop\Controller\IndexController.class.php 第 7 行.
NOTIC: [2048] Non-static method Prop\Controller\Check::get_project_id() should not be called statically, assuming $this from incompatible context C:\Program Files\phpStudy\WWW_prop\Application\Prop\Controller\IndexController.class.php 第 23 行.
SQL: SHOW COLUMNS FROM `prop_project` [ RunTime:0.0030s ]
SQL: SELECT * FROM `prop_project` WHERE ( h_id=36 ) LIMIT 1   [ RunTime:0.0010s ]
NOTIC: [2048] Non-static method Prop\Controller\Check::get_new_remind() should not be called statically, assuming $this from incompatible context C:\Program Files\phpStudy\WWW_prop\Application\Prop\Controller\IndexController.class.php 第 28 行.
SQL: SHOW COLUMNS FROM `prop_user` [ RunTime:0.0030s ]
SQL: SELECT `new_remind` FROM `prop_user` WHERE `uin` = 1468 LIMIT 1   [ RunTime:0.0010s ]
SQL: SHOW COLUMNS FROM `prop_notice` [ RunTime:0.0020s ]
SQL: SELECT MAX(add_time) AS tp_max FROM `prop_notice` WHERE `project_id` = 36 LIMIT 1   [ RunTime:0.0010s ]
SQL: SHOW COLUMNS FROM `prop_server` [ RunTime:0.0020s ]
SQL: SELECT MAX(add_time) AS tp_max FROM `prop_server` WHERE `project_id` = 36 LIMIT 1   [ RunTime:0.0000s ]
SQL: SELECT MAX(add_time) AS tp_max FROM `prop_server` WHERE `project_id` = 36 LIMIT 1   [ RunTime:0.0000s ]
SQL: SELECT MAX(add_time) AS tp_max FROM `prop_server` WHERE `project_id` = 36 LIMIT 1   [ RunTime:0.0000s ]
SQL: SHOW COLUMNS FROM `prop_bill` [ RunTime:0.0020s ]
SQL: SELECT MAX(add_time) AS tp_max FROM `prop_bill` WHERE `project_id` = 36 LIMIT 1   [ RunTime:0.0000s ]
NOTIC: [2048] Non-static method Prop\Controller\Check::get_project() should not be called statically, assuming $this from incompatible context C:\Program Files\phpStudy\WWW_prop\Application\Prop\Controller\IndexController.class.php 第 41 行.
SQL: SELECT `project` FROM `prop_project` WHERE ( h_id=36 ) LIMIT 1   [ RunTime:0.0000s ]
NOTIC: [8] Use of undefined constant Y - assumed 'Y' C:\Program Files\phpStudy\WWW_prop\Application\Prop\Controller\IndexController.class.php 第 47 行.
NOTIC: [8] Use of undefined constant m - assumed 'm' C:\Program Files\phpStudy\WWW_prop\Application\Prop\Controller\IndexController.class.php 第 47 行.
NOTIC: [8] Use of undefined constant d - assumed 'd' C:\Program Files\phpStudy\WWW_prop\Application\Prop\Controller\IndexController.class.php 第 47 行.
INFO: [ view_parse ] --START--
INFO: [ template_filter ] --START--
INFO: Run Behavior\ContentReplaceBehavior [ RunTime:0.000000s ]
INFO: [ template_filter ] --END-- [ RunTime:0.000000s ]
NOTIC: [8] Undefined index: have_new C:\Program Files\phpStudy\WWW_prop\Application\Runtime\Cache\Prop\7e3d7cfcc9ab9ae4a723f02ca8a8a847.php 第 57 行.
INFO: Run Behavior\ParseTemplateBehavior [ RunTime:0.008001s ]
INFO: [ view_parse ] --END-- [ RunTime:0.009001s ]
INFO: [ view_filter ] --START--
INFO: Run Behavior\WriteHtmlCacheBehavior [ RunTime:0.001000s ]
INFO: [ view_filter ] --END-- [ RunTime:0.001000s ]
INFO: [ app_end ] --START--
INFO: Run Behavior\ShowPageTraceBehavior [ RunTime:0.000000s ]
INFO: [ app_end ] --END-- [ RunTime:0.000000s ]

[ 2015-09-13T00:42:45+08:00 ] 127.0.0.1 /Prop/Neighbor/index.html
INFO: [ app_init ] --START--
INFO: Run Behavior\BuildLiteBehavior [ RunTime:0.000000s ]
INFO: [ app_init ] --END-- [ RunTime:0.000000s ]
INFO: [ app_begin ] --START--
INFO: Run Behavior\ReadHtmlCacheBehavior [ RunTime:0.000000s ]
INFO: [ app_begin ] --END-- [ RunTime:0.000000s ]
NOTIC: [2048] Non-static method Prop\Controller\Check::check() should not be called statically, assuming $this from incompatible context C:\Program Files\phpStudy\WWW_prop\Application\Prop\Controller\NeighborController.class.php 第 8 行.
INFO: [ view_parse ] --START--
INFO: [ template_filter ] --START--
INFO: Run Behavior\ContentReplaceBehavior [ RunTime:0.000000s ]
INFO: [ template_filter ] --END-- [ RunTime:0.000000s ]
INFO: Run Behavior\ParseTemplateBehavior [ RunTime:0.006000s ]
INFO: [ view_parse ] --END-- [ RunTime:0.006000s ]
INFO: [ view_filter ] --START--
INFO: Run Behavior\WriteHtmlCacheBehavior [ RunTime:0.001000s ]
INFO: [ view_filter ] --END-- [ RunTime:0.001000s ]
INFO: [ app_end ] --START--
INFO: Run Behavior\ShowPageTraceBehavior [ RunTime:0.000000s ]
INFO: [ app_end ] --END-- [ RunTime:0.000000s ]

[ 2015-09-13T00:43:52+08:00 ] 127.0.0.1 /Prop/Neighbor/index.html
INFO: [ app_init ] --START--
INFO: Run Behavior\BuildLiteBehavior [ RunTime:0.000000s ]
INFO: [ app_init ] --END-- [ RunTime:0.000000s ]
INFO: [ app_begin ] --START--
INFO: Run Behavior\ReadHtmlCacheBehavior [ RunTime:0.001000s ]
INFO: [ app_begin ] --END-- [ RunTime:0.001000s ]
NOTIC: [2048] Non-static method Prop\Controller\Check::check() should not be called statically, assuming $this from incompatible context C:\Program Files\phpStudy\WWW_prop\Application\Prop\Controller\NeighborController.class.php 第 8 行.
INFO: [ view_parse ] --START--
INFO: [ template_filter ] --START--
INFO: Run Behavior\ContentReplaceBehavior [ RunTime:0.000000s ]
INFO: [ template_filter ] --END-- [ RunTime:0.000000s ]
INFO: Run Behavior\ParseTemplateBehavior [ RunTime:0.006000s ]
INFO: [ view_parse ] --END-- [ RunTime:0.006000s ]
INFO: [ view_filter ] --START--
INFO: Run Behavior\WriteHtmlCacheBehavior [ RunTime:0.000000s ]
INFO: [ view_filter ] --END-- [ RunTime:0.000000s ]
INFO: [ app_end ] --START--
INFO: Run Behavior\ShowPageTraceBehavior [ RunTime:0.000000s ]
INFO: [ app_end ] --END-- [ RunTime:0.001000s ]

[ 2015-09-13T00:44:25+08:00 ] 127.0.0.1 /Prop/Neighbor/index.html
INFO: [ app_init ] --START--
INFO: Run Behavior\BuildLiteBehavior [ RunTime:0.000000s ]
INFO: [ app_init ] --END-- [ RunTime:0.000000s ]
INFO: [ app_begin ] --START--
INFO: Run Behavior\ReadHtmlCacheBehavior [ RunTime:0.001000s ]
INFO: [ app_begin ] --END-- [ RunTime:0.001000s ]
NOTIC: [2048] Non-static method Prop\Controller\Check::check() should not be called statically, assuming $this from incompatible context C:\Program Files\phpStudy\WWW_prop\Application\Prop\Controller\NeighborController.class.php 第 8 行.
INFO: [ view_parse ] --START--
INFO: [ template_filter ] --START--
INFO: Run Behavior\ContentReplaceBehavior [ RunTime:0.000000s ]
INFO: [ template_filter ] --END-- [ RunTime:0.000000s ]
INFO: Run Behavior\ParseTemplateBehavior [ RunTime:0.007001s ]
INFO: [ view_parse ] --END-- [ RunTime:0.007001s ]
INFO: [ view_filter ] --START--
INFO: Run Behavior\WriteHtmlCacheBehavior [ RunTime:0.001000s ]
INFO: [ view_filter ] --END-- [ RunTime:0.001000s ]
INFO: [ app_end ] --START--
INFO: Run Behavior\ShowPageTraceBehavior [ RunTime:0.000000s ]
INFO: [ app_end ] --END-- [ RunTime:0.000000s ]

[ 2015-09-13T00:44:33+08:00 ] 127.0.0.1 /Prop/Neighbor/index.html
INFO: [ app_init ] --START--
INFO: Run Behavior\BuildLiteBehavior [ RunTime:0.000000s ]
INFO: [ app_init ] --END-- [ RunTime:0.001000s ]
INFO: [ app_begin ] --START--
INFO: Run Behavior\ReadHtmlCacheBehavior [ RunTime:0.001001s ]
INFO: [ app_begin ] --END-- [ RunTime:0.001001s ]
NOTIC: [2048] Non-static method Prop\Controller\Check::check() should not be called statically, assuming $this from incompatible context C:\Program Files\phpStudy\WWW_prop\Application\Prop\Controller\NeighborController.class.php 第 8 行.
INFO: [ view_parse ] --START--
INFO: [ template_filter ] --START--
INFO: Run Behavior\ContentReplaceBehavior [ RunTime:0.000000s ]
INFO: [ template_filter ] --END-- [ RunTime:0.000000s ]
INFO: Run Behavior\ParseTemplateBehavior [ RunTime:0.006000s ]
INFO: [ view_parse ] --END-- [ RunTime:0.006000s ]
INFO: [ view_filter ] --START--
INFO: Run Behavior\WriteHtmlCacheBehavior [ RunTime:0.001000s ]
INFO: [ view_filter ] --END-- [ RunTime:0.001000s ]
INFO: [ app_end ] --START--
INFO: Run Behavior\ShowPageTraceBehavior [ RunTime:0.000000s ]
INFO: [ app_end ] --END-- [ RunTime:0.000000s ]

[ 2015-09-13T00:44:46+08:00 ] 127.0.0.1 /Prop/Neighbor/index.html
INFO: [ app_init ] --START--
INFO: Run Behavior\BuildLiteBehavior [ RunTime:0.000000s ]
INFO: [ app_init ] --END-- [ RunTime:0.000000s ]
INFO: [ app_begin ] --START--
INFO: Run Behavior\ReadHtmlCacheBehavior [ RunTime:0.001001s ]
INFO: [ app_begin ] --END-- [ RunTime:0.001001s ]
NOTIC: [2048] Non-static method Prop\Controller\Check::check() should not be called statically, assuming $this from incompatible context C:\Program Files\phpStudy\WWW_prop\Application\Prop\Controller\NeighborController.class.php 第 8 行.
INFO: [ view_parse ] --START--
INFO: [ template_filter ] --START--
INFO: Run Behavior\ContentReplaceBehavior [ RunTime:0.000000s ]
INFO: [ template_filter ] --END-- [ RunTime:0.000000s ]
INFO: Run Behavior\ParseTemplateBehavior [ RunTime:0.009001s ]
INFO: [ view_parse ] --END-- [ RunTime:0.009001s ]
INFO: [ view_filter ] --START--
INFO: Run Behavior\WriteHtmlCacheBehavior [ RunTime:0.000000s ]
INFO: [ view_filter ] --END-- [ RunTime:0.000000s ]
INFO: [ app_end ] --START--
INFO: Run Behavior\ShowPageTraceBehavior [ RunTime:0.001000s ]
INFO: [ app_end ] --END-- [ RunTime:0.001000s ]

[ 2015-09-13T00:45:21+08:00 ] 127.0.0.1 /Prop/Neighbor/index.html
INFO: [ app_init ] --START--
INFO: Run Behavior\BuildLiteBehavior [ RunTime:0.000000s ]
INFO: [ app_init ] --END-- [ RunTime:0.000000s ]
INFO: [ app_begin ] --START--
INFO: Run Behavior\ReadHtmlCacheBehavior [ RunTime:0.001000s ]
INFO: [ app_begin ] --END-- [ RunTime:0.001000s ]
NOTIC: [2048] Non-static method Prop\Controller\Check::check() should not be called statically, assuming $this from incompatible context C:\Program Files\phpStudy\WWW_prop\Application\Prop\Controller\NeighborController.class.php 第 8 行.
INFO: [ view_parse ] --START--
INFO: [ template_filter ] --START--
INFO: Run Behavior\ContentReplaceBehavior [ RunTime:0.000000s ]
INFO: [ template_filter ] --END-- [ RunTime:0.000000s ]
INFO: Run Behavior\ParseTemplateBehavior [ RunTime:0.008001s ]
INFO: [ view_parse ] --END-- [ RunTime:0.008001s ]
INFO: [ view_filter ] --START--
INFO: Run Behavior\WriteHtmlCacheBehavior [ RunTime:0.000000s ]
INFO: [ view_filter ] --END-- [ RunTime:0.000000s ]
INFO: [ app_end ] --START--
INFO: Run Behavior\ShowPageTraceBehavior [ RunTime:0.001000s ]
INFO: [ app_end ] --END-- [ RunTime:0.001000s ]

[ 2015-09-13T02:02:06+08:00 ] 127.0.0.1 /
INFO: [ app_init ] --START--
INFO: Run Behavior\BuildLiteBehavior [ RunTime:0.000000s ]
INFO: [ app_init ] --END-- [ RunTime:0.000000s ]
INFO: [ app_begin ] --START--
INFO: Run Behavior\ReadHtmlCacheBehavior [ RunTime:0.001000s ]
INFO: [ app_begin ] --END-- [ RunTime:0.001000s ]
NOTIC: [2048] Non-static method Prop\Controller\Check::check() should not be called statically, assuming $this from incompatible context C:\Program Files\phpStudy\WWW_prop\Application\Prop\Controller\IndexController.class.php 第 7 行.

[ 2015-09-13T02:02:07+08:00 ] 127.0.0.1 /Prop/Login/Apilogin.html?backurl=http://prop.zzp.cn/
INFO: [ app_init ] --START--
INFO: Run Behavior\BuildLiteBehavior [ RunTime:0.000000s ]
INFO: [ app_init ] --END-- [ RunTime:0.000000s ]
INFO: [ app_begin ] --START--
INFO: Run Behavior\ReadHtmlCacheBehavior [ RunTime:0.001000s ]
INFO: [ app_begin ] --END-- [ RunTime:0.001000s ]
INFO: [ view_parse ] --START--
INFO: [ template_filter ] --START--
INFO: Run Behavior\ContentReplaceBehavior [ RunTime:0.000000s ]
INFO: [ template_filter ] --END-- [ RunTime:0.000000s ]
NOTIC: [8] Undefined variable: webname C:\Program Files\phpStudy\WWW_prop\Application\Runtime\Cache\Prop\084c8eb641af5f2c7eb463ce8c0692de.php 第 10 行.
INFO: Run Behavior\ParseTemplateBehavior [ RunTime:0.005001s ]
INFO: [ view_parse ] --END-- [ RunTime:0.005001s ]
INFO: [ view_filter ] --START--
INFO: Run Behavior\WriteHtmlCacheBehavior [ RunTime:0.000000s ]
INFO: [ view_filter ] --END-- [ RunTime:0.000000s ]
INFO: [ app_end ] --START--
INFO: Run Behavior\ShowPageTraceBehavior [ RunTime:0.000000s ]
INFO: [ app_end ] --END-- [ RunTime:0.000000s ]

[ 2015-09-13T02:02:09+08:00 ] 127.0.0.1 /Prop/Login/Apilogin?token=def1BAMJAwUGAVNTAlFSDlYOD10CAlZcBgwLUVAHAAQCVAsFBA4LBg&backurl=http://prop.zzp.cn/
INFO: [ app_init ] --START--
INFO: Run Behavior\BuildLiteBehavior [ RunTime:0.000000s ]
INFO: [ app_init ] --END-- [ RunTime:0.000000s ]
INFO: [ app_begin ] --START--
INFO: Run Behavior\ReadHtmlCacheBehavior [ RunTime:0.001000s ]
INFO: [ app_begin ] --END-- [ RunTime:0.001000s ]
INFO: [ view_parse ] --START--
INFO: [ template_filter ] --START--
INFO: Run Behavior\ContentReplaceBehavior [ RunTime:0.000000s ]
INFO: [ template_filter ] --END-- [ RunTime:0.000000s ]
NOTIC: [8] Undefined variable: webname C:\Program Files\phpStudy\WWW_prop\Application\Runtime\Cache\Prop\084c8eb641af5f2c7eb463ce8c0692de.php 第 10 行.
INFO: Run Behavior\ParseTemplateBehavior [ RunTime:0.005000s ]
INFO: [ view_parse ] --END-- [ RunTime:0.005000s ]
INFO: [ view_filter ] --START--
INFO: Run Behavior\WriteHtmlCacheBehavior [ RunTime:0.000000s ]
INFO: [ view_filter ] --END-- [ RunTime:0.000000s ]
INFO: [ app_end ] --START--
INFO: Run Behavior\ShowPageTraceBehavior [ RunTime:0.000000s ]
INFO: [ app_end ] --END-- [ RunTime:0.001001s ]

[ 2015-09-13T02:02:11+08:00 ] 127.0.0.1 /
INFO: [ app_init ] --START--
INFO: Run Behavior\BuildLiteBehavior [ RunTime:0.000000s ]
INFO: [ app_init ] --END-- [ RunTime:0.000000s ]
INFO: [ app_begin ] --START--
INFO: Run Behavior\ReadHtmlCacheBehavior [ RunTime:0.000000s ]
INFO: [ app_begin ] --END-- [ RunTime:0.000000s ]
NOTIC: [2048] Non-static method Prop\Controller\Check::check() should not be called statically, assuming $this from incompatible context C:\Program Files\phpStudy\WWW_prop\Application\Prop\Controller\IndexController.class.php 第 7 行.
SQL: SHOW COLUMNS FROM `prop_project_manager` [ RunTime:0.0020s ]
SQL: SELECT `project_id` FROM `prop_project_manager` WHERE ( uin=1468 )  [ RunTime:0.0000s ]
NOTIC: [2048] Non-static method Prop\Controller\Check::get_project_id() should not be called statically, assuming $this from incompatible context C:\Program Files\phpStudy\WWW_prop\Application\Prop\Controller\IndexController.class.php 第 23 行.
NOTIC: [2048] Non-static method Prop\Controller\Check::get_house() should not be called statically, assuming $this from incompatible context C:\Program Files\phpStudy\WWW_prop\Application\Prop\Controller\Check.class.php 第 84 行.
SQL: SHOW COLUMNS FROM `prop_reside_user` [ RunTime:0.0030s ]
SQL: SELECT * FROM `prop_reside_user` WHERE `uin` = 1468 AND `project_id` = 0  [ RunTime:0.0000s ]
SQL: SHOW COLUMNS FROM `prop_project` [ RunTime:0.0030s ]
SQL: SELECT * FROM `prop_project` WHERE ( h_id=36 ) LIMIT 1   [ RunTime:0.0000s ]
NOTIC: [2048] Non-static method Prop\Controller\Check::get_new_remind() should not be called statically, assuming $this from incompatible context C:\Program Files\phpStudy\WWW_prop\Application\Prop\Controller\IndexController.class.php 第 28 行.
SQL: SHOW COLUMNS FROM `prop_user` [ RunTime:0.0020s ]
SQL: SELECT `new_remind` FROM `prop_user` WHERE `uin` = 1468 LIMIT 1   [ RunTime:0.0000s ]
NOTIC: [2048] Non-static method Prop\Controller\Check::get_project() should not be called statically, assuming $this from incompatible context C:\Program Files\phpStudy\WWW_prop\Application\Prop\Controller\IndexController.class.php 第 41 行.
SQL: SELECT `project` FROM `prop_project` WHERE ( h_id=36 ) LIMIT 1   [ RunTime:0.0000s ]
NOTIC: [8] Use of undefined constant Y - assumed 'Y' C:\Program Files\phpStudy\WWW_prop\Application\Prop\Controller\IndexController.class.php 第 47 行.
NOTIC: [8] Use of undefined constant m - assumed 'm' C:\Program Files\phpStudy\WWW_prop\Application\Prop\Controller\IndexController.class.php 第 47 行.
NOTIC: [8] Use of undefined constant d - assumed 'd' C:\Program Files\phpStudy\WWW_prop\Application\Prop\Controller\IndexController.class.php 第 47 行.
INFO: [ view_parse ] --START--
INFO: [ template_filter ] --START--
INFO: Run Behavior\ContentReplaceBehavior [ RunTime:0.000000s ]
INFO: [ template_filter ] --END-- [ RunTime:0.000000s ]
NOTIC: [8] Undefined index: have_new C:\Program Files\phpStudy\WWW_prop\Application\Runtime\Cache\Prop\7e3d7cfcc9ab9ae4a723f02ca8a8a847.php 第 57 行.
INFO: Run Behavior\ParseTemplateBehavior [ RunTime:0.014001s ]
INFO: [ view_parse ] --END-- [ RunTime:0.014001s ]
INFO: [ view_filter ] --START--
INFO: Run Behavior\WriteHtmlCacheBehavior [ RunTime:0.000000s ]
INFO: [ view_filter ] --END-- [ RunTime:0.000000s ]
INFO: [ app_end ] --START--
INFO: Run Behavior\ShowPageTraceBehavior [ RunTime:0.001000s ]
INFO: [ app_end ] --END-- [ RunTime:0.001000s ]

[ 2015-09-13T02:02:27+08:00 ] 127.0.0.1 /
INFO: [ app_init ] --START--
INFO: Run Behavior\BuildLiteBehavior [ RunTime:0.000000s ]
INFO: [ app_init ] --END-- [ RunTime:0.000000s ]
INFO: [ app_begin ] --START--
INFO: Run Behavior\ReadHtmlCacheBehavior [ RunTime:0.000000s ]
INFO: [ app_begin ] --END-- [ RunTime:0.000000s ]
NOTIC: [2048] Non-static method Prop\Controller\Check::check() should not be called statically, assuming $this from incompatible context C:\Program Files\phpStudy\WWW_prop\Application\Prop\Controller\IndexController.class.php 第 7 行.
NOTIC: [2048] Non-static method Prop\Controller\Check::get_project_id() should not be called statically, assuming $this from incompatible context C:\Program Files\phpStudy\WWW_prop\Application\Prop\Controller\IndexController.class.php 第 23 行.
SQL: SHOW COLUMNS FROM `prop_project` [ RunTime:0.0040s ]
SQL: SELECT * FROM `prop_project` WHERE ( h_id=36 ) LIMIT 1   [ RunTime:0.0000s ]
NOTIC: [2048] Non-static method Prop\Controller\Check::get_new_remind() should not be called statically, assuming $this from incompatible context C:\Program Files\phpStudy\WWW_prop\Application\Prop\Controller\IndexController.class.php 第 28 行.
SQL: SHOW COLUMNS FROM `prop_user` [ RunTime:0.0030s ]
SQL: SELECT `new_remind` FROM `prop_user` WHERE `uin` = 1468 LIMIT 1   [ RunTime:0.0000s ]
NOTIC: [2048] Non-static method Prop\Controller\Check::get_project() should not be called statically, assuming $this from incompatible context C:\Program Files\phpStudy\WWW_prop\Application\Prop\Controller\IndexController.class.php 第 41 行.
NOTIC: [8] Use of undefined constant Y - assumed 'Y' C:\Program Files\phpStudy\WWW_prop\Application\Prop\Controller\IndexController.class.php 第 47 行.
NOTIC: [8] Use of undefined constant m - assumed 'm' C:\Program Files\phpStudy\WWW_prop\Application\Prop\Controller\IndexController.class.php 第 47 行.
NOTIC: [8] Use of undefined constant d - assumed 'd' C:\Program Files\phpStudy\WWW_prop\Application\Prop\Controller\IndexController.class.php 第 47 行.
INFO: [ view_parse ] --START--
INFO: [ template_filter ] --START--
INFO: Run Behavior\ContentReplaceBehavior [ RunTime:0.000000s ]
INFO: [ template_filter ] --END-- [ RunTime:0.001000s ]
NOTIC: [8] Undefined index: have_new C:\Program Files\phpStudy\WWW_prop\Application\Runtime\Cache\Prop\7e3d7cfcc9ab9ae4a723f02ca8a8a847.php 第 57 行.
INFO: Run Behavior\ParseTemplateBehavior [ RunTime:0.012001s ]
INFO: [ view_parse ] --END-- [ RunTime:0.012001s ]
INFO: [ view_filter ] --START--
INFO: Run Behavior\WriteHtmlCacheBehavior [ RunTime:0.000000s ]
INFO: [ view_filter ] --END-- [ RunTime:0.000000s ]
INFO: [ app_end ] --START--
INFO: Run Behavior\ShowPageTraceBehavior [ RunTime:0.000000s ]
INFO: [ app_end ] --END-- [ RunTime:0.001000s ]

[ 2015-09-13T02:03:07+08:00 ] 127.0.0.1 /
INFO: [ app_init ] --START--
INFO: Run Behavior\BuildLiteBehavior [ RunTime:0.000000s ]
INFO: [ app_init ] --END-- [ RunTime:0.000000s ]
INFO: [ app_begin ] --START--
INFO: Run Behavior\ReadHtmlCacheBehavior [ RunTime:0.001000s ]
INFO: [ app_begin ] --END-- [ RunTime:0.001000s ]
NOTIC: [2048] Non-static method Prop\Controller\Check::check() should not be called statically, assuming $this from incompatible context C:\Program Files\phpStudy\WWW_prop\Application\Prop\Controller\IndexController.class.php 第 7 行.
NOTIC: [2048] Non-static method Prop\Controller\Check::get_project_id() should not be called statically, assuming $this from incompatible context C:\Program Files\phpStudy\WWW_prop\Application\Prop\Controller\IndexController.class.php 第 23 行.
SQL: SHOW COLUMNS FROM `prop_project` [ RunTime:0.0020s ]
SQL: SELECT * FROM `prop_project` WHERE ( h_id=36 ) LIMIT 1   [ RunTime:0.0000s ]
NOTIC: [2048] Non-static method Prop\Controller\Check::get_new_remind() should not be called statically, assuming $this from incompatible context C:\Program Files\phpStudy\WWW_prop\Application\Prop\Controller\IndexController.class.php 第 28 行.
SQL: SHOW COLUMNS FROM `prop_user` [ RunTime:0.0020s ]
SQL: SELECT `new_remind` FROM `prop_user` WHERE `uin` = 1468 LIMIT 1   [ RunTime:0.0000s ]
SQL: SHOW COLUMNS FROM `prop_notice` [ RunTime:0.0040s ]
SQL: SELECT MAX(add_time) AS tp_max FROM `prop_notice` WHERE `project_id` = 36 LIMIT 1   [ RunTime:0.0000s ]
SQL: SHOW COLUMNS FROM `prop_server` [ RunTime:0.0020s ]
SQL: SELECT MAX(add_time) AS tp_max FROM `prop_server` WHERE `project_id` = 36 LIMIT 1   [ RunTime:0.0000s ]
SQL: SHOW COLUMNS FROM `prop_bill` [ RunTime:0.0030s ]
SQL: SELECT MAX(add_time) AS tp_max FROM `prop_bill` WHERE `project_id` = 36 LIMIT 1   [ RunTime:0.0000s ]
SQL: SHOW COLUMNS FROM `prop_idle` [ RunTime:0.0030s ]
SQL: SELECT MAX(add_time) AS tp_max FROM `prop_idle` WHERE `project_id` = 36 LIMIT 1   [ RunTime:0.0010s ]
SQL: SHOW COLUMNS FROM `prop_carpool` [ RunTime:0.0030s ]
SQL: SELECT MAX(add_time) AS tp_max FROM `prop_carpool` WHERE `project_id` = 36 LIMIT 1   [ RunTime:0.0010s ]
SQL: SELECT MAX(add_time) AS tp_max FROM `prop_server` WHERE `project_id` = 36 LIMIT 1   [ RunTime:0.0000s ]
NOTIC: [2048] Non-static method Prop\Controller\Check::get_project() should not be called statically, assuming $this from incompatible context C:\Program Files\phpStudy\WWW_prop\Application\Prop\Controller\IndexController.class.php 第 41 行.
NOTIC: [8] Use of undefined constant Y - assumed 'Y' C:\Program Files\phpStudy\WWW_prop\Application\Prop\Controller\IndexController.class.php 第 47 行.
NOTIC: [8] Use of undefined constant m - assumed 'm' C:\Program Files\phpStudy\WWW_prop\Application\Prop\Controller\IndexController.class.php 第 47 行.
NOTIC: [8] Use of undefined constant d - assumed 'd' C:\Program Files\phpStudy\WWW_prop\Application\Prop\Controller\IndexController.class.php 第 47 行.
INFO: [ view_parse ] --START--
INFO: [ template_filter ] --START--
INFO: Run Behavior\ContentReplaceBehavior [ RunTime:0.000000s ]
INFO: [ template_filter ] --END-- [ RunTime:0.000000s ]
NOTIC: [8] Undefined index: have_new C:\Program Files\phpStudy\WWW_prop\Application\Runtime\Cache\Prop\7e3d7cfcc9ab9ae4a723f02ca8a8a847.php 第 57 行.
INFO: Run Behavior\ParseTemplateBehavior [ RunTime:0.015001s ]
INFO: [ view_parse ] --END-- [ RunTime:0.015001s ]
INFO: [ view_filter ] --START--
INFO: Run Behavior\WriteHtmlCacheBehavior [ RunTime:0.000000s ]
INFO: [ view_filter ] --END-- [ RunTime:0.000000s ]
INFO: [ app_end ] --START--
INFO: Run Behavior\ShowPageTraceBehavior [ RunTime:0.001000s ]
INFO: [ app_end ] --END-- [ RunTime:0.001000s ]

[ 2015-09-13T02:03:18+08:00 ] 127.0.0.1 /
INFO: [ app_init ] --START--
INFO: Run Behavior\BuildLiteBehavior [ RunTime:0.000000s ]
INFO: [ app_init ] --END-- [ RunTime:0.000000s ]
INFO: [ app_begin ] --START--
INFO: Run Behavior\ReadHtmlCacheBehavior [ RunTime:0.001000s ]
INFO: [ app_begin ] --END-- [ RunTime:0.001000s ]
NOTIC: [2048] Non-static method Prop\Controller\Check::check() should not be called statically, assuming $this from incompatible context C:\Program Files\phpStudy\WWW_prop\Application\Prop\Controller\IndexController.class.php 第 7 行.
NOTIC: [2048] Non-static method Prop\Controller\Check::get_project_id() should not be called statically, assuming $this from incompatible context C:\Program Files\phpStudy\WWW_prop\Application\Prop\Controller\IndexController.class.php 第 23 行.
SQL: SHOW COLUMNS FROM `prop_project` [ RunTime:0.0020s ]
SQL: SELECT * FROM `prop_project` WHERE ( h_id=36 ) LIMIT 1   [ RunTime:0.0010s ]
NOTIC: [2048] Non-static method Prop\Controller\Check::get_new_remind() should not be called statically, assuming $this from incompatible context C:\Program Files\phpStudy\WWW_prop\Application\Prop\Controller\IndexController.class.php 第 28 行.
SQL: SHOW COLUMNS FROM `prop_user` [ RunTime:0.0020s ]
SQL: SELECT `new_remind` FROM `prop_user` WHERE `uin` = 1468 LIMIT 1   [ RunTime:0.0000s ]
SQL: SHOW COLUMNS FROM `prop_notice` [ RunTime:0.0020s ]
SQL: SELECT MAX(add_time) AS tp_max FROM `prop_notice` WHERE `project_id` = 36 LIMIT 1   [ RunTime:0.0000s ]
SQL: SHOW COLUMNS FROM `prop_server` [ RunTime:0.0020s ]
SQL: SELECT MAX(add_time) AS tp_max FROM `prop_server` WHERE `project_id` = 36 LIMIT 1   [ RunTime:0.0000s ]
SQL: SHOW COLUMNS FROM `prop_bill` [ RunTime:0.0020s ]
SQL: SELECT MAX(add_time) AS tp_max FROM `prop_bill` WHERE `project_id` = 36 LIMIT 1   [ RunTime:0.0010s ]
SQL: SHOW COLUMNS FROM `prop_idle` [ RunTime:0.0030s ]
SQL: SELECT MAX(add_time) AS tp_max FROM `prop_idle` WHERE `project_id` = 36 LIMIT 1   [ RunTime:0.0010s ]
SQL: SHOW COLUMNS FROM `prop_carpool` [ RunTime:0.0010s ]
SQL: SELECT MAX(add_time) AS tp_max FROM `prop_carpool` WHERE `project_id` = 36 LIMIT 1   [ RunTime:0.0000s ]
SQL: SELECT MAX(add_time) AS tp_max FROM `prop_server` WHERE `project_id` = 36 LIMIT 1   [ RunTime:0.0000s ]
SQL: SELECT MAX(add_time) AS tp_max FROM `prop_server` WHERE `project_id` = 36 LIMIT 1   [ RunTime:0.0010s ]
SQL: SELECT MAX(add_time) AS tp_max FROM `prop_server` WHERE `project_id` = 36 LIMIT 1   [ RunTime:0.0000s ]
NOTIC: [2048] Non-static method Prop\Controller\Check::get_project() should not be called statically, assuming $this from incompatible context C:\Program Files\phpStudy\WWW_prop\Application\Prop\Controller\IndexController.class.php 第 41 行.
NOTIC: [8] Use of undefined constant Y - assumed 'Y' C:\Program Files\phpStudy\WWW_prop\Application\Prop\Controller\IndexController.class.php 第 47 行.
NOTIC: [8] Use of undefined constant m - assumed 'm' C:\Program Files\phpStudy\WWW_prop\Application\Prop\Controller\IndexController.class.php 第 47 行.
NOTIC: [8] Use of undefined constant d - assumed 'd' C:\Program Files\phpStudy\WWW_prop\Application\Prop\Controller\IndexController.class.php 第 47 行.
INFO: [ view_parse ] --START--
INFO: [ template_filter ] --START--
INFO: Run Behavior\ContentReplaceBehavior [ RunTime:0.000000s ]
INFO: [ template_filter ] --END-- [ RunTime:0.000000s ]
NOTIC: [8] Undefined index: have_new C:\Program Files\phpStudy\WWW_prop\Application\Runtime\Cache\Prop\7e3d7cfcc9ab9ae4a723f02ca8a8a847.php 第 57 行.
INFO: Run Behavior\ParseTemplateBehavior [ RunTime:0.011000s ]
INFO: [ view_parse ] --END-- [ RunTime:0.011000s ]
INFO: [ view_filter ] --START--
INFO: Run Behavior\WriteHtmlCacheBehavior [ RunTime:0.001000s ]
INFO: [ view_filter ] --END-- [ RunTime:0.001000s ]
INFO: [ app_end ] --START--
INFO: Run Behavior\ShowPageTraceBehavior [ RunTime:0.001000s ]
INFO: [ app_end ] --END-- [ RunTime:0.001000s ]

[ 2015-09-13T02:03:30+08:00 ] 127.0.0.1 /Prop/Bill/index.html
INFO: [ app_init ] --START--
INFO: Run Behavior\BuildLiteBehavior [ RunTime:0.000000s ]
INFO: [ app_init ] --END-- [ RunTime:0.000000s ]
INFO: [ app_begin ] --START--
INFO: Run Behavior\ReadHtmlCacheBehavior [ RunTime:0.001000s ]
INFO: [ app_begin ] --END-- [ RunTime:0.001000s ]
NOTIC: [2048] Non-static method Prop\Controller\Check::check() should not be called statically, assuming $this from incompatible context C:\Program Files\phpStudy\WWW_prop\Application\Prop\Controller\BillController.class.php 第 8 行.
NOTIC: [2048] Non-static method Prop\Controller\Check::get_project_id() should not be called statically, assuming $this from incompatible context C:\Program Files\phpStudy\WWW_prop\Application\Prop\Controller\BillController.class.php 第 25 行.
SQL: SHOW COLUMNS FROM `prop_bill` [ RunTime:0.0020s ]
SQL: SELECT MAX(add_time) AS tp_max FROM `prop_bill` WHERE `project_id` = 36 LIMIT 1   [ RunTime:0.0000s ]
NOTIC: [2048] Non-static method Prop\Controller\Check::set_new_remind() should not be called statically, assuming $this from incompatible context C:\Program Files\phpStudy\WWW_prop\Application\Prop\Controller\BillController.class.php 第 27 行.
SQL: SHOW COLUMNS FROM `prop_user` [ RunTime:0.0080s ]
SQL: SELECT * FROM `prop_user` WHERE `uin` = 1468 LIMIT 1   [ RunTime:0.0000s ]
NOTIC: [2] Illegal offset type in isset or empty C:\Program Files\phpStudy\WWW_prop\ThinkPHP\Library\Think\Model.class.php 第 445 行.
SQL: UPDATE `prop_user` SET `new_remind`='a:2:{s:6:\"notice\";s:10:\"1421670866\";s:4:\"bill\";s:10:\"1441498830\";}' WHERE `uin` = 1468 [ RunTime:0.0000s ]
NOTIC: [2048] Non-static method Prop\Controller\Check::get_now_house() should not be called statically, assuming $this from incompatible context C:\Program Files\phpStudy\WWW_prop\Application\Prop\Controller\BillController.class.php 第 30 行.
NOTIC: [2048] Non-static method Prop\Controller\Check::get_project_id() should not be called statically, assuming $this from incompatible context C:\Program Files\phpStudy\WWW_prop\Application\Prop\Controller\Check.class.php 第 125 行.
NOTIC: [2048] Non-static method Prop\Controller\Check::get_house() should not be called statically, assuming $this from incompatible context C:\Program Files\phpStudy\WWW_prop\Application\Prop\Controller\Check.class.php 第 134 行.
SQL: SHOW COLUMNS FROM `prop_reside_user` [ RunTime:0.0020s ]
SQL: SELECT * FROM `prop_reside_user` WHERE `uin` = 1468 AND `project_id` = 36  [ RunTime:0.0010s ]
NOTIC: [8] A session had already been started - ignoring session_start() C:\Program Files\phpStudy\WWW_prop\ThinkPHP\Common\functions.php 第 1292 行.
NOTIC: [8] A session had already been started - ignoring session_start() C:\Program Files\phpStudy\WWW_prop\ThinkPHP\Common\functions.php 第 1292 行.
SQL: SELECT `bill_id`,`bill_title`,`bill_price`,`bill_time`,`status` FROM `prop_bill` WHERE `project_id` = 36 AND `building` = '1' AND `room_number` = '2402' AND `status` = 0 ORDER BY add_time desc  [ RunTime:0.0000s ]
NOTIC: [2048] Non-static method Prop\Controller\Check::get_project() should not be called statically, assuming $this from incompatible context C:\Program Files\phpStudy\WWW_prop\Application\Prop\Controller\BillController.class.php 第 47 行.
INFO: [ view_parse ] --START--
INFO: [ template_filter ] --START--
INFO: Run Behavior\ContentReplaceBehavior [ RunTime:0.000000s ]
INFO: [ template_filter ] --END-- [ RunTime:0.000000s ]
INFO: Run Behavior\ParseTemplateBehavior [ RunTime:0.012001s ]
INFO: [ view_parse ] --END-- [ RunTime:0.012001s ]
INFO: [ view_filter ] --START--
INFO: Run Behavior\WriteHtmlCacheBehavior [ RunTime:0.000000s ]
INFO: [ view_filter ] --END-- [ RunTime:0.001000s ]
INFO: [ app_end ] --START--
INFO: Run Behavior\ShowPageTraceBehavior [ RunTime:0.001000s ]
INFO: [ app_end ] --END-- [ RunTime:0.001000s ]

