[ 2015-08-20T11:42:50+08:00 ] 127.0.0.1 /
INFO: [ app_init ] --START--
INFO: Run Behavior\BuildLiteBehavior [ RunTime:0.000000s ]
INFO: [ app_init ] --END-- [ RunTime:0.001000s ]
INFO: [ app_begin ] --START--
INFO: Run Behavior\ReadHtmlCacheBehavior [ RunTime:0.000000s ]
INFO: [ app_begin ] --END-- [ RunTime:0.001000s ]
NOTIC: [2048] Non-static method Prop\Controller\Check::check() should not be called statically, assuming $this from incompatible context C:\Program Files\phpStudy\WWW_prop\Application\Prop\Controller\IndexController.class.php 第 7 行.

[ 2015-08-20T11:42:51+08:00 ] 127.0.0.1 /Prop/Login/Apilogin.html?backurl=http://prop.zzp.cn/
INFO: [ app_init ] --START--
INFO: Run Behavior\BuildLiteBehavior [ RunTime:0.000000s ]
INFO: [ app_init ] --END-- [ RunTime:0.001000s ]
INFO: [ app_begin ] --START--
INFO: Run Behavior\ReadHtmlCacheBehavior [ RunTime:0.000000s ]
INFO: [ app_begin ] --END-- [ RunTime:0.001000s ]
INFO: [ view_parse ] --START--
INFO: [ template_filter ] --START--
INFO: Run Behavior\ContentReplaceBehavior [ RunTime:0.000000s ]
INFO: [ template_filter ] --END-- [ RunTime:0.000000s ]
NOTIC: [8] Undefined variable: webname C:\Program Files\phpStudy\WWW_prop\Application\Runtime\Cache\Prop\084c8eb641af5f2c7eb463ce8c0692de.php 第 10 行.
INFO: Run Behavior\ParseTemplateBehavior [ RunTime:0.006001s ]
INFO: [ view_parse ] --END-- [ RunTime:0.006001s ]
INFO: [ view_filter ] --START--
INFO: Run Behavior\WriteHtmlCacheBehavior [ RunTime:0.000000s ]
INFO: [ view_filter ] --END-- [ RunTime:0.000000s ]
INFO: [ app_end ] --START--
INFO: Run Behavior\ShowPageTraceBehavior [ RunTime:0.000000s ]
INFO: [ app_end ] --END-- [ RunTime:0.001000s ]

[ 2015-08-20T11:42:52+08:00 ] 127.0.0.1 /Prop/Login/apilogin?token=f82cBwAJCVQHUgkFUQBRWlFXAgECBFxUUFsAUAIHCgUBUwkGBw4BVw&backurl=http://prop.zzp.cn/
INFO: [ app_init ] --START--
INFO: Run Behavior\BuildLiteBehavior [ RunTime:0.000000s ]
INFO: [ app_init ] --END-- [ RunTime:0.001000s ]
INFO: [ app_begin ] --START--
INFO: Run Behavior\ReadHtmlCacheBehavior [ RunTime:0.001000s ]
INFO: [ app_begin ] --END-- [ RunTime:0.001000s ]
INFO: [ view_parse ] --START--
INFO: [ template_filter ] --START--
INFO: Run Behavior\ContentReplaceBehavior [ RunTime:0.000000s ]
INFO: [ template_filter ] --END-- [ RunTime:0.000000s ]
NOTIC: [8] Undefined variable: webname C:\Program Files\phpStudy\WWW_prop\Application\Runtime\Cache\Prop\fb6e89db9169adc8ada177eb0e44b2e5.php 第 10 行.
INFO: Run Behavior\ParseTemplateBehavior [ RunTime:0.006000s ]
INFO: [ view_parse ] --END-- [ RunTime:0.006000s ]
INFO: [ view_filter ] --START--
INFO: Run Behavior\WriteHtmlCacheBehavior [ RunTime:0.001000s ]
INFO: [ view_filter ] --END-- [ RunTime:0.001000s ]
INFO: [ app_end ] --START--
INFO: Run Behavior\ShowPageTraceBehavior [ RunTime:0.001000s ]
INFO: [ app_end ] --END-- [ RunTime:0.001000s ]

[ 2015-08-20T11:42:54+08:00 ] 127.0.0.1 /
INFO: [ app_init ] --START--
INFO: Run Behavior\BuildLiteBehavior [ RunTime:0.000000s ]
INFO: [ app_init ] --END-- [ RunTime:0.001001s ]
INFO: [ app_begin ] --START--
INFO: Run Behavior\ReadHtmlCacheBehavior [ RunTime:0.001000s ]
INFO: [ app_begin ] --END-- [ RunTime:0.001000s ]
NOTIC: [2048] Non-static method Prop\Controller\Check::check() should not be called statically, assuming $this from incompatible context C:\Program Files\phpStudy\WWW_prop\Application\Prop\Controller\IndexController.class.php 第 7 行.
SQL: SHOW COLUMNS FROM `prop_project_manager` [ RunTime:0.0030s ]
SQL: SELECT `project_id` FROM `prop_project_manager` WHERE ( uin=1468 )  [ RunTime:0.0010s ]
NOTIC: [2048] Non-static method Prop\Controller\Check::get_project() should not be called statically, assuming $this from incompatible context C:\Program Files\phpStudy\WWW_prop\Application\Prop\Controller\IndexController.class.php 第 24 行.
NOTIC: [2048] Non-static method Prop\Controller\Check::get_project_id() should not be called statically, assuming $this from incompatible context C:\Program Files\phpStudy\WWW_prop\Application\Prop\Controller\Check.class.php 第 90 行.
SQL: SHOW COLUMNS FROM `prop_project` [ RunTime:0.0030s ]
SQL: SELECT `project` FROM `prop_project` WHERE ( h_id=36 ) LIMIT 1   [ RunTime:0.0000s ]
NOTIC: [2048] Non-static method Prop\Controller\Check::get_project_id() should not be called statically, assuming $this from incompatible context C:\Program Files\phpStudy\WWW_prop\Application\Prop\Controller\IndexController.class.php 第 25 行.
SQL: SELECT * FROM `prop_project` WHERE ( h_id=36 ) LIMIT 1   [ RunTime:0.0000s ]
NOTIC: [8] Use of undefined constant Y - assumed 'Y' C:\Program Files\phpStudy\WWW_prop\Application\Prop\Controller\IndexController.class.php 第 33 行.
NOTIC: [8] Use of undefined constant m - assumed 'm' C:\Program Files\phpStudy\WWW_prop\Application\Prop\Controller\IndexController.class.php 第 33 行.
NOTIC: [8] Use of undefined constant d - assumed 'd' C:\Program Files\phpStudy\WWW_prop\Application\Prop\Controller\IndexController.class.php 第 33 行.
INFO: [ view_parse ] --START--
INFO: [ template_filter ] --START--
INFO: Run Behavior\ContentReplaceBehavior [ RunTime:0.000000s ]
INFO: [ template_filter ] --END-- [ RunTime:0.000000s ]
INFO: Run Behavior\ParseTemplateBehavior [ RunTime:0.007001s ]
INFO: [ view_parse ] --END-- [ RunTime:0.007001s ]
INFO: [ view_filter ] --START--
INFO: Run Behavior\WriteHtmlCacheBehavior [ RunTime:0.001000s ]
INFO: [ view_filter ] --END-- [ RunTime:0.001000s ]
INFO: [ app_end ] --START--
INFO: Run Behavior\ShowPageTraceBehavior [ RunTime:0.001000s ]
INFO: [ app_end ] --END-- [ RunTime:0.001000s ]

[ 2015-08-20T11:43:43+08:00 ] 127.0.0.1 /
INFO: [ app_init ] --START--
INFO: Run Behavior\BuildLiteBehavior [ RunTime:0.000000s ]
INFO: [ app_init ] --END-- [ RunTime:0.000000s ]
INFO: [ app_begin ] --START--
INFO: Run Behavior\ReadHtmlCacheBehavior [ RunTime:0.001001s ]
INFO: [ app_begin ] --END-- [ RunTime:0.001001s ]
NOTIC: [2048] Non-static method Prop\Controller\Check::check() should not be called statically, assuming $this from incompatible context C:\Program Files\phpStudy\WWW_prop\Application\Prop\Controller\IndexController.class.php 第 7 行.
NOTIC: [2048] Non-static method Prop\Controller\Check::get_project() should not be called statically, assuming $this from incompatible context C:\Program Files\phpStudy\WWW_prop\Application\Prop\Controller\IndexController.class.php 第 24 行.
SQL: SHOW COLUMNS FROM `prop_project` [ RunTime:0.0020s ]
NOTIC: [2048] Non-static method Prop\Controller\Check::get_project_id() should not be called statically, assuming $this from incompatible context C:\Program Files\phpStudy\WWW_prop\Application\Prop\Controller\IndexController.class.php 第 25 行.
SQL: SELECT * FROM `prop_project` WHERE ( h_id=36 ) LIMIT 1   [ RunTime:0.0000s ]
NOTIC: [8] Use of undefined constant Y - assumed 'Y' C:\Program Files\phpStudy\WWW_prop\Application\Prop\Controller\IndexController.class.php 第 33 行.
NOTIC: [8] Use of undefined constant m - assumed 'm' C:\Program Files\phpStudy\WWW_prop\Application\Prop\Controller\IndexController.class.php 第 33 行.
NOTIC: [8] Use of undefined constant d - assumed 'd' C:\Program Files\phpStudy\WWW_prop\Application\Prop\Controller\IndexController.class.php 第 33 行.
INFO: [ view_parse ] --START--
INFO: [ template_filter ] --START--
INFO: Run Behavior\ContentReplaceBehavior [ RunTime:0.000000s ]
INFO: [ template_filter ] --END-- [ RunTime:0.000000s ]
INFO: Run Behavior\ParseTemplateBehavior [ RunTime:0.011000s ]
INFO: [ view_parse ] --END-- [ RunTime:0.011000s ]
INFO: [ view_filter ] --START--
INFO: Run Behavior\WriteHtmlCacheBehavior [ RunTime:0.001000s ]
INFO: [ view_filter ] --END-- [ RunTime:0.001000s ]
INFO: [ app_end ] --START--
INFO: Run Behavior\ShowPageTraceBehavior [ RunTime:0.001000s ]
INFO: [ app_end ] --END-- [ RunTime:0.001000s ]

[ 2015-08-20T12:03:01+08:00 ] 127.0.0.1 /
INFO: [ app_init ] --START--
INFO: Run Behavior\BuildLiteBehavior [ RunTime:0.000000s ]
INFO: [ app_init ] --END-- [ RunTime:0.000000s ]
INFO: [ app_begin ] --START--
INFO: Run Behavior\ReadHtmlCacheBehavior [ RunTime:0.001000s ]
INFO: [ app_begin ] --END-- [ RunTime:0.002000s ]
NOTIC: [2048] Non-static method Prop\Controller\Check::check() should not be called statically, assuming $this from incompatible context C:\Program Files\phpStudy\WWW_prop\Application\Prop\Controller\IndexController.class.php 第 7 行.
NOTIC: [2048] Non-static method Prop\Controller\Check::get_project() should not be called statically, assuming $this from incompatible context C:\Program Files\phpStudy\WWW_prop\Application\Prop\Controller\IndexController.class.php 第 24 行.
SQL: SHOW COLUMNS FROM `prop_project` [ RunTime:0.0030s ]
NOTIC: [2048] Non-static method Prop\Controller\Check::get_project_id() should not be called statically, assuming $this from incompatible context C:\Program Files\phpStudy\WWW_prop\Application\Prop\Controller\IndexController.class.php 第 25 行.
SQL: SELECT * FROM `prop_project` WHERE ( h_id=36 ) LIMIT 1   [ RunTime:0.0010s ]
NOTIC: [8] Use of undefined constant Y - assumed 'Y' C:\Program Files\phpStudy\WWW_prop\Application\Prop\Controller\IndexController.class.php 第 33 行.
NOTIC: [8] Use of undefined constant m - assumed 'm' C:\Program Files\phpStudy\WWW_prop\Application\Prop\Controller\IndexController.class.php 第 33 行.
NOTIC: [8] Use of undefined constant d - assumed 'd' C:\Program Files\phpStudy\WWW_prop\Application\Prop\Controller\IndexController.class.php 第 33 行.
INFO: [ view_parse ] --START--
INFO: [ template_filter ] --START--
INFO: Run Behavior\ContentReplaceBehavior [ RunTime:0.000000s ]
INFO: [ template_filter ] --END-- [ RunTime:0.000000s ]
INFO: Run Behavior\ParseTemplateBehavior [ RunTime:0.012001s ]
INFO: [ view_parse ] --END-- [ RunTime:0.012001s ]
INFO: [ view_filter ] --START--
INFO: Run Behavior\WriteHtmlCacheBehavior [ RunTime:0.000000s ]
INFO: [ view_filter ] --END-- [ RunTime:0.000000s ]
INFO: [ app_end ] --START--
INFO: Run Behavior\ShowPageTraceBehavior [ RunTime:0.001000s ]
INFO: [ app_end ] --END-- [ RunTime:0.001000s ]

[ 2015-08-20T12:03:23+08:00 ] 127.0.0.1 /
INFO: [ app_init ] --START--
INFO: Run Behavior\BuildLiteBehavior [ RunTime:0.000000s ]
INFO: [ app_init ] --END-- [ RunTime:0.000000s ]
INFO: [ app_begin ] --START--
INFO: Run Behavior\ReadHtmlCacheBehavior [ RunTime:0.001000s ]
INFO: [ app_begin ] --END-- [ RunTime:0.002000s ]
NOTIC: [2048] Non-static method Prop\Controller\Check::check() should not be called statically, assuming $this from incompatible context C:\Program Files\phpStudy\WWW_prop\Application\Prop\Controller\IndexController.class.php 第 7 行.
NOTIC: [2048] Non-static method Prop\Controller\Check::get_project() should not be called statically, assuming $this from incompatible context C:\Program Files\phpStudy\WWW_prop\Application\Prop\Controller\IndexController.class.php 第 24 行.
SQL: SHOW COLUMNS FROM `prop_project` [ RunTime:0.0040s ]
NOTIC: [2048] Non-static method Prop\Controller\Check::get_project_id() should not be called statically, assuming $this from incompatible context C:\Program Files\phpStudy\WWW_prop\Application\Prop\Controller\IndexController.class.php 第 25 行.
SQL: SELECT * FROM `prop_project` WHERE ( h_id=36 ) LIMIT 1   [ RunTime:0.0010s ]
NOTIC: [8] Use of undefined constant Y - assumed 'Y' C:\Program Files\phpStudy\WWW_prop\Application\Prop\Controller\IndexController.class.php 第 33 行.
NOTIC: [8] Use of undefined constant m - assumed 'm' C:\Program Files\phpStudy\WWW_prop\Application\Prop\Controller\IndexController.class.php 第 33 行.
NOTIC: [8] Use of undefined constant d - assumed 'd' C:\Program Files\phpStudy\WWW_prop\Application\Prop\Controller\IndexController.class.php 第 33 行.
INFO: [ view_parse ] --START--
INFO: [ template_filter ] --START--
INFO: Run Behavior\ContentReplaceBehavior [ RunTime:0.000000s ]
INFO: [ template_filter ] --END-- [ RunTime:0.000000s ]
INFO: Run Behavior\ParseTemplateBehavior [ RunTime:0.011001s ]
INFO: [ view_parse ] --END-- [ RunTime:0.012001s ]
INFO: [ view_filter ] --START--
INFO: Run Behavior\WriteHtmlCacheBehavior [ RunTime:0.001000s ]
INFO: [ view_filter ] --END-- [ RunTime:0.001000s ]
INFO: [ app_end ] --START--
INFO: Run Behavior\ShowPageTraceBehavior [ RunTime:0.000000s ]
INFO: [ app_end ] --END-- [ RunTime:0.000000s ]

[ 2015-08-20T12:06:22+08:00 ] 127.0.0.1 /
INFO: [ app_init ] --START--
INFO: Run Behavior\BuildLiteBehavior [ RunTime:0.001000s ]
INFO: [ app_init ] --END-- [ RunTime:0.002000s ]
INFO: [ app_begin ] --START--
INFO: Run Behavior\ReadHtmlCacheBehavior [ RunTime:0.001000s ]
INFO: [ app_begin ] --END-- [ RunTime:0.001000s ]
NOTIC: [2048] Non-static method Prop\Controller\Check::check() should not be called statically, assuming $this from incompatible context C:\Program Files\phpStudy\WWW_prop\Application\Prop\Controller\IndexController.class.php 第 7 行.
NOTIC: [2048] Non-static method Prop\Controller\Check::get_project() should not be called statically, assuming $this from incompatible context C:\Program Files\phpStudy\WWW_prop\Application\Prop\Controller\IndexController.class.php 第 24 行.
SQL: SHOW COLUMNS FROM `prop_project` [ RunTime:0.0030s ]
NOTIC: [2048] Non-static method Prop\Controller\Check::get_project_id() should not be called statically, assuming $this from incompatible context C:\Program Files\phpStudy\WWW_prop\Application\Prop\Controller\IndexController.class.php 第 25 行.
SQL: SELECT * FROM `prop_project` WHERE ( h_id=36 ) LIMIT 1   [ RunTime:0.0000s ]
NOTIC: [8] Use of undefined constant Y - assumed 'Y' C:\Program Files\phpStudy\WWW_prop\Application\Prop\Controller\IndexController.class.php 第 33 行.
NOTIC: [8] Use of undefined constant m - assumed 'm' C:\Program Files\phpStudy\WWW_prop\Application\Prop\Controller\IndexController.class.php 第 33 行.
NOTIC: [8] Use of undefined constant d - assumed 'd' C:\Program Files\phpStudy\WWW_prop\Application\Prop\Controller\IndexController.class.php 第 33 行.
INFO: [ view_parse ] --START--
INFO: [ template_filter ] --START--
INFO: Run Behavior\ContentReplaceBehavior [ RunTime:0.000000s ]
INFO: [ template_filter ] --END-- [ RunTime:0.000000s ]
INFO: Run Behavior\ParseTemplateBehavior [ RunTime:0.015001s ]
INFO: [ view_parse ] --END-- [ RunTime:0.015001s ]
INFO: [ view_filter ] --START--
INFO: Run Behavior\WriteHtmlCacheBehavior [ RunTime:0.001000s ]
INFO: [ view_filter ] --END-- [ RunTime:0.001000s ]
INFO: [ app_end ] --START--
INFO: Run Behavior\ShowPageTraceBehavior [ RunTime:0.003000s ]
INFO: [ app_end ] --END-- [ RunTime:0.003000s ]

[ 2015-08-20T12:08:18+08:00 ] 127.0.0.1 /
INFO: [ app_init ] --START--
INFO: Run Behavior\BuildLiteBehavior [ RunTime:0.000000s ]
INFO: [ app_init ] --END-- [ RunTime:0.001000s ]
INFO: [ app_begin ] --START--
INFO: Run Behavior\ReadHtmlCacheBehavior [ RunTime:0.000000s ]
INFO: [ app_begin ] --END-- [ RunTime:0.000000s ]
NOTIC: [2048] Non-static method Prop\Controller\Check::check() should not be called statically, assuming $this from incompatible context C:\Program Files\phpStudy\WWW_prop\Application\Prop\Controller\IndexController.class.php 第 7 行.

[ 2015-08-20T12:08:19+08:00 ] 127.0.0.1 /Prop/Login/Apilogin.html?backurl=http://prop.zzp.cn/
INFO: [ app_init ] --START--
INFO: Run Behavior\BuildLiteBehavior [ RunTime:0.000000s ]
INFO: [ app_init ] --END-- [ RunTime:0.000000s ]
INFO: [ app_begin ] --START--
INFO: Run Behavior\ReadHtmlCacheBehavior [ RunTime:0.000000s ]
INFO: [ app_begin ] --END-- [ RunTime:0.000000s ]
INFO: [ view_parse ] --START--
INFO: [ template_filter ] --START--
INFO: Run Behavior\ContentReplaceBehavior [ RunTime:0.000000s ]
INFO: [ template_filter ] --END-- [ RunTime:0.001000s ]
NOTIC: [8] Undefined variable: webname C:\Program Files\phpStudy\WWW_prop\Application\Runtime\Cache\Prop\084c8eb641af5f2c7eb463ce8c0692de.php 第 10 行.
INFO: Run Behavior\ParseTemplateBehavior [ RunTime:0.011000s ]
INFO: [ view_parse ] --END-- [ RunTime:0.011000s ]
INFO: [ view_filter ] --START--
INFO: Run Behavior\WriteHtmlCacheBehavior [ RunTime:0.001000s ]
INFO: [ view_filter ] --END-- [ RunTime:0.001000s ]
INFO: [ app_end ] --START--
INFO: Run Behavior\ShowPageTraceBehavior [ RunTime:0.001000s ]
INFO: [ app_end ] --END-- [ RunTime:0.001000s ]

[ 2015-08-20T12:08:20+08:00 ] 127.0.0.1 /Prop/Login/apilogin?token=f82cBwAJCVQHUgkFUQBRWlFXAgECBFxUUFsAUAIHCgUBUwkGBw4BVw&backurl=http://prop.zzp.cn/
INFO: [ app_init ] --START--
INFO: Run Behavior\BuildLiteBehavior [ RunTime:0.000000s ]
INFO: [ app_init ] --END-- [ RunTime:0.000000s ]
INFO: [ app_begin ] --START--
INFO: Run Behavior\ReadHtmlCacheBehavior [ RunTime:0.000000s ]
INFO: [ app_begin ] --END-- [ RunTime:0.002000s ]
INFO: [ view_parse ] --START--
INFO: [ template_filter ] --START--
INFO: Run Behavior\ContentReplaceBehavior [ RunTime:0.000000s ]
INFO: [ template_filter ] --END-- [ RunTime:0.000000s ]
NOTIC: [8] Undefined variable: webname C:\Program Files\phpStudy\WWW_prop\Application\Runtime\Cache\Prop\fb6e89db9169adc8ada177eb0e44b2e5.php 第 10 行.
INFO: Run Behavior\ParseTemplateBehavior [ RunTime:0.008001s ]
INFO: [ view_parse ] --END-- [ RunTime:0.008001s ]
INFO: [ view_filter ] --START--
INFO: Run Behavior\WriteHtmlCacheBehavior [ RunTime:0.001000s ]
INFO: [ view_filter ] --END-- [ RunTime:0.001000s ]
INFO: [ app_end ] --START--
INFO: Run Behavior\ShowPageTraceBehavior [ RunTime:0.001000s ]
INFO: [ app_end ] --END-- [ RunTime:0.001000s ]

[ 2015-08-20T12:08:22+08:00 ] 127.0.0.1 /
INFO: [ app_init ] --START--
INFO: Run Behavior\BuildLiteBehavior [ RunTime:0.000000s ]
INFO: [ app_init ] --END-- [ RunTime:0.000000s ]
INFO: [ app_begin ] --START--
INFO: Run Behavior\ReadHtmlCacheBehavior [ RunTime:0.001000s ]
INFO: [ app_begin ] --END-- [ RunTime:0.001000s ]
NOTIC: [2048] Non-static method Prop\Controller\Check::check() should not be called statically, assuming $this from incompatible context C:\Program Files\phpStudy\WWW_prop\Application\Prop\Controller\IndexController.class.php 第 7 行.
SQL: SHOW COLUMNS FROM `prop_project_manager` [ RunTime:0.0020s ]
SQL: SELECT `project_id` FROM `prop_project_manager` WHERE ( uin=1468 )  [ RunTime:0.0000s ]
NOTIC: [2048] Non-static method Prop\Controller\Check::get_project() should not be called statically, assuming $this from incompatible context C:\Program Files\phpStudy\WWW_prop\Application\Prop\Controller\IndexController.class.php 第 24 行.
NOTIC: [2048] Non-static method Prop\Controller\Check::get_project_id() should not be called statically, assuming $this from incompatible context C:\Program Files\phpStudy\WWW_prop\Application\Prop\Controller\Check.class.php 第 90 行.
SQL: SHOW COLUMNS FROM `prop_project` [ RunTime:0.0050s ]
SQL: SELECT `project` FROM `prop_project` WHERE ( h_id=36 ) LIMIT 1   [ RunTime:0.0010s ]
NOTIC: [2048] Non-static method Prop\Controller\Check::get_project_id() should not be called statically, assuming $this from incompatible context C:\Program Files\phpStudy\WWW_prop\Application\Prop\Controller\IndexController.class.php 第 25 行.
SQL: SELECT * FROM `prop_project` WHERE ( h_id=36 ) LIMIT 1   [ RunTime:0.0000s ]
NOTIC: [8] Use of undefined constant Y - assumed 'Y' C:\Program Files\phpStudy\WWW_prop\Application\Prop\Controller\IndexController.class.php 第 33 行.
NOTIC: [8] Use of undefined constant m - assumed 'm' C:\Program Files\phpStudy\WWW_prop\Application\Prop\Controller\IndexController.class.php 第 33 行.
NOTIC: [8] Use of undefined constant d - assumed 'd' C:\Program Files\phpStudy\WWW_prop\Application\Prop\Controller\IndexController.class.php 第 33 行.
INFO: [ view_parse ] --START--
INFO: [ template_filter ] --START--
INFO: Run Behavior\ContentReplaceBehavior [ RunTime:0.000000s ]
INFO: [ template_filter ] --END-- [ RunTime:0.000000s ]
INFO: Run Behavior\ParseTemplateBehavior [ RunTime:0.014001s ]
INFO: [ view_parse ] --END-- [ RunTime:0.014001s ]
INFO: [ view_filter ] --START--
INFO: Run Behavior\WriteHtmlCacheBehavior [ RunTime:0.001000s ]
INFO: [ view_filter ] --END-- [ RunTime:0.001000s ]
INFO: [ app_end ] --START--
INFO: Run Behavior\ShowPageTraceBehavior [ RunTime:0.000000s ]
INFO: [ app_end ] --END-- [ RunTime:0.000000s ]

[ 2015-08-20T12:08:40+08:00 ] 127.0.0.1 /
INFO: [ app_init ] --START--
INFO: Run Behavior\BuildLiteBehavior [ RunTime:0.000000s ]
INFO: [ app_init ] --END-- [ RunTime:0.001000s ]
INFO: [ app_begin ] --START--
INFO: Run Behavior\ReadHtmlCacheBehavior [ RunTime:0.001000s ]
INFO: [ app_begin ] --END-- [ RunTime:0.001000s ]
NOTIC: [2048] Non-static method Prop\Controller\Check::check() should not be called statically, assuming $this from incompatible context C:\Program Files\phpStudy\WWW_prop\Application\Prop\Controller\IndexController.class.php 第 7 行.
NOTIC: [2048] Non-static method Prop\Controller\Check::get_project() should not be called statically, assuming $this from incompatible context C:\Program Files\phpStudy\WWW_prop\Application\Prop\Controller\IndexController.class.php 第 24 行.
SQL: SHOW COLUMNS FROM `prop_project` [ RunTime:0.0030s ]
NOTIC: [2048] Non-static method Prop\Controller\Check::get_project_id() should not be called statically, assuming $this from incompatible context C:\Program Files\phpStudy\WWW_prop\Application\Prop\Controller\IndexController.class.php 第 25 行.
SQL: SELECT * FROM `prop_project` WHERE ( h_id=36 ) LIMIT 1   [ RunTime:0.0010s ]
NOTIC: [8] Use of undefined constant Y - assumed 'Y' C:\Program Files\phpStudy\WWW_prop\Application\Prop\Controller\IndexController.class.php 第 33 行.
NOTIC: [8] Use of undefined constant m - assumed 'm' C:\Program Files\phpStudy\WWW_prop\Application\Prop\Controller\IndexController.class.php 第 33 行.
NOTIC: [8] Use of undefined constant d - assumed 'd' C:\Program Files\phpStudy\WWW_prop\Application\Prop\Controller\IndexController.class.php 第 33 行.
INFO: [ view_parse ] --START--
INFO: [ template_filter ] --START--
INFO: Run Behavior\ContentReplaceBehavior [ RunTime:0.000000s ]
INFO: [ template_filter ] --END-- [ RunTime:0.000000s ]
INFO: Run Behavior\ParseTemplateBehavior [ RunTime:0.008001s ]
INFO: [ view_parse ] --END-- [ RunTime:0.009001s ]
INFO: [ view_filter ] --START--
INFO: Run Behavior\WriteHtmlCacheBehavior [ RunTime:0.000000s ]
INFO: [ view_filter ] --END-- [ RunTime:0.000000s ]
INFO: [ app_end ] --START--
INFO: Run Behavior\ShowPageTraceBehavior [ RunTime:0.001000s ]
INFO: [ app_end ] --END-- [ RunTime:0.001000s ]

[ 2015-08-20T12:09:16+08:00 ] 127.0.0.1 /
INFO: [ app_init ] --START--
INFO: Run Behavior\BuildLiteBehavior [ RunTime:0.000000s ]
INFO: [ app_init ] --END-- [ RunTime:0.001000s ]
INFO: [ app_begin ] --START--
INFO: Run Behavior\ReadHtmlCacheBehavior [ RunTime:0.001000s ]
INFO: [ app_begin ] --END-- [ RunTime:0.001000s ]
NOTIC: [2048] Non-static method Prop\Controller\Check::check() should not be called statically, assuming $this from incompatible context C:\Program Files\phpStudy\WWW_prop\Application\Prop\Controller\IndexController.class.php 第 7 行.
NOTIC: [2048] Non-static method Prop\Controller\Check::get_project() should not be called statically, assuming $this from incompatible context C:\Program Files\phpStudy\WWW_prop\Application\Prop\Controller\IndexController.class.php 第 24 行.
SQL: SHOW COLUMNS FROM `prop_project` [ RunTime:0.0030s ]
NOTIC: [2048] Non-static method Prop\Controller\Check::get_project_id() should not be called statically, assuming $this from incompatible context C:\Program Files\phpStudy\WWW_prop\Application\Prop\Controller\IndexController.class.php 第 25 行.
SQL: SELECT * FROM `prop_project` WHERE ( h_id=36 ) LIMIT 1   [ RunTime:0.0000s ]
NOTIC: [8] Use of undefined constant Y - assumed 'Y' C:\Program Files\phpStudy\WWW_prop\Application\Prop\Controller\IndexController.class.php 第 33 行.
NOTIC: [8] Use of undefined constant m - assumed 'm' C:\Program Files\phpStudy\WWW_prop\Application\Prop\Controller\IndexController.class.php 第 33 行.
NOTIC: [8] Use of undefined constant d - assumed 'd' C:\Program Files\phpStudy\WWW_prop\Application\Prop\Controller\IndexController.class.php 第 33 行.
INFO: [ view_parse ] --START--
INFO: [ template_filter ] --START--
INFO: Run Behavior\ContentReplaceBehavior [ RunTime:0.001000s ]
INFO: [ template_filter ] --END-- [ RunTime:0.001000s ]
INFO: Run Behavior\ParseTemplateBehavior [ RunTime:0.010000s ]
INFO: [ view_parse ] --END-- [ RunTime:0.010000s ]
INFO: [ view_filter ] --START--
INFO: Run Behavior\WriteHtmlCacheBehavior [ RunTime:0.000000s ]
INFO: [ view_filter ] --END-- [ RunTime:0.000000s ]
INFO: [ app_end ] --START--
INFO: Run Behavior\ShowPageTraceBehavior [ RunTime:0.001001s ]
INFO: [ app_end ] --END-- [ RunTime:0.001001s ]

[ 2015-08-20T12:23:22+08:00 ] 127.0.0.1 /Prop/Server/index.html
INFO: [ app_init ] --START--
INFO: Run Behavior\BuildLiteBehavior [ RunTime:0.000000s ]
INFO: [ app_init ] --END-- [ RunTime:0.001000s ]
INFO: [ app_begin ] --START--
INFO: Run Behavior\ReadHtmlCacheBehavior [ RunTime:0.001000s ]
INFO: [ app_begin ] --END-- [ RunTime:0.001000s ]
NOTIC: [2048] Non-static method Prop\Controller\Check::check() should not be called statically, assuming $this from incompatible context C:\Program Files\phpStudy\WWW_prop\Application\Prop\Controller\ServerController.class.php 第 7 行.
INFO: [ view_parse ] --START--
INFO: [ template_filter ] --START--
INFO: Run Behavior\ContentReplaceBehavior [ RunTime:0.001000s ]
INFO: [ template_filter ] --END-- [ RunTime:0.001000s ]
INFO: Run Behavior\ParseTemplateBehavior [ RunTime:0.009000s ]
INFO: [ view_parse ] --END-- [ RunTime:0.009000s ]
INFO: [ view_filter ] --START--
INFO: Run Behavior\WriteHtmlCacheBehavior [ RunTime:0.001000s ]
INFO: [ view_filter ] --END-- [ RunTime:0.001000s ]
INFO: [ app_end ] --START--
INFO: Run Behavior\ShowPageTraceBehavior [ RunTime:0.001000s ]
INFO: [ app_end ] --END-- [ RunTime:0.001000s ]

[ 2015-08-20T12:23:27+08:00 ] 127.0.0.1 /Prop/Server/index.html
INFO: [ app_init ] --START--
INFO: Run Behavior\BuildLiteBehavior [ RunTime:0.000000s ]
INFO: [ app_init ] --END-- [ RunTime:0.001000s ]
INFO: [ app_begin ] --START--
INFO: Run Behavior\ReadHtmlCacheBehavior [ RunTime:0.001000s ]
INFO: [ app_begin ] --END-- [ RunTime:0.001000s ]
NOTIC: [2048] Non-static method Prop\Controller\Check::check() should not be called statically, assuming $this from incompatible context C:\Program Files\phpStudy\WWW_prop\Application\Prop\Controller\ServerController.class.php 第 7 行.
INFO: [ view_parse ] --START--
INFO: [ template_filter ] --START--
INFO: Run Behavior\ContentReplaceBehavior [ RunTime:0.000000s ]
INFO: [ template_filter ] --END-- [ RunTime:0.000000s ]
INFO: Run Behavior\ParseTemplateBehavior [ RunTime:0.008000s ]
INFO: [ view_parse ] --END-- [ RunTime:0.008000s ]
INFO: [ view_filter ] --START--
INFO: Run Behavior\WriteHtmlCacheBehavior [ RunTime:0.000000s ]
INFO: [ view_filter ] --END-- [ RunTime:0.000000s ]
INFO: [ app_end ] --START--
INFO: Run Behavior\ShowPageTraceBehavior [ RunTime:0.001000s ]
INFO: [ app_end ] --END-- [ RunTime:0.001000s ]

