[ 2015-08-26T09:52:21+08:00 ] 127.0.0.1 /Admin/Project
INFO: [ app_init ] --START--
INFO: Run Behavior\BuildLiteBehavior [ RunTime:0.000000s ]
INFO: [ app_init ] --END-- [ RunTime:0.000000s ]
INFO: [ app_begin ] --START--
INFO: Run Behavior\ReadHtmlCacheBehavior [ RunTime:0.000000s ]
INFO: [ app_begin ] --END-- [ RunTime:0.000000s ]
NOTIC: [2048] Non-static method Admin\Controller\Check::check() should not be called statically, assuming $this from incompatible context C:\Program Files\phpStudy\WWW_prop\Application\Admin\Controller\ProjectController.class.php 第 7 行.
SQL: SHOW COLUMNS FROM `prop_project_manager` [ RunTime:0.0010s ]
SQL: SELECT p.h_id,p.project FROM prop_project_manager m INNER JOIN prop_project p ON m.project_id = p.h_id  WHERE m.uin = '1468'  [ RunTime:0.0000s ]
SQL: SHOW COLUMNS FROM `prop_menu` [ RunTime:0.0290s ]
SQL: SELECT * FROM `prop_menu`  [ RunTime:0.0000s ]
SQL: SHOW COLUMNS FROM `prop_project` [ RunTime:0.0020s ]
SQL: SELECT * FROM `prop_project` WHERE ( h_id=33 ) LIMIT 1   [ RunTime:0.0000s ]
INFO: [ view_parse ] --START--
INFO: [ template_filter ] --START--
INFO: Run Behavior\ContentReplaceBehavior [ RunTime:0.000000s ]
INFO: [ template_filter ] --END-- [ RunTime:0.000000s ]
INFO: Run Behavior\ParseTemplateBehavior [ RunTime:0.012000s ]
INFO: [ view_parse ] --END-- [ RunTime:0.012000s ]
INFO: [ view_filter ] --START--
INFO: Run Behavior\WriteHtmlCacheBehavior [ RunTime:0.000000s ]
INFO: [ view_filter ] --END-- [ RunTime:0.000000s ]
INFO: [ app_end ] --START--
INFO: Run Behavior\ShowPageTraceBehavior [ RunTime:0.001000s ]
INFO: [ app_end ] --END-- [ RunTime:0.001000s ]

[ 2015-08-26T09:52:26+08:00 ] 127.0.0.1 /Admin/Project/index/project_id/36.html
INFO: [ app_init ] --START--
INFO: Run Behavior\BuildLiteBehavior [ RunTime:0.000000s ]
INFO: [ app_init ] --END-- [ RunTime:0.001000s ]
INFO: [ app_begin ] --START--
INFO: Run Behavior\ReadHtmlCacheBehavior [ RunTime:0.001001s ]
INFO: [ app_begin ] --END-- [ RunTime:0.001001s ]
NOTIC: [2048] Non-static method Admin\Controller\Check::check() should not be called statically, assuming $this from incompatible context C:\Program Files\phpStudy\WWW_prop\Application\Admin\Controller\ProjectController.class.php 第 7 行.
SQL: SHOW COLUMNS FROM `prop_project_manager` [ RunTime:0.0020s ]
SQL: SELECT p.h_id,p.project FROM prop_project_manager m INNER JOIN prop_project p ON m.project_id = p.h_id  WHERE m.uin = '1468'  [ RunTime:0.0010s ]
SQL: SHOW COLUMNS FROM `prop_menu` [ RunTime:0.0030s ]
SQL: SELECT * FROM `prop_menu`  [ RunTime:0.0010s ]
SQL: SHOW COLUMNS FROM `prop_project` [ RunTime:0.0030s ]
SQL: SELECT * FROM `prop_project` WHERE ( h_id=36 ) LIMIT 1   [ RunTime:0.0000s ]
INFO: [ view_parse ] --START--
INFO: [ template_filter ] --START--
INFO: Run Behavior\ContentReplaceBehavior [ RunTime:0.000000s ]
INFO: [ template_filter ] --END-- [ RunTime:0.000000s ]
INFO: Run Behavior\ParseTemplateBehavior [ RunTime:0.011001s ]
INFO: [ view_parse ] --END-- [ RunTime:0.012001s ]
INFO: [ view_filter ] --START--
INFO: Run Behavior\WriteHtmlCacheBehavior [ RunTime:0.000000s ]
INFO: [ view_filter ] --END-- [ RunTime:0.000000s ]
INFO: [ app_end ] --START--
INFO: Run Behavior\ShowPageTraceBehavior [ RunTime:0.001000s ]
INFO: [ app_end ] --END-- [ RunTime:0.001000s ]

[ 2015-08-26T09:52:59+08:00 ] 127.0.0.1 /Admin/Project/update_menu/
INFO: [ app_init ] --START--
INFO: Run Behavior\BuildLiteBehavior [ RunTime:0.000000s ]
INFO: [ app_init ] --END-- [ RunTime:0.001000s ]
INFO: [ app_begin ] --START--
INFO: Run Behavior\ReadHtmlCacheBehavior [ RunTime:0.001000s ]
INFO: [ app_begin ] --END-- [ RunTime:0.001000s ]
NOTIC: [2048] Non-static method Admin\Controller\Check::check() should not be called statically, assuming $this from incompatible context C:\Program Files\phpStudy\WWW_prop\Application\Admin\Controller\ProjectController.class.php 第 7 行.
SQL: SHOW COLUMNS FROM `prop_project_manager` [ RunTime:0.0020s ]
SQL: SELECT COUNT(*) AS tp_count FROM `prop_project_manager` WHERE `uin` = 1468 AND `project_id` = 36 LIMIT 1   [ RunTime:0.0010s ]
SQL: SHOW COLUMNS FROM `prop_menu` [ RunTime:0.0030s ]
SQL: SELECT * FROM `prop_menu` WHERE `menu_id` = 6 LIMIT 1   [ RunTime:0.0010s ]
SQL: SELECT * FROM `prop_menu` WHERE `menu_id` = 3 LIMIT 1   [ RunTime:0.0010s ]
SQL: SELECT * FROM `prop_menu` WHERE `menu_id` = 8 LIMIT 1   [ RunTime:0.0000s ]
SQL: SELECT * FROM `prop_menu` WHERE `menu_id` = 1 LIMIT 1   [ RunTime:0.0010s ]
SQL: SELECT * FROM `prop_menu` WHERE `menu_id` = 7 LIMIT 1   [ RunTime:0.0000s ]
SQL: SELECT * FROM `prop_menu` WHERE `menu_id` = 2 LIMIT 1   [ RunTime:0.0000s ]
SQL: SELECT * FROM `prop_menu` WHERE `menu_id` = 5 LIMIT 1   [ RunTime:0.0000s ]
SQL: SHOW COLUMNS FROM `prop_project` [ RunTime:0.0030s ]
NOTIC: [2] Illegal offset type in isset or empty C:\Program Files\phpStudy\WWW_prop\ThinkPHP\Library\Think\Model.class.php 第 445 行.
SQL: UPDATE `prop_project` SET `project_menu`='a:7:{i:6;a:3:{s:9:\"menu_name\";s:6:\"闲置\";s:8:\"menu_url\";s:21:\"/Prop/Idle/index.html\";s:8:\"menu_ico\";s:12:\"icon-archive\";}i:3;a:3:{s:9:\"menu_name\";s:6:\"账单\";s:8:\"menu_url\";s:21:\"/Prop/Bill/index.html\";s:8:\"menu_ico\";s:10:\"icon-money\";}i:8;a:3:{s:9:\"menu_name\";s:6:\"黄页\";s:8:\"menu_url\";s:23:\"/Prop/Yellow/index.html\";s:8:\"menu_ico\";s:16:\"icon-file-text-o\";}i:1;a:3:{s:9:\"menu_name\";s:6:\"资讯\";s:8:\"menu_url\";s:23:\"/Prop/Notice/index.html\";s:8:\"menu_ico\";s:13:\"icon-bullhorn\";}i:7;a:3:{s:9:\"menu_name\";s:6:\"拼车\";s:8:\"menu_url\";s:24:\"/Prop/Carpool/index.html\";s:8:\"menu_ico\";s:9:\"icon-taxi\";}i:2;a:3:{s:9:\"menu_name\";s:6:\"服务\";s:8:\"menu_url\";s:23:\"/Prop/Server/index.html\";s:8:\"menu_ico\";s:9:\"icon-cogs\";}i:5;a:3:{s:9:\"menu_name\";s:6:\"活动\";s:8:\"menu_url\";s:69:\"http://event.guanyu.cn/Home/Api/index?backurl=http://event.guanyu.cn/\";s:8:\"menu_ico\";s:18:\"icon-paper-plane-o\";}}' WHERE `h_id` = 36 [ RunTime:0.0010s ]
INFO: [ app_end ] --START--
INFO: Run Behavior\ShowPageTraceBehavior [ RunTime:0.001000s ]
INFO: [ app_end ] --END-- [ RunTime:0.001000s ]

[ 2015-08-26T09:53:00+08:00 ] 127.0.0.1 /Admin/Project/update_menu/
INFO: [ app_init ] --START--
INFO: Run Behavior\BuildLiteBehavior [ RunTime:0.000000s ]
INFO: [ app_init ] --END-- [ RunTime:0.001000s ]
INFO: [ app_begin ] --START--
INFO: Run Behavior\ReadHtmlCacheBehavior [ RunTime:0.000000s ]
INFO: [ app_begin ] --END-- [ RunTime:0.000000s ]
NOTIC: [2048] Non-static method Admin\Controller\Check::check() should not be called statically, assuming $this from incompatible context C:\Program Files\phpStudy\WWW_prop\Application\Admin\Controller\ProjectController.class.php 第 7 行.
SQL: SHOW COLUMNS FROM `prop_project_manager` [ RunTime:0.0020s ]
SQL: SELECT COUNT(*) AS tp_count FROM `prop_project_manager` WHERE `uin` = 1468 AND `project_id` = 36 LIMIT 1   [ RunTime:0.0000s ]
SQL: SHOW COLUMNS FROM `prop_menu` [ RunTime:0.0020s ]
SQL: SELECT * FROM `prop_menu` WHERE `menu_id` = 4 LIMIT 1   [ RunTime:0.0000s ]
SQL: SELECT * FROM `prop_menu` WHERE `menu_id` = 6 LIMIT 1   [ RunTime:0.0010s ]
SQL: SELECT * FROM `prop_menu` WHERE `menu_id` = 3 LIMIT 1   [ RunTime:0.0000s ]
SQL: SELECT * FROM `prop_menu` WHERE `menu_id` = 8 LIMIT 1   [ RunTime:0.0000s ]
SQL: SELECT * FROM `prop_menu` WHERE `menu_id` = 1 LIMIT 1   [ RunTime:0.0010s ]
SQL: SELECT * FROM `prop_menu` WHERE `menu_id` = 7 LIMIT 1   [ RunTime:0.0000s ]
SQL: SELECT * FROM `prop_menu` WHERE `menu_id` = 2 LIMIT 1   [ RunTime:0.0000s ]
SQL: SELECT * FROM `prop_menu` WHERE `menu_id` = 5 LIMIT 1   [ RunTime:0.0000s ]
SQL: SHOW COLUMNS FROM `prop_project` [ RunTime:0.0030s ]
NOTIC: [2] Illegal offset type in isset or empty C:\Program Files\phpStudy\WWW_prop\ThinkPHP\Library\Think\Model.class.php 第 445 行.
SQL: UPDATE `prop_project` SET `project_menu`='a:8:{i:4;a:3:{s:9:\"menu_name\";s:6:\"快递\";s:8:\"menu_url\";s:20:\"http://fx.guanyu.cn/\";s:8:\"menu_ico\";s:10:\"icon-truck\";}i:6;a:3:{s:9:\"menu_name\";s:6:\"闲置\";s:8:\"menu_url\";s:21:\"/Prop/Idle/index.html\";s:8:\"menu_ico\";s:12:\"icon-archive\";}i:3;a:3:{s:9:\"menu_name\";s:6:\"账单\";s:8:\"menu_url\";s:21:\"/Prop/Bill/index.html\";s:8:\"menu_ico\";s:10:\"icon-money\";}i:8;a:3:{s:9:\"menu_name\";s:6:\"黄页\";s:8:\"menu_url\";s:23:\"/Prop/Yellow/index.html\";s:8:\"menu_ico\";s:16:\"icon-file-text-o\";}i:1;a:3:{s:9:\"menu_name\";s:6:\"资讯\";s:8:\"menu_url\";s:23:\"/Prop/Notice/index.html\";s:8:\"menu_ico\";s:13:\"icon-bullhorn\";}i:7;a:3:{s:9:\"menu_name\";s:6:\"拼车\";s:8:\"menu_url\";s:24:\"/Prop/Carpool/index.html\";s:8:\"menu_ico\";s:9:\"icon-taxi\";}i:2;a:3:{s:9:\"menu_name\";s:6:\"服务\";s:8:\"menu_url\";s:23:\"/Prop/Server/index.html\";s:8:\"menu_ico\";s:9:\"icon-cogs\";}i:5;a:3:{s:9:\"menu_name\";s:6:\"活动\";s:8:\"menu_url\";s:69:\"http://event.guanyu.cn/Home/Api/index?backurl=http://event.guanyu.cn/\";s:8:\"menu_ico\";s:18:\"icon-paper-plane-o\";}}' WHERE `h_id` = 36 [ RunTime:0.0010s ]
INFO: [ app_end ] --START--
INFO: Run Behavior\ShowPageTraceBehavior [ RunTime:0.002000s ]
INFO: [ app_end ] --END-- [ RunTime:0.002000s ]

[ 2015-08-26T17:10:34+08:00 ] 127.0.0.1 /Admin/Project/update_menu/
INFO: [ app_init ] --START--
INFO: Run Behavior\BuildLiteBehavior [ RunTime:0.000000s ]
INFO: [ app_init ] --END-- [ RunTime:0.002000s ]
INFO: [ app_begin ] --START--
INFO: Run Behavior\ReadHtmlCacheBehavior [ RunTime:0.001000s ]
INFO: [ app_begin ] --END-- [ RunTime:0.001000s ]
NOTIC: [2048] Non-static method Admin\Controller\Check::check() should not be called statically, assuming $this from incompatible context C:\Program Files\phpStudy\WWW_prop\Application\Admin\Controller\ProjectController.class.php 第 7 行.
SQL: SHOW COLUMNS FROM `prop_project_manager` [ RunTime:0.0000s ]
SQL: SELECT COUNT(*) AS tp_count FROM `prop_project_manager` WHERE `uin` = 1468 AND `project_id` = 36 LIMIT 1   [ RunTime:0.0000s ]
SQL: SHOW COLUMNS FROM `prop_menu` [ RunTime:0.0000s ]
SQL: SELECT * FROM `prop_menu` WHERE `menu_id` = 4 LIMIT 1   [ RunTime:0.0000s ]
SQL: SELECT * FROM `prop_menu` WHERE `menu_id` = 3 LIMIT 1   [ RunTime:0.0000s ]
SQL: SELECT * FROM `prop_menu` WHERE `menu_id` = 8 LIMIT 1   [ RunTime:0.0000s ]
SQL: SELECT * FROM `prop_menu` WHERE `menu_id` = 1 LIMIT 1   [ RunTime:0.0000s ]
SQL: SELECT * FROM `prop_menu` WHERE `menu_id` = 7 LIMIT 1   [ RunTime:0.0000s ]
SQL: SELECT * FROM `prop_menu` WHERE `menu_id` = 2 LIMIT 1   [ RunTime:0.0000s ]
SQL: SELECT * FROM `prop_menu` WHERE `menu_id` = 5 LIMIT 1   [ RunTime:0.0000s ]
SQL: SHOW COLUMNS FROM `prop_project` [ RunTime:0.0100s ]
NOTIC: [2] Illegal offset type in isset or empty C:\Program Files\phpStudy\WWW_prop\ThinkPHP\Library\Think\Model.class.php 第 445 行.
SQL: UPDATE `prop_project` SET `project_menu`='a:7:{i:4;a:3:{s:9:\"menu_name\";s:6:\"快递\";s:8:\"menu_url\";s:20:\"http://fx.guanyu.cn/\";s:8:\"menu_ico\";s:10:\"icon-truck\";}i:3;a:3:{s:9:\"menu_name\";s:6:\"账单\";s:8:\"menu_url\";s:21:\"/Prop/Bill/index.html\";s:8:\"menu_ico\";s:10:\"icon-money\";}i:8;a:3:{s:9:\"menu_name\";s:6:\"黄页\";s:8:\"menu_url\";s:23:\"/Prop/Yellow/index.html\";s:8:\"menu_ico\";s:16:\"icon-file-text-o\";}i:1;a:3:{s:9:\"menu_name\";s:6:\"资讯\";s:8:\"menu_url\";s:23:\"/Prop/Notice/index.html\";s:8:\"menu_ico\";s:13:\"icon-bullhorn\";}i:7;a:3:{s:9:\"menu_name\";s:6:\"拼车\";s:8:\"menu_url\";s:24:\"/Prop/Carpool/index.html\";s:8:\"menu_ico\";s:9:\"icon-taxi\";}i:2;a:3:{s:9:\"menu_name\";s:6:\"服务\";s:8:\"menu_url\";s:23:\"/Prop/Server/index.html\";s:8:\"menu_ico\";s:9:\"icon-cogs\";}i:5;a:3:{s:9:\"menu_name\";s:6:\"活动\";s:8:\"menu_url\";s:69:\"http://event.guanyu.cn/Home/Api/index?backurl=http://event.guanyu.cn/\";s:8:\"menu_ico\";s:18:\"icon-paper-plane-o\";}}' WHERE `h_id` = 36 [ RunTime:0.0000s ]
INFO: [ app_end ] --START--
INFO: Run Behavior\ShowPageTraceBehavior [ RunTime:0.001000s ]
INFO: [ app_end ] --END-- [ RunTime:0.001000s ]

[ 2015-08-26T17:10:36+08:00 ] 127.0.0.1 /Admin/Project/update_menu/
INFO: [ app_init ] --START--
INFO: Run Behavior\BuildLiteBehavior [ RunTime:0.000000s ]
INFO: [ app_init ] --END-- [ RunTime:0.001000s ]
INFO: [ app_begin ] --START--
INFO: Run Behavior\ReadHtmlCacheBehavior [ RunTime:0.001000s ]
INFO: [ app_begin ] --END-- [ RunTime:0.001000s ]
NOTIC: [2048] Non-static method Admin\Controller\Check::check() should not be called statically, assuming $this from incompatible context C:\Program Files\phpStudy\WWW_prop\Application\Admin\Controller\ProjectController.class.php 第 7 行.
SQL: SHOW COLUMNS FROM `prop_project_manager` [ RunTime:0.0030s ]
SQL: SELECT COUNT(*) AS tp_count FROM `prop_project_manager` WHERE `uin` = 1468 AND `project_id` = 36 LIMIT 1   [ RunTime:0.0000s ]
SQL: SHOW COLUMNS FROM `prop_menu` [ RunTime:0.0020s ]
SQL: SELECT * FROM `prop_menu` WHERE `menu_id` = 4 LIMIT 1   [ RunTime:0.0000s ]
SQL: SELECT * FROM `prop_menu` WHERE `menu_id` = 3 LIMIT 1   [ RunTime:0.0000s ]
SQL: SELECT * FROM `prop_menu` WHERE `menu_id` = 8 LIMIT 1   [ RunTime:0.0000s ]
SQL: SELECT * FROM `prop_menu` WHERE `menu_id` = 1 LIMIT 1   [ RunTime:0.0010s ]
SQL: SELECT * FROM `prop_menu` WHERE `menu_id` = 2 LIMIT 1   [ RunTime:0.0000s ]
SQL: SELECT * FROM `prop_menu` WHERE `menu_id` = 5 LIMIT 1   [ RunTime:0.0000s ]
SQL: SHOW COLUMNS FROM `prop_project` [ RunTime:0.0020s ]
NOTIC: [2] Illegal offset type in isset or empty C:\Program Files\phpStudy\WWW_prop\ThinkPHP\Library\Think\Model.class.php 第 445 行.
SQL: UPDATE `prop_project` SET `project_menu`='a:6:{i:4;a:3:{s:9:\"menu_name\";s:6:\"快递\";s:8:\"menu_url\";s:20:\"http://fx.guanyu.cn/\";s:8:\"menu_ico\";s:10:\"icon-truck\";}i:3;a:3:{s:9:\"menu_name\";s:6:\"账单\";s:8:\"menu_url\";s:21:\"/Prop/Bill/index.html\";s:8:\"menu_ico\";s:10:\"icon-money\";}i:8;a:3:{s:9:\"menu_name\";s:6:\"黄页\";s:8:\"menu_url\";s:23:\"/Prop/Yellow/index.html\";s:8:\"menu_ico\";s:16:\"icon-file-text-o\";}i:1;a:3:{s:9:\"menu_name\";s:6:\"资讯\";s:8:\"menu_url\";s:23:\"/Prop/Notice/index.html\";s:8:\"menu_ico\";s:13:\"icon-bullhorn\";}i:2;a:3:{s:9:\"menu_name\";s:6:\"服务\";s:8:\"menu_url\";s:23:\"/Prop/Server/index.html\";s:8:\"menu_ico\";s:9:\"icon-cogs\";}i:5;a:3:{s:9:\"menu_name\";s:6:\"活动\";s:8:\"menu_url\";s:69:\"http://event.guanyu.cn/Home/Api/index?backurl=http://event.guanyu.cn/\";s:8:\"menu_ico\";s:18:\"icon-paper-plane-o\";}}' WHERE `h_id` = 36 [ RunTime:0.0010s ]
INFO: [ app_end ] --START--
INFO: Run Behavior\ShowPageTraceBehavior [ RunTime:0.000000s ]
INFO: [ app_end ] --END-- [ RunTime:0.000000s ]

[ 2015-08-26T17:10:38+08:00 ] 127.0.0.1 /Admin/Project/update_menu/
INFO: [ app_init ] --START--
INFO: Run Behavior\BuildLiteBehavior [ RunTime:0.000000s ]
INFO: [ app_init ] --END-- [ RunTime:0.000000s ]
INFO: [ app_begin ] --START--
INFO: Run Behavior\ReadHtmlCacheBehavior [ RunTime:0.000000s ]
INFO: [ app_begin ] --END-- [ RunTime:0.000000s ]
NOTIC: [2048] Non-static method Admin\Controller\Check::check() should not be called statically, assuming $this from incompatible context C:\Program Files\phpStudy\WWW_prop\Application\Admin\Controller\ProjectController.class.php 第 7 行.
SQL: SHOW COLUMNS FROM `prop_project_manager` [ RunTime:0.0000s ]
SQL: SELECT COUNT(*) AS tp_count FROM `prop_project_manager` WHERE `uin` = 1468 AND `project_id` = 36 LIMIT 1   [ RunTime:0.0000s ]
SQL: SHOW COLUMNS FROM `prop_menu` [ RunTime:0.0000s ]
SQL: SELECT * FROM `prop_menu` WHERE `menu_id` = 4 LIMIT 1   [ RunTime:0.0025s ]
SQL: SELECT * FROM `prop_menu` WHERE `menu_id` = 3 LIMIT 1   [ RunTime:0.0000s ]
SQL: SELECT * FROM `prop_menu` WHERE `menu_id` = 1 LIMIT 1   [ RunTime:0.0000s ]
SQL: SELECT * FROM `prop_menu` WHERE `menu_id` = 2 LIMIT 1   [ RunTime:0.0000s ]
SQL: SELECT * FROM `prop_menu` WHERE `menu_id` = 5 LIMIT 1   [ RunTime:0.0000s ]
SQL: SHOW COLUMNS FROM `prop_project` [ RunTime:0.0025s ]
NOTIC: [2] Illegal offset type in isset or empty C:\Program Files\phpStudy\WWW_prop\ThinkPHP\Library\Think\Model.class.php 第 445 行.
SQL: UPDATE `prop_project` SET `project_menu`='a:5:{i:4;a:3:{s:9:\"menu_name\";s:6:\"快递\";s:8:\"menu_url\";s:20:\"http://fx.guanyu.cn/\";s:8:\"menu_ico\";s:10:\"icon-truck\";}i:3;a:3:{s:9:\"menu_name\";s:6:\"账单\";s:8:\"menu_url\";s:21:\"/Prop/Bill/index.html\";s:8:\"menu_ico\";s:10:\"icon-money\";}i:1;a:3:{s:9:\"menu_name\";s:6:\"资讯\";s:8:\"menu_url\";s:23:\"/Prop/Notice/index.html\";s:8:\"menu_ico\";s:13:\"icon-bullhorn\";}i:2;a:3:{s:9:\"menu_name\";s:6:\"服务\";s:8:\"menu_url\";s:23:\"/Prop/Server/index.html\";s:8:\"menu_ico\";s:9:\"icon-cogs\";}i:5;a:3:{s:9:\"menu_name\";s:6:\"活动\";s:8:\"menu_url\";s:69:\"http://event.guanyu.cn/Home/Api/index?backurl=http://event.guanyu.cn/\";s:8:\"menu_ico\";s:18:\"icon-paper-plane-o\";}}' WHERE `h_id` = 36 [ RunTime:0.0000s ]
INFO: [ app_end ] --START--
INFO: Run Behavior\ShowPageTraceBehavior [ RunTime:0.000000s ]
INFO: [ app_end ] --END-- [ RunTime:0.000000s ]

[ 2015-08-26T18:12:41+08:00 ] 127.0.0.1 /Admin/Project
INFO: [ app_init ] --START--
INFO: Run Behavior\BuildLiteBehavior [ RunTime:0.000000s ]
INFO: [ app_init ] --END-- [ RunTime:0.001001s ]
INFO: [ app_begin ] --START--
INFO: Run Behavior\ReadHtmlCacheBehavior [ RunTime:0.001000s ]
INFO: [ app_begin ] --END-- [ RunTime:0.001000s ]
NOTIC: [2048] Non-static method Admin\Controller\Check::check() should not be called statically, assuming $this from incompatible context C:\Program Files\phpStudy\WWW_prop\Application\Admin\Controller\ProjectController.class.php 第 7 行.
SQL: SHOW COLUMNS FROM `prop_project_manager` [ RunTime:0.0020s ]
SQL: SELECT p.h_id,p.project FROM prop_project_manager m INNER JOIN prop_project p ON m.project_id = p.h_id  WHERE m.uin = '1468'  [ RunTime:0.0010s ]
SQL: SHOW COLUMNS FROM `prop_menu` [ RunTime:0.0010s ]
SQL: SELECT * FROM `prop_menu`  [ RunTime:0.0000s ]
SQL: SHOW COLUMNS FROM `prop_project` [ RunTime:0.0010s ]
SQL: SELECT * FROM `prop_project` WHERE ( h_id=33 ) LIMIT 1   [ RunTime:0.0000s ]
INFO: [ view_parse ] --START--
INFO: [ template_filter ] --START--
INFO: Run Behavior\ContentReplaceBehavior [ RunTime:0.001000s ]
INFO: [ template_filter ] --END-- [ RunTime:0.001000s ]
INFO: Run Behavior\ParseTemplateBehavior [ RunTime:0.013000s ]
INFO: [ view_parse ] --END-- [ RunTime:0.013000s ]
INFO: [ view_filter ] --START--
INFO: Run Behavior\WriteHtmlCacheBehavior [ RunTime:0.000000s ]
INFO: [ view_filter ] --END-- [ RunTime:0.000000s ]
INFO: [ app_end ] --START--
INFO: Run Behavior\ShowPageTraceBehavior [ RunTime:0.001000s ]
INFO: [ app_end ] --END-- [ RunTime:0.001000s ]

[ 2015-08-26T18:15:07+08:00 ] 127.0.0.1 /Admin/Project/index/project_id/36.html
INFO: [ app_init ] --START--
INFO: Run Behavior\BuildLiteBehavior [ RunTime:0.000000s ]
INFO: [ app_init ] --END-- [ RunTime:0.000000s ]
INFO: [ app_begin ] --START--
INFO: Run Behavior\ReadHtmlCacheBehavior [ RunTime:0.001000s ]
INFO: [ app_begin ] --END-- [ RunTime:0.001000s ]
NOTIC: [2048] Non-static method Admin\Controller\Check::check() should not be called statically, assuming $this from incompatible context C:\Program Files\phpStudy\WWW_prop\Application\Admin\Controller\ProjectController.class.php 第 7 行.
SQL: SHOW COLUMNS FROM `prop_project_manager` [ RunTime:0.0020s ]
SQL: SELECT p.h_id,p.project FROM prop_project_manager m INNER JOIN prop_project p ON m.project_id = p.h_id  WHERE m.uin = '1468'  [ RunTime:0.0010s ]
SQL: SHOW COLUMNS FROM `prop_menu` [ RunTime:0.0010s ]
SQL: SELECT * FROM `prop_menu`  [ RunTime:0.0000s ]
SQL: SHOW COLUMNS FROM `prop_project` [ RunTime:0.0030s ]
SQL: SELECT * FROM `prop_project` WHERE ( h_id=36 ) LIMIT 1   [ RunTime:0.0000s ]
INFO: [ view_parse ] --START--
INFO: [ template_filter ] --START--
INFO: Run Behavior\ContentReplaceBehavior [ RunTime:0.000000s ]
INFO: [ template_filter ] --END-- [ RunTime:0.000000s ]
INFO: Run Behavior\ParseTemplateBehavior [ RunTime:0.012001s ]
INFO: [ view_parse ] --END-- [ RunTime:0.013001s ]
INFO: [ view_filter ] --START--
INFO: Run Behavior\WriteHtmlCacheBehavior [ RunTime:0.001000s ]
INFO: [ view_filter ] --END-- [ RunTime:0.001000s ]
INFO: [ app_end ] --START--
INFO: Run Behavior\ShowPageTraceBehavior [ RunTime:0.001000s ]
INFO: [ app_end ] --END-- [ RunTime:0.001000s ]

[ 2015-08-26T18:15:11+08:00 ] 127.0.0.1 /Admin/Project/update_menu/
INFO: [ app_init ] --START--
INFO: Run Behavior\BuildLiteBehavior [ RunTime:0.000000s ]
INFO: [ app_init ] --END-- [ RunTime:0.000000s ]
INFO: [ app_begin ] --START--
INFO: Run Behavior\ReadHtmlCacheBehavior [ RunTime:0.001000s ]
INFO: [ app_begin ] --END-- [ RunTime:0.001000s ]
NOTIC: [2048] Non-static method Admin\Controller\Check::check() should not be called statically, assuming $this from incompatible context C:\Program Files\phpStudy\WWW_prop\Application\Admin\Controller\ProjectController.class.php 第 7 行.
SQL: SHOW COLUMNS FROM `prop_project_manager` [ RunTime:0.0020s ]
SQL: SELECT COUNT(*) AS tp_count FROM `prop_project_manager` WHERE `uin` = 1468 AND `project_id` = 36 LIMIT 1   [ RunTime:0.0000s ]
SQL: SHOW COLUMNS FROM `prop_menu` [ RunTime:0.0010s ]
SQL: SELECT * FROM `prop_menu` WHERE `menu_id` = 4 LIMIT 1   [ RunTime:0.0000s ]
SQL: SELECT * FROM `prop_menu` WHERE `menu_id` = 3 LIMIT 1   [ RunTime:0.0000s ]
SQL: SELECT * FROM `prop_menu` WHERE `menu_id` = 1 LIMIT 1   [ RunTime:0.0000s ]
SQL: SELECT * FROM `prop_menu` WHERE `menu_id` = 2 LIMIT 1   [ RunTime:0.0000s ]
SQL: SELECT * FROM `prop_menu` WHERE `menu_id` = 5 LIMIT 1   [ RunTime:0.0000s ]
SQL: SELECT * FROM `prop_menu` WHERE `menu_id` = 6 LIMIT 1   [ RunTime:0.0000s ]
SQL: SHOW COLUMNS FROM `prop_project` [ RunTime:0.0020s ]
NOTIC: [2] Illegal offset type in isset or empty C:\Program Files\phpStudy\WWW_prop\ThinkPHP\Library\Think\Model.class.php 第 445 行.
SQL: UPDATE `prop_project` SET `project_menu`='a:6:{i:4;a:3:{s:9:\"menu_name\";s:6:\"快递\";s:8:\"menu_url\";s:20:\"http://fx.guanyu.cn/\";s:8:\"menu_ico\";s:10:\"icon-truck\";}i:3;a:3:{s:9:\"menu_name\";s:6:\"账单\";s:8:\"menu_url\";s:21:\"/Prop/Bill/index.html\";s:8:\"menu_ico\";s:10:\"icon-money\";}i:1;a:3:{s:9:\"menu_name\";s:6:\"资讯\";s:8:\"menu_url\";s:23:\"/Prop/Notice/index.html\";s:8:\"menu_ico\";s:13:\"icon-bullhorn\";}i:2;a:3:{s:9:\"menu_name\";s:6:\"服务\";s:8:\"menu_url\";s:23:\"/Prop/Server/index.html\";s:8:\"menu_ico\";s:9:\"icon-cogs\";}i:5;a:3:{s:9:\"menu_name\";s:6:\"活动\";s:8:\"menu_url\";s:69:\"http://event.guanyu.cn/Home/Api/index?backurl=http://event.guanyu.cn/\";s:8:\"menu_ico\";s:18:\"icon-paper-plane-o\";}i:6;a:3:{s:9:\"menu_name\";s:6:\"闲置\";s:8:\"menu_url\";s:21:\"/Prop/Idle/index.html\";s:8:\"menu_ico\";s:12:\"icon-archive\";}}' WHERE `h_id` = 36 [ RunTime:0.0000s ]
INFO: [ app_end ] --START--
INFO: Run Behavior\ShowPageTraceBehavior [ RunTime:0.000000s ]
INFO: [ app_end ] --END-- [ RunTime:0.001000s ]

[ 2015-08-26T18:15:11+08:00 ] 127.0.0.1 /Admin/Project/update_menu/
INFO: [ app_init ] --START--
INFO: Run Behavior\BuildLiteBehavior [ RunTime:0.000000s ]
INFO: [ app_init ] --END-- [ RunTime:0.001000s ]
INFO: [ app_begin ] --START--
INFO: Run Behavior\ReadHtmlCacheBehavior [ RunTime:0.001000s ]
INFO: [ app_begin ] --END-- [ RunTime:0.001000s ]
NOTIC: [2048] Non-static method Admin\Controller\Check::check() should not be called statically, assuming $this from incompatible context C:\Program Files\phpStudy\WWW_prop\Application\Admin\Controller\ProjectController.class.php 第 7 行.
SQL: SHOW COLUMNS FROM `prop_project_manager` [ RunTime:0.0020s ]
SQL: SELECT COUNT(*) AS tp_count FROM `prop_project_manager` WHERE `uin` = 1468 AND `project_id` = 36 LIMIT 1   [ RunTime:0.0000s ]
SQL: SHOW COLUMNS FROM `prop_menu` [ RunTime:0.0020s ]
SQL: SELECT * FROM `prop_menu` WHERE `menu_id` = 4 LIMIT 1   [ RunTime:0.0000s ]
SQL: SELECT * FROM `prop_menu` WHERE `menu_id` = 3 LIMIT 1   [ RunTime:0.0010s ]
SQL: SELECT * FROM `prop_menu` WHERE `menu_id` = 1 LIMIT 1   [ RunTime:0.0000s ]
SQL: SELECT * FROM `prop_menu` WHERE `menu_id` = 2 LIMIT 1   [ RunTime:0.0000s ]
SQL: SELECT * FROM `prop_menu` WHERE `menu_id` = 5 LIMIT 1   [ RunTime:0.0000s ]
SQL: SELECT * FROM `prop_menu` WHERE `menu_id` = 6 LIMIT 1   [ RunTime:0.0000s ]
SQL: SELECT * FROM `prop_menu` WHERE `menu_id` = 7 LIMIT 1   [ RunTime:0.0000s ]
SQL: SHOW COLUMNS FROM `prop_project` [ RunTime:0.0020s ]
NOTIC: [2] Illegal offset type in isset or empty C:\Program Files\phpStudy\WWW_prop\ThinkPHP\Library\Think\Model.class.php 第 445 行.
SQL: UPDATE `prop_project` SET `project_menu`='a:7:{i:4;a:3:{s:9:\"menu_name\";s:6:\"快递\";s:8:\"menu_url\";s:20:\"http://fx.guanyu.cn/\";s:8:\"menu_ico\";s:10:\"icon-truck\";}i:3;a:3:{s:9:\"menu_name\";s:6:\"账单\";s:8:\"menu_url\";s:21:\"/Prop/Bill/index.html\";s:8:\"menu_ico\";s:10:\"icon-money\";}i:1;a:3:{s:9:\"menu_name\";s:6:\"资讯\";s:8:\"menu_url\";s:23:\"/Prop/Notice/index.html\";s:8:\"menu_ico\";s:13:\"icon-bullhorn\";}i:2;a:3:{s:9:\"menu_name\";s:6:\"服务\";s:8:\"menu_url\";s:23:\"/Prop/Server/index.html\";s:8:\"menu_ico\";s:9:\"icon-cogs\";}i:5;a:3:{s:9:\"menu_name\";s:6:\"活动\";s:8:\"menu_url\";s:69:\"http://event.guanyu.cn/Home/Api/index?backurl=http://event.guanyu.cn/\";s:8:\"menu_ico\";s:18:\"icon-paper-plane-o\";}i:6;a:3:{s:9:\"menu_name\";s:6:\"闲置\";s:8:\"menu_url\";s:21:\"/Prop/Idle/index.html\";s:8:\"menu_ico\";s:12:\"icon-archive\";}i:7;a:3:{s:9:\"menu_name\";s:6:\"拼车\";s:8:\"menu_url\";s:24:\"/Prop/Carpool/index.html\";s:8:\"menu_ico\";s:9:\"icon-taxi\";}}' WHERE `h_id` = 36 [ RunTime:0.0000s ]
INFO: [ app_end ] --START--
INFO: Run Behavior\ShowPageTraceBehavior [ RunTime:0.001000s ]
INFO: [ app_end ] --END-- [ RunTime:0.001000s ]

[ 2015-08-26T18:15:12+08:00 ] 127.0.0.1 /Admin/Project/update_menu/
INFO: [ app_init ] --START--
INFO: Run Behavior\BuildLiteBehavior [ RunTime:0.000000s ]
INFO: [ app_init ] --END-- [ RunTime:0.000000s ]
INFO: [ app_begin ] --START--
INFO: Run Behavior\ReadHtmlCacheBehavior [ RunTime:0.001001s ]
INFO: [ app_begin ] --END-- [ RunTime:0.001001s ]
NOTIC: [2048] Non-static method Admin\Controller\Check::check() should not be called statically, assuming $this from incompatible context C:\Program Files\phpStudy\WWW_prop\Application\Admin\Controller\ProjectController.class.php 第 7 行.
SQL: SHOW COLUMNS FROM `prop_project_manager` [ RunTime:0.0040s ]
SQL: SELECT COUNT(*) AS tp_count FROM `prop_project_manager` WHERE `uin` = 1468 AND `project_id` = 36 LIMIT 1   [ RunTime:0.0010s ]
SQL: SHOW COLUMNS FROM `prop_menu` [ RunTime:0.0030s ]
SQL: SELECT * FROM `prop_menu` WHERE `menu_id` = 4 LIMIT 1   [ RunTime:0.0010s ]
SQL: SELECT * FROM `prop_menu` WHERE `menu_id` = 3 LIMIT 1   [ RunTime:0.0040s ]
SQL: SELECT * FROM `prop_menu` WHERE `menu_id` = 1 LIMIT 1   [ RunTime:0.0000s ]
SQL: SELECT * FROM `prop_menu` WHERE `menu_id` = 2 LIMIT 1   [ RunTime:0.0000s ]
SQL: SELECT * FROM `prop_menu` WHERE `menu_id` = 5 LIMIT 1   [ RunTime:0.0000s ]
SQL: SELECT * FROM `prop_menu` WHERE `menu_id` = 6 LIMIT 1   [ RunTime:0.0010s ]
SQL: SELECT * FROM `prop_menu` WHERE `menu_id` = 7 LIMIT 1   [ RunTime:0.0020s ]
SQL: SELECT * FROM `prop_menu` WHERE `menu_id` = 8 LIMIT 1   [ RunTime:0.0000s ]
SQL: SHOW COLUMNS FROM `prop_project` [ RunTime:0.0040s ]
NOTIC: [2] Illegal offset type in isset or empty C:\Program Files\phpStudy\WWW_prop\ThinkPHP\Library\Think\Model.class.php 第 445 行.
SQL: UPDATE `prop_project` SET `project_menu`='a:8:{i:4;a:3:{s:9:\"menu_name\";s:6:\"快递\";s:8:\"menu_url\";s:20:\"http://fx.guanyu.cn/\";s:8:\"menu_ico\";s:10:\"icon-truck\";}i:3;a:3:{s:9:\"menu_name\";s:6:\"账单\";s:8:\"menu_url\";s:21:\"/Prop/Bill/index.html\";s:8:\"menu_ico\";s:10:\"icon-money\";}i:1;a:3:{s:9:\"menu_name\";s:6:\"资讯\";s:8:\"menu_url\";s:23:\"/Prop/Notice/index.html\";s:8:\"menu_ico\";s:13:\"icon-bullhorn\";}i:2;a:3:{s:9:\"menu_name\";s:6:\"服务\";s:8:\"menu_url\";s:23:\"/Prop/Server/index.html\";s:8:\"menu_ico\";s:9:\"icon-cogs\";}i:5;a:3:{s:9:\"menu_name\";s:6:\"活动\";s:8:\"menu_url\";s:69:\"http://event.guanyu.cn/Home/Api/index?backurl=http://event.guanyu.cn/\";s:8:\"menu_ico\";s:18:\"icon-paper-plane-o\";}i:6;a:3:{s:9:\"menu_name\";s:6:\"闲置\";s:8:\"menu_url\";s:21:\"/Prop/Idle/index.html\";s:8:\"menu_ico\";s:12:\"icon-archive\";}i:7;a:3:{s:9:\"menu_name\";s:6:\"拼车\";s:8:\"menu_url\";s:24:\"/Prop/Carpool/index.html\";s:8:\"menu_ico\";s:9:\"icon-taxi\";}i:8;a:3:{s:9:\"menu_name\";s:6:\"黄页\";s:8:\"menu_url\";s:23:\"/Prop/Yellow/index.html\";s:8:\"menu_ico\";s:16:\"icon-file-text-o\";}}' WHERE `h_id` = 36 [ RunTime:0.0020s ]
INFO: [ app_end ] --START--
INFO: Run Behavior\ShowPageTraceBehavior [ RunTime:0.001000s ]
INFO: [ app_end ] --END-- [ RunTime:0.001000s ]

