[ 2015-09-02T14:06:11+08:00 ] 192.168.2.124 /Admin/MenuTree?callback=jQuery21404405926594045013_1441173731040&_=1441173731041
INFO: [ app_init ] --START--
INFO: Run Behavior\BuildLiteBehavior [ RunTime:0.000000s ]
INFO: [ app_init ] --END-- [ RunTime:0.010000s ]
INFO: [ app_begin ] --START--
INFO: Run Behavior\ReadHtmlCacheBehavior [ RunTime:0.000000s ]
INFO: [ app_begin ] --END-- [ RunTime:0.000000s ]

[ 2015-09-02T14:06:12+08:00 ] 192.168.2.124 /Admin/Notice/index.html
INFO: [ app_init ] --START--
INFO: Run Behavior\BuildLiteBehavior [ RunTime:0.000000s ]
INFO: [ app_init ] --END-- [ RunTime:0.000000s ]
INFO: [ app_begin ] --START--
INFO: Run Behavior\ReadHtmlCacheBehavior [ RunTime:0.000000s ]
INFO: [ app_begin ] --END-- [ RunTime:0.000000s ]
NOTIC: [2048] Non-static method Admin\Controller\Check::check() should not be called statically, assuming $this from incompatible context C:\Program Files\phpStudy\WWW_prop\Application\Admin\Controller\NoticeController.class.php 第 8 行.

[ 2015-09-02T14:06:13+08:00 ] 192.168.2.124 /Admin/Login/index.html?backurl=http://prop.zzp.cn/Admin/Notice
INFO: [ app_init ] --START--
INFO: Run Behavior\BuildLiteBehavior [ RunTime:0.000000s ]
INFO: [ app_init ] --END-- [ RunTime:0.000000s ]
INFO: [ app_begin ] --START--
INFO: Run Behavior\ReadHtmlCacheBehavior [ RunTime:0.000000s ]
INFO: [ app_begin ] --END-- [ RunTime:0.000000s ]
INFO: [ view_parse ] --START--
INFO: [ template_filter ] --START--
INFO: Run Behavior\ContentReplaceBehavior [ RunTime:0.000000s ]
INFO: [ template_filter ] --END-- [ RunTime:0.000000s ]
NOTIC: [8] Undefined variable: webname C:\Program Files\phpStudy\WWW_prop\Application\Runtime\Cache\Admin\2413a4ed422c62341e4ae44a15949ed4.php 第 10 行.
INFO: Run Behavior\ParseTemplateBehavior [ RunTime:0.045003s ]
INFO: [ view_parse ] --END-- [ RunTime:0.045003s ]
INFO: [ view_filter ] --START--
INFO: Run Behavior\WriteHtmlCacheBehavior [ RunTime:0.001000s ]
INFO: [ view_filter ] --END-- [ RunTime:0.001000s ]
INFO: [ app_end ] --START--
INFO: Run Behavior\ShowPageTraceBehavior [ RunTime:0.001000s ]
INFO: [ app_end ] --END-- [ RunTime:0.002000s ]

[ 2015-09-02T16:27:55+08:00 ] 192.168.2.124 /Admin/MenuTree?callback=jQuery214023718948755413294_1441182472035&_=1441182472036
INFO: [ app_init ] --START--
INFO: Run Behavior\BuildLiteBehavior [ RunTime:0.000000s ]
INFO: [ app_init ] --END-- [ RunTime:0.000000s ]
INFO: [ app_begin ] --START--
INFO: Run Behavior\ReadHtmlCacheBehavior [ RunTime:0.001001s ]
INFO: [ app_begin ] --END-- [ RunTime:0.001001s ]

[ 2015-09-02T16:27:56+08:00 ] 192.168.2.124 /Admin/Notice/index.html
INFO: [ app_init ] --START--
INFO: Run Behavior\BuildLiteBehavior [ RunTime:0.000000s ]
INFO: [ app_init ] --END-- [ RunTime:0.000000s ]
INFO: [ app_begin ] --START--
INFO: Run Behavior\ReadHtmlCacheBehavior [ RunTime:0.001000s ]
INFO: [ app_begin ] --END-- [ RunTime:0.001000s ]
NOTIC: [2048] Non-static method Admin\Controller\Check::check() should not be called statically, assuming $this from incompatible context C:\Program Files\phpStudy\WWW_prop\Application\Admin\Controller\NoticeController.class.php 第 8 行.

[ 2015-09-02T16:30:46+08:00 ] 127.0.0.1 /Admin/Yellow/index.html
INFO: [ app_init ] --START--
INFO: Run Behavior\BuildLiteBehavior [ RunTime:0.000000s ]
INFO: [ app_init ] --END-- [ RunTime:0.000000s ]
INFO: [ app_begin ] --START--
INFO: Run Behavior\ReadHtmlCacheBehavior [ RunTime:0.001000s ]
INFO: [ app_begin ] --END-- [ RunTime:0.001000s ]
NOTIC: [2048] Non-static method Admin\Controller\Check::check() should not be called statically, assuming $this from incompatible context C:\Program Files\phpStudy\WWW_prop\Application\Admin\Controller\YellowController.class.php 第 8 行.

[ 2015-09-02T16:30:48+08:00 ] 127.0.0.1 /Admin/Login/index.html?backurl=http://prop.zzp.cn/Admin/Yellow
INFO: [ app_init ] --START--
INFO: Run Behavior\BuildLiteBehavior [ RunTime:0.001000s ]
INFO: [ app_init ] --END-- [ RunTime:0.001000s ]
INFO: [ app_begin ] --START--
INFO: Run Behavior\ReadHtmlCacheBehavior [ RunTime:0.000000s ]
INFO: [ app_begin ] --END-- [ RunTime:0.001000s ]
INFO: [ view_parse ] --START--
INFO: [ template_filter ] --START--
INFO: Run Behavior\ContentReplaceBehavior [ RunTime:0.000000s ]
INFO: [ template_filter ] --END-- [ RunTime:0.000000s ]
NOTIC: [8] Undefined variable: webname C:\Program Files\phpStudy\WWW_prop\Application\Runtime\Cache\Admin\2413a4ed422c62341e4ae44a15949ed4.php 第 10 行.
INFO: Run Behavior\ParseTemplateBehavior [ RunTime:0.007000s ]
INFO: [ view_parse ] --END-- [ RunTime:0.007000s ]
INFO: [ view_filter ] --START--
INFO: Run Behavior\WriteHtmlCacheBehavior [ RunTime:0.000000s ]
INFO: [ view_filter ] --END-- [ RunTime:0.000000s ]
INFO: [ app_end ] --START--
INFO: Run Behavior\ShowPageTraceBehavior [ RunTime:0.001000s ]
INFO: [ app_end ] --END-- [ RunTime:0.001000s ]

[ 2015-09-02T16:30:49+08:00 ] 127.0.0.1 /Admin/Login/index?token=4696AggJBFMGBQUFUl0ABgYCWVYMDwAOBFRQAFoDVlYCAVkDDw4MUA&backurl=http://prop.zzp.cn/Admin/Yellow
INFO: [ app_init ] --START--
INFO: Run Behavior\BuildLiteBehavior [ RunTime:0.000000s ]
INFO: [ app_init ] --END-- [ RunTime:0.000000s ]
INFO: [ app_begin ] --START--
INFO: Run Behavior\ReadHtmlCacheBehavior [ RunTime:0.000000s ]
INFO: [ app_begin ] --END-- [ RunTime:0.000000s ]
INFO: [ app_end ] --START--
INFO: Run Behavior\ShowPageTraceBehavior [ RunTime:0.001000s ]
INFO: [ app_end ] --END-- [ RunTime:0.001000s ]

[ 2015-09-02T16:30:50+08:00 ] 127.0.0.1 /Admin/Yellow
INFO: [ app_init ] --START--
INFO: Run Behavior\BuildLiteBehavior [ RunTime:0.000000s ]
INFO: [ app_init ] --END-- [ RunTime:0.001000s ]
INFO: [ app_begin ] --START--
INFO: Run Behavior\ReadHtmlCacheBehavior [ RunTime:0.001000s ]
INFO: [ app_begin ] --END-- [ RunTime:0.001000s ]
NOTIC: [2048] Non-static method Admin\Controller\Check::check() should not be called statically, assuming $this from incompatible context C:\Program Files\phpStudy\WWW_prop\Application\Admin\Controller\YellowController.class.php 第 8 行.

[ 2015-09-02T16:30:59+08:00 ] 127.0.0.1 /Admin/Login/index.html?backurl=http://prop.zzp.cn/Admin/Yellow
INFO: [ app_init ] --START--
INFO: Run Behavior\BuildLiteBehavior [ RunTime:0.000000s ]
INFO: [ app_init ] --END-- [ RunTime:0.000000s ]
INFO: [ app_begin ] --START--
INFO: Run Behavior\ReadHtmlCacheBehavior [ RunTime:0.001000s ]
INFO: [ app_begin ] --END-- [ RunTime:0.001000s ]
INFO: [ view_parse ] --START--
INFO: [ template_filter ] --START--
INFO: Run Behavior\ContentReplaceBehavior [ RunTime:0.000000s ]
INFO: [ template_filter ] --END-- [ RunTime:0.000000s ]
NOTIC: [8] Undefined variable: webname C:\Program Files\phpStudy\WWW_prop\Application\Runtime\Cache\Admin\2413a4ed422c62341e4ae44a15949ed4.php 第 10 行.
INFO: Run Behavior\ParseTemplateBehavior [ RunTime:0.007001s ]
INFO: [ view_parse ] --END-- [ RunTime:0.007001s ]
INFO: [ view_filter ] --START--
INFO: Run Behavior\WriteHtmlCacheBehavior [ RunTime:0.001000s ]
INFO: [ view_filter ] --END-- [ RunTime:0.001000s ]
INFO: [ app_end ] --START--
INFO: Run Behavior\ShowPageTraceBehavior [ RunTime:0.000000s ]
INFO: [ app_end ] --END-- [ RunTime:0.000000s ]

[ 2015-09-02T16:31:00+08:00 ] 127.0.0.1 /Admin/Login/index?token=d766AgkDVFIFUwhUAVdRA1UADgRUB1ELBQELB1BUA1IDDQ8DDgRcUQ&backurl=http://prop.zzp.cn/Admin/Yellow
INFO: [ app_init ] --START--
INFO: Run Behavior\BuildLiteBehavior [ RunTime:0.000000s ]
INFO: [ app_init ] --END-- [ RunTime:0.000000s ]
INFO: [ app_begin ] --START--
INFO: Run Behavior\ReadHtmlCacheBehavior [ RunTime:0.001000s ]
INFO: [ app_begin ] --END-- [ RunTime:0.001000s ]
INFO: [ app_end ] --START--
INFO: Run Behavior\ShowPageTraceBehavior [ RunTime:0.001000s ]
INFO: [ app_end ] --END-- [ RunTime:0.001000s ]

[ 2015-09-02T16:31:02+08:00 ] 127.0.0.1 /Admin/Yellow
INFO: [ app_init ] --START--
INFO: Run Behavior\BuildLiteBehavior [ RunTime:0.000000s ]
INFO: [ app_init ] --END-- [ RunTime:0.000000s ]
INFO: [ app_begin ] --START--
INFO: Run Behavior\ReadHtmlCacheBehavior [ RunTime:0.001001s ]
INFO: [ app_begin ] --END-- [ RunTime:0.001001s ]
NOTIC: [2048] Non-static method Admin\Controller\Check::check() should not be called statically, assuming $this from incompatible context C:\Program Files\phpStudy\WWW_prop\Application\Admin\Controller\YellowController.class.php 第 8 行.
SQL: SHOW COLUMNS FROM `prop_project_manager` [ RunTime:0.0030s ]
SQL: SELECT `project_id` FROM `prop_project_manager` WHERE ( uin=1468 )  [ RunTime:0.0000s ]
SQL: SELECT p.h_id,p.project FROM prop_project_manager m INNER JOIN prop_project p ON m.project_id = p.h_id  WHERE m.uin = '1468'  [ RunTime:0.0010s ]
SQL: SHOW COLUMNS FROM `prop_yellow` [ RunTime:0.0020s ]
SQL: SELECT `yellow_id`,`yellow_name`,`yellow_have_child` FROM `prop_yellow` WHERE `project_id` = 33 AND `yellow_parent` = 0  [ RunTime:0.0000s ]
INFO: [ view_parse ] --START--
INFO: [ template_filter ] --START--
INFO: Run Behavior\ContentReplaceBehavior [ RunTime:0.000000s ]
INFO: [ template_filter ] --END-- [ RunTime:0.000000s ]
INFO: Run Behavior\ParseTemplateBehavior [ RunTime:0.012001s ]
INFO: [ view_parse ] --END-- [ RunTime:0.012001s ]
INFO: [ view_filter ] --START--
INFO: Run Behavior\WriteHtmlCacheBehavior [ RunTime:0.000000s ]
INFO: [ view_filter ] --END-- [ RunTime:0.001000s ]
INFO: [ app_end ] --START--
INFO: Run Behavior\ShowPageTraceBehavior [ RunTime:0.001000s ]
INFO: [ app_end ] --END-- [ RunTime:0.001000s ]

[ 2015-09-02T16:31:06+08:00 ] 127.0.0.1 /Admin/Yellow/index/project_id/36.html
INFO: [ app_init ] --START--
INFO: Run Behavior\BuildLiteBehavior [ RunTime:0.000000s ]
INFO: [ app_init ] --END-- [ RunTime:0.000000s ]
INFO: [ app_begin ] --START--
INFO: Run Behavior\ReadHtmlCacheBehavior [ RunTime:0.001000s ]
INFO: [ app_begin ] --END-- [ RunTime:0.001000s ]
NOTIC: [2048] Non-static method Admin\Controller\Check::check() should not be called statically, assuming $this from incompatible context C:\Program Files\phpStudy\WWW_prop\Application\Admin\Controller\YellowController.class.php 第 8 行.
SQL: SHOW COLUMNS FROM `prop_project_manager` [ RunTime:0.0030s ]
SQL: SELECT p.h_id,p.project FROM prop_project_manager m INNER JOIN prop_project p ON m.project_id = p.h_id  WHERE m.uin = '1468'  [ RunTime:0.0000s ]
SQL: SHOW COLUMNS FROM `prop_yellow` [ RunTime:0.0020s ]
SQL: SELECT `yellow_id`,`yellow_name`,`yellow_have_child` FROM `prop_yellow` WHERE `project_id` = 36 AND `yellow_parent` = 0  [ RunTime:0.0010s ]
INFO: [ view_parse ] --START--
INFO: [ template_filter ] --START--
INFO: Run Behavior\ContentReplaceBehavior [ RunTime:0.001000s ]
INFO: [ template_filter ] --END-- [ RunTime:0.001000s ]
INFO: Run Behavior\ParseTemplateBehavior [ RunTime:0.012000s ]
INFO: [ view_parse ] --END-- [ RunTime:0.012000s ]
INFO: [ view_filter ] --START--
INFO: Run Behavior\WriteHtmlCacheBehavior [ RunTime:0.001000s ]
INFO: [ view_filter ] --END-- [ RunTime:0.001000s ]
INFO: [ app_end ] --START--
INFO: Run Behavior\ShowPageTraceBehavior [ RunTime:0.001001s ]
INFO: [ app_end ] --END-- [ RunTime:0.001001s ]

[ 2015-09-02T16:31:09+08:00 ] 127.0.0.1 /Admin/Yellow/yellow_edit/?yellow_id=2
INFO: [ app_init ] --START--
INFO: Run Behavior\BuildLiteBehavior [ RunTime:0.000000s ]
INFO: [ app_init ] --END-- [ RunTime:0.000000s ]
INFO: [ app_begin ] --START--
INFO: Run Behavior\ReadHtmlCacheBehavior [ RunTime:0.001000s ]
INFO: [ app_begin ] --END-- [ RunTime:0.001000s ]
NOTIC: [2048] Non-static method Admin\Controller\Check::check() should not be called statically, assuming $this from incompatible context C:\Program Files\phpStudy\WWW_prop\Application\Admin\Controller\YellowController.class.php 第 8 行.
SQL: SHOW COLUMNS FROM `prop_yellow` [ RunTime:0.0030s ]
SQL: SELECT * FROM `prop_yellow` WHERE ( yellow_id=2 ) LIMIT 1   [ RunTime:0.0000s ]
SQL: SHOW COLUMNS FROM `prop_project_manager` [ RunTime:0.0020s ]
SQL: SELECT COUNT(*) AS tp_count FROM `prop_project_manager` WHERE `uin` = 1468 AND `project_id` = 36 LIMIT 1   [ RunTime:0.0000s ]
INFO: [ view_parse ] --START--
INFO: [ template_filter ] --START--
INFO: Run Behavior\ContentReplaceBehavior [ RunTime:0.000000s ]
INFO: [ template_filter ] --END-- [ RunTime:0.000000s ]
INFO: Run Behavior\ParseTemplateBehavior [ RunTime:0.008001s ]
INFO: [ view_parse ] --END-- [ RunTime:0.008001s ]
INFO: [ view_filter ] --START--
INFO: Run Behavior\WriteHtmlCacheBehavior [ RunTime:0.000000s ]
INFO: [ view_filter ] --END-- [ RunTime:0.001000s ]
INFO: [ app_end ] --START--
INFO: Run Behavior\ShowPageTraceBehavior [ RunTime:0.001000s ]
INFO: [ app_end ] --END-- [ RunTime:0.001000s ]

[ 2015-09-02T16:31:20+08:00 ] 127.0.0.1 /Admin/Yellow/yellow_edit/
INFO: [ app_init ] --START--
INFO: Run Behavior\BuildLiteBehavior [ RunTime:0.000000s ]
INFO: [ app_init ] --END-- [ RunTime:0.000000s ]
INFO: [ app_begin ] --START--
INFO: Run Behavior\ReadHtmlCacheBehavior [ RunTime:0.001000s ]
INFO: [ app_begin ] --END-- [ RunTime:0.001000s ]
NOTIC: [2048] Non-static method Admin\Controller\Check::check() should not be called statically, assuming $this from incompatible context C:\Program Files\phpStudy\WWW_prop\Application\Admin\Controller\YellowController.class.php 第 8 行.
SQL: SHOW COLUMNS FROM `prop_yellow` [ RunTime:0.0020s ]
SQL: SELECT * FROM `prop_yellow` WHERE ( yellow_id=2 ) LIMIT 1   [ RunTime:0.0000s ]
SQL: SHOW COLUMNS FROM `prop_project_manager` [ RunTime:0.0020s ]
SQL: SELECT COUNT(*) AS tp_count FROM `prop_project_manager` WHERE `uin` = 1468 AND `project_id` = 36 LIMIT 1   [ RunTime:0.0000s ]
SQL: UPDATE `prop_yellow` SET `yellow_name`='发的广告的',`yellow_phone`='43432432',`yellow_address`='',`yellow_describe`='3佛挡杀佛' WHERE `yellow_id` = 2 [ RunTime:0.0450s ]
INFO: [ app_end ] --START--
INFO: Run Behavior\ShowPageTraceBehavior [ RunTime:0.001000s ]
INFO: [ app_end ] --END-- [ RunTime:0.001000s ]

[ 2015-09-02T16:31:22+08:00 ] 127.0.0.1 /Admin/Yellow/yellow_list/
INFO: [ app_init ] --START--
INFO: Run Behavior\BuildLiteBehavior [ RunTime:0.000000s ]
INFO: [ app_init ] --END-- [ RunTime:0.000000s ]
INFO: [ app_begin ] --START--
INFO: Run Behavior\ReadHtmlCacheBehavior [ RunTime:0.001000s ]
INFO: [ app_begin ] --END-- [ RunTime:0.001000s ]
NOTIC: [2048] Non-static method Admin\Controller\Check::check() should not be called statically, assuming $this from incompatible context C:\Program Files\phpStudy\WWW_prop\Application\Admin\Controller\YellowController.class.php 第 8 行.
SQL: SHOW COLUMNS FROM `prop_project_manager` [ RunTime:0.0040s ]
SQL: SELECT COUNT(*) AS tp_count FROM `prop_project_manager` WHERE `uin` = 1468 AND `project_id` = 36 LIMIT 1   [ RunTime:0.0010s ]
SQL: SHOW COLUMNS FROM `prop_yellow` [ RunTime:0.0020s ]
SQL: SELECT `yellow_id`,`yellow_name`,`yellow_have_child` FROM `prop_yellow` WHERE `project_id` = 36 AND `yellow_parent` = 0  [ RunTime:0.0010s ]

[ 2015-09-02T16:31:25+08:00 ] 127.0.0.1 /Admin/Yellow/yellow_edit/?yellow_id=2
INFO: [ app_init ] --START--
INFO: Run Behavior\BuildLiteBehavior [ RunTime:0.000000s ]
INFO: [ app_init ] --END-- [ RunTime:0.000000s ]
INFO: [ app_begin ] --START--
INFO: Run Behavior\ReadHtmlCacheBehavior [ RunTime:0.001000s ]
INFO: [ app_begin ] --END-- [ RunTime:0.001000s ]
NOTIC: [2048] Non-static method Admin\Controller\Check::check() should not be called statically, assuming $this from incompatible context C:\Program Files\phpStudy\WWW_prop\Application\Admin\Controller\YellowController.class.php 第 8 行.
SQL: SHOW COLUMNS FROM `prop_yellow` [ RunTime:0.0020s ]
SQL: SELECT * FROM `prop_yellow` WHERE ( yellow_id=2 ) LIMIT 1   [ RunTime:0.0000s ]
SQL: SHOW COLUMNS FROM `prop_project_manager` [ RunTime:0.0030s ]
SQL: SELECT COUNT(*) AS tp_count FROM `prop_project_manager` WHERE `uin` = 1468 AND `project_id` = 36 LIMIT 1   [ RunTime:0.0000s ]
INFO: [ view_parse ] --START--
INFO: [ template_filter ] --START--
INFO: Run Behavior\ContentReplaceBehavior [ RunTime:0.000000s ]
INFO: [ template_filter ] --END-- [ RunTime:0.000000s ]
INFO: Run Behavior\ParseTemplateBehavior [ RunTime:0.006001s ]
INFO: [ view_parse ] --END-- [ RunTime:0.006001s ]
INFO: [ view_filter ] --START--
INFO: Run Behavior\WriteHtmlCacheBehavior [ RunTime:0.000000s ]
INFO: [ view_filter ] --END-- [ RunTime:0.000000s ]
INFO: [ app_end ] --START--
INFO: Run Behavior\ShowPageTraceBehavior [ RunTime:0.001000s ]
INFO: [ app_end ] --END-- [ RunTime:0.001000s ]

[ 2015-09-02T16:32:18+08:00 ] 127.0.0.1 /Admin/Yellow/index/project_id/36.html
INFO: [ app_init ] --START--
INFO: Run Behavior\BuildLiteBehavior [ RunTime:0.000000s ]
INFO: [ app_init ] --END-- [ RunTime:0.000000s ]
INFO: [ app_begin ] --START--
INFO: Run Behavior\ReadHtmlCacheBehavior [ RunTime:0.002000s ]
INFO: [ app_begin ] --END-- [ RunTime:0.002000s ]
NOTIC: [2048] Non-static method Admin\Controller\Check::check() should not be called statically, assuming $this from incompatible context C:\Program Files\phpStudy\WWW_prop\Application\Admin\Controller\YellowController.class.php 第 8 行.
SQL: SHOW COLUMNS FROM `prop_project_manager` [ RunTime:0.0020s ]
SQL: SELECT p.h_id,p.project FROM prop_project_manager m INNER JOIN prop_project p ON m.project_id = p.h_id  WHERE m.uin = '1468'  [ RunTime:0.0010s ]
SQL: SHOW COLUMNS FROM `prop_yellow` [ RunTime:0.0020s ]
SQL: SELECT `yellow_id`,`yellow_name`,`yellow_have_child` FROM `prop_yellow` WHERE `project_id` = 36 AND `yellow_parent` = 0  [ RunTime:0.0000s ]
INFO: [ view_parse ] --START--
INFO: [ template_filter ] --START--
INFO: Run Behavior\ContentReplaceBehavior [ RunTime:0.000000s ]
INFO: [ template_filter ] --END-- [ RunTime:0.000000s ]
INFO: Run Behavior\ParseTemplateBehavior [ RunTime:0.011000s ]
INFO: [ view_parse ] --END-- [ RunTime:0.011000s ]
INFO: [ view_filter ] --START--
INFO: Run Behavior\WriteHtmlCacheBehavior [ RunTime:0.001000s ]
INFO: [ view_filter ] --END-- [ RunTime:0.001000s ]
INFO: [ app_end ] --START--
INFO: Run Behavior\ShowPageTraceBehavior [ RunTime:0.001001s ]
INFO: [ app_end ] --END-- [ RunTime:0.001001s ]

[ 2015-09-02T16:32:21+08:00 ] 127.0.0.1 /Admin/Yellow/yellow_edit/?yellow_id=16
INFO: [ app_init ] --START--
INFO: Run Behavior\BuildLiteBehavior [ RunTime:0.000000s ]
INFO: [ app_init ] --END-- [ RunTime:0.000000s ]
INFO: [ app_begin ] --START--
INFO: Run Behavior\ReadHtmlCacheBehavior [ RunTime:0.000000s ]
INFO: [ app_begin ] --END-- [ RunTime:0.000000s ]
NOTIC: [2048] Non-static method Admin\Controller\Check::check() should not be called statically, assuming $this from incompatible context C:\Program Files\phpStudy\WWW_prop\Application\Admin\Controller\YellowController.class.php 第 8 行.
SQL: SHOW COLUMNS FROM `prop_yellow` [ RunTime:0.0020s ]
SQL: SELECT * FROM `prop_yellow` WHERE ( yellow_id=16 ) LIMIT 1   [ RunTime:0.0010s ]
SQL: SHOW COLUMNS FROM `prop_project_manager` [ RunTime:0.0030s ]
SQL: SELECT COUNT(*) AS tp_count FROM `prop_project_manager` WHERE `uin` = 1468 AND `project_id` = 36 LIMIT 1   [ RunTime:0.0000s ]
INFO: [ view_parse ] --START--
INFO: [ template_filter ] --START--
INFO: Run Behavior\ContentReplaceBehavior [ RunTime:0.000000s ]
INFO: [ template_filter ] --END-- [ RunTime:0.000000s ]
INFO: Run Behavior\ParseTemplateBehavior [ RunTime:0.006001s ]
INFO: [ view_parse ] --END-- [ RunTime:0.006001s ]
INFO: [ view_filter ] --START--
INFO: Run Behavior\WriteHtmlCacheBehavior [ RunTime:0.000000s ]
INFO: [ view_filter ] --END-- [ RunTime:0.000000s ]
INFO: [ app_end ] --START--
INFO: Run Behavior\ShowPageTraceBehavior [ RunTime:0.001000s ]
INFO: [ app_end ] --END-- [ RunTime:0.001000s ]

[ 2015-09-02T16:32:59+08:00 ] 127.0.0.1 /Admin/Yellow/index/project_id/36.html
INFO: [ app_init ] --START--
INFO: Run Behavior\BuildLiteBehavior [ RunTime:0.000000s ]
INFO: [ app_init ] --END-- [ RunTime:0.000000s ]
INFO: [ app_begin ] --START--
INFO: Run Behavior\ReadHtmlCacheBehavior [ RunTime:0.001000s ]
INFO: [ app_begin ] --END-- [ RunTime:0.001000s ]
NOTIC: [2048] Non-static method Admin\Controller\Check::check() should not be called statically, assuming $this from incompatible context C:\Program Files\phpStudy\WWW_prop\Application\Admin\Controller\YellowController.class.php 第 8 行.
SQL: SHOW COLUMNS FROM `prop_project_manager` [ RunTime:0.0030s ]
SQL: SELECT p.h_id,p.project FROM prop_project_manager m INNER JOIN prop_project p ON m.project_id = p.h_id  WHERE m.uin = '1468'  [ RunTime:0.0010s ]
SQL: SHOW COLUMNS FROM `prop_yellow` [ RunTime:0.0020s ]
SQL: SELECT `yellow_id`,`yellow_name`,`yellow_have_child` FROM `prop_yellow` WHERE `project_id` = 36 AND `yellow_parent` = 0  [ RunTime:0.0000s ]
INFO: [ view_parse ] --START--
INFO: [ template_filter ] --START--
INFO: Run Behavior\ContentReplaceBehavior [ RunTime:0.000000s ]
INFO: [ template_filter ] --END-- [ RunTime:0.000000s ]
INFO: Run Behavior\ParseTemplateBehavior [ RunTime:0.015000s ]
INFO: [ view_parse ] --END-- [ RunTime:0.015000s ]
INFO: [ view_filter ] --START--
INFO: Run Behavior\WriteHtmlCacheBehavior [ RunTime:0.000000s ]
INFO: [ view_filter ] --END-- [ RunTime:0.000000s ]
INFO: [ app_end ] --START--
INFO: Run Behavior\ShowPageTraceBehavior [ RunTime:0.000000s ]
INFO: [ app_end ] --END-- [ RunTime:0.001001s ]

[ 2015-09-02T16:33:03+08:00 ] 127.0.0.1 /Admin/Yellow/yellow_edit/?yellow_id=17
INFO: [ app_init ] --START--
INFO: Run Behavior\BuildLiteBehavior [ RunTime:0.000000s ]
INFO: [ app_init ] --END-- [ RunTime:0.000000s ]
INFO: [ app_begin ] --START--
INFO: Run Behavior\ReadHtmlCacheBehavior [ RunTime:0.002001s ]
INFO: [ app_begin ] --END-- [ RunTime:0.002001s ]
NOTIC: [2048] Non-static method Admin\Controller\Check::check() should not be called statically, assuming $this from incompatible context C:\Program Files\phpStudy\WWW_prop\Application\Admin\Controller\YellowController.class.php 第 8 行.
SQL: SHOW COLUMNS FROM `prop_yellow` [ RunTime:0.0020s ]
SQL: SELECT * FROM `prop_yellow` WHERE ( yellow_id=17 ) LIMIT 1   [ RunTime:0.0010s ]
SQL: SHOW COLUMNS FROM `prop_project_manager` [ RunTime:0.0020s ]
SQL: SELECT COUNT(*) AS tp_count FROM `prop_project_manager` WHERE `uin` = 1468 AND `project_id` = 36 LIMIT 1   [ RunTime:0.0000s ]
INFO: [ view_parse ] --START--
INFO: [ template_filter ] --START--
INFO: Run Behavior\ContentReplaceBehavior [ RunTime:0.000000s ]
INFO: [ template_filter ] --END-- [ RunTime:0.000000s ]
INFO: Run Behavior\ParseTemplateBehavior [ RunTime:0.006000s ]
INFO: [ view_parse ] --END-- [ RunTime:0.006000s ]
INFO: [ view_filter ] --START--
INFO: Run Behavior\WriteHtmlCacheBehavior [ RunTime:0.001000s ]
INFO: [ view_filter ] --END-- [ RunTime:0.001000s ]
INFO: [ app_end ] --START--
INFO: Run Behavior\ShowPageTraceBehavior [ RunTime:0.001000s ]
INFO: [ app_end ] --END-- [ RunTime:0.001000s ]

[ 2015-09-02T16:33:10+08:00 ] 127.0.0.1 /Admin/Yellow/yellow_edit/
INFO: [ app_init ] --START--
INFO: Run Behavior\BuildLiteBehavior [ RunTime:0.000000s ]
INFO: [ app_init ] --END-- [ RunTime:0.000000s ]
INFO: [ app_begin ] --START--
INFO: Run Behavior\ReadHtmlCacheBehavior [ RunTime:0.001000s ]
INFO: [ app_begin ] --END-- [ RunTime:0.001000s ]
NOTIC: [2048] Non-static method Admin\Controller\Check::check() should not be called statically, assuming $this from incompatible context C:\Program Files\phpStudy\WWW_prop\Application\Admin\Controller\YellowController.class.php 第 8 行.
SQL: SHOW COLUMNS FROM `prop_yellow` [ RunTime:0.0030s ]
SQL: SELECT * FROM `prop_yellow` WHERE ( yellow_id=17 ) LIMIT 1   [ RunTime:0.0010s ]
SQL: SHOW COLUMNS FROM `prop_project_manager` [ RunTime:0.0020s ]
SQL: SELECT COUNT(*) AS tp_count FROM `prop_project_manager` WHERE `uin` = 1468 AND `project_id` = 36 LIMIT 1   [ RunTime:0.0000s ]
SQL: UPDATE `prop_yellow` SET `yellow_name`='43割发代首革凡登圣发的',`yellow_phone`='25325324',`yellow_address`='哈哈哈哈哈哈哈哈哈',`yellow_describe`='21432 ' WHERE `yellow_id` = 17 [ RunTime:0.0000s ]
INFO: [ app_end ] --START--
INFO: Run Behavior\ShowPageTraceBehavior [ RunTime:0.001000s ]
INFO: [ app_end ] --END-- [ RunTime:0.001000s ]

[ 2015-09-02T16:33:12+08:00 ] 127.0.0.1 /Admin/Yellow/yellow_list/
INFO: [ app_init ] --START--
INFO: Run Behavior\BuildLiteBehavior [ RunTime:0.000000s ]
INFO: [ app_init ] --END-- [ RunTime:0.000000s ]
INFO: [ app_begin ] --START--
INFO: Run Behavior\ReadHtmlCacheBehavior [ RunTime:0.001000s ]
INFO: [ app_begin ] --END-- [ RunTime:0.001000s ]
NOTIC: [2048] Non-static method Admin\Controller\Check::check() should not be called statically, assuming $this from incompatible context C:\Program Files\phpStudy\WWW_prop\Application\Admin\Controller\YellowController.class.php 第 8 行.
SQL: SHOW COLUMNS FROM `prop_project_manager` [ RunTime:0.0020s ]
SQL: SELECT COUNT(*) AS tp_count FROM `prop_project_manager` WHERE `uin` = 1468 AND `project_id` = 36 LIMIT 1   [ RunTime:0.0000s ]
SQL: SHOW COLUMNS FROM `prop_yellow` [ RunTime:0.0020s ]
SQL: SELECT `yellow_id`,`yellow_name`,`yellow_have_child` FROM `prop_yellow` WHERE `project_id` = 36 AND `yellow_parent` = 0  [ RunTime:0.0010s ]

[ 2015-09-02T16:33:15+08:00 ] 127.0.0.1 /Admin/Yellow/yellow_edit/?yellow_id=2
INFO: [ app_init ] --START--
INFO: Run Behavior\BuildLiteBehavior [ RunTime:0.000000s ]
INFO: [ app_init ] --END-- [ RunTime:0.000000s ]
INFO: [ app_begin ] --START--
INFO: Run Behavior\ReadHtmlCacheBehavior [ RunTime:0.002000s ]
INFO: [ app_begin ] --END-- [ RunTime:0.003000s ]
NOTIC: [2048] Non-static method Admin\Controller\Check::check() should not be called statically, assuming $this from incompatible context C:\Program Files\phpStudy\WWW_prop\Application\Admin\Controller\YellowController.class.php 第 8 行.
SQL: SHOW COLUMNS FROM `prop_yellow` [ RunTime:0.0030s ]
SQL: SELECT * FROM `prop_yellow` WHERE ( yellow_id=2 ) LIMIT 1   [ RunTime:0.0000s ]
SQL: SHOW COLUMNS FROM `prop_project_manager` [ RunTime:0.0030s ]
SQL: SELECT COUNT(*) AS tp_count FROM `prop_project_manager` WHERE `uin` = 1468 AND `project_id` = 36 LIMIT 1   [ RunTime:0.0000s ]
INFO: [ view_parse ] --START--
INFO: [ template_filter ] --START--
INFO: Run Behavior\ContentReplaceBehavior [ RunTime:0.000000s ]
INFO: [ template_filter ] --END-- [ RunTime:0.000000s ]
INFO: Run Behavior\ParseTemplateBehavior [ RunTime:0.007000s ]
INFO: [ view_parse ] --END-- [ RunTime:0.007000s ]
INFO: [ view_filter ] --START--
INFO: Run Behavior\WriteHtmlCacheBehavior [ RunTime:0.001000s ]
INFO: [ view_filter ] --END-- [ RunTime:0.001000s ]
INFO: [ app_end ] --START--
INFO: Run Behavior\ShowPageTraceBehavior [ RunTime:0.001000s ]
INFO: [ app_end ] --END-- [ RunTime:0.001000s ]

[ 2015-09-02T16:33:21+08:00 ] 127.0.0.1 /Admin/Yellow/yellow_edit/
INFO: [ app_init ] --START--
INFO: Run Behavior\BuildLiteBehavior [ RunTime:0.000000s ]
INFO: [ app_init ] --END-- [ RunTime:0.000000s ]
INFO: [ app_begin ] --START--
INFO: Run Behavior\ReadHtmlCacheBehavior [ RunTime:0.001000s ]
INFO: [ app_begin ] --END-- [ RunTime:0.001000s ]
NOTIC: [2048] Non-static method Admin\Controller\Check::check() should not be called statically, assuming $this from incompatible context C:\Program Files\phpStudy\WWW_prop\Application\Admin\Controller\YellowController.class.php 第 8 行.
SQL: SHOW COLUMNS FROM `prop_yellow` [ RunTime:0.0020s ]
SQL: SELECT * FROM `prop_yellow` WHERE ( yellow_id=2 ) LIMIT 1   [ RunTime:0.0000s ]
SQL: SHOW COLUMNS FROM `prop_project_manager` [ RunTime:0.0020s ]
SQL: SELECT COUNT(*) AS tp_count FROM `prop_project_manager` WHERE `uin` = 1468 AND `project_id` = 36 LIMIT 1   [ RunTime:0.0000s ]
SQL: UPDATE `prop_yellow` SET `yellow_name`='发的广告的',`yellow_phone`='43432432',`yellow_address`='呵呵呵呵呵呵呵呵呵',`yellow_describe`='3佛挡杀佛' WHERE `yellow_id` = 2 [ RunTime:0.0000s ]
INFO: [ app_end ] --START--
INFO: Run Behavior\ShowPageTraceBehavior [ RunTime:0.001000s ]
INFO: [ app_end ] --END-- [ RunTime:0.001000s ]

[ 2015-09-02T16:33:23+08:00 ] 127.0.0.1 /Admin/Yellow/yellow_list/
INFO: [ app_init ] --START--
INFO: Run Behavior\BuildLiteBehavior [ RunTime:0.000000s ]
INFO: [ app_init ] --END-- [ RunTime:0.000000s ]
INFO: [ app_begin ] --START--
INFO: Run Behavior\ReadHtmlCacheBehavior [ RunTime:0.001000s ]
INFO: [ app_begin ] --END-- [ RunTime:0.001000s ]
NOTIC: [2048] Non-static method Admin\Controller\Check::check() should not be called statically, assuming $this from incompatible context C:\Program Files\phpStudy\WWW_prop\Application\Admin\Controller\YellowController.class.php 第 8 行.
SQL: SHOW COLUMNS FROM `prop_project_manager` [ RunTime:0.0020s ]
SQL: SELECT COUNT(*) AS tp_count FROM `prop_project_manager` WHERE `uin` = 1468 AND `project_id` = 36 LIMIT 1   [ RunTime:0.0010s ]
SQL: SHOW COLUMNS FROM `prop_yellow` [ RunTime:0.0020s ]
SQL: SELECT `yellow_id`,`yellow_name`,`yellow_have_child` FROM `prop_yellow` WHERE `project_id` = 36 AND `yellow_parent` = 0  [ RunTime:0.0000s ]

[ 2015-09-02T16:33:26+08:00 ] 127.0.0.1 /Admin/Yellow/yellow_edit/?yellow_id=2
INFO: [ app_init ] --START--
INFO: Run Behavior\BuildLiteBehavior [ RunTime:0.000000s ]
INFO: [ app_init ] --END-- [ RunTime:0.000000s ]
INFO: [ app_begin ] --START--
INFO: Run Behavior\ReadHtmlCacheBehavior [ RunTime:0.000000s ]
INFO: [ app_begin ] --END-- [ RunTime:0.000000s ]
NOTIC: [2048] Non-static method Admin\Controller\Check::check() should not be called statically, assuming $this from incompatible context C:\Program Files\phpStudy\WWW_prop\Application\Admin\Controller\YellowController.class.php 第 8 行.
SQL: SHOW COLUMNS FROM `prop_yellow` [ RunTime:0.0030s ]
SQL: SELECT * FROM `prop_yellow` WHERE ( yellow_id=2 ) LIMIT 1   [ RunTime:0.0000s ]
SQL: SHOW COLUMNS FROM `prop_project_manager` [ RunTime:0.0030s ]
SQL: SELECT COUNT(*) AS tp_count FROM `prop_project_manager` WHERE `uin` = 1468 AND `project_id` = 36 LIMIT 1   [ RunTime:0.0010s ]
INFO: [ view_parse ] --START--
INFO: [ template_filter ] --START--
INFO: Run Behavior\ContentReplaceBehavior [ RunTime:0.000000s ]
INFO: [ template_filter ] --END-- [ RunTime:0.001000s ]
INFO: Run Behavior\ParseTemplateBehavior [ RunTime:0.013000s ]
INFO: [ view_parse ] --END-- [ RunTime:0.013000s ]
INFO: [ view_filter ] --START--
INFO: Run Behavior\WriteHtmlCacheBehavior [ RunTime:0.001001s ]
INFO: [ view_filter ] --END-- [ RunTime:0.001001s ]
INFO: [ app_end ] --START--
INFO: Run Behavior\ShowPageTraceBehavior [ RunTime:0.001000s ]
INFO: [ app_end ] --END-- [ RunTime:0.001000s ]

