[ 2015-09-09T15:08:38+08:00 ] 127.0.0.1 /Admin/Project
INFO: [ app_init ] --START--
INFO: Run Behavior\BuildLiteBehavior [ RunTime:0.000000s ]
INFO: [ app_init ] --END-- [ RunTime:0.000000s ]
INFO: [ app_begin ] --START--
INFO: Run Behavior\ReadHtmlCacheBehavior [ RunTime:0.001000s ]
INFO: [ app_begin ] --END-- [ RunTime:0.001000s ]
NOTIC: [2048] Non-static method Admin\Controller\Check::check() should not be called statically, assuming $this from incompatible context C:\Program Files\phpStudy\WWW_prop\Application\Admin\Controller\ProjectController.class.php 第 7 行.
SQL: SHOW COLUMNS FROM `prop_project_manager` [ RunTime:0.0030s ]
SQL: SELECT p.h_id,p.project FROM prop_project_manager m INNER JOIN prop_project p ON m.project_id = p.h_id  WHERE m.uin = '1468'  [ RunTime:0.0000s ]
SQL: SHOW COLUMNS FROM `prop_menu` [ RunTime:0.0020s ]
SQL: SELECT * FROM `prop_menu`  [ RunTime:0.0010s ]
SQL: SHOW COLUMNS FROM `prop_project` [ RunTime:0.0030s ]
SQL: SELECT * FROM `prop_project` WHERE ( h_id=33 ) LIMIT 1   [ RunTime:0.0000s ]
INFO: [ view_parse ] --START--
INFO: [ template_filter ] --START--
INFO: Run Behavior\ContentReplaceBehavior [ RunTime:0.000000s ]
INFO: [ template_filter ] --END-- [ RunTime:0.001000s ]
NOTIC: [8] Undefined index: novice C:\Program Files\phpStudy\WWW_prop\Application\Runtime\Cache\Admin\b9501a0b69d9f075028aa59a6d9c3095.php 第 120 行.
INFO: Run Behavior\ParseTemplateBehavior [ RunTime:0.017001s ]
INFO: [ view_parse ] --END-- [ RunTime:0.017001s ]
INFO: [ view_filter ] --START--
INFO: Run Behavior\WriteHtmlCacheBehavior [ RunTime:0.000000s ]
INFO: [ view_filter ] --END-- [ RunTime:0.000000s ]
INFO: [ app_end ] --START--
INFO: Run Behavior\ShowPageTraceBehavior [ RunTime:0.001000s ]
INFO: [ app_end ] --END-- [ RunTime:0.001000s ]

[ 2015-09-09T15:08:43+08:00 ] 127.0.0.1 /Admin/Project/index/project_id/36.html
INFO: [ app_init ] --START--
INFO: Run Behavior\BuildLiteBehavior [ RunTime:0.000000s ]
INFO: [ app_init ] --END-- [ RunTime:0.000000s ]
INFO: [ app_begin ] --START--
INFO: Run Behavior\ReadHtmlCacheBehavior [ RunTime:0.001000s ]
INFO: [ app_begin ] --END-- [ RunTime:0.001000s ]
NOTIC: [2048] Non-static method Admin\Controller\Check::check() should not be called statically, assuming $this from incompatible context C:\Program Files\phpStudy\WWW_prop\Application\Admin\Controller\ProjectController.class.php 第 7 行.
SQL: SHOW COLUMNS FROM `prop_project_manager` [ RunTime:0.0020s ]
SQL: SELECT p.h_id,p.project FROM prop_project_manager m INNER JOIN prop_project p ON m.project_id = p.h_id  WHERE m.uin = '1468'  [ RunTime:0.0000s ]
SQL: SHOW COLUMNS FROM `prop_menu` [ RunTime:0.0040s ]
SQL: SELECT * FROM `prop_menu`  [ RunTime:0.0000s ]
SQL: SHOW COLUMNS FROM `prop_project` [ RunTime:0.0030s ]
SQL: SELECT * FROM `prop_project` WHERE ( h_id=36 ) LIMIT 1   [ RunTime:0.0010s ]
INFO: [ view_parse ] --START--
INFO: [ template_filter ] --START--
INFO: Run Behavior\ContentReplaceBehavior [ RunTime:0.001000s ]
INFO: [ template_filter ] --END-- [ RunTime:0.001000s ]
INFO: Run Behavior\ParseTemplateBehavior [ RunTime:0.020002s ]
INFO: [ view_parse ] --END-- [ RunTime:0.020002s ]
INFO: [ view_filter ] --START--
INFO: Run Behavior\WriteHtmlCacheBehavior [ RunTime:0.001000s ]
INFO: [ view_filter ] --END-- [ RunTime:0.001000s ]
INFO: [ app_end ] --START--
INFO: Run Behavior\ShowPageTraceBehavior [ RunTime:0.001000s ]
INFO: [ app_end ] --END-- [ RunTime:0.001000s ]

[ 2015-09-09T15:08:47+08:00 ] 127.0.0.1 /Admin/Project/update_menu/
INFO: [ app_init ] --START--
INFO: Run Behavior\BuildLiteBehavior [ RunTime:0.000000s ]
INFO: [ app_init ] --END-- [ RunTime:0.000000s ]
INFO: [ app_begin ] --START--
INFO: Run Behavior\ReadHtmlCacheBehavior [ RunTime:0.001000s ]
INFO: [ app_begin ] --END-- [ RunTime:0.001000s ]
NOTIC: [2048] Non-static method Admin\Controller\Check::check() should not be called statically, assuming $this from incompatible context C:\Program Files\phpStudy\WWW_prop\Application\Admin\Controller\ProjectController.class.php 第 7 行.
SQL: SHOW COLUMNS FROM `prop_project_manager` [ RunTime:0.0030s ]
SQL: SELECT COUNT(*) AS tp_count FROM `prop_project_manager` WHERE `uin` = 1468 AND `project_id` = 36 LIMIT 1   [ RunTime:0.0000s ]
SQL: SHOW COLUMNS FROM `prop_menu` [ RunTime:0.0020s ]
SQL: SELECT * FROM `prop_menu` WHERE `menu_id` = 3 LIMIT 1   [ RunTime:0.0000s ]
SQL: SELECT * FROM `prop_menu` WHERE `menu_id` = 1 LIMIT 1   [ RunTime:0.0000s ]
SQL: SELECT * FROM `prop_menu` WHERE `menu_id` = 2 LIMIT 1   [ RunTime:0.0000s ]
SQL: SELECT * FROM `prop_menu` WHERE `menu_id` = 5 LIMIT 1   [ RunTime:0.0000s ]
SQL: SELECT * FROM `prop_menu` WHERE `menu_id` = 6 LIMIT 1   [ RunTime:0.0000s ]
SQL: SELECT * FROM `prop_menu` WHERE `menu_id` = 7 LIMIT 1   [ RunTime:0.0000s ]
SQL: SELECT * FROM `prop_menu` WHERE `menu_id` = 8 LIMIT 1   [ RunTime:0.0010s ]
SQL: SHOW COLUMNS FROM `prop_project` [ RunTime:0.0040s ]
NOTIC: [2] Illegal offset type in isset or empty C:\Program Files\phpStudy\WWW_prop\ThinkPHP\Library\Think\Model.class.php 第 445 行.
SQL: UPDATE `prop_project` SET `project_menu`='a:7:{i:3;a:4:{s:9:\"menu_name\";s:6:\"账单\";s:8:\"menu_url\";s:21:\"/Prop/Bill/index.html\";s:8:\"menu_ico\";s:10:\"icon-money\";s:10:\"menu_table\";s:4:\"bill\";}i:1;a:4:{s:9:\"menu_name\";s:6:\"资讯\";s:8:\"menu_url\";s:23:\"/Prop/Notice/index.html\";s:8:\"menu_ico\";s:13:\"icon-bullhorn\";s:10:\"menu_table\";s:6:\"notice\";}i:2;a:4:{s:9:\"menu_name\";s:6:\"服务\";s:8:\"menu_url\";s:23:\"/Prop/Server/index.html\";s:8:\"menu_ico\";s:9:\"icon-cogs\";s:10:\"menu_table\";s:6:\"server\";}i:5;a:4:{s:9:\"menu_name\";s:6:\"活动\";s:8:\"menu_url\";s:69:\"http://event.guanyu.cn/Home/Api/index?backurl=http://event.guanyu.cn/\";s:8:\"menu_ico\";s:18:\"icon-paper-plane-o\";s:10:\"menu_table\";N;}i:6;a:4:{s:9:\"menu_name\";s:6:\"闲置\";s:8:\"menu_url\";s:21:\"/Prop/Idle/index.html\";s:8:\"menu_ico\";s:12:\"icon-archive\";s:10:\"menu_table\";s:4:\"idle\";}i:7;a:4:{s:9:\"menu_name\";s:6:\"拼车\";s:8:\"menu_url\";s:24:\"/Prop/Carpool/index.html\";s:8:\"menu_ico\";s:9:\"icon-taxi\";s:10:\"menu_table\";s:7:\"carpool\";}i:8;a:4:{s:9:\"menu_name\";s:6:\"黄页\";s:8:\"menu_url\";s:23:\"/Prop/Yellow/index.html\";s:8:\"menu_ico\";s:16:\"icon-file-text-o\";s:10:\"menu_table\";s:6:\"yellow\";}}' WHERE `h_id` = 36 [ RunTime:0.0010s ]
INFO: [ app_end ] --START--
INFO: Run Behavior\ShowPageTraceBehavior [ RunTime:0.001000s ]
INFO: [ app_end ] --END-- [ RunTime:0.001000s ]

[ 2015-09-09T15:08:48+08:00 ] 127.0.0.1 /Admin/Project/update_menu/
INFO: [ app_init ] --START--
INFO: Run Behavior\BuildLiteBehavior [ RunTime:0.000000s ]
INFO: [ app_init ] --END-- [ RunTime:0.000000s ]
INFO: [ app_begin ] --START--
INFO: Run Behavior\ReadHtmlCacheBehavior [ RunTime:0.000000s ]
INFO: [ app_begin ] --END-- [ RunTime:0.000000s ]
NOTIC: [2048] Non-static method Admin\Controller\Check::check() should not be called statically, assuming $this from incompatible context C:\Program Files\phpStudy\WWW_prop\Application\Admin\Controller\ProjectController.class.php 第 7 行.
SQL: SHOW COLUMNS FROM `prop_project_manager` [ RunTime:0.0030s ]
SQL: SELECT COUNT(*) AS tp_count FROM `prop_project_manager` WHERE `uin` = 1468 AND `project_id` = 36 LIMIT 1   [ RunTime:0.0000s ]
SQL: SHOW COLUMNS FROM `prop_menu` [ RunTime:0.0030s ]
SQL: SELECT * FROM `prop_menu` WHERE `menu_id` = 4 LIMIT 1   [ RunTime:0.0000s ]
SQL: SELECT * FROM `prop_menu` WHERE `menu_id` = 3 LIMIT 1   [ RunTime:0.0010s ]
SQL: SELECT * FROM `prop_menu` WHERE `menu_id` = 1 LIMIT 1   [ RunTime:0.0000s ]
SQL: SELECT * FROM `prop_menu` WHERE `menu_id` = 2 LIMIT 1   [ RunTime:0.0010s ]
SQL: SELECT * FROM `prop_menu` WHERE `menu_id` = 5 LIMIT 1   [ RunTime:0.0000s ]
SQL: SELECT * FROM `prop_menu` WHERE `menu_id` = 6 LIMIT 1   [ RunTime:0.0000s ]
SQL: SELECT * FROM `prop_menu` WHERE `menu_id` = 7 LIMIT 1   [ RunTime:0.0000s ]
SQL: SELECT * FROM `prop_menu` WHERE `menu_id` = 8 LIMIT 1   [ RunTime:0.0000s ]
SQL: SHOW COLUMNS FROM `prop_project` [ RunTime:0.0020s ]
NOTIC: [2] Illegal offset type in isset or empty C:\Program Files\phpStudy\WWW_prop\ThinkPHP\Library\Think\Model.class.php 第 445 行.
SQL: UPDATE `prop_project` SET `project_menu`='a:8:{i:4;a:4:{s:9:\"menu_name\";s:6:\"宅配\";s:8:\"menu_url\";s:20:\"http://fx.guanyu.cn/\";s:8:\"menu_ico\";s:10:\"icon-truck\";s:10:\"menu_table\";N;}i:3;a:4:{s:9:\"menu_name\";s:6:\"账单\";s:8:\"menu_url\";s:21:\"/Prop/Bill/index.html\";s:8:\"menu_ico\";s:10:\"icon-money\";s:10:\"menu_table\";s:4:\"bill\";}i:1;a:4:{s:9:\"menu_name\";s:6:\"资讯\";s:8:\"menu_url\";s:23:\"/Prop/Notice/index.html\";s:8:\"menu_ico\";s:13:\"icon-bullhorn\";s:10:\"menu_table\";s:6:\"notice\";}i:2;a:4:{s:9:\"menu_name\";s:6:\"服务\";s:8:\"menu_url\";s:23:\"/Prop/Server/index.html\";s:8:\"menu_ico\";s:9:\"icon-cogs\";s:10:\"menu_table\";s:6:\"server\";}i:5;a:4:{s:9:\"menu_name\";s:6:\"活动\";s:8:\"menu_url\";s:69:\"http://event.guanyu.cn/Home/Api/index?backurl=http://event.guanyu.cn/\";s:8:\"menu_ico\";s:18:\"icon-paper-plane-o\";s:10:\"menu_table\";N;}i:6;a:4:{s:9:\"menu_name\";s:6:\"闲置\";s:8:\"menu_url\";s:21:\"/Prop/Idle/index.html\";s:8:\"menu_ico\";s:12:\"icon-archive\";s:10:\"menu_table\";s:4:\"idle\";}i:7;a:4:{s:9:\"menu_name\";s:6:\"拼车\";s:8:\"menu_url\";s:24:\"/Prop/Carpool/index.html\";s:8:\"menu_ico\";s:9:\"icon-taxi\";s:10:\"menu_table\";s:7:\"carpool\";}i:8;a:4:{s:9:\"menu_name\";s:6:\"黄页\";s:8:\"menu_url\";s:23:\"/Prop/Yellow/index.html\";s:8:\"menu_ico\";s:16:\"icon-file-text-o\";s:10:\"menu_table\";s:6:\"yellow\";}}' WHERE `h_id` = 36 [ RunTime:0.0000s ]
INFO: [ app_end ] --START--
INFO: Run Behavior\ShowPageTraceBehavior [ RunTime:0.001000s ]
INFO: [ app_end ] --END-- [ RunTime:0.001000s ]

[ 2015-09-09T15:08:57+08:00 ] 127.0.0.1 /Admin/Notice
INFO: [ app_init ] --START--
INFO: Run Behavior\BuildLiteBehavior [ RunTime:0.000000s ]
INFO: [ app_init ] --END-- [ RunTime:0.001000s ]
INFO: [ app_begin ] --START--
INFO: Run Behavior\ReadHtmlCacheBehavior [ RunTime:0.001000s ]
INFO: [ app_begin ] --END-- [ RunTime:0.001000s ]

[ 2015-09-09T15:09:01+08:00 ] 127.0.0.1 /Admin/Notice
INFO: [ app_init ] --START--
INFO: Run Behavior\BuildLiteBehavior [ RunTime:0.000000s ]
INFO: [ app_init ] --END-- [ RunTime:0.000000s ]
INFO: [ app_begin ] --START--
INFO: Run Behavior\ReadHtmlCacheBehavior [ RunTime:0.001000s ]
INFO: [ app_begin ] --END-- [ RunTime:0.001000s ]

[ 2015-09-09T15:10:04+08:00 ] 127.0.0.1 /Admin/Notice
INFO: [ app_init ] --START--
INFO: Run Behavior\BuildLiteBehavior [ RunTime:0.001000s ]
INFO: [ app_init ] --END-- [ RunTime:0.001000s ]
INFO: [ app_begin ] --START--
INFO: Run Behavior\ReadHtmlCacheBehavior [ RunTime:0.001001s ]
INFO: [ app_begin ] --END-- [ RunTime:0.001001s ]
NOTIC: [2048] Non-static method Admin\Controller\Check::check() should not be called statically, assuming $this from incompatible context C:\Program Files\phpStudy\WWW_prop\Application\Admin\Controller\NoticeController.class.php 第 8 行.

[ 2015-09-09T15:10:05+08:00 ] 127.0.0.1 /Admin/Login/index.html?backurl=http://prop.zzp.cn/Admin/Notice
INFO: [ app_init ] --START--
INFO: Run Behavior\BuildLiteBehavior [ RunTime:0.000000s ]
INFO: [ app_init ] --END-- [ RunTime:0.000000s ]
INFO: [ app_begin ] --START--
INFO: Run Behavior\ReadHtmlCacheBehavior [ RunTime:0.000000s ]
INFO: [ app_begin ] --END-- [ RunTime:0.001000s ]
INFO: [ view_parse ] --START--
INFO: [ template_filter ] --START--
INFO: Run Behavior\ContentReplaceBehavior [ RunTime:0.000000s ]
INFO: [ template_filter ] --END-- [ RunTime:0.000000s ]
NOTIC: [8] Undefined variable: webname C:\Program Files\phpStudy\WWW_prop\Application\Runtime\Cache\Admin\2413a4ed422c62341e4ae44a15949ed4.php 第 10 行.
INFO: Run Behavior\ParseTemplateBehavior [ RunTime:0.026001s ]
INFO: [ view_parse ] --END-- [ RunTime:0.026001s ]
INFO: [ view_filter ] --START--
INFO: Run Behavior\WriteHtmlCacheBehavior [ RunTime:0.001000s ]
INFO: [ view_filter ] --END-- [ RunTime:0.001000s ]
INFO: [ app_end ] --START--
INFO: Run Behavior\ShowPageTraceBehavior [ RunTime:0.001001s ]
INFO: [ app_end ] --END-- [ RunTime:0.001001s ]

[ 2015-09-09T15:10:07+08:00 ] 127.0.0.1 /Admin/Login/index?token=64c2U1JSB1YDAAhUUQMFVwZTAVcMAFcBAAYGB1VUUgNXB1tSVVUPVQ&backurl=http://prop.zzp.cn/Admin/Notice
INFO: [ app_init ] --START--
INFO: Run Behavior\BuildLiteBehavior [ RunTime:0.000000s ]
INFO: [ app_init ] --END-- [ RunTime:0.000000s ]
INFO: [ app_begin ] --START--
INFO: Run Behavior\ReadHtmlCacheBehavior [ RunTime:0.001000s ]
INFO: [ app_begin ] --END-- [ RunTime:0.001000s ]
INFO: [ app_end ] --START--
INFO: Run Behavior\ShowPageTraceBehavior [ RunTime:0.001000s ]
INFO: [ app_end ] --END-- [ RunTime:0.001000s ]

[ 2015-09-09T15:10:09+08:00 ] 127.0.0.1 /Admin/Notice
INFO: [ app_init ] --START--
INFO: Run Behavior\BuildLiteBehavior [ RunTime:0.000000s ]
INFO: [ app_init ] --END-- [ RunTime:0.000000s ]
INFO: [ app_begin ] --START--
INFO: Run Behavior\ReadHtmlCacheBehavior [ RunTime:0.001000s ]
INFO: [ app_begin ] --END-- [ RunTime:0.001000s ]
NOTIC: [2048] Non-static method Admin\Controller\Check::check() should not be called statically, assuming $this from incompatible context C:\Program Files\phpStudy\WWW_prop\Application\Admin\Controller\NoticeController.class.php 第 8 行.
SQL: SHOW COLUMNS FROM `prop_project_manager` [ RunTime:0.0040s ]
SQL: SELECT `project_id` FROM `prop_project_manager` WHERE ( uin=1468 )  [ RunTime:0.0010s ]
SQL: SELECT p.h_id,p.project FROM prop_project_manager m INNER JOIN prop_project p ON m.project_id = p.h_id  WHERE m.uin = '1468'  [ RunTime:0.0010s ]
INFO: [ view_parse ] --START--
INFO: [ template_filter ] --START--
INFO: Run Behavior\ContentReplaceBehavior [ RunTime:0.001000s ]
INFO: [ template_filter ] --END-- [ RunTime:0.001000s ]
NOTIC: [8] Undefined index: notice_id C:\Program Files\phpStudy\WWW_prop\Application\Runtime\Cache\Admin\922ca344bd03ed3a7ef36b99d63a0c69.php 第 46 行.
INFO: Run Behavior\ParseTemplateBehavior [ RunTime:0.015001s ]
INFO: [ view_parse ] --END-- [ RunTime:0.015001s ]
INFO: [ view_filter ] --START--
INFO: Run Behavior\WriteHtmlCacheBehavior [ RunTime:0.000000s ]
INFO: [ view_filter ] --END-- [ RunTime:0.001000s ]
INFO: [ app_end ] --START--
INFO: Run Behavior\ShowPageTraceBehavior [ RunTime:0.001000s ]
INFO: [ app_end ] --END-- [ RunTime:0.002000s ]

[ 2015-09-09T15:10:12+08:00 ] 127.0.0.1 /Admin/Notice/search/
INFO: [ app_init ] --START--
INFO: Run Behavior\BuildLiteBehavior [ RunTime:0.000000s ]
INFO: [ app_init ] --END-- [ RunTime:0.000000s ]
INFO: [ app_begin ] --START--
INFO: Run Behavior\ReadHtmlCacheBehavior [ RunTime:0.001000s ]
INFO: [ app_begin ] --END-- [ RunTime:0.001000s ]
NOTIC: [2048] Non-static method Admin\Controller\Check::check() should not be called statically, assuming $this from incompatible context C:\Program Files\phpStudy\WWW_prop\Application\Admin\Controller\NoticeController.class.php 第 8 行.
SQL: SHOW COLUMNS FROM `prop_notice` [ RunTime:0.0040s ]
SQL: SELECT `notice_id`,`notice_title`,`add_time`,`notice_state`,`is_top`,p.project FROM prop_notice n LEFT JOIN prop_project p ON n.project_id = p.h_id  WHERE n.project_id IN ('33','35','36') ORDER BY is_top desc,notice_id desc LIMIT 0,15   [ RunTime:0.0000s ]
SQL: SELECT COUNT(*) AS tp_count FROM prop_notice n WHERE n.project_id IN ('33','35','36') LIMIT 1   [ RunTime:0.0000s ]
INFO: [ view_parse ] --START--
INFO: [ template_filter ] --START--
INFO: Run Behavior\ContentReplaceBehavior [ RunTime:0.000000s ]
INFO: [ template_filter ] --END-- [ RunTime:0.000000s ]
INFO: Run Behavior\ParseTemplateBehavior [ RunTime:0.010000s ]
INFO: [ view_parse ] --END-- [ RunTime:0.010000s ]
INFO: [ view_filter ] --START--
INFO: Run Behavior\WriteHtmlCacheBehavior [ RunTime:0.001000s ]
INFO: [ view_filter ] --END-- [ RunTime:0.001000s ]
INFO: [ app_end ] --START--
INFO: Run Behavior\ShowPageTraceBehavior [ RunTime:0.002000s ]
INFO: [ app_end ] --END-- [ RunTime:0.002000s ]

[ 2015-09-09T15:10:14+08:00 ] 127.0.0.1 /Admin/Notice/index/project_id/36.html
INFO: [ app_init ] --START--
INFO: Run Behavior\BuildLiteBehavior [ RunTime:0.000000s ]
INFO: [ app_init ] --END-- [ RunTime:0.000000s ]
INFO: [ app_begin ] --START--
INFO: Run Behavior\ReadHtmlCacheBehavior [ RunTime:0.001000s ]
INFO: [ app_begin ] --END-- [ RunTime:0.001000s ]
NOTIC: [2048] Non-static method Admin\Controller\Check::check() should not be called statically, assuming $this from incompatible context C:\Program Files\phpStudy\WWW_prop\Application\Admin\Controller\NoticeController.class.php 第 8 行.
SQL: SHOW COLUMNS FROM `prop_project_manager` [ RunTime:0.0030s ]
SQL: SELECT p.h_id,p.project FROM prop_project_manager m INNER JOIN prop_project p ON m.project_id = p.h_id  WHERE m.uin = '1468'  [ RunTime:0.0010s ]
INFO: [ view_parse ] --START--
INFO: [ template_filter ] --START--
INFO: Run Behavior\ContentReplaceBehavior [ RunTime:0.000000s ]
INFO: [ template_filter ] --END-- [ RunTime:0.000000s ]
NOTIC: [8] Undefined index: notice_id C:\Program Files\phpStudy\WWW_prop\Application\Runtime\Cache\Admin\922ca344bd03ed3a7ef36b99d63a0c69.php 第 46 行.
INFO: Run Behavior\ParseTemplateBehavior [ RunTime:0.015001s ]
INFO: [ view_parse ] --END-- [ RunTime:0.015001s ]
INFO: [ view_filter ] --START--
INFO: Run Behavior\WriteHtmlCacheBehavior [ RunTime:0.001000s ]
INFO: [ view_filter ] --END-- [ RunTime:0.001000s ]
INFO: [ app_end ] --START--
INFO: Run Behavior\ShowPageTraceBehavior [ RunTime:0.002000s ]
INFO: [ app_end ] --END-- [ RunTime:0.002000s ]

[ 2015-09-09T15:10:17+08:00 ] 127.0.0.1 /Admin/Notice/search/
INFO: [ app_init ] --START--
INFO: Run Behavior\BuildLiteBehavior [ RunTime:0.000000s ]
INFO: [ app_init ] --END-- [ RunTime:0.000000s ]
INFO: [ app_begin ] --START--
INFO: Run Behavior\ReadHtmlCacheBehavior [ RunTime:0.001000s ]
INFO: [ app_begin ] --END-- [ RunTime:0.001000s ]
NOTIC: [2048] Non-static method Admin\Controller\Check::check() should not be called statically, assuming $this from incompatible context C:\Program Files\phpStudy\WWW_prop\Application\Admin\Controller\NoticeController.class.php 第 8 行.
SQL: SHOW COLUMNS FROM `prop_notice` [ RunTime:0.0020s ]
SQL: SELECT `notice_id`,`notice_title`,`add_time`,`notice_state`,`is_top`,p.project FROM prop_notice n LEFT JOIN prop_project p ON n.project_id = p.h_id  WHERE n.project_id = 36 ORDER BY is_top desc,notice_id desc LIMIT 0,15   [ RunTime:0.0010s ]
SQL: SELECT COUNT(*) AS tp_count FROM prop_notice n WHERE n.project_id = 36 LIMIT 1   [ RunTime:0.0010s ]
INFO: [ view_parse ] --START--
INFO: [ template_filter ] --START--
INFO: Run Behavior\ContentReplaceBehavior [ RunTime:0.000000s ]
INFO: [ template_filter ] --END-- [ RunTime:0.000000s ]
INFO: Run Behavior\ParseTemplateBehavior [ RunTime:0.013000s ]
INFO: [ view_parse ] --END-- [ RunTime:0.013000s ]
INFO: [ view_filter ] --START--
INFO: Run Behavior\WriteHtmlCacheBehavior [ RunTime:0.000000s ]
INFO: [ view_filter ] --END-- [ RunTime:0.000000s ]
INFO: [ app_end ] --START--
INFO: Run Behavior\ShowPageTraceBehavior [ RunTime:0.001000s ]
INFO: [ app_end ] --END-- [ RunTime:0.001000s ]

[ 2015-09-09T15:10:21+08:00 ] 127.0.0.1 /Admin/Notice/notice_verify/?notice_id=5
INFO: [ app_init ] --START--
INFO: Run Behavior\BuildLiteBehavior [ RunTime:0.000000s ]
INFO: [ app_init ] --END-- [ RunTime:0.000000s ]
INFO: [ app_begin ] --START--
INFO: Run Behavior\ReadHtmlCacheBehavior [ RunTime:0.000000s ]
INFO: [ app_begin ] --END-- [ RunTime:0.000000s ]
NOTIC: [2048] Non-static method Admin\Controller\Check::check() should not be called statically, assuming $this from incompatible context C:\Program Files\phpStudy\WWW_prop\Application\Admin\Controller\NoticeController.class.php 第 8 行.
SQL: SHOW COLUMNS FROM `prop_notice` [ RunTime:0.0030s ]
SQL: SELECT `project_id` FROM `prop_notice` WHERE `notice_id` = 5 LIMIT 1   [ RunTime:0.0000s ]
SQL: SHOW COLUMNS FROM `prop_project_manager` [ RunTime:0.0030s ]
SQL: SELECT COUNT(*) AS tp_count FROM `prop_project_manager` WHERE `uin` = 1468 AND `project_id` = 36 LIMIT 1   [ RunTime:0.0000s ]
SQL: UPDATE `prop_notice` SET `notice_state`='1' WHERE `project_id` = 36 AND `notice_id` = 5 AND `notice_state` = 0 [ RunTime:0.0000s ]

[ 2015-09-09T15:10:21+08:00 ] 127.0.0.1 /Admin/Notice/notice_verify/?notice_id=3
INFO: [ app_init ] --START--
INFO: Run Behavior\BuildLiteBehavior [ RunTime:0.000000s ]
INFO: [ app_init ] --END-- [ RunTime:0.000000s ]
INFO: [ app_begin ] --START--
INFO: Run Behavior\ReadHtmlCacheBehavior [ RunTime:0.001000s ]
INFO: [ app_begin ] --END-- [ RunTime:0.001000s ]
NOTIC: [2048] Non-static method Admin\Controller\Check::check() should not be called statically, assuming $this from incompatible context C:\Program Files\phpStudy\WWW_prop\Application\Admin\Controller\NoticeController.class.php 第 8 行.
SQL: SHOW COLUMNS FROM `prop_notice` [ RunTime:0.0030s ]
SQL: SELECT `project_id` FROM `prop_notice` WHERE `notice_id` = 3 LIMIT 1   [ RunTime:0.0010s ]
SQL: SHOW COLUMNS FROM `prop_project_manager` [ RunTime:0.0020s ]
SQL: SELECT COUNT(*) AS tp_count FROM `prop_project_manager` WHERE `uin` = 1468 AND `project_id` = 36 LIMIT 1   [ RunTime:0.0000s ]
SQL: UPDATE `prop_notice` SET `notice_state`='1' WHERE `project_id` = 36 AND `notice_id` = 3 AND `notice_state` = 0 [ RunTime:0.0000s ]

[ 2015-09-09T15:16:40+08:00 ] 127.0.0.1 /Admin/Project
INFO: [ app_init ] --START--
INFO: Run Behavior\BuildLiteBehavior [ RunTime:0.000000s ]
INFO: [ app_init ] --END-- [ RunTime:0.000000s ]
INFO: [ app_begin ] --START--
INFO: Run Behavior\ReadHtmlCacheBehavior [ RunTime:0.001000s ]
INFO: [ app_begin ] --END-- [ RunTime:0.001000s ]
NOTIC: [2048] Non-static method Admin\Controller\Check::check() should not be called statically, assuming $this from incompatible context C:\Program Files\phpStudy\WWW_prop\Application\Admin\Controller\ProjectController.class.php 第 7 行.
SQL: SHOW COLUMNS FROM `prop_project_manager` [ RunTime:0.0020s ]
SQL: SELECT p.h_id,p.project FROM prop_project_manager m INNER JOIN prop_project p ON m.project_id = p.h_id  WHERE m.uin = '1468'  [ RunTime:0.0010s ]
SQL: SHOW COLUMNS FROM `prop_menu` [ RunTime:0.0030s ]
SQL: SELECT * FROM `prop_menu`  [ RunTime:0.0000s ]
SQL: SHOW COLUMNS FROM `prop_project` [ RunTime:0.0020s ]
SQL: SELECT * FROM `prop_project` WHERE ( h_id=33 ) LIMIT 1   [ RunTime:0.0010s ]
INFO: [ view_parse ] --START--
INFO: [ template_filter ] --START--
INFO: Run Behavior\ContentReplaceBehavior [ RunTime:0.001000s ]
INFO: [ template_filter ] --END-- [ RunTime:0.001000s ]
NOTIC: [8] Undefined index: novice C:\Program Files\phpStudy\WWW_prop\Application\Runtime\Cache\Admin\b9501a0b69d9f075028aa59a6d9c3095.php 第 120 行.
INFO: Run Behavior\ParseTemplateBehavior [ RunTime:0.019002s ]
INFO: [ view_parse ] --END-- [ RunTime:0.019002s ]
INFO: [ view_filter ] --START--
INFO: Run Behavior\WriteHtmlCacheBehavior [ RunTime:0.000000s ]
INFO: [ view_filter ] --END-- [ RunTime:0.001000s ]
INFO: [ app_end ] --START--
INFO: Run Behavior\ShowPageTraceBehavior [ RunTime:0.001000s ]
INFO: [ app_end ] --END-- [ RunTime:0.001000s ]

[ 2015-09-09T15:16:44+08:00 ] 127.0.0.1 /Admin/Project/index/project_id/36.html
INFO: [ app_init ] --START--
INFO: Run Behavior\BuildLiteBehavior [ RunTime:0.000000s ]
INFO: [ app_init ] --END-- [ RunTime:0.000000s ]
INFO: [ app_begin ] --START--
INFO: Run Behavior\ReadHtmlCacheBehavior [ RunTime:0.001001s ]
INFO: [ app_begin ] --END-- [ RunTime:0.001001s ]
NOTIC: [2048] Non-static method Admin\Controller\Check::check() should not be called statically, assuming $this from incompatible context C:\Program Files\phpStudy\WWW_prop\Application\Admin\Controller\ProjectController.class.php 第 7 行.
SQL: SHOW COLUMNS FROM `prop_project_manager` [ RunTime:0.0020s ]
SQL: SELECT p.h_id,p.project FROM prop_project_manager m INNER JOIN prop_project p ON m.project_id = p.h_id  WHERE m.uin = '1468'  [ RunTime:0.0000s ]
SQL: SHOW COLUMNS FROM `prop_menu` [ RunTime:0.0030s ]
SQL: SELECT * FROM `prop_menu`  [ RunTime:0.0000s ]
SQL: SHOW COLUMNS FROM `prop_project` [ RunTime:0.0020s ]
SQL: SELECT * FROM `prop_project` WHERE ( h_id=36 ) LIMIT 1   [ RunTime:0.0000s ]
INFO: [ view_parse ] --START--
INFO: [ template_filter ] --START--
INFO: Run Behavior\ContentReplaceBehavior [ RunTime:0.000000s ]
INFO: [ template_filter ] --END-- [ RunTime:0.000000s ]
INFO: Run Behavior\ParseTemplateBehavior [ RunTime:0.018001s ]
INFO: [ view_parse ] --END-- [ RunTime:0.018001s ]
INFO: [ view_filter ] --START--
INFO: Run Behavior\WriteHtmlCacheBehavior [ RunTime:0.000000s ]
INFO: [ view_filter ] --END-- [ RunTime:0.000000s ]
INFO: [ app_end ] --START--
INFO: Run Behavior\ShowPageTraceBehavior [ RunTime:0.001000s ]
INFO: [ app_end ] --END-- [ RunTime:0.001000s ]

[ 2015-09-09T15:16:48+08:00 ] 127.0.0.1 /Admin/Project/update_menu/
INFO: [ app_init ] --START--
INFO: Run Behavior\BuildLiteBehavior [ RunTime:0.000000s ]
INFO: [ app_init ] --END-- [ RunTime:0.000000s ]
INFO: [ app_begin ] --START--
INFO: Run Behavior\ReadHtmlCacheBehavior [ RunTime:0.000000s ]
INFO: [ app_begin ] --END-- [ RunTime:0.000000s ]
NOTIC: [2048] Non-static method Admin\Controller\Check::check() should not be called statically, assuming $this from incompatible context C:\Program Files\phpStudy\WWW_prop\Application\Admin\Controller\ProjectController.class.php 第 7 行.
SQL: SHOW COLUMNS FROM `prop_project_manager` [ RunTime:0.0030s ]
SQL: SELECT COUNT(*) AS tp_count FROM `prop_project_manager` WHERE `uin` = 1468 AND `project_id` = 36 LIMIT 1   [ RunTime:0.0000s ]
SQL: SHOW COLUMNS FROM `prop_menu` [ RunTime:0.0030s ]
SQL: SELECT * FROM `prop_menu` WHERE `menu_id` = 3 LIMIT 1   [ RunTime:0.0010s ]
SQL: SELECT * FROM `prop_menu` WHERE `menu_id` = 1 LIMIT 1   [ RunTime:0.0000s ]
SQL: SELECT * FROM `prop_menu` WHERE `menu_id` = 2 LIMIT 1   [ RunTime:0.0000s ]
SQL: SELECT * FROM `prop_menu` WHERE `menu_id` = 5 LIMIT 1   [ RunTime:0.0000s ]
SQL: SELECT * FROM `prop_menu` WHERE `menu_id` = 6 LIMIT 1   [ RunTime:0.0000s ]
SQL: SELECT * FROM `prop_menu` WHERE `menu_id` = 7 LIMIT 1   [ RunTime:0.0010s ]
SQL: SELECT * FROM `prop_menu` WHERE `menu_id` = 8 LIMIT 1   [ RunTime:0.0000s ]
SQL: SHOW COLUMNS FROM `prop_project` [ RunTime:0.0030s ]
NOTIC: [2] Illegal offset type in isset or empty C:\Program Files\phpStudy\WWW_prop\ThinkPHP\Library\Think\Model.class.php 第 445 行.
SQL: UPDATE `prop_project` SET `project_menu`='a:7:{i:3;a:4:{s:9:\"menu_name\";s:6:\"账单\";s:8:\"menu_url\";s:21:\"/Prop/Bill/index.html\";s:8:\"menu_ico\";s:10:\"icon-money\";s:10:\"menu_table\";s:4:\"bill\";}i:1;a:4:{s:9:\"menu_name\";s:6:\"资讯\";s:8:\"menu_url\";s:23:\"/Prop/Notice/index.html\";s:8:\"menu_ico\";s:13:\"icon-bullhorn\";s:10:\"menu_table\";s:6:\"notice\";}i:2;a:4:{s:9:\"menu_name\";s:6:\"服务\";s:8:\"menu_url\";s:23:\"/Prop/Server/index.html\";s:8:\"menu_ico\";s:9:\"icon-cogs\";s:10:\"menu_table\";s:6:\"server\";}i:5;a:4:{s:9:\"menu_name\";s:6:\"活动\";s:8:\"menu_url\";s:69:\"http://event.guanyu.cn/Home/Api/index?backurl=http://event.guanyu.cn/\";s:8:\"menu_ico\";s:18:\"icon-paper-plane-o\";s:10:\"menu_table\";N;}i:6;a:4:{s:9:\"menu_name\";s:6:\"闲置\";s:8:\"menu_url\";s:21:\"/Prop/Idle/index.html\";s:8:\"menu_ico\";s:12:\"icon-archive\";s:10:\"menu_table\";s:4:\"idle\";}i:7;a:4:{s:9:\"menu_name\";s:6:\"拼车\";s:8:\"menu_url\";s:24:\"/Prop/Carpool/index.html\";s:8:\"menu_ico\";s:9:\"icon-taxi\";s:10:\"menu_table\";s:7:\"carpool\";}i:8;a:4:{s:9:\"menu_name\";s:6:\"黄页\";s:8:\"menu_url\";s:23:\"/Prop/Yellow/index.html\";s:8:\"menu_ico\";s:16:\"icon-file-text-o\";s:10:\"menu_table\";s:0:\"\";}}' WHERE `h_id` = 36 [ RunTime:0.0010s ]
INFO: [ app_end ] --START--
INFO: Run Behavior\ShowPageTraceBehavior [ RunTime:0.001000s ]
INFO: [ app_end ] --END-- [ RunTime:0.001000s ]

[ 2015-09-09T15:16:49+08:00 ] 127.0.0.1 /Admin/Project/update_menu/
INFO: [ app_init ] --START--
INFO: Run Behavior\BuildLiteBehavior [ RunTime:0.000000s ]
INFO: [ app_init ] --END-- [ RunTime:0.000000s ]
INFO: [ app_begin ] --START--
INFO: Run Behavior\ReadHtmlCacheBehavior [ RunTime:0.001000s ]
INFO: [ app_begin ] --END-- [ RunTime:0.001000s ]
NOTIC: [2048] Non-static method Admin\Controller\Check::check() should not be called statically, assuming $this from incompatible context C:\Program Files\phpStudy\WWW_prop\Application\Admin\Controller\ProjectController.class.php 第 7 行.
SQL: SHOW COLUMNS FROM `prop_project_manager` [ RunTime:0.0040s ]
SQL: SELECT COUNT(*) AS tp_count FROM `prop_project_manager` WHERE `uin` = 1468 AND `project_id` = 36 LIMIT 1   [ RunTime:0.0000s ]
SQL: SHOW COLUMNS FROM `prop_menu` [ RunTime:0.0040s ]
SQL: SELECT * FROM `prop_menu` WHERE `menu_id` = 4 LIMIT 1   [ RunTime:0.0010s ]
SQL: SELECT * FROM `prop_menu` WHERE `menu_id` = 3 LIMIT 1   [ RunTime:0.0000s ]
SQL: SELECT * FROM `prop_menu` WHERE `menu_id` = 1 LIMIT 1   [ RunTime:0.0000s ]
SQL: SELECT * FROM `prop_menu` WHERE `menu_id` = 2 LIMIT 1   [ RunTime:0.0000s ]
SQL: SELECT * FROM `prop_menu` WHERE `menu_id` = 5 LIMIT 1   [ RunTime:0.0000s ]
SQL: SELECT * FROM `prop_menu` WHERE `menu_id` = 6 LIMIT 1   [ RunTime:0.0000s ]
SQL: SELECT * FROM `prop_menu` WHERE `menu_id` = 7 LIMIT 1   [ RunTime:0.0010s ]
SQL: SELECT * FROM `prop_menu` WHERE `menu_id` = 8 LIMIT 1   [ RunTime:0.0000s ]
SQL: SHOW COLUMNS FROM `prop_project` [ RunTime:0.0040s ]
NOTIC: [2] Illegal offset type in isset or empty C:\Program Files\phpStudy\WWW_prop\ThinkPHP\Library\Think\Model.class.php 第 445 行.
SQL: UPDATE `prop_project` SET `project_menu`='a:8:{i:4;a:4:{s:9:\"menu_name\";s:6:\"宅配\";s:8:\"menu_url\";s:20:\"http://fx.guanyu.cn/\";s:8:\"menu_ico\";s:10:\"icon-truck\";s:10:\"menu_table\";N;}i:3;a:4:{s:9:\"menu_name\";s:6:\"账单\";s:8:\"menu_url\";s:21:\"/Prop/Bill/index.html\";s:8:\"menu_ico\";s:10:\"icon-money\";s:10:\"menu_table\";s:4:\"bill\";}i:1;a:4:{s:9:\"menu_name\";s:6:\"资讯\";s:8:\"menu_url\";s:23:\"/Prop/Notice/index.html\";s:8:\"menu_ico\";s:13:\"icon-bullhorn\";s:10:\"menu_table\";s:6:\"notice\";}i:2;a:4:{s:9:\"menu_name\";s:6:\"服务\";s:8:\"menu_url\";s:23:\"/Prop/Server/index.html\";s:8:\"menu_ico\";s:9:\"icon-cogs\";s:10:\"menu_table\";s:6:\"server\";}i:5;a:4:{s:9:\"menu_name\";s:6:\"活动\";s:8:\"menu_url\";s:69:\"http://event.guanyu.cn/Home/Api/index?backurl=http://event.guanyu.cn/\";s:8:\"menu_ico\";s:18:\"icon-paper-plane-o\";s:10:\"menu_table\";N;}i:6;a:4:{s:9:\"menu_name\";s:6:\"闲置\";s:8:\"menu_url\";s:21:\"/Prop/Idle/index.html\";s:8:\"menu_ico\";s:12:\"icon-archive\";s:10:\"menu_table\";s:4:\"idle\";}i:7;a:4:{s:9:\"menu_name\";s:6:\"拼车\";s:8:\"menu_url\";s:24:\"/Prop/Carpool/index.html\";s:8:\"menu_ico\";s:9:\"icon-taxi\";s:10:\"menu_table\";s:7:\"carpool\";}i:8;a:4:{s:9:\"menu_name\";s:6:\"黄页\";s:8:\"menu_url\";s:23:\"/Prop/Yellow/index.html\";s:8:\"menu_ico\";s:16:\"icon-file-text-o\";s:10:\"menu_table\";s:0:\"\";}}' WHERE `h_id` = 36 [ RunTime:0.0000s ]
INFO: [ app_end ] --START--
INFO: Run Behavior\ShowPageTraceBehavior [ RunTime:0.001000s ]
INFO: [ app_end ] --END-- [ RunTime:0.002000s ]

