[ 2015-09-13T01:02:13+08:00 ] 127.0.0.1 /Admin/Project/batch_menu
INFO: [ app_init ] --START--
INFO: Run Behavior\BuildLiteBehavior [ RunTime:0.000000s ]
INFO: [ app_init ] --END-- [ RunTime:0.000000s ]
INFO: [ app_begin ] --START--
INFO: Run Behavior\ReadHtmlCacheBehavior [ RunTime:0.001000s ]
INFO: [ app_begin ] --END-- [ RunTime:0.001000s ]
NOTIC: [2048] Non-static method Admin\Controller\Check::check() should not be called statically, assuming $this from incompatible context C:\Program Files\phpStudy\WWW_prop\Application\Admin\Controller\ProjectController.class.php 第 7 行.

[ 2015-09-13T01:02:14+08:00 ] 127.0.0.1 /Admin/Login/index.html?backurl=http://prop.zzp.cn/Admin/Project
INFO: [ app_init ] --START--
INFO: Run Behavior\BuildLiteBehavior [ RunTime:0.000000s ]
INFO: [ app_init ] --END-- [ RunTime:0.000000s ]
INFO: [ app_begin ] --START--
INFO: Run Behavior\ReadHtmlCacheBehavior [ RunTime:0.001000s ]
INFO: [ app_begin ] --END-- [ RunTime:0.001000s ]
INFO: [ view_parse ] --START--
INFO: [ template_filter ] --START--
INFO: Run Behavior\ContentReplaceBehavior [ RunTime:0.000000s ]
INFO: [ template_filter ] --END-- [ RunTime:0.000000s ]
NOTIC: [8] Undefined variable: webname C:\Program Files\phpStudy\WWW_prop\Application\Runtime\Cache\Admin\2413a4ed422c62341e4ae44a15949ed4.php 第 10 行.
INFO: Run Behavior\ParseTemplateBehavior [ RunTime:0.008000s ]
INFO: [ view_parse ] --END-- [ RunTime:0.008000s ]
INFO: [ view_filter ] --START--
INFO: Run Behavior\WriteHtmlCacheBehavior [ RunTime:0.001000s ]
INFO: [ view_filter ] --END-- [ RunTime:0.001000s ]
INFO: [ app_end ] --START--
INFO: Run Behavior\ShowPageTraceBehavior [ RunTime:0.000000s ]
INFO: [ app_end ] --END-- [ RunTime:0.000000s ]

[ 2015-09-13T01:02:16+08:00 ] 127.0.0.1 /Admin/Login/index?token=def1BAMJAwUGAVNTAlFSDlYOD10CAlZcBgwLUVAHAAQCVAsFBA4LBg&backurl=http://prop.zzp.cn/Admin/Project
INFO: [ app_init ] --START--
INFO: Run Behavior\BuildLiteBehavior [ RunTime:0.000000s ]
INFO: [ app_init ] --END-- [ RunTime:0.000000s ]
INFO: [ app_begin ] --START--
INFO: Run Behavior\ReadHtmlCacheBehavior [ RunTime:0.001000s ]
INFO: [ app_begin ] --END-- [ RunTime:0.001000s ]
INFO: [ app_end ] --START--
INFO: Run Behavior\ShowPageTraceBehavior [ RunTime:0.001000s ]
INFO: [ app_end ] --END-- [ RunTime:0.001000s ]

[ 2015-09-13T01:02:18+08:00 ] 127.0.0.1 /Admin/Project
INFO: [ app_init ] --START--
INFO: Run Behavior\BuildLiteBehavior [ RunTime:0.000000s ]
INFO: [ app_init ] --END-- [ RunTime:0.000000s ]
INFO: [ app_begin ] --START--
INFO: Run Behavior\ReadHtmlCacheBehavior [ RunTime:0.001000s ]
INFO: [ app_begin ] --END-- [ RunTime:0.001000s ]
NOTIC: [2048] Non-static method Admin\Controller\Check::check() should not be called statically, assuming $this from incompatible context C:\Program Files\phpStudy\WWW_prop\Application\Admin\Controller\ProjectController.class.php 第 7 行.
SQL: SHOW COLUMNS FROM `prop_project_manager` [ RunTime:0.0020s ]
SQL: SELECT `project_id` FROM `prop_project_manager` WHERE ( uin=1468 )  [ RunTime:0.0000s ]
SQL: SELECT p.h_id,p.project FROM prop_project_manager m INNER JOIN prop_project p ON m.project_id = p.h_id  WHERE m.uin = '1468'  [ RunTime:0.0000s ]
SQL: SHOW COLUMNS FROM `prop_menu` [ RunTime:0.0020s ]
SQL: SELECT * FROM `prop_menu`  [ RunTime:0.0000s ]
SQL: SHOW COLUMNS FROM `prop_project` [ RunTime:0.0020s ]
SQL: SELECT * FROM `prop_project` WHERE ( h_id=33 ) LIMIT 1   [ RunTime:0.0000s ]
INFO: [ view_parse ] --START--
INFO: [ template_filter ] --START--
INFO: Run Behavior\ContentReplaceBehavior [ RunTime:0.000000s ]
INFO: [ template_filter ] --END-- [ RunTime:0.000000s ]
NOTIC: [8] Undefined index: novice C:\Program Files\phpStudy\WWW_prop\Application\Runtime\Cache\Admin\b9501a0b69d9f075028aa59a6d9c3095.php 第 120 行.
INFO: Run Behavior\ParseTemplateBehavior [ RunTime:0.012001s ]
INFO: [ view_parse ] --END-- [ RunTime:0.012001s ]
INFO: [ view_filter ] --START--
INFO: Run Behavior\WriteHtmlCacheBehavior [ RunTime:0.000000s ]
INFO: [ view_filter ] --END-- [ RunTime:0.000000s ]
INFO: [ app_end ] --START--
INFO: Run Behavior\ShowPageTraceBehavior [ RunTime:0.000000s ]
INFO: [ app_end ] --END-- [ RunTime:0.000000s ]

[ 2015-09-13T01:02:25+08:00 ] 127.0.0.1 /Admin/Project/batch_menu
INFO: [ app_init ] --START--
INFO: Run Behavior\BuildLiteBehavior [ RunTime:0.000000s ]
INFO: [ app_init ] --END-- [ RunTime:0.001000s ]
INFO: [ app_begin ] --START--
INFO: Run Behavior\ReadHtmlCacheBehavior [ RunTime:0.001000s ]
INFO: [ app_begin ] --END-- [ RunTime:0.001000s ]
NOTIC: [2048] Non-static method Admin\Controller\Check::check() should not be called statically, assuming $this from incompatible context C:\Program Files\phpStudy\WWW_prop\Application\Admin\Controller\ProjectController.class.php 第 7 行.
SQL: SHOW COLUMNS FROM `prop_project` [ RunTime:0.0030s ]
SQL: SELECT `h_id`,`project_menu` FROM `prop_project`  [ RunTime:0.0000s ]
SQL: SHOW COLUMNS FROM `prop_menu` [ RunTime:0.0020s ]
SQL: SELECT * FROM `prop_menu` WHERE `menu_id` = 1 LIMIT 1   [ RunTime:0.0000s ]
NOTIC: [2] Illegal offset type in isset or empty C:\Program Files\phpStudy\WWW_prop\ThinkPHP\Library\Think\Model.class.php 第 445 行.
SQL: UPDATE `prop_project` SET `project_menu`='a:1:{s:586:\"a:4:{i:1;a:4:{s:9:\"menu_name\";s:12:\"小区通知\";s:8:\"menu_url\";s:23:\"/Prop/Notice/index.html\";s:8:\"menu_ico\";s:8:\"&#xe682;\";s:10:\"menu_table\";s:6:\"notice\";}i:2;a:4:{s:9:\"menu_name\";s:6:\"服务\";s:8:\"menu_url\";s:23:\"/Prop/Server/index.html\";s:8:\"menu_ico\";s:8:\"&#xe670;\";s:10:\"menu_table\";s:6:\"server\";}i:3;a:4:{s:9:\"menu_name\";s:12:\"账单缴费\";s:8:\"menu_url\";s:21:\"/Prop/Bill/index.html\";s:8:\"menu_ico\";s:8:\"&#xe67e;\";s:10:\"menu_table\";s:4:\"bill\";}i:4;a:4:{s:9:\"menu_name\";s:6:\"宅配\";s:8:\"menu_url\";s:20:\"http://fx.guanyu.cn/\";s:8:\"menu_ico\";s:8:\"&#xe66f;\";s:10:\"menu_table\";N;}}\";a:4:{s:9:\"menu_name\";s:12:\"小区通知\";s:8:\"menu_url\";s:23:\"/Prop/Notice/index.html\";s:8:\"menu_ico\";s:8:\"&#xe682;\";s:10:\"menu_table\";s:6:\"notice\";}}' WHERE `h_id` = 33 [ RunTime:0.0010s ]
SQL: SELECT * FROM `prop_menu` WHERE `menu_id` = 2 LIMIT 1   [ RunTime:0.0000s ]
NOTIC: [2] Illegal offset type in isset or empty C:\Program Files\phpStudy\WWW_prop\ThinkPHP\Library\Think\Model.class.php 第 445 行.
SQL: UPDATE `prop_project` SET `project_menu`='a:1:{s:586:\"a:4:{i:1;a:4:{s:9:\"menu_name\";s:12:\"小区通知\";s:8:\"menu_url\";s:23:\"/Prop/Notice/index.html\";s:8:\"menu_ico\";s:8:\"&#xe682;\";s:10:\"menu_table\";s:6:\"notice\";}i:2;a:4:{s:9:\"menu_name\";s:6:\"服务\";s:8:\"menu_url\";s:23:\"/Prop/Server/index.html\";s:8:\"menu_ico\";s:8:\"&#xe670;\";s:10:\"menu_table\";s:6:\"server\";}i:3;a:4:{s:9:\"menu_name\";s:12:\"账单缴费\";s:8:\"menu_url\";s:21:\"/Prop/Bill/index.html\";s:8:\"menu_ico\";s:8:\"&#xe67e;\";s:10:\"menu_table\";s:4:\"bill\";}i:4;a:4:{s:9:\"menu_name\";s:6:\"宅配\";s:8:\"menu_url\";s:20:\"http://fx.guanyu.cn/\";s:8:\"menu_ico\";s:8:\"&#xe66f;\";s:10:\"menu_table\";N;}}\";a:4:{s:9:\"menu_name\";s:6:\"服务\";s:8:\"menu_url\";s:23:\"/Prop/Server/index.html\";s:8:\"menu_ico\";s:8:\"&#xe670;\";s:10:\"menu_table\";s:6:\"server\";}}' WHERE `h_id` = 33 [ RunTime:0.0000s ]
SQL: SELECT * FROM `prop_menu` WHERE `menu_id` = 3 LIMIT 1   [ RunTime:0.0000s ]
NOTIC: [2] Illegal offset type in isset or empty C:\Program Files\phpStudy\WWW_prop\ThinkPHP\Library\Think\Model.class.php 第 445 行.
SQL: UPDATE `prop_project` SET `project_menu`='a:1:{s:586:\"a:4:{i:1;a:4:{s:9:\"menu_name\";s:12:\"小区通知\";s:8:\"menu_url\";s:23:\"/Prop/Notice/index.html\";s:8:\"menu_ico\";s:8:\"&#xe682;\";s:10:\"menu_table\";s:6:\"notice\";}i:2;a:4:{s:9:\"menu_name\";s:6:\"服务\";s:8:\"menu_url\";s:23:\"/Prop/Server/index.html\";s:8:\"menu_ico\";s:8:\"&#xe670;\";s:10:\"menu_table\";s:6:\"server\";}i:3;a:4:{s:9:\"menu_name\";s:12:\"账单缴费\";s:8:\"menu_url\";s:21:\"/Prop/Bill/index.html\";s:8:\"menu_ico\";s:8:\"&#xe67e;\";s:10:\"menu_table\";s:4:\"bill\";}i:4;a:4:{s:9:\"menu_name\";s:6:\"宅配\";s:8:\"menu_url\";s:20:\"http://fx.guanyu.cn/\";s:8:\"menu_ico\";s:8:\"&#xe66f;\";s:10:\"menu_table\";N;}}\";a:4:{s:9:\"menu_name\";s:12:\"账单缴费\";s:8:\"menu_url\";s:21:\"/Prop/Bill/index.html\";s:8:\"menu_ico\";s:8:\"&#xe67e;\";s:10:\"menu_table\";s:4:\"bill\";}}' WHERE `h_id` = 33 [ RunTime:0.0000s ]
SQL: SELECT * FROM `prop_menu` WHERE `menu_id` = 4 LIMIT 1   [ RunTime:0.0000s ]
NOTIC: [2] Illegal offset type in isset or empty C:\Program Files\phpStudy\WWW_prop\ThinkPHP\Library\Think\Model.class.php 第 445 行.
SQL: UPDATE `prop_project` SET `project_menu`='a:1:{s:586:\"a:4:{i:1;a:4:{s:9:\"menu_name\";s:12:\"小区通知\";s:8:\"menu_url\";s:23:\"/Prop/Notice/index.html\";s:8:\"menu_ico\";s:8:\"&#xe682;\";s:10:\"menu_table\";s:6:\"notice\";}i:2;a:4:{s:9:\"menu_name\";s:6:\"服务\";s:8:\"menu_url\";s:23:\"/Prop/Server/index.html\";s:8:\"menu_ico\";s:8:\"&#xe670;\";s:10:\"menu_table\";s:6:\"server\";}i:3;a:4:{s:9:\"menu_name\";s:12:\"账单缴费\";s:8:\"menu_url\";s:21:\"/Prop/Bill/index.html\";s:8:\"menu_ico\";s:8:\"&#xe67e;\";s:10:\"menu_table\";s:4:\"bill\";}i:4;a:4:{s:9:\"menu_name\";s:6:\"宅配\";s:8:\"menu_url\";s:20:\"http://fx.guanyu.cn/\";s:8:\"menu_ico\";s:8:\"&#xe66f;\";s:10:\"menu_table\";N;}}\";a:4:{s:9:\"menu_name\";s:6:\"宅配\";s:8:\"menu_url\";s:20:\"http://fx.guanyu.cn/\";s:8:\"menu_ico\";s:8:\"&#xe66f;\";s:10:\"menu_table\";N;}}' WHERE `h_id` = 33 [ RunTime:0.0000s ]
NOTIC: [2] Invalid argument supplied for foreach() C:\Program Files\phpStudy\WWW_prop\Application\Admin\Controller\ProjectController.class.php 第 62 行.
SQL: SELECT * FROM `prop_menu` WHERE `menu_id` = 1 LIMIT 1   [ RunTime:0.0000s ]
NOTIC: [2] Illegal offset type in isset or empty C:\Program Files\phpStudy\WWW_prop\ThinkPHP\Library\Think\Model.class.php 第 445 行.
SQL: UPDATE `prop_project` SET `project_menu`='a:1:{s:1342:\"a:8:{i:1;a:4:{s:9:\"menu_name\";s:12:\"小区通知\";s:8:\"menu_url\";s:23:\"/Prop/Notice/index.html\";s:8:\"menu_ico\";s:8:\"&#xe682;\";s:10:\"menu_table\";s:6:\"notice\";}i:9;a:4:{s:9:\"menu_name\";s:12:\"维修报障\";s:8:\"menu_url\";s:42:\"/Prop/Server/serv_post/server_class/2.html\";s:8:\"menu_ico\";s:8:\"&#xe672;\";s:10:\"menu_table\";s:6:\"server\";}i:10;a:4:{s:9:\"menu_name\";s:12:\"投诉建议\";s:8:\"menu_url\";s:42:\"/Prop/Server/serv_post/server_class/1.html\";s:8:\"menu_ico\";s:8:\"&#xe65f;\";s:10:\"menu_table\";s:6:\"server\";}i:11;a:4:{s:9:\"menu_name\";s:12:\"施工申请\";s:8:\"menu_url\";s:42:\"/Prop/Server/serv_post/server_class/3.html\";s:8:\"menu_ico\";s:8:\"&#xe6a0;\";s:10:\"menu_table\";s:6:\"server\";}i:12;a:4:{s:9:\"menu_name\";s:12:\"楼盘推荐\";s:8:\"menu_url\";s:32:\"http://html.guanyu.cn/Home/zhyf/\";s:8:\"menu_ico\";s:8:\"&#xe673;\";s:10:\"menu_table\";N;}i:13;a:4:{s:9:\"menu_name\";s:12:\"我要赚钱\";s:8:\"menu_url\";s:56:\"https://house.guanyu.cn/Master/Index/formbb/h_id/33.html\";s:8:\"menu_ico\";s:8:\"&#xe693;\";s:10:\"menu_table\";N;}i:3;a:4:{s:9:\"menu_name\";s:12:\"账单缴费\";s:8:\"menu_url\";s:21:\"/Prop/Bill/index.html\";s:8:\"menu_ico\";s:8:\"&#xe67e;\";s:10:\"menu_table\";s:4:\"bill\";}i:5;a:4:{s:9:\"menu_name\";s:12:\"社区活动\";s:8:\"menu_url\";s:69:\"http://event.guanyu.cn/Home/Api/index?backurl=http://event.guanyu.cn/\";s:8:\"menu_ico\";s:8:\"&#xe678;\";s:10:\"menu_table\";N;}}\";a:4:{s:9:\"menu_name\";s:12:\"小区通知\";s:8:\"menu_url\";s:23:\"/Prop/Notice/index.html\";s:8:\"menu_ico\";s:8:\"&#xe682;\";s:10:\"menu_table\";s:6:\"notice\";}}' WHERE `h_id` = 36 [ RunTime:0.0010s ]
SQL: SELECT * FROM `prop_menu` WHERE `menu_id` = 9 LIMIT 1   [ RunTime:0.0000s ]
NOTIC: [2] Illegal offset type in isset or empty C:\Program Files\phpStudy\WWW_prop\ThinkPHP\Library\Think\Model.class.php 第 445 行.
SQL: UPDATE `prop_project` SET `project_menu`='a:1:{s:1342:\"a:8:{i:1;a:4:{s:9:\"menu_name\";s:12:\"小区通知\";s:8:\"menu_url\";s:23:\"/Prop/Notice/index.html\";s:8:\"menu_ico\";s:8:\"&#xe682;\";s:10:\"menu_table\";s:6:\"notice\";}i:9;a:4:{s:9:\"menu_name\";s:12:\"维修报障\";s:8:\"menu_url\";s:42:\"/Prop/Server/serv_post/server_class/2.html\";s:8:\"menu_ico\";s:8:\"&#xe672;\";s:10:\"menu_table\";s:6:\"server\";}i:10;a:4:{s:9:\"menu_name\";s:12:\"投诉建议\";s:8:\"menu_url\";s:42:\"/Prop/Server/serv_post/server_class/1.html\";s:8:\"menu_ico\";s:8:\"&#xe65f;\";s:10:\"menu_table\";s:6:\"server\";}i:11;a:4:{s:9:\"menu_name\";s:12:\"施工申请\";s:8:\"menu_url\";s:42:\"/Prop/Server/serv_post/server_class/3.html\";s:8:\"menu_ico\";s:8:\"&#xe6a0;\";s:10:\"menu_table\";s:6:\"server\";}i:12;a:4:{s:9:\"menu_name\";s:12:\"楼盘推荐\";s:8:\"menu_url\";s:32:\"http://html.guanyu.cn/Home/zhyf/\";s:8:\"menu_ico\";s:8:\"&#xe673;\";s:10:\"menu_table\";N;}i:13;a:4:{s:9:\"menu_name\";s:12:\"我要赚钱\";s:8:\"menu_url\";s:56:\"https://house.guanyu.cn/Master/Index/formbb/h_id/33.html\";s:8:\"menu_ico\";s:8:\"&#xe693;\";s:10:\"menu_table\";N;}i:3;a:4:{s:9:\"menu_name\";s:12:\"账单缴费\";s:8:\"menu_url\";s:21:\"/Prop/Bill/index.html\";s:8:\"menu_ico\";s:8:\"&#xe67e;\";s:10:\"menu_table\";s:4:\"bill\";}i:5;a:4:{s:9:\"menu_name\";s:12:\"社区活动\";s:8:\"menu_url\";s:69:\"http://event.guanyu.cn/Home/Api/index?backurl=http://event.guanyu.cn/\";s:8:\"menu_ico\";s:8:\"&#xe678;\";s:10:\"menu_table\";N;}}\";a:4:{s:9:\"menu_name\";s:12:\"维修报障\";s:8:\"menu_url\";s:42:\"/Prop/Server/serv_post/server_class/2.html\";s:8:\"menu_ico\";s:8:\"&#xe672;\";s:10:\"menu_table\";s:6:\"server\";}}' WHERE `h_id` = 36 [ RunTime:0.0000s ]
SQL: SELECT * FROM `prop_menu` WHERE `menu_id` = 10 LIMIT 1   [ RunTime:0.0000s ]
NOTIC: [2] Illegal offset type in isset or empty C:\Program Files\phpStudy\WWW_prop\ThinkPHP\Library\Think\Model.class.php 第 445 行.
SQL: UPDATE `prop_project` SET `project_menu`='a:1:{s:1342:\"a:8:{i:1;a:4:{s:9:\"menu_name\";s:12:\"小区通知\";s:8:\"menu_url\";s:23:\"/Prop/Notice/index.html\";s:8:\"menu_ico\";s:8:\"&#xe682;\";s:10:\"menu_table\";s:6:\"notice\";}i:9;a:4:{s:9:\"menu_name\";s:12:\"维修报障\";s:8:\"menu_url\";s:42:\"/Prop/Server/serv_post/server_class/2.html\";s:8:\"menu_ico\";s:8:\"&#xe672;\";s:10:\"menu_table\";s:6:\"server\";}i:10;a:4:{s:9:\"menu_name\";s:12:\"投诉建议\";s:8:\"menu_url\";s:42:\"/Prop/Server/serv_post/server_class/1.html\";s:8:\"menu_ico\";s:8:\"&#xe65f;\";s:10:\"menu_table\";s:6:\"server\";}i:11;a:4:{s:9:\"menu_name\";s:12:\"施工申请\";s:8:\"menu_url\";s:42:\"/Prop/Server/serv_post/server_class/3.html\";s:8:\"menu_ico\";s:8:\"&#xe6a0;\";s:10:\"menu_table\";s:6:\"server\";}i:12;a:4:{s:9:\"menu_name\";s:12:\"楼盘推荐\";s:8:\"menu_url\";s:32:\"http://html.guanyu.cn/Home/zhyf/\";s:8:\"menu_ico\";s:8:\"&#xe673;\";s:10:\"menu_table\";N;}i:13;a:4:{s:9:\"menu_name\";s:12:\"我要赚钱\";s:8:\"menu_url\";s:56:\"https://house.guanyu.cn/Master/Index/formbb/h_id/33.html\";s:8:\"menu_ico\";s:8:\"&#xe693;\";s:10:\"menu_table\";N;}i:3;a:4:{s:9:\"menu_name\";s:12:\"账单缴费\";s:8:\"menu_url\";s:21:\"/Prop/Bill/index.html\";s:8:\"menu_ico\";s:8:\"&#xe67e;\";s:10:\"menu_table\";s:4:\"bill\";}i:5;a:4:{s:9:\"menu_name\";s:12:\"社区活动\";s:8:\"menu_url\";s:69:\"http://event.guanyu.cn/Home/Api/index?backurl=http://event.guanyu.cn/\";s:8:\"menu_ico\";s:8:\"&#xe678;\";s:10:\"menu_table\";N;}}\";a:4:{s:9:\"menu_name\";s:12:\"投诉建议\";s:8:\"menu_url\";s:42:\"/Prop/Server/serv_post/server_class/1.html\";s:8:\"menu_ico\";s:8:\"&#xe65f;\";s:10:\"menu_table\";s:6:\"server\";}}' WHERE `h_id` = 36 [ RunTime:0.0010s ]
SQL: SELECT * FROM `prop_menu` WHERE `menu_id` = 11 LIMIT 1   [ RunTime:0.0000s ]
NOTIC: [2] Illegal offset type in isset or empty C:\Program Files\phpStudy\WWW_prop\ThinkPHP\Library\Think\Model.class.php 第 445 行.
SQL: UPDATE `prop_project` SET `project_menu`='a:1:{s:1342:\"a:8:{i:1;a:4:{s:9:\"menu_name\";s:12:\"小区通知\";s:8:\"menu_url\";s:23:\"/Prop/Notice/index.html\";s:8:\"menu_ico\";s:8:\"&#xe682;\";s:10:\"menu_table\";s:6:\"notice\";}i:9;a:4:{s:9:\"menu_name\";s:12:\"维修报障\";s:8:\"menu_url\";s:42:\"/Prop/Server/serv_post/server_class/2.html\";s:8:\"menu_ico\";s:8:\"&#xe672;\";s:10:\"menu_table\";s:6:\"server\";}i:10;a:4:{s:9:\"menu_name\";s:12:\"投诉建议\";s:8:\"menu_url\";s:42:\"/Prop/Server/serv_post/server_class/1.html\";s:8:\"menu_ico\";s:8:\"&#xe65f;\";s:10:\"menu_table\";s:6:\"server\";}i:11;a:4:{s:9:\"menu_name\";s:12:\"施工申请\";s:8:\"menu_url\";s:42:\"/Prop/Server/serv_post/server_class/3.html\";s:8:\"menu_ico\";s:8:\"&#xe6a0;\";s:10:\"menu_table\";s:6:\"server\";}i:12;a:4:{s:9:\"menu_name\";s:12:\"楼盘推荐\";s:8:\"menu_url\";s:32:\"http://html.guanyu.cn/Home/zhyf/\";s:8:\"menu_ico\";s:8:\"&#xe673;\";s:10:\"menu_table\";N;}i:13;a:4:{s:9:\"menu_name\";s:12:\"我要赚钱\";s:8:\"menu_url\";s:56:\"https://house.guanyu.cn/Master/Index/formbb/h_id/33.html\";s:8:\"menu_ico\";s:8:\"&#xe693;\";s:10:\"menu_table\";N;}i:3;a:4:{s:9:\"menu_name\";s:12:\"账单缴费\";s:8:\"menu_url\";s:21:\"/Prop/Bill/index.html\";s:8:\"menu_ico\";s:8:\"&#xe67e;\";s:10:\"menu_table\";s:4:\"bill\";}i:5;a:4:{s:9:\"menu_name\";s:12:\"社区活动\";s:8:\"menu_url\";s:69:\"http://event.guanyu.cn/Home/Api/index?backurl=http://event.guanyu.cn/\";s:8:\"menu_ico\";s:8:\"&#xe678;\";s:10:\"menu_table\";N;}}\";a:4:{s:9:\"menu_name\";s:12:\"施工申请\";s:8:\"menu_url\";s:42:\"/Prop/Server/serv_post/server_class/3.html\";s:8:\"menu_ico\";s:8:\"&#xe6a0;\";s:10:\"menu_table\";s:6:\"server\";}}' WHERE `h_id` = 36 [ RunTime:0.0010s ]
SQL: SELECT * FROM `prop_menu` WHERE `menu_id` = 12 LIMIT 1   [ RunTime:0.0000s ]
NOTIC: [2] Illegal offset type in isset or empty C:\Program Files\phpStudy\WWW_prop\ThinkPHP\Library\Think\Model.class.php 第 445 行.
SQL: UPDATE `prop_project` SET `project_menu`='a:1:{s:1342:\"a:8:{i:1;a:4:{s:9:\"menu_name\";s:12:\"小区通知\";s:8:\"menu_url\";s:23:\"/Prop/Notice/index.html\";s:8:\"menu_ico\";s:8:\"&#xe682;\";s:10:\"menu_table\";s:6:\"notice\";}i:9;a:4:{s:9:\"menu_name\";s:12:\"维修报障\";s:8:\"menu_url\";s:42:\"/Prop/Server/serv_post/server_class/2.html\";s:8:\"menu_ico\";s:8:\"&#xe672;\";s:10:\"menu_table\";s:6:\"server\";}i:10;a:4:{s:9:\"menu_name\";s:12:\"投诉建议\";s:8:\"menu_url\";s:42:\"/Prop/Server/serv_post/server_class/1.html\";s:8:\"menu_ico\";s:8:\"&#xe65f;\";s:10:\"menu_table\";s:6:\"server\";}i:11;a:4:{s:9:\"menu_name\";s:12:\"施工申请\";s:8:\"menu_url\";s:42:\"/Prop/Server/serv_post/server_class/3.html\";s:8:\"menu_ico\";s:8:\"&#xe6a0;\";s:10:\"menu_table\";s:6:\"server\";}i:12;a:4:{s:9:\"menu_name\";s:12:\"楼盘推荐\";s:8:\"menu_url\";s:32:\"http://html.guanyu.cn/Home/zhyf/\";s:8:\"menu_ico\";s:8:\"&#xe673;\";s:10:\"menu_table\";N;}i:13;a:4:{s:9:\"menu_name\";s:12:\"我要赚钱\";s:8:\"menu_url\";s:56:\"https://house.guanyu.cn/Master/Index/formbb/h_id/33.html\";s:8:\"menu_ico\";s:8:\"&#xe693;\";s:10:\"menu_table\";N;}i:3;a:4:{s:9:\"menu_name\";s:12:\"账单缴费\";s:8:\"menu_url\";s:21:\"/Prop/Bill/index.html\";s:8:\"menu_ico\";s:8:\"&#xe67e;\";s:10:\"menu_table\";s:4:\"bill\";}i:5;a:4:{s:9:\"menu_name\";s:12:\"社区活动\";s:8:\"menu_url\";s:69:\"http://event.guanyu.cn/Home/Api/index?backurl=http://event.guanyu.cn/\";s:8:\"menu_ico\";s:8:\"&#xe678;\";s:10:\"menu_table\";N;}}\";a:4:{s:9:\"menu_name\";s:12:\"楼盘推荐\";s:8:\"menu_url\";s:32:\"http://html.guanyu.cn/Home/zhyf/\";s:8:\"menu_ico\";s:8:\"&#xe673;\";s:10:\"menu_table\";N;}}' WHERE `h_id` = 36 [ RunTime:0.0010s ]
SQL: SELECT * FROM `prop_menu` WHERE `menu_id` = 13 LIMIT 1   [ RunTime:0.0000s ]
NOTIC: [2] Illegal offset type in isset or empty C:\Program Files\phpStudy\WWW_prop\ThinkPHP\Library\Think\Model.class.php 第 445 行.
SQL: UPDATE `prop_project` SET `project_menu`='a:1:{s:1342:\"a:8:{i:1;a:4:{s:9:\"menu_name\";s:12:\"小区通知\";s:8:\"menu_url\";s:23:\"/Prop/Notice/index.html\";s:8:\"menu_ico\";s:8:\"&#xe682;\";s:10:\"menu_table\";s:6:\"notice\";}i:9;a:4:{s:9:\"menu_name\";s:12:\"维修报障\";s:8:\"menu_url\";s:42:\"/Prop/Server/serv_post/server_class/2.html\";s:8:\"menu_ico\";s:8:\"&#xe672;\";s:10:\"menu_table\";s:6:\"server\";}i:10;a:4:{s:9:\"menu_name\";s:12:\"投诉建议\";s:8:\"menu_url\";s:42:\"/Prop/Server/serv_post/server_class/1.html\";s:8:\"menu_ico\";s:8:\"&#xe65f;\";s:10:\"menu_table\";s:6:\"server\";}i:11;a:4:{s:9:\"menu_name\";s:12:\"施工申请\";s:8:\"menu_url\";s:42:\"/Prop/Server/serv_post/server_class/3.html\";s:8:\"menu_ico\";s:8:\"&#xe6a0;\";s:10:\"menu_table\";s:6:\"server\";}i:12;a:4:{s:9:\"menu_name\";s:12:\"楼盘推荐\";s:8:\"menu_url\";s:32:\"http://html.guanyu.cn/Home/zhyf/\";s:8:\"menu_ico\";s:8:\"&#xe673;\";s:10:\"menu_table\";N;}i:13;a:4:{s:9:\"menu_name\";s:12:\"我要赚钱\";s:8:\"menu_url\";s:56:\"https://house.guanyu.cn/Master/Index/formbb/h_id/33.html\";s:8:\"menu_ico\";s:8:\"&#xe693;\";s:10:\"menu_table\";N;}i:3;a:4:{s:9:\"menu_name\";s:12:\"账单缴费\";s:8:\"menu_url\";s:21:\"/Prop/Bill/index.html\";s:8:\"menu_ico\";s:8:\"&#xe67e;\";s:10:\"menu_table\";s:4:\"bill\";}i:5;a:4:{s:9:\"menu_name\";s:12:\"社区活动\";s:8:\"menu_url\";s:69:\"http://event.guanyu.cn/Home/Api/index?backurl=http://event.guanyu.cn/\";s:8:\"menu_ico\";s:8:\"&#xe678;\";s:10:\"menu_table\";N;}}\";a:4:{s:9:\"menu_name\";s:12:\"我要赚钱\";s:8:\"menu_url\";s:56:\"https://house.guanyu.cn/Master/Index/formbb/h_id/33.html\";s:8:\"menu_ico\";s:8:\"&#xe693;\";s:10:\"menu_table\";N;}}' WHERE `h_id` = 36 [ RunTime:0.0000s ]
SQL: SELECT * FROM `prop_menu` WHERE `menu_id` = 3 LIMIT 1   [ RunTime:0.0010s ]
NOTIC: [2] Illegal offset type in isset or empty C:\Program Files\phpStudy\WWW_prop\ThinkPHP\Library\Think\Model.class.php 第 445 行.
SQL: UPDATE `prop_project` SET `project_menu`='a:1:{s:1342:\"a:8:{i:1;a:4:{s:9:\"menu_name\";s:12:\"小区通知\";s:8:\"menu_url\";s:23:\"/Prop/Notice/index.html\";s:8:\"menu_ico\";s:8:\"&#xe682;\";s:10:\"menu_table\";s:6:\"notice\";}i:9;a:4:{s:9:\"menu_name\";s:12:\"维修报障\";s:8:\"menu_url\";s:42:\"/Prop/Server/serv_post/server_class/2.html\";s:8:\"menu_ico\";s:8:\"&#xe672;\";s:10:\"menu_table\";s:6:\"server\";}i:10;a:4:{s:9:\"menu_name\";s:12:\"投诉建议\";s:8:\"menu_url\";s:42:\"/Prop/Server/serv_post/server_class/1.html\";s:8:\"menu_ico\";s:8:\"&#xe65f;\";s:10:\"menu_table\";s:6:\"server\";}i:11;a:4:{s:9:\"menu_name\";s:12:\"施工申请\";s:8:\"menu_url\";s:42:\"/Prop/Server/serv_post/server_class/3.html\";s:8:\"menu_ico\";s:8:\"&#xe6a0;\";s:10:\"menu_table\";s:6:\"server\";}i:12;a:4:{s:9:\"menu_name\";s:12:\"楼盘推荐\";s:8:\"menu_url\";s:32:\"http://html.guanyu.cn/Home/zhyf/\";s:8:\"menu_ico\";s:8:\"&#xe673;\";s:10:\"menu_table\";N;}i:13;a:4:{s:9:\"menu_name\";s:12:\"我要赚钱\";s:8:\"menu_url\";s:56:\"https://house.guanyu.cn/Master/Index/formbb/h_id/33.html\";s:8:\"menu_ico\";s:8:\"&#xe693;\";s:10:\"menu_table\";N;}i:3;a:4:{s:9:\"menu_name\";s:12:\"账单缴费\";s:8:\"menu_url\";s:21:\"/Prop/Bill/index.html\";s:8:\"menu_ico\";s:8:\"&#xe67e;\";s:10:\"menu_table\";s:4:\"bill\";}i:5;a:4:{s:9:\"menu_name\";s:12:\"社区活动\";s:8:\"menu_url\";s:69:\"http://event.guanyu.cn/Home/Api/index?backurl=http://event.guanyu.cn/\";s:8:\"menu_ico\";s:8:\"&#xe678;\";s:10:\"menu_table\";N;}}\";a:4:{s:9:\"menu_name\";s:12:\"账单缴费\";s:8:\"menu_url\";s:21:\"/Prop/Bill/index.html\";s:8:\"menu_ico\";s:8:\"&#xe67e;\";s:10:\"menu_table\";s:4:\"bill\";}}' WHERE `h_id` = 36 [ RunTime:0.0000s ]
SQL: SELECT * FROM `prop_menu` WHERE `menu_id` = 5 LIMIT 1   [ RunTime:0.0000s ]
NOTIC: [2] Illegal offset type in isset or empty C:\Program Files\phpStudy\WWW_prop\ThinkPHP\Library\Think\Model.class.php 第 445 行.
SQL: UPDATE `prop_project` SET `project_menu`='a:1:{s:1342:\"a:8:{i:1;a:4:{s:9:\"menu_name\";s:12:\"小区通知\";s:8:\"menu_url\";s:23:\"/Prop/Notice/index.html\";s:8:\"menu_ico\";s:8:\"&#xe682;\";s:10:\"menu_table\";s:6:\"notice\";}i:9;a:4:{s:9:\"menu_name\";s:12:\"维修报障\";s:8:\"menu_url\";s:42:\"/Prop/Server/serv_post/server_class/2.html\";s:8:\"menu_ico\";s:8:\"&#xe672;\";s:10:\"menu_table\";s:6:\"server\";}i:10;a:4:{s:9:\"menu_name\";s:12:\"投诉建议\";s:8:\"menu_url\";s:42:\"/Prop/Server/serv_post/server_class/1.html\";s:8:\"menu_ico\";s:8:\"&#xe65f;\";s:10:\"menu_table\";s:6:\"server\";}i:11;a:4:{s:9:\"menu_name\";s:12:\"施工申请\";s:8:\"menu_url\";s:42:\"/Prop/Server/serv_post/server_class/3.html\";s:8:\"menu_ico\";s:8:\"&#xe6a0;\";s:10:\"menu_table\";s:6:\"server\";}i:12;a:4:{s:9:\"menu_name\";s:12:\"楼盘推荐\";s:8:\"menu_url\";s:32:\"http://html.guanyu.cn/Home/zhyf/\";s:8:\"menu_ico\";s:8:\"&#xe673;\";s:10:\"menu_table\";N;}i:13;a:4:{s:9:\"menu_name\";s:12:\"我要赚钱\";s:8:\"menu_url\";s:56:\"https://house.guanyu.cn/Master/Index/formbb/h_id/33.html\";s:8:\"menu_ico\";s:8:\"&#xe693;\";s:10:\"menu_table\";N;}i:3;a:4:{s:9:\"menu_name\";s:12:\"账单缴费\";s:8:\"menu_url\";s:21:\"/Prop/Bill/index.html\";s:8:\"menu_ico\";s:8:\"&#xe67e;\";s:10:\"menu_table\";s:4:\"bill\";}i:5;a:4:{s:9:\"menu_name\";s:12:\"社区活动\";s:8:\"menu_url\";s:69:\"http://event.guanyu.cn/Home/Api/index?backurl=http://event.guanyu.cn/\";s:8:\"menu_ico\";s:8:\"&#xe678;\";s:10:\"menu_table\";N;}}\";a:4:{s:9:\"menu_name\";s:12:\"社区活动\";s:8:\"menu_url\";s:69:\"http://event.guanyu.cn/Home/Api/index?backurl=http://event.guanyu.cn/\";s:8:\"menu_ico\";s:8:\"&#xe678;\";s:10:\"menu_table\";N;}}' WHERE `h_id` = 36 [ RunTime:0.0000s ]
INFO: [ app_end ] --START--
INFO: Run Behavior\ShowPageTraceBehavior [ RunTime:0.001000s ]
INFO: [ app_end ] --END-- [ RunTime:0.001000s ]

[ 2015-09-13T02:02:46+08:00 ] 127.0.0.1 /Admin/Project/index/project_id/35.html
INFO: [ app_init ] --START--
INFO: Run Behavior\BuildLiteBehavior [ RunTime:0.000000s ]
INFO: [ app_init ] --END-- [ RunTime:0.000000s ]
INFO: [ app_begin ] --START--
INFO: Run Behavior\ReadHtmlCacheBehavior [ RunTime:0.001000s ]
INFO: [ app_begin ] --END-- [ RunTime:0.001000s ]
NOTIC: [2048] Non-static method Admin\Controller\Check::check() should not be called statically, assuming $this from incompatible context C:\Program Files\phpStudy\WWW_prop\Application\Admin\Controller\ProjectController.class.php 第 7 行.
SQL: SHOW COLUMNS FROM `prop_project_manager` [ RunTime:0.0020s ]
SQL: SELECT p.h_id,p.project FROM prop_project_manager m INNER JOIN prop_project p ON m.project_id = p.h_id  WHERE m.uin = '1468'  [ RunTime:0.0000s ]
SQL: SHOW COLUMNS FROM `prop_menu` [ RunTime:0.0020s ]
SQL: SELECT * FROM `prop_menu`  [ RunTime:0.0010s ]
SQL: SHOW COLUMNS FROM `prop_project` [ RunTime:0.0020s ]
SQL: SELECT * FROM `prop_project` WHERE ( h_id=35 ) LIMIT 1   [ RunTime:0.0000s ]
INFO: [ view_parse ] --START--
INFO: [ template_filter ] --START--
INFO: Run Behavior\ContentReplaceBehavior [ RunTime:0.000000s ]
INFO: [ template_filter ] --END-- [ RunTime:0.000000s ]
INFO: Run Behavior\ParseTemplateBehavior [ RunTime:0.013001s ]
INFO: [ view_parse ] --END-- [ RunTime:0.013001s ]
INFO: [ view_filter ] --START--
INFO: Run Behavior\WriteHtmlCacheBehavior [ RunTime:0.000000s ]
INFO: [ view_filter ] --END-- [ RunTime:0.000000s ]
INFO: [ app_end ] --START--
INFO: Run Behavior\ShowPageTraceBehavior [ RunTime:0.000000s ]
INFO: [ app_end ] --END-- [ RunTime:0.000000s ]

[ 2015-09-13T02:02:53+08:00 ] 127.0.0.1 /Admin/Project/index/project_id/36.html
INFO: [ app_init ] --START--
INFO: Run Behavior\BuildLiteBehavior [ RunTime:0.000000s ]
INFO: [ app_init ] --END-- [ RunTime:0.000000s ]
INFO: [ app_begin ] --START--
INFO: Run Behavior\ReadHtmlCacheBehavior [ RunTime:0.000000s ]
INFO: [ app_begin ] --END-- [ RunTime:0.001000s ]
NOTIC: [2048] Non-static method Admin\Controller\Check::check() should not be called statically, assuming $this from incompatible context C:\Program Files\phpStudy\WWW_prop\Application\Admin\Controller\ProjectController.class.php 第 7 行.
SQL: SHOW COLUMNS FROM `prop_project_manager` [ RunTime:0.0040s ]
SQL: SELECT p.h_id,p.project FROM prop_project_manager m INNER JOIN prop_project p ON m.project_id = p.h_id  WHERE m.uin = '1468'  [ RunTime:0.0000s ]
SQL: SHOW COLUMNS FROM `prop_menu` [ RunTime:0.0030s ]
SQL: SELECT * FROM `prop_menu`  [ RunTime:0.0010s ]
SQL: SHOW COLUMNS FROM `prop_project` [ RunTime:0.0030s ]
SQL: SELECT * FROM `prop_project` WHERE ( h_id=36 ) LIMIT 1   [ RunTime:0.0010s ]
INFO: [ view_parse ] --START--
INFO: [ template_filter ] --START--
INFO: Run Behavior\ContentReplaceBehavior [ RunTime:0.000000s ]
INFO: [ template_filter ] --END-- [ RunTime:0.000000s ]
INFO: Run Behavior\ParseTemplateBehavior [ RunTime:0.016001s ]
INFO: [ view_parse ] --END-- [ RunTime:0.016001s ]
INFO: [ view_filter ] --START--
INFO: Run Behavior\WriteHtmlCacheBehavior [ RunTime:0.000000s ]
INFO: [ view_filter ] --END-- [ RunTime:0.000000s ]
INFO: [ app_end ] --START--
INFO: Run Behavior\ShowPageTraceBehavior [ RunTime:0.000000s ]
INFO: [ app_end ] --END-- [ RunTime:0.000000s ]

[ 2015-09-13T02:02:54+08:00 ] 127.0.0.1 /Admin/Project/index/project_id/36.html
INFO: [ app_init ] --START--
INFO: Run Behavior\BuildLiteBehavior [ RunTime:0.000000s ]
INFO: [ app_init ] --END-- [ RunTime:0.000000s ]
INFO: [ app_begin ] --START--
INFO: Run Behavior\ReadHtmlCacheBehavior [ RunTime:0.001000s ]
INFO: [ app_begin ] --END-- [ RunTime:0.001000s ]
NOTIC: [2048] Non-static method Admin\Controller\Check::check() should not be called statically, assuming $this from incompatible context C:\Program Files\phpStudy\WWW_prop\Application\Admin\Controller\ProjectController.class.php 第 7 行.
SQL: SHOW COLUMNS FROM `prop_project_manager` [ RunTime:0.0020s ]
SQL: SELECT p.h_id,p.project FROM prop_project_manager m INNER JOIN prop_project p ON m.project_id = p.h_id  WHERE m.uin = '1468'  [ RunTime:0.0000s ]
SQL: SHOW COLUMNS FROM `prop_menu` [ RunTime:0.0020s ]
SQL: SELECT * FROM `prop_menu`  [ RunTime:0.0000s ]
SQL: SHOW COLUMNS FROM `prop_project` [ RunTime:0.0020s ]
SQL: SELECT * FROM `prop_project` WHERE ( h_id=36 ) LIMIT 1   [ RunTime:0.0000s ]
INFO: [ view_parse ] --START--
INFO: [ template_filter ] --START--
INFO: Run Behavior\ContentReplaceBehavior [ RunTime:0.000000s ]
INFO: [ template_filter ] --END-- [ RunTime:0.000000s ]
INFO: Run Behavior\ParseTemplateBehavior [ RunTime:0.015001s ]
INFO: [ view_parse ] --END-- [ RunTime:0.016001s ]
INFO: [ view_filter ] --START--
INFO: Run Behavior\WriteHtmlCacheBehavior [ RunTime:0.000000s ]
INFO: [ view_filter ] --END-- [ RunTime:0.000000s ]
INFO: [ app_end ] --START--
INFO: Run Behavior\ShowPageTraceBehavior [ RunTime:0.001000s ]
INFO: [ app_end ] --END-- [ RunTime:0.001000s ]

[ 2015-09-13T02:02:59+08:00 ] 127.0.0.1 /Admin/Project/update_menu/
INFO: [ app_init ] --START--
INFO: Run Behavior\BuildLiteBehavior [ RunTime:0.000000s ]
INFO: [ app_init ] --END-- [ RunTime:0.000000s ]
INFO: [ app_begin ] --START--
INFO: Run Behavior\ReadHtmlCacheBehavior [ RunTime:0.000000s ]
INFO: [ app_begin ] --END-- [ RunTime:0.001000s ]
NOTIC: [2048] Non-static method Admin\Controller\Check::check() should not be called statically, assuming $this from incompatible context C:\Program Files\phpStudy\WWW_prop\Application\Admin\Controller\ProjectController.class.php 第 7 行.
SQL: SHOW COLUMNS FROM `prop_project_manager` [ RunTime:0.0020s ]
SQL: SELECT COUNT(*) AS tp_count FROM `prop_project_manager` WHERE `uin` = 1468 AND `project_id` = 36 LIMIT 1   [ RunTime:0.0000s ]
SQL: SHOW COLUMNS FROM `prop_menu` [ RunTime:0.0020s ]
SQL: SELECT * FROM `prop_menu` WHERE `menu_id` = 0 LIMIT 1   [ RunTime:0.0010s ]
SQL: SELECT * FROM `prop_menu` WHERE `menu_id` = 1 LIMIT 1   [ RunTime:0.0000s ]
SQL: SHOW COLUMNS FROM `prop_project` [ RunTime:0.0020s ]
NOTIC: [2] Illegal offset type in isset or empty C:\Program Files\phpStudy\WWW_prop\ThinkPHP\Library\Think\Model.class.php 第 445 行.
SQL: UPDATE `prop_project` SET `project_menu`='a:1:{i:1;a:4:{s:9:\"menu_name\";s:12:\"小区通知\";s:8:\"menu_url\";s:23:\"/Prop/Notice/index.html\";s:8:\"menu_ico\";s:8:\"&#xe682;\";s:10:\"menu_table\";s:6:\"notice\";}}' WHERE `h_id` = 36 [ RunTime:0.0010s ]
INFO: [ app_end ] --START--
INFO: Run Behavior\ShowPageTraceBehavior [ RunTime:0.001000s ]
INFO: [ app_end ] --END-- [ RunTime:0.001000s ]

[ 2015-09-13T02:03:00+08:00 ] 127.0.0.1 /Admin/Project/update_menu/
INFO: [ app_init ] --START--
INFO: Run Behavior\BuildLiteBehavior [ RunTime:0.000000s ]
INFO: [ app_init ] --END-- [ RunTime:0.000000s ]
INFO: [ app_begin ] --START--
INFO: Run Behavior\ReadHtmlCacheBehavior [ RunTime:0.000000s ]
INFO: [ app_begin ] --END-- [ RunTime:0.000000s ]
NOTIC: [2048] Non-static method Admin\Controller\Check::check() should not be called statically, assuming $this from incompatible context C:\Program Files\phpStudy\WWW_prop\Application\Admin\Controller\ProjectController.class.php 第 7 行.
SQL: SHOW COLUMNS FROM `prop_project_manager` [ RunTime:0.0020s ]
SQL: SELECT COUNT(*) AS tp_count FROM `prop_project_manager` WHERE `uin` = 1468 AND `project_id` = 36 LIMIT 1   [ RunTime:0.0000s ]
SQL: SHOW COLUMNS FROM `prop_menu` [ RunTime:0.0030s ]
SQL: SELECT * FROM `prop_menu` WHERE `menu_id` = 0 LIMIT 1   [ RunTime:0.0010s ]
SQL: SELECT * FROM `prop_menu` WHERE `menu_id` = 1 LIMIT 1   [ RunTime:0.0000s ]
SQL: SELECT * FROM `prop_menu` WHERE `menu_id` = 3 LIMIT 1   [ RunTime:0.0010s ]
SQL: SHOW COLUMNS FROM `prop_project` [ RunTime:0.0030s ]
NOTIC: [2] Illegal offset type in isset or empty C:\Program Files\phpStudy\WWW_prop\ThinkPHP\Library\Think\Model.class.php 第 445 行.
SQL: UPDATE `prop_project` SET `project_menu`='a:2:{i:1;a:4:{s:9:\"menu_name\";s:12:\"小区通知\";s:8:\"menu_url\";s:23:\"/Prop/Notice/index.html\";s:8:\"menu_ico\";s:8:\"&#xe682;\";s:10:\"menu_table\";s:6:\"notice\";}i:3;a:4:{s:9:\"menu_name\";s:12:\"账单缴费\";s:8:\"menu_url\";s:21:\"/Prop/Bill/index.html\";s:8:\"menu_ico\";s:8:\"&#xe67e;\";s:10:\"menu_table\";s:4:\"bill\";}}' WHERE `h_id` = 36 [ RunTime:0.0010s ]
INFO: [ app_end ] --START--
INFO: Run Behavior\ShowPageTraceBehavior [ RunTime:0.001000s ]
INFO: [ app_end ] --END-- [ RunTime:0.001000s ]

[ 2015-09-13T02:03:01+08:00 ] 127.0.0.1 /Admin/Project/update_menu/
INFO: [ app_init ] --START--
INFO: Run Behavior\BuildLiteBehavior [ RunTime:0.001000s ]
INFO: [ app_init ] --END-- [ RunTime:0.001000s ]
INFO: [ app_begin ] --START--
INFO: Run Behavior\ReadHtmlCacheBehavior [ RunTime:0.001000s ]
INFO: [ app_begin ] --END-- [ RunTime:0.001000s ]
NOTIC: [2048] Non-static method Admin\Controller\Check::check() should not be called statically, assuming $this from incompatible context C:\Program Files\phpStudy\WWW_prop\Application\Admin\Controller\ProjectController.class.php 第 7 行.
SQL: SHOW COLUMNS FROM `prop_project_manager` [ RunTime:0.0020s ]
SQL: SELECT COUNT(*) AS tp_count FROM `prop_project_manager` WHERE `uin` = 1468 AND `project_id` = 36 LIMIT 1   [ RunTime:0.0000s ]
SQL: SHOW COLUMNS FROM `prop_menu` [ RunTime:0.0020s ]
SQL: SELECT * FROM `prop_menu` WHERE `menu_id` = 0 LIMIT 1   [ RunTime:0.0010s ]
SQL: SELECT * FROM `prop_menu` WHERE `menu_id` = 1 LIMIT 1   [ RunTime:0.0000s ]
SQL: SELECT * FROM `prop_menu` WHERE `menu_id` = 2 LIMIT 1   [ RunTime:0.0010s ]
SQL: SELECT * FROM `prop_menu` WHERE `menu_id` = 3 LIMIT 1   [ RunTime:0.0000s ]
SQL: SHOW COLUMNS FROM `prop_project` [ RunTime:0.0030s ]
NOTIC: [2] Illegal offset type in isset or empty C:\Program Files\phpStudy\WWW_prop\ThinkPHP\Library\Think\Model.class.php 第 445 行.
SQL: UPDATE `prop_project` SET `project_menu`='a:3:{i:1;a:4:{s:9:\"menu_name\";s:12:\"小区通知\";s:8:\"menu_url\";s:23:\"/Prop/Notice/index.html\";s:8:\"menu_ico\";s:8:\"&#xe682;\";s:10:\"menu_table\";s:6:\"notice\";}i:2;a:4:{s:9:\"menu_name\";s:6:\"服务\";s:8:\"menu_url\";s:23:\"/Prop/Server/index.html\";s:8:\"menu_ico\";s:8:\"&#xe670;\";s:10:\"menu_table\";s:6:\"server\";}i:3;a:4:{s:9:\"menu_name\";s:12:\"账单缴费\";s:8:\"menu_url\";s:21:\"/Prop/Bill/index.html\";s:8:\"menu_ico\";s:8:\"&#xe67e;\";s:10:\"menu_table\";s:4:\"bill\";}}' WHERE `h_id` = 36 [ RunTime:0.0000s ]
INFO: [ app_end ] --START--
INFO: Run Behavior\ShowPageTraceBehavior [ RunTime:0.000000s ]
INFO: [ app_end ] --END-- [ RunTime:0.000000s ]

[ 2015-09-13T02:03:01+08:00 ] 127.0.0.1 /Admin/Project/update_menu/
INFO: [ app_init ] --START--
INFO: Run Behavior\BuildLiteBehavior [ RunTime:0.000000s ]
INFO: [ app_init ] --END-- [ RunTime:0.000000s ]
INFO: [ app_begin ] --START--
INFO: Run Behavior\ReadHtmlCacheBehavior [ RunTime:0.001000s ]
INFO: [ app_begin ] --END-- [ RunTime:0.001000s ]
NOTIC: [2048] Non-static method Admin\Controller\Check::check() should not be called statically, assuming $this from incompatible context C:\Program Files\phpStudy\WWW_prop\Application\Admin\Controller\ProjectController.class.php 第 7 行.
SQL: SHOW COLUMNS FROM `prop_project_manager` [ RunTime:0.0030s ]
SQL: SELECT COUNT(*) AS tp_count FROM `prop_project_manager` WHERE `uin` = 1468 AND `project_id` = 36 LIMIT 1   [ RunTime:0.0000s ]
SQL: SHOW COLUMNS FROM `prop_menu` [ RunTime:0.0030s ]
SQL: SELECT * FROM `prop_menu` WHERE `menu_id` = 0 LIMIT 1   [ RunTime:0.0000s ]
SQL: SELECT * FROM `prop_menu` WHERE `menu_id` = 1 LIMIT 1   [ RunTime:0.0000s ]
SQL: SELECT * FROM `prop_menu` WHERE `menu_id` = 2 LIMIT 1   [ RunTime:0.0010s ]
SQL: SELECT * FROM `prop_menu` WHERE `menu_id` = 3 LIMIT 1   [ RunTime:0.0000s ]
SQL: SELECT * FROM `prop_menu` WHERE `menu_id` = 4 LIMIT 1   [ RunTime:0.0010s ]
SQL: SHOW COLUMNS FROM `prop_project` [ RunTime:0.0020s ]
NOTIC: [2] Illegal offset type in isset or empty C:\Program Files\phpStudy\WWW_prop\ThinkPHP\Library\Think\Model.class.php 第 445 行.
SQL: UPDATE `prop_project` SET `project_menu`='a:4:{i:1;a:4:{s:9:\"menu_name\";s:12:\"小区通知\";s:8:\"menu_url\";s:23:\"/Prop/Notice/index.html\";s:8:\"menu_ico\";s:8:\"&#xe682;\";s:10:\"menu_table\";s:6:\"notice\";}i:2;a:4:{s:9:\"menu_name\";s:6:\"服务\";s:8:\"menu_url\";s:23:\"/Prop/Server/index.html\";s:8:\"menu_ico\";s:8:\"&#xe670;\";s:10:\"menu_table\";s:6:\"server\";}i:3;a:4:{s:9:\"menu_name\";s:12:\"账单缴费\";s:8:\"menu_url\";s:21:\"/Prop/Bill/index.html\";s:8:\"menu_ico\";s:8:\"&#xe67e;\";s:10:\"menu_table\";s:4:\"bill\";}i:4;a:4:{s:9:\"menu_name\";s:6:\"宅配\";s:8:\"menu_url\";s:20:\"http://fx.guanyu.cn/\";s:8:\"menu_ico\";s:8:\"&#xe66f;\";s:10:\"menu_table\";N;}}' WHERE `h_id` = 36 [ RunTime:0.0000s ]
INFO: [ app_end ] --START--
INFO: Run Behavior\ShowPageTraceBehavior [ RunTime:0.001001s ]
INFO: [ app_end ] --END-- [ RunTime:0.001001s ]

[ 2015-09-13T02:03:02+08:00 ] 127.0.0.1 /Admin/Project/update_menu/
INFO: [ app_init ] --START--
INFO: Run Behavior\BuildLiteBehavior [ RunTime:0.000000s ]
INFO: [ app_init ] --END-- [ RunTime:0.000000s ]
INFO: [ app_begin ] --START--
INFO: Run Behavior\ReadHtmlCacheBehavior [ RunTime:0.001000s ]
INFO: [ app_begin ] --END-- [ RunTime:0.001000s ]
NOTIC: [2048] Non-static method Admin\Controller\Check::check() should not be called statically, assuming $this from incompatible context C:\Program Files\phpStudy\WWW_prop\Application\Admin\Controller\ProjectController.class.php 第 7 行.
SQL: SHOW COLUMNS FROM `prop_project_manager` [ RunTime:0.0020s ]
SQL: SELECT COUNT(*) AS tp_count FROM `prop_project_manager` WHERE `uin` = 1468 AND `project_id` = 36 LIMIT 1   [ RunTime:0.0010s ]
SQL: SHOW COLUMNS FROM `prop_menu` [ RunTime:0.0020s ]
SQL: SELECT * FROM `prop_menu` WHERE `menu_id` = 0 LIMIT 1   [ RunTime:0.0000s ]
SQL: SELECT * FROM `prop_menu` WHERE `menu_id` = 1 LIMIT 1   [ RunTime:0.0010s ]
SQL: SELECT * FROM `prop_menu` WHERE `menu_id` = 2 LIMIT 1   [ RunTime:0.0000s ]
SQL: SELECT * FROM `prop_menu` WHERE `menu_id` = 3 LIMIT 1   [ RunTime:0.0000s ]
SQL: SELECT * FROM `prop_menu` WHERE `menu_id` = 4 LIMIT 1   [ RunTime:0.0000s ]
SQL: SELECT * FROM `prop_menu` WHERE `menu_id` = 6 LIMIT 1   [ RunTime:0.0000s ]
SQL: SHOW COLUMNS FROM `prop_project` [ RunTime:0.0020s ]
NOTIC: [2] Illegal offset type in isset or empty C:\Program Files\phpStudy\WWW_prop\ThinkPHP\Library\Think\Model.class.php 第 445 行.
SQL: UPDATE `prop_project` SET `project_menu`='a:5:{i:1;a:4:{s:9:\"menu_name\";s:12:\"小区通知\";s:8:\"menu_url\";s:23:\"/Prop/Notice/index.html\";s:8:\"menu_ico\";s:8:\"&#xe682;\";s:10:\"menu_table\";s:6:\"notice\";}i:2;a:4:{s:9:\"menu_name\";s:6:\"服务\";s:8:\"menu_url\";s:23:\"/Prop/Server/index.html\";s:8:\"menu_ico\";s:8:\"&#xe670;\";s:10:\"menu_table\";s:6:\"server\";}i:3;a:4:{s:9:\"menu_name\";s:12:\"账单缴费\";s:8:\"menu_url\";s:21:\"/Prop/Bill/index.html\";s:8:\"menu_ico\";s:8:\"&#xe67e;\";s:10:\"menu_table\";s:4:\"bill\";}i:4;a:4:{s:9:\"menu_name\";s:6:\"宅配\";s:8:\"menu_url\";s:20:\"http://fx.guanyu.cn/\";s:8:\"menu_ico\";s:8:\"&#xe66f;\";s:10:\"menu_table\";N;}i:6;a:4:{s:9:\"menu_name\";s:6:\"闲置\";s:8:\"menu_url\";s:21:\"/Prop/Idle/index.html\";s:8:\"menu_ico\";s:8:\"&#xe660;\";s:10:\"menu_table\";s:4:\"idle\";}}' WHERE `h_id` = 36 [ RunTime:0.0000s ]
INFO: [ app_end ] --START--
INFO: Run Behavior\ShowPageTraceBehavior [ RunTime:0.001001s ]
INFO: [ app_end ] --END-- [ RunTime:0.001001s ]

[ 2015-09-13T02:03:03+08:00 ] 127.0.0.1 /Admin/Project/update_menu/
INFO: [ app_init ] --START--
INFO: Run Behavior\BuildLiteBehavior [ RunTime:0.000000s ]
INFO: [ app_init ] --END-- [ RunTime:0.000000s ]
INFO: [ app_begin ] --START--
INFO: Run Behavior\ReadHtmlCacheBehavior [ RunTime:0.000000s ]
INFO: [ app_begin ] --END-- [ RunTime:0.000000s ]
NOTIC: [2048] Non-static method Admin\Controller\Check::check() should not be called statically, assuming $this from incompatible context C:\Program Files\phpStudy\WWW_prop\Application\Admin\Controller\ProjectController.class.php 第 7 行.
SQL: SHOW COLUMNS FROM `prop_project_manager` [ RunTime:0.0020s ]
SQL: SELECT COUNT(*) AS tp_count FROM `prop_project_manager` WHERE `uin` = 1468 AND `project_id` = 36 LIMIT 1   [ RunTime:0.0010s ]
SQL: SHOW COLUMNS FROM `prop_menu` [ RunTime:0.0010s ]
SQL: SELECT * FROM `prop_menu` WHERE `menu_id` = 0 LIMIT 1   [ RunTime:0.0000s ]
SQL: SELECT * FROM `prop_menu` WHERE `menu_id` = 1 LIMIT 1   [ RunTime:0.0000s ]
SQL: SELECT * FROM `prop_menu` WHERE `menu_id` = 2 LIMIT 1   [ RunTime:0.0000s ]
SQL: SELECT * FROM `prop_menu` WHERE `menu_id` = 3 LIMIT 1   [ RunTime:0.0000s ]
SQL: SELECT * FROM `prop_menu` WHERE `menu_id` = 4 LIMIT 1   [ RunTime:0.0000s ]
SQL: SELECT * FROM `prop_menu` WHERE `menu_id` = 6 LIMIT 1   [ RunTime:0.0000s ]
SQL: SELECT * FROM `prop_menu` WHERE `menu_id` = 7 LIMIT 1   [ RunTime:0.0000s ]
SQL: SHOW COLUMNS FROM `prop_project` [ RunTime:0.0030s ]
NOTIC: [2] Illegal offset type in isset or empty C:\Program Files\phpStudy\WWW_prop\ThinkPHP\Library\Think\Model.class.php 第 445 行.
SQL: UPDATE `prop_project` SET `project_menu`='a:6:{i:1;a:4:{s:9:\"menu_name\";s:12:\"小区通知\";s:8:\"menu_url\";s:23:\"/Prop/Notice/index.html\";s:8:\"menu_ico\";s:8:\"&#xe682;\";s:10:\"menu_table\";s:6:\"notice\";}i:2;a:4:{s:9:\"menu_name\";s:6:\"服务\";s:8:\"menu_url\";s:23:\"/Prop/Server/index.html\";s:8:\"menu_ico\";s:8:\"&#xe670;\";s:10:\"menu_table\";s:6:\"server\";}i:3;a:4:{s:9:\"menu_name\";s:12:\"账单缴费\";s:8:\"menu_url\";s:21:\"/Prop/Bill/index.html\";s:8:\"menu_ico\";s:8:\"&#xe67e;\";s:10:\"menu_table\";s:4:\"bill\";}i:4;a:4:{s:9:\"menu_name\";s:6:\"宅配\";s:8:\"menu_url\";s:20:\"http://fx.guanyu.cn/\";s:8:\"menu_ico\";s:8:\"&#xe66f;\";s:10:\"menu_table\";N;}i:6;a:4:{s:9:\"menu_name\";s:6:\"闲置\";s:8:\"menu_url\";s:21:\"/Prop/Idle/index.html\";s:8:\"menu_ico\";s:8:\"&#xe660;\";s:10:\"menu_table\";s:4:\"idle\";}i:7;a:4:{s:9:\"menu_name\";s:6:\"拼车\";s:8:\"menu_url\";s:24:\"/Prop/Carpool/index.html\";s:8:\"menu_ico\";s:8:\"&#xe64f;\";s:10:\"menu_table\";s:7:\"carpool\";}}' WHERE `h_id` = 36 [ RunTime:0.0000s ]
INFO: [ app_end ] --START--
INFO: Run Behavior\ShowPageTraceBehavior [ RunTime:0.001000s ]
INFO: [ app_end ] --END-- [ RunTime:0.001000s ]

[ 2015-09-13T02:03:04+08:00 ] 127.0.0.1 /Admin/Project/update_menu/
INFO: [ app_init ] --START--
INFO: Run Behavior\BuildLiteBehavior [ RunTime:0.000000s ]
INFO: [ app_init ] --END-- [ RunTime:0.000000s ]
INFO: [ app_begin ] --START--
INFO: Run Behavior\ReadHtmlCacheBehavior [ RunTime:0.001000s ]
INFO: [ app_begin ] --END-- [ RunTime:0.001000s ]
NOTIC: [2048] Non-static method Admin\Controller\Check::check() should not be called statically, assuming $this from incompatible context C:\Program Files\phpStudy\WWW_prop\Application\Admin\Controller\ProjectController.class.php 第 7 行.
SQL: SHOW COLUMNS FROM `prop_project_manager` [ RunTime:0.0030s ]
SQL: SELECT COUNT(*) AS tp_count FROM `prop_project_manager` WHERE `uin` = 1468 AND `project_id` = 36 LIMIT 1   [ RunTime:0.0000s ]
SQL: SHOW COLUMNS FROM `prop_menu` [ RunTime:0.0030s ]
SQL: SELECT * FROM `prop_menu` WHERE `menu_id` = 0 LIMIT 1   [ RunTime:0.0010s ]
SQL: SELECT * FROM `prop_menu` WHERE `menu_id` = 1 LIMIT 1   [ RunTime:0.0000s ]
SQL: SELECT * FROM `prop_menu` WHERE `menu_id` = 2 LIMIT 1   [ RunTime:0.0000s ]
SQL: SELECT * FROM `prop_menu` WHERE `menu_id` = 3 LIMIT 1   [ RunTime:0.0000s ]
SQL: SELECT * FROM `prop_menu` WHERE `menu_id` = 4 LIMIT 1   [ RunTime:0.0000s ]
SQL: SELECT * FROM `prop_menu` WHERE `menu_id` = 6 LIMIT 1   [ RunTime:0.0000s ]
SQL: SELECT * FROM `prop_menu` WHERE `menu_id` = 7 LIMIT 1   [ RunTime:0.0010s ]
SQL: SELECT * FROM `prop_menu` WHERE `menu_id` = 8 LIMIT 1   [ RunTime:0.0000s ]
SQL: SHOW COLUMNS FROM `prop_project` [ RunTime:0.0020s ]
NOTIC: [2] Illegal offset type in isset or empty C:\Program Files\phpStudy\WWW_prop\ThinkPHP\Library\Think\Model.class.php 第 445 行.
SQL: UPDATE `prop_project` SET `project_menu`='a:7:{i:1;a:4:{s:9:\"menu_name\";s:12:\"小区通知\";s:8:\"menu_url\";s:23:\"/Prop/Notice/index.html\";s:8:\"menu_ico\";s:8:\"&#xe682;\";s:10:\"menu_table\";s:6:\"notice\";}i:2;a:4:{s:9:\"menu_name\";s:6:\"服务\";s:8:\"menu_url\";s:23:\"/Prop/Server/index.html\";s:8:\"menu_ico\";s:8:\"&#xe670;\";s:10:\"menu_table\";s:6:\"server\";}i:3;a:4:{s:9:\"menu_name\";s:12:\"账单缴费\";s:8:\"menu_url\";s:21:\"/Prop/Bill/index.html\";s:8:\"menu_ico\";s:8:\"&#xe67e;\";s:10:\"menu_table\";s:4:\"bill\";}i:4;a:4:{s:9:\"menu_name\";s:6:\"宅配\";s:8:\"menu_url\";s:20:\"http://fx.guanyu.cn/\";s:8:\"menu_ico\";s:8:\"&#xe66f;\";s:10:\"menu_table\";N;}i:6;a:4:{s:9:\"menu_name\";s:6:\"闲置\";s:8:\"menu_url\";s:21:\"/Prop/Idle/index.html\";s:8:\"menu_ico\";s:8:\"&#xe660;\";s:10:\"menu_table\";s:4:\"idle\";}i:7;a:4:{s:9:\"menu_name\";s:6:\"拼车\";s:8:\"menu_url\";s:24:\"/Prop/Carpool/index.html\";s:8:\"menu_ico\";s:8:\"&#xe64f;\";s:10:\"menu_table\";s:7:\"carpool\";}i:8;a:4:{s:9:\"menu_name\";s:6:\"黄页\";s:8:\"menu_url\";s:23:\"/Prop/Yellow/index.html\";s:8:\"menu_ico\";s:8:\"&#xe679;\";s:10:\"menu_table\";s:0:\"\";}}' WHERE `h_id` = 36 [ RunTime:0.0000s ]
INFO: [ app_end ] --START--
INFO: Run Behavior\ShowPageTraceBehavior [ RunTime:0.001000s ]
INFO: [ app_end ] --END-- [ RunTime:0.001000s ]

[ 2015-09-13T02:03:05+08:00 ] 127.0.0.1 /Admin/Project/update_menu/
INFO: [ app_init ] --START--
INFO: Run Behavior\BuildLiteBehavior [ RunTime:0.000000s ]
INFO: [ app_init ] --END-- [ RunTime:0.000000s ]
INFO: [ app_begin ] --START--
INFO: Run Behavior\ReadHtmlCacheBehavior [ RunTime:0.001000s ]
INFO: [ app_begin ] --END-- [ RunTime:0.001000s ]
NOTIC: [2048] Non-static method Admin\Controller\Check::check() should not be called statically, assuming $this from incompatible context C:\Program Files\phpStudy\WWW_prop\Application\Admin\Controller\ProjectController.class.php 第 7 行.
SQL: SHOW COLUMNS FROM `prop_project_manager` [ RunTime:0.0020s ]
SQL: SELECT COUNT(*) AS tp_count FROM `prop_project_manager` WHERE `uin` = 1468 AND `project_id` = 36 LIMIT 1   [ RunTime:0.0000s ]
SQL: SHOW COLUMNS FROM `prop_menu` [ RunTime:0.0030s ]
SQL: SELECT * FROM `prop_menu` WHERE `menu_id` = 0 LIMIT 1   [ RunTime:0.0010s ]
SQL: SELECT * FROM `prop_menu` WHERE `menu_id` = 1 LIMIT 1   [ RunTime:0.0000s ]
SQL: SELECT * FROM `prop_menu` WHERE `menu_id` = 2 LIMIT 1   [ RunTime:0.0000s ]
SQL: SELECT * FROM `prop_menu` WHERE `menu_id` = 3 LIMIT 1   [ RunTime:0.0000s ]
SQL: SELECT * FROM `prop_menu` WHERE `menu_id` = 4 LIMIT 1   [ RunTime:0.0000s ]
SQL: SELECT * FROM `prop_menu` WHERE `menu_id` = 5 LIMIT 1   [ RunTime:0.0000s ]
SQL: SELECT * FROM `prop_menu` WHERE `menu_id` = 6 LIMIT 1   [ RunTime:0.0000s ]
SQL: SELECT * FROM `prop_menu` WHERE `menu_id` = 7 LIMIT 1   [ RunTime:0.0000s ]
SQL: SELECT * FROM `prop_menu` WHERE `menu_id` = 8 LIMIT 1   [ RunTime:0.0000s ]
SQL: SHOW COLUMNS FROM `prop_project` [ RunTime:0.0020s ]
NOTIC: [2] Illegal offset type in isset or empty C:\Program Files\phpStudy\WWW_prop\ThinkPHP\Library\Think\Model.class.php 第 445 行.
SQL: UPDATE `prop_project` SET `project_menu`='a:8:{i:1;a:4:{s:9:\"menu_name\";s:12:\"小区通知\";s:8:\"menu_url\";s:23:\"/Prop/Notice/index.html\";s:8:\"menu_ico\";s:8:\"&#xe682;\";s:10:\"menu_table\";s:6:\"notice\";}i:2;a:4:{s:9:\"menu_name\";s:6:\"服务\";s:8:\"menu_url\";s:23:\"/Prop/Server/index.html\";s:8:\"menu_ico\";s:8:\"&#xe670;\";s:10:\"menu_table\";s:6:\"server\";}i:3;a:4:{s:9:\"menu_name\";s:12:\"账单缴费\";s:8:\"menu_url\";s:21:\"/Prop/Bill/index.html\";s:8:\"menu_ico\";s:8:\"&#xe67e;\";s:10:\"menu_table\";s:4:\"bill\";}i:4;a:4:{s:9:\"menu_name\";s:6:\"宅配\";s:8:\"menu_url\";s:20:\"http://fx.guanyu.cn/\";s:8:\"menu_ico\";s:8:\"&#xe66f;\";s:10:\"menu_table\";N;}i:5;a:4:{s:9:\"menu_name\";s:12:\"社区活动\";s:8:\"menu_url\";s:69:\"http://event.guanyu.cn/Home/Api/index?backurl=http://event.guanyu.cn/\";s:8:\"menu_ico\";s:8:\"&#xe678;\";s:10:\"menu_table\";N;}i:6;a:4:{s:9:\"menu_name\";s:6:\"闲置\";s:8:\"menu_url\";s:21:\"/Prop/Idle/index.html\";s:8:\"menu_ico\";s:8:\"&#xe660;\";s:10:\"menu_table\";s:4:\"idle\";}i:7;a:4:{s:9:\"menu_name\";s:6:\"拼车\";s:8:\"menu_url\";s:24:\"/Prop/Carpool/index.html\";s:8:\"menu_ico\";s:8:\"&#xe64f;\";s:10:\"menu_table\";s:7:\"carpool\";}i:8;a:4:{s:9:\"menu_name\";s:6:\"黄页\";s:8:\"menu_url\";s:23:\"/Prop/Yellow/index.html\";s:8:\"menu_ico\";s:8:\"&#xe679;\";s:10:\"menu_table\";s:0:\"\";}}' WHERE `h_id` = 36 [ RunTime:0.0000s ]
INFO: [ app_end ] --START--
INFO: Run Behavior\ShowPageTraceBehavior [ RunTime:0.001000s ]
INFO: [ app_end ] --END-- [ RunTime:0.001000s ]

[ 2015-09-13T02:03:05+08:00 ] 127.0.0.1 /Admin/Project/update_menu/
INFO: [ app_init ] --START--
INFO: Run Behavior\BuildLiteBehavior [ RunTime:0.000000s ]
INFO: [ app_init ] --END-- [ RunTime:0.000000s ]
INFO: [ app_begin ] --START--
INFO: Run Behavior\ReadHtmlCacheBehavior [ RunTime:0.001001s ]
INFO: [ app_begin ] --END-- [ RunTime:0.001001s ]
NOTIC: [2048] Non-static method Admin\Controller\Check::check() should not be called statically, assuming $this from incompatible context C:\Program Files\phpStudy\WWW_prop\Application\Admin\Controller\ProjectController.class.php 第 7 行.
SQL: SHOW COLUMNS FROM `prop_project_manager` [ RunTime:0.0020s ]
SQL: SELECT COUNT(*) AS tp_count FROM `prop_project_manager` WHERE `uin` = 1468 AND `project_id` = 36 LIMIT 1   [ RunTime:0.0000s ]
SQL: SHOW COLUMNS FROM `prop_menu` [ RunTime:0.0020s ]
SQL: SELECT * FROM `prop_menu` WHERE `menu_id` = 0 LIMIT 1   [ RunTime:0.0010s ]
SQL: SELECT * FROM `prop_menu` WHERE `menu_id` = 1 LIMIT 1   [ RunTime:0.0000s ]
SQL: SELECT * FROM `prop_menu` WHERE `menu_id` = 2 LIMIT 1   [ RunTime:0.0010s ]
SQL: SELECT * FROM `prop_menu` WHERE `menu_id` = 3 LIMIT 1   [ RunTime:0.0000s ]
SQL: SELECT * FROM `prop_menu` WHERE `menu_id` = 4 LIMIT 1   [ RunTime:0.0000s ]
SQL: SELECT * FROM `prop_menu` WHERE `menu_id` = 5 LIMIT 1   [ RunTime:0.0010s ]
SQL: SELECT * FROM `prop_menu` WHERE `menu_id` = 6 LIMIT 1   [ RunTime:0.0000s ]
SQL: SELECT * FROM `prop_menu` WHERE `menu_id` = 7 LIMIT 1   [ RunTime:0.0000s ]
SQL: SELECT * FROM `prop_menu` WHERE `menu_id` = 8 LIMIT 1   [ RunTime:0.0000s ]
SQL: SELECT * FROM `prop_menu` WHERE `menu_id` = 9 LIMIT 1   [ RunTime:0.0000s ]
SQL: SHOW COLUMNS FROM `prop_project` [ RunTime:0.0030s ]
NOTIC: [2] Illegal offset type in isset or empty C:\Program Files\phpStudy\WWW_prop\ThinkPHP\Library\Think\Model.class.php 第 445 行.
SQL: UPDATE `prop_project` SET `project_menu`='a:9:{i:1;a:4:{s:9:\"menu_name\";s:12:\"小区通知\";s:8:\"menu_url\";s:23:\"/Prop/Notice/index.html\";s:8:\"menu_ico\";s:8:\"&#xe682;\";s:10:\"menu_table\";s:6:\"notice\";}i:2;a:4:{s:9:\"menu_name\";s:6:\"服务\";s:8:\"menu_url\";s:23:\"/Prop/Server/index.html\";s:8:\"menu_ico\";s:8:\"&#xe670;\";s:10:\"menu_table\";s:6:\"server\";}i:3;a:4:{s:9:\"menu_name\";s:12:\"账单缴费\";s:8:\"menu_url\";s:21:\"/Prop/Bill/index.html\";s:8:\"menu_ico\";s:8:\"&#xe67e;\";s:10:\"menu_table\";s:4:\"bill\";}i:4;a:4:{s:9:\"menu_name\";s:6:\"宅配\";s:8:\"menu_url\";s:20:\"http://fx.guanyu.cn/\";s:8:\"menu_ico\";s:8:\"&#xe66f;\";s:10:\"menu_table\";N;}i:5;a:4:{s:9:\"menu_name\";s:12:\"社区活动\";s:8:\"menu_url\";s:69:\"http://event.guanyu.cn/Home/Api/index?backurl=http://event.guanyu.cn/\";s:8:\"menu_ico\";s:8:\"&#xe678;\";s:10:\"menu_table\";N;}i:6;a:4:{s:9:\"menu_name\";s:6:\"闲置\";s:8:\"menu_url\";s:21:\"/Prop/Idle/index.html\";s:8:\"menu_ico\";s:8:\"&#xe660;\";s:10:\"menu_table\";s:4:\"idle\";}i:7;a:4:{s:9:\"menu_name\";s:6:\"拼车\";s:8:\"menu_url\";s:24:\"/Prop/Carpool/index.html\";s:8:\"menu_ico\";s:8:\"&#xe64f;\";s:10:\"menu_table\";s:7:\"carpool\";}i:8;a:4:{s:9:\"menu_name\";s:6:\"黄页\";s:8:\"menu_url\";s:23:\"/Prop/Yellow/index.html\";s:8:\"menu_ico\";s:8:\"&#xe679;\";s:10:\"menu_table\";s:0:\"\";}i:9;a:4:{s:9:\"menu_name\";s:12:\"维修报障\";s:8:\"menu_url\";s:42:\"/Prop/Server/serv_post/server_class/2.html\";s:8:\"menu_ico\";s:8:\"&#xe672;\";s:10:\"menu_table\";s:6:\"server\";}}' WHERE `h_id` = 36 [ RunTime:0.0000s ]
INFO: [ app_end ] --START--
INFO: Run Behavior\ShowPageTraceBehavior [ RunTime:0.001000s ]
INFO: [ app_end ] --END-- [ RunTime:0.001000s ]

[ 2015-09-13T02:03:10+08:00 ] 127.0.0.1 /Admin/Project/update_menu/
INFO: [ app_init ] --START--
INFO: Run Behavior\BuildLiteBehavior [ RunTime:0.000000s ]
INFO: [ app_init ] --END-- [ RunTime:0.001000s ]
INFO: [ app_begin ] --START--
INFO: Run Behavior\ReadHtmlCacheBehavior [ RunTime:0.000000s ]
INFO: [ app_begin ] --END-- [ RunTime:0.000000s ]
NOTIC: [2048] Non-static method Admin\Controller\Check::check() should not be called statically, assuming $this from incompatible context C:\Program Files\phpStudy\WWW_prop\Application\Admin\Controller\ProjectController.class.php 第 7 行.
SQL: SHOW COLUMNS FROM `prop_project_manager` [ RunTime:0.0030s ]
SQL: SELECT COUNT(*) AS tp_count FROM `prop_project_manager` WHERE `uin` = 1468 AND `project_id` = 36 LIMIT 1   [ RunTime:0.0000s ]
SQL: SHOW COLUMNS FROM `prop_menu` [ RunTime:0.0020s ]
SQL: SELECT * FROM `prop_menu` WHERE `menu_id` = 0 LIMIT 1   [ RunTime:0.0000s ]
SQL: SELECT * FROM `prop_menu` WHERE `menu_id` = 1 LIMIT 1   [ RunTime:0.0010s ]
SQL: SELECT * FROM `prop_menu` WHERE `menu_id` = 2 LIMIT 1   [ RunTime:0.0000s ]
SQL: SELECT * FROM `prop_menu` WHERE `menu_id` = 3 LIMIT 1   [ RunTime:0.0010s ]
SQL: SELECT * FROM `prop_menu` WHERE `menu_id` = 4 LIMIT 1   [ RunTime:0.0000s ]
SQL: SELECT * FROM `prop_menu` WHERE `menu_id` = 5 LIMIT 1   [ RunTime:0.0010s ]
SQL: SELECT * FROM `prop_menu` WHERE `menu_id` = 6 LIMIT 1   [ RunTime:0.0000s ]
SQL: SELECT * FROM `prop_menu` WHERE `menu_id` = 7 LIMIT 1   [ RunTime:0.0010s ]
SQL: SELECT * FROM `prop_menu` WHERE `menu_id` = 8 LIMIT 1   [ RunTime:0.0000s ]
SQL: SELECT * FROM `prop_menu` WHERE `menu_id` = 9 LIMIT 1   [ RunTime:0.0010s ]
SQL: SELECT * FROM `prop_menu` WHERE `menu_id` = 10 LIMIT 1   [ RunTime:0.0000s ]
SQL: SHOW COLUMNS FROM `prop_project` [ RunTime:0.0030s ]
NOTIC: [2] Illegal offset type in isset or empty C:\Program Files\phpStudy\WWW_prop\ThinkPHP\Library\Think\Model.class.php 第 445 行.
SQL: UPDATE `prop_project` SET `project_menu`='a:10:{i:1;a:4:{s:9:\"menu_name\";s:12:\"小区通知\";s:8:\"menu_url\";s:23:\"/Prop/Notice/index.html\";s:8:\"menu_ico\";s:8:\"&#xe682;\";s:10:\"menu_table\";s:6:\"notice\";}i:2;a:4:{s:9:\"menu_name\";s:6:\"服务\";s:8:\"menu_url\";s:23:\"/Prop/Server/index.html\";s:8:\"menu_ico\";s:8:\"&#xe670;\";s:10:\"menu_table\";s:6:\"server\";}i:3;a:4:{s:9:\"menu_name\";s:12:\"账单缴费\";s:8:\"menu_url\";s:21:\"/Prop/Bill/index.html\";s:8:\"menu_ico\";s:8:\"&#xe67e;\";s:10:\"menu_table\";s:4:\"bill\";}i:4;a:4:{s:9:\"menu_name\";s:6:\"宅配\";s:8:\"menu_url\";s:20:\"http://fx.guanyu.cn/\";s:8:\"menu_ico\";s:8:\"&#xe66f;\";s:10:\"menu_table\";N;}i:5;a:4:{s:9:\"menu_name\";s:12:\"社区活动\";s:8:\"menu_url\";s:69:\"http://event.guanyu.cn/Home/Api/index?backurl=http://event.guanyu.cn/\";s:8:\"menu_ico\";s:8:\"&#xe678;\";s:10:\"menu_table\";N;}i:6;a:4:{s:9:\"menu_name\";s:6:\"闲置\";s:8:\"menu_url\";s:21:\"/Prop/Idle/index.html\";s:8:\"menu_ico\";s:8:\"&#xe660;\";s:10:\"menu_table\";s:4:\"idle\";}i:7;a:4:{s:9:\"menu_name\";s:6:\"拼车\";s:8:\"menu_url\";s:24:\"/Prop/Carpool/index.html\";s:8:\"menu_ico\";s:8:\"&#xe64f;\";s:10:\"menu_table\";s:7:\"carpool\";}i:8;a:4:{s:9:\"menu_name\";s:6:\"黄页\";s:8:\"menu_url\";s:23:\"/Prop/Yellow/index.html\";s:8:\"menu_ico\";s:8:\"&#xe679;\";s:10:\"menu_table\";s:0:\"\";}i:9;a:4:{s:9:\"menu_name\";s:12:\"维修报障\";s:8:\"menu_url\";s:42:\"/Prop/Server/serv_post/server_class/2.html\";s:8:\"menu_ico\";s:8:\"&#xe672;\";s:10:\"menu_table\";s:6:\"server\";}i:10;a:4:{s:9:\"menu_name\";s:12:\"投诉建议\";s:8:\"menu_url\";s:42:\"/Prop/Server/serv_post/server_class/1.html\";s:8:\"menu_ico\";s:8:\"&#xe65f;\";s:10:\"menu_table\";s:6:\"server\";}}' WHERE `h_id` = 36 [ RunTime:0.0000s ]
INFO: [ app_end ] --START--
INFO: Run Behavior\ShowPageTraceBehavior [ RunTime:0.001000s ]
INFO: [ app_end ] --END-- [ RunTime:0.001000s ]

[ 2015-09-13T02:03:11+08:00 ] 127.0.0.1 /Admin/Project/update_menu/
INFO: [ app_init ] --START--
INFO: Run Behavior\BuildLiteBehavior [ RunTime:0.000000s ]
INFO: [ app_init ] --END-- [ RunTime:0.000000s ]
INFO: [ app_begin ] --START--
INFO: Run Behavior\ReadHtmlCacheBehavior [ RunTime:0.001000s ]
INFO: [ app_begin ] --END-- [ RunTime:0.001000s ]
NOTIC: [2048] Non-static method Admin\Controller\Check::check() should not be called statically, assuming $this from incompatible context C:\Program Files\phpStudy\WWW_prop\Application\Admin\Controller\ProjectController.class.php 第 7 行.
SQL: SHOW COLUMNS FROM `prop_project_manager` [ RunTime:0.0020s ]
SQL: SELECT COUNT(*) AS tp_count FROM `prop_project_manager` WHERE `uin` = 1468 AND `project_id` = 36 LIMIT 1   [ RunTime:0.0000s ]
SQL: SHOW COLUMNS FROM `prop_menu` [ RunTime:0.0040s ]
SQL: SELECT * FROM `prop_menu` WHERE `menu_id` = 0 LIMIT 1   [ RunTime:0.0000s ]
SQL: SELECT * FROM `prop_menu` WHERE `menu_id` = 1 LIMIT 1   [ RunTime:0.0000s ]
SQL: SELECT * FROM `prop_menu` WHERE `menu_id` = 2 LIMIT 1   [ RunTime:0.0000s ]
SQL: SELECT * FROM `prop_menu` WHERE `menu_id` = 3 LIMIT 1   [ RunTime:0.0000s ]
SQL: SELECT * FROM `prop_menu` WHERE `menu_id` = 4 LIMIT 1   [ RunTime:0.0010s ]
SQL: SELECT * FROM `prop_menu` WHERE `menu_id` = 5 LIMIT 1   [ RunTime:0.0000s ]
SQL: SELECT * FROM `prop_menu` WHERE `menu_id` = 6 LIMIT 1   [ RunTime:0.0000s ]
SQL: SELECT * FROM `prop_menu` WHERE `menu_id` = 7 LIMIT 1   [ RunTime:0.0000s ]
SQL: SELECT * FROM `prop_menu` WHERE `menu_id` = 8 LIMIT 1   [ RunTime:0.0000s ]
SQL: SELECT * FROM `prop_menu` WHERE `menu_id` = 9 LIMIT 1   [ RunTime:0.0000s ]
SQL: SELECT * FROM `prop_menu` WHERE `menu_id` = 10 LIMIT 1   [ RunTime:0.0000s ]
SQL: SELECT * FROM `prop_menu` WHERE `menu_id` = 12 LIMIT 1   [ RunTime:0.0010s ]
SQL: SHOW COLUMNS FROM `prop_project` [ RunTime:0.0030s ]
NOTIC: [2] Illegal offset type in isset or empty C:\Program Files\phpStudy\WWW_prop\ThinkPHP\Library\Think\Model.class.php 第 445 行.
SQL: UPDATE `prop_project` SET `project_menu`='a:11:{i:1;a:4:{s:9:\"menu_name\";s:12:\"小区通知\";s:8:\"menu_url\";s:23:\"/Prop/Notice/index.html\";s:8:\"menu_ico\";s:8:\"&#xe682;\";s:10:\"menu_table\";s:6:\"notice\";}i:2;a:4:{s:9:\"menu_name\";s:6:\"服务\";s:8:\"menu_url\";s:23:\"/Prop/Server/index.html\";s:8:\"menu_ico\";s:8:\"&#xe670;\";s:10:\"menu_table\";s:6:\"server\";}i:3;a:4:{s:9:\"menu_name\";s:12:\"账单缴费\";s:8:\"menu_url\";s:21:\"/Prop/Bill/index.html\";s:8:\"menu_ico\";s:8:\"&#xe67e;\";s:10:\"menu_table\";s:4:\"bill\";}i:4;a:4:{s:9:\"menu_name\";s:6:\"宅配\";s:8:\"menu_url\";s:20:\"http://fx.guanyu.cn/\";s:8:\"menu_ico\";s:8:\"&#xe66f;\";s:10:\"menu_table\";N;}i:5;a:4:{s:9:\"menu_name\";s:12:\"社区活动\";s:8:\"menu_url\";s:69:\"http://event.guanyu.cn/Home/Api/index?backurl=http://event.guanyu.cn/\";s:8:\"menu_ico\";s:8:\"&#xe678;\";s:10:\"menu_table\";N;}i:6;a:4:{s:9:\"menu_name\";s:6:\"闲置\";s:8:\"menu_url\";s:21:\"/Prop/Idle/index.html\";s:8:\"menu_ico\";s:8:\"&#xe660;\";s:10:\"menu_table\";s:4:\"idle\";}i:7;a:4:{s:9:\"menu_name\";s:6:\"拼车\";s:8:\"menu_url\";s:24:\"/Prop/Carpool/index.html\";s:8:\"menu_ico\";s:8:\"&#xe64f;\";s:10:\"menu_table\";s:7:\"carpool\";}i:8;a:4:{s:9:\"menu_name\";s:6:\"黄页\";s:8:\"menu_url\";s:23:\"/Prop/Yellow/index.html\";s:8:\"menu_ico\";s:8:\"&#xe679;\";s:10:\"menu_table\";s:0:\"\";}i:9;a:4:{s:9:\"menu_name\";s:12:\"维修报障\";s:8:\"menu_url\";s:42:\"/Prop/Server/serv_post/server_class/2.html\";s:8:\"menu_ico\";s:8:\"&#xe672;\";s:10:\"menu_table\";s:6:\"server\";}i:10;a:4:{s:9:\"menu_name\";s:12:\"投诉建议\";s:8:\"menu_url\";s:42:\"/Prop/Server/serv_post/server_class/1.html\";s:8:\"menu_ico\";s:8:\"&#xe65f;\";s:10:\"menu_table\";s:6:\"server\";}i:12;a:4:{s:9:\"menu_name\";s:12:\"楼盘推荐\";s:8:\"menu_url\";s:32:\"http://html.guanyu.cn/Home/zhyf/\";s:8:\"menu_ico\";s:8:\"&#xe673;\";s:10:\"menu_table\";N;}}' WHERE `h_id` = 36 [ RunTime:0.0010s ]
INFO: [ app_end ] --START--
INFO: Run Behavior\ShowPageTraceBehavior [ RunTime:0.001000s ]
INFO: [ app_end ] --END-- [ RunTime:0.001000s ]

[ 2015-09-13T02:03:11+08:00 ] 127.0.0.1 /Admin/Project/update_menu/
INFO: [ app_init ] --START--
INFO: Run Behavior\BuildLiteBehavior [ RunTime:0.000000s ]
INFO: [ app_init ] --END-- [ RunTime:0.000000s ]
INFO: [ app_begin ] --START--
INFO: Run Behavior\ReadHtmlCacheBehavior [ RunTime:0.001000s ]
INFO: [ app_begin ] --END-- [ RunTime:0.001000s ]
NOTIC: [2048] Non-static method Admin\Controller\Check::check() should not be called statically, assuming $this from incompatible context C:\Program Files\phpStudy\WWW_prop\Application\Admin\Controller\ProjectController.class.php 第 7 行.
SQL: SHOW COLUMNS FROM `prop_project_manager` [ RunTime:0.0020s ]
SQL: SELECT COUNT(*) AS tp_count FROM `prop_project_manager` WHERE `uin` = 1468 AND `project_id` = 36 LIMIT 1   [ RunTime:0.0000s ]
SQL: SHOW COLUMNS FROM `prop_menu` [ RunTime:0.0030s ]
SQL: SELECT * FROM `prop_menu` WHERE `menu_id` = 0 LIMIT 1   [ RunTime:0.0010s ]
SQL: SELECT * FROM `prop_menu` WHERE `menu_id` = 1 LIMIT 1   [ RunTime:0.0000s ]
SQL: SELECT * FROM `prop_menu` WHERE `menu_id` = 2 LIMIT 1   [ RunTime:0.0000s ]
SQL: SELECT * FROM `prop_menu` WHERE `menu_id` = 3 LIMIT 1   [ RunTime:0.0000s ]
SQL: SELECT * FROM `prop_menu` WHERE `menu_id` = 4 LIMIT 1   [ RunTime:0.0000s ]
SQL: SELECT * FROM `prop_menu` WHERE `menu_id` = 5 LIMIT 1   [ RunTime:0.0010s ]
SQL: SELECT * FROM `prop_menu` WHERE `menu_id` = 6 LIMIT 1   [ RunTime:0.0010s ]
SQL: SELECT * FROM `prop_menu` WHERE `menu_id` = 7 LIMIT 1   [ RunTime:0.0000s ]
SQL: SELECT * FROM `prop_menu` WHERE `menu_id` = 8 LIMIT 1   [ RunTime:0.0010s ]
SQL: SELECT * FROM `prop_menu` WHERE `menu_id` = 9 LIMIT 1   [ RunTime:0.0000s ]
SQL: SELECT * FROM `prop_menu` WHERE `menu_id` = 10 LIMIT 1   [ RunTime:0.0000s ]
SQL: SELECT * FROM `prop_menu` WHERE `menu_id` = 12 LIMIT 1   [ RunTime:0.0000s ]
SQL: SELECT * FROM `prop_menu` WHERE `menu_id` = 13 LIMIT 1   [ RunTime:0.0000s ]
SQL: SHOW COLUMNS FROM `prop_project` [ RunTime:0.0030s ]
NOTIC: [2] Illegal offset type in isset or empty C:\Program Files\phpStudy\WWW_prop\ThinkPHP\Library\Think\Model.class.php 第 445 行.
SQL: UPDATE `prop_project` SET `project_menu`='a:12:{i:1;a:4:{s:9:\"menu_name\";s:12:\"小区通知\";s:8:\"menu_url\";s:23:\"/Prop/Notice/index.html\";s:8:\"menu_ico\";s:8:\"&#xe682;\";s:10:\"menu_table\";s:6:\"notice\";}i:2;a:4:{s:9:\"menu_name\";s:6:\"服务\";s:8:\"menu_url\";s:23:\"/Prop/Server/index.html\";s:8:\"menu_ico\";s:8:\"&#xe670;\";s:10:\"menu_table\";s:6:\"server\";}i:3;a:4:{s:9:\"menu_name\";s:12:\"账单缴费\";s:8:\"menu_url\";s:21:\"/Prop/Bill/index.html\";s:8:\"menu_ico\";s:8:\"&#xe67e;\";s:10:\"menu_table\";s:4:\"bill\";}i:4;a:4:{s:9:\"menu_name\";s:6:\"宅配\";s:8:\"menu_url\";s:20:\"http://fx.guanyu.cn/\";s:8:\"menu_ico\";s:8:\"&#xe66f;\";s:10:\"menu_table\";N;}i:5;a:4:{s:9:\"menu_name\";s:12:\"社区活动\";s:8:\"menu_url\";s:69:\"http://event.guanyu.cn/Home/Api/index?backurl=http://event.guanyu.cn/\";s:8:\"menu_ico\";s:8:\"&#xe678;\";s:10:\"menu_table\";N;}i:6;a:4:{s:9:\"menu_name\";s:6:\"闲置\";s:8:\"menu_url\";s:21:\"/Prop/Idle/index.html\";s:8:\"menu_ico\";s:8:\"&#xe660;\";s:10:\"menu_table\";s:4:\"idle\";}i:7;a:4:{s:9:\"menu_name\";s:6:\"拼车\";s:8:\"menu_url\";s:24:\"/Prop/Carpool/index.html\";s:8:\"menu_ico\";s:8:\"&#xe64f;\";s:10:\"menu_table\";s:7:\"carpool\";}i:8;a:4:{s:9:\"menu_name\";s:6:\"黄页\";s:8:\"menu_url\";s:23:\"/Prop/Yellow/index.html\";s:8:\"menu_ico\";s:8:\"&#xe679;\";s:10:\"menu_table\";s:0:\"\";}i:9;a:4:{s:9:\"menu_name\";s:12:\"维修报障\";s:8:\"menu_url\";s:42:\"/Prop/Server/serv_post/server_class/2.html\";s:8:\"menu_ico\";s:8:\"&#xe672;\";s:10:\"menu_table\";s:6:\"server\";}i:10;a:4:{s:9:\"menu_name\";s:12:\"投诉建议\";s:8:\"menu_url\";s:42:\"/Prop/Server/serv_post/server_class/1.html\";s:8:\"menu_ico\";s:8:\"&#xe65f;\";s:10:\"menu_table\";s:6:\"server\";}i:12;a:4:{s:9:\"menu_name\";s:12:\"楼盘推荐\";s:8:\"menu_url\";s:32:\"http://html.guanyu.cn/Home/zhyf/\";s:8:\"menu_ico\";s:8:\"&#xe673;\";s:10:\"menu_table\";N;}i:13;a:4:{s:9:\"menu_name\";s:12:\"我要赚钱\";s:8:\"menu_url\";s:56:\"https://house.guanyu.cn/Master/Index/formbb/h_id/33.html\";s:8:\"menu_ico\";s:8:\"&#xe693;\";s:10:\"menu_table\";N;}}' WHERE `h_id` = 36 [ RunTime:0.0000s ]
INFO: [ app_end ] --START--
INFO: Run Behavior\ShowPageTraceBehavior [ RunTime:0.001000s ]
INFO: [ app_end ] --END-- [ RunTime:0.001000s ]

[ 2015-09-13T02:03:12+08:00 ] 127.0.0.1 /Admin/Project/update_menu/
INFO: [ app_init ] --START--
INFO: Run Behavior\BuildLiteBehavior [ RunTime:0.000000s ]
INFO: [ app_init ] --END-- [ RunTime:0.000000s ]
INFO: [ app_begin ] --START--
INFO: Run Behavior\ReadHtmlCacheBehavior [ RunTime:0.001000s ]
INFO: [ app_begin ] --END-- [ RunTime:0.001000s ]
NOTIC: [2048] Non-static method Admin\Controller\Check::check() should not be called statically, assuming $this from incompatible context C:\Program Files\phpStudy\WWW_prop\Application\Admin\Controller\ProjectController.class.php 第 7 行.
SQL: SHOW COLUMNS FROM `prop_project_manager` [ RunTime:0.0030s ]
SQL: SELECT COUNT(*) AS tp_count FROM `prop_project_manager` WHERE `uin` = 1468 AND `project_id` = 36 LIMIT 1   [ RunTime:0.0010s ]
SQL: SHOW COLUMNS FROM `prop_menu` [ RunTime:0.0020s ]
SQL: SELECT * FROM `prop_menu` WHERE `menu_id` = 0 LIMIT 1   [ RunTime:0.0010s ]
SQL: SELECT * FROM `prop_menu` WHERE `menu_id` = 1 LIMIT 1   [ RunTime:0.0000s ]
SQL: SELECT * FROM `prop_menu` WHERE `menu_id` = 2 LIMIT 1   [ RunTime:0.0010s ]
SQL: SELECT * FROM `prop_menu` WHERE `menu_id` = 3 LIMIT 1   [ RunTime:0.0000s ]
SQL: SELECT * FROM `prop_menu` WHERE `menu_id` = 4 LIMIT 1   [ RunTime:0.0000s ]
SQL: SELECT * FROM `prop_menu` WHERE `menu_id` = 5 LIMIT 1   [ RunTime:0.0000s ]
SQL: SELECT * FROM `prop_menu` WHERE `menu_id` = 6 LIMIT 1   [ RunTime:0.0000s ]
SQL: SELECT * FROM `prop_menu` WHERE `menu_id` = 7 LIMIT 1   [ RunTime:0.0010s ]
SQL: SELECT * FROM `prop_menu` WHERE `menu_id` = 8 LIMIT 1   [ RunTime:0.0000s ]
SQL: SELECT * FROM `prop_menu` WHERE `menu_id` = 9 LIMIT 1   [ RunTime:0.0000s ]
SQL: SELECT * FROM `prop_menu` WHERE `menu_id` = 10 LIMIT 1   [ RunTime:0.0000s ]
SQL: SELECT * FROM `prop_menu` WHERE `menu_id` = 11 LIMIT 1   [ RunTime:0.0000s ]
SQL: SELECT * FROM `prop_menu` WHERE `menu_id` = 12 LIMIT 1   [ RunTime:0.0000s ]
SQL: SELECT * FROM `prop_menu` WHERE `menu_id` = 13 LIMIT 1   [ RunTime:0.0000s ]
SQL: SHOW COLUMNS FROM `prop_project` [ RunTime:0.0020s ]
NOTIC: [2] Illegal offset type in isset or empty C:\Program Files\phpStudy\WWW_prop\ThinkPHP\Library\Think\Model.class.php 第 445 行.
SQL: UPDATE `prop_project` SET `project_menu`='a:13:{i:1;a:4:{s:9:\"menu_name\";s:12:\"小区通知\";s:8:\"menu_url\";s:23:\"/Prop/Notice/index.html\";s:8:\"menu_ico\";s:8:\"&#xe682;\";s:10:\"menu_table\";s:6:\"notice\";}i:2;a:4:{s:9:\"menu_name\";s:6:\"服务\";s:8:\"menu_url\";s:23:\"/Prop/Server/index.html\";s:8:\"menu_ico\";s:8:\"&#xe670;\";s:10:\"menu_table\";s:6:\"server\";}i:3;a:4:{s:9:\"menu_name\";s:12:\"账单缴费\";s:8:\"menu_url\";s:21:\"/Prop/Bill/index.html\";s:8:\"menu_ico\";s:8:\"&#xe67e;\";s:10:\"menu_table\";s:4:\"bill\";}i:4;a:4:{s:9:\"menu_name\";s:6:\"宅配\";s:8:\"menu_url\";s:20:\"http://fx.guanyu.cn/\";s:8:\"menu_ico\";s:8:\"&#xe66f;\";s:10:\"menu_table\";N;}i:5;a:4:{s:9:\"menu_name\";s:12:\"社区活动\";s:8:\"menu_url\";s:69:\"http://event.guanyu.cn/Home/Api/index?backurl=http://event.guanyu.cn/\";s:8:\"menu_ico\";s:8:\"&#xe678;\";s:10:\"menu_table\";N;}i:6;a:4:{s:9:\"menu_name\";s:6:\"闲置\";s:8:\"menu_url\";s:21:\"/Prop/Idle/index.html\";s:8:\"menu_ico\";s:8:\"&#xe660;\";s:10:\"menu_table\";s:4:\"idle\";}i:7;a:4:{s:9:\"menu_name\";s:6:\"拼车\";s:8:\"menu_url\";s:24:\"/Prop/Carpool/index.html\";s:8:\"menu_ico\";s:8:\"&#xe64f;\";s:10:\"menu_table\";s:7:\"carpool\";}i:8;a:4:{s:9:\"menu_name\";s:6:\"黄页\";s:8:\"menu_url\";s:23:\"/Prop/Yellow/index.html\";s:8:\"menu_ico\";s:8:\"&#xe679;\";s:10:\"menu_table\";s:0:\"\";}i:9;a:4:{s:9:\"menu_name\";s:12:\"维修报障\";s:8:\"menu_url\";s:42:\"/Prop/Server/serv_post/server_class/2.html\";s:8:\"menu_ico\";s:8:\"&#xe672;\";s:10:\"menu_table\";s:6:\"server\";}i:10;a:4:{s:9:\"menu_name\";s:12:\"投诉建议\";s:8:\"menu_url\";s:42:\"/Prop/Server/serv_post/server_class/1.html\";s:8:\"menu_ico\";s:8:\"&#xe65f;\";s:10:\"menu_table\";s:6:\"server\";}i:11;a:4:{s:9:\"menu_name\";s:12:\"施工申请\";s:8:\"menu_url\";s:42:\"/Prop/Server/serv_post/server_class/3.html\";s:8:\"menu_ico\";s:8:\"&#xe6a0;\";s:10:\"menu_table\";s:6:\"server\";}i:12;a:4:{s:9:\"menu_name\";s:12:\"楼盘推荐\";s:8:\"menu_url\";s:32:\"http://html.guanyu.cn/Home/zhyf/\";s:8:\"menu_ico\";s:8:\"&#xe673;\";s:10:\"menu_table\";N;}i:13;a:4:{s:9:\"menu_name\";s:12:\"我要赚钱\";s:8:\"menu_url\";s:56:\"https://house.guanyu.cn/Master/Index/formbb/h_id/33.html\";s:8:\"menu_ico\";s:8:\"&#xe693;\";s:10:\"menu_table\";N;}}' WHERE `h_id` = 36 [ RunTime:0.0000s ]
INFO: [ app_end ] --START--
INFO: Run Behavior\ShowPageTraceBehavior [ RunTime:0.001000s ]
INFO: [ app_end ] --END-- [ RunTime:0.002001s ]

