[ 2015-08-20T10:40:02+08:00 ] 127.0.0.1 /Admin/MenuTree?callback=jQuery21408897934786509722_1440038351942&_=1440038351943
INFO: [ app_init ] --START--
INFO: Run Behavior\BuildLiteBehavior [ RunTime:0.000000s ]
INFO: [ app_init ] --END-- [ RunTime:0.002000s ]
INFO: [ app_begin ] --START--
INFO: Run Behavior\ReadHtmlCacheBehavior [ RunTime:0.000000s ]
INFO: [ app_begin ] --END-- [ RunTime:0.000000s ]

[ 2015-08-20T10:40:03+08:00 ] 127.0.0.1 /Admin/Notice/index.html
INFO: [ app_init ] --START--
INFO: Run Behavior\BuildLiteBehavior [ RunTime:0.000000s ]
INFO: [ app_init ] --END-- [ RunTime:0.001000s ]
INFO: [ app_begin ] --START--
INFO: Run Behavior\ReadHtmlCacheBehavior [ RunTime:0.002001s ]
INFO: [ app_begin ] --END-- [ RunTime:0.003001s ]
NOTIC: [2048] Non-static method Admin\Controller\Check::check() should not be called statically, assuming $this from incompatible context C:\Program Files\phpStudy\WWW_prop\Application\Admin\Controller\NoticeController.class.php 第 8 行.

[ 2015-08-20T10:40:04+08:00 ] 127.0.0.1 /Admin/Login/index.html?backurl=http://prop.zzp.cn/Admin/Notice
INFO: [ app_init ] --START--
INFO: Run Behavior\BuildLiteBehavior [ RunTime:0.000000s ]
INFO: [ app_init ] --END-- [ RunTime:0.001000s ]
INFO: [ app_begin ] --START--
INFO: Run Behavior\ReadHtmlCacheBehavior [ RunTime:0.000000s ]
INFO: [ app_begin ] --END-- [ RunTime:0.000000s ]
INFO: [ view_parse ] --START--
INFO: [ template_filter ] --START--
INFO: Run Behavior\ContentReplaceBehavior [ RunTime:0.000000s ]
INFO: [ template_filter ] --END-- [ RunTime:0.000000s ]
NOTIC: [8] Undefined variable: webname C:\Program Files\phpStudy\WWW_prop\Application\Runtime\Cache\Admin\2413a4ed422c62341e4ae44a15949ed4.php 第 10 行.
INFO: Run Behavior\ParseTemplateBehavior [ RunTime:0.009000s ]
INFO: [ view_parse ] --END-- [ RunTime:0.009000s ]
INFO: [ view_filter ] --START--
INFO: Run Behavior\WriteHtmlCacheBehavior [ RunTime:0.000000s ]
INFO: [ view_filter ] --END-- [ RunTime:0.000000s ]
INFO: [ app_end ] --START--
INFO: Run Behavior\ShowPageTraceBehavior [ RunTime:0.001000s ]
INFO: [ app_end ] --END-- [ RunTime:0.001000s ]

[ 2015-08-20T10:40:05+08:00 ] 127.0.0.1 /Admin/Login/index?token=f82cBwAJCVQHUgkFUQBRWlFXAgECBFxUUFsAUAIHCgUBUwkGBw4BVw&backurl=http://prop.zzp.cn/Admin/Notice
INFO: [ app_init ] --START--
INFO: Run Behavior\BuildLiteBehavior [ RunTime:0.000000s ]
INFO: [ app_init ] --END-- [ RunTime:0.001000s ]
INFO: [ app_begin ] --START--
INFO: Run Behavior\ReadHtmlCacheBehavior [ RunTime:0.000000s ]
INFO: [ app_begin ] --END-- [ RunTime:0.000000s ]
INFO: [ app_end ] --START--
INFO: Run Behavior\ShowPageTraceBehavior [ RunTime:0.001000s ]
INFO: [ app_end ] --END-- [ RunTime:0.001000s ]

[ 2015-08-20T10:40:08+08:00 ] 127.0.0.1 /Admin/Notice
INFO: [ app_init ] --START--
INFO: Run Behavior\BuildLiteBehavior [ RunTime:0.000000s ]
INFO: [ app_init ] --END-- [ RunTime:0.000000s ]
INFO: [ app_begin ] --START--
INFO: Run Behavior\ReadHtmlCacheBehavior [ RunTime:0.000000s ]
INFO: [ app_begin ] --END-- [ RunTime:0.000000s ]
NOTIC: [2048] Non-static method Admin\Controller\Check::check() should not be called statically, assuming $this from incompatible context C:\Program Files\phpStudy\WWW_prop\Application\Admin\Controller\NoticeController.class.php 第 8 行.
SQL: SHOW COLUMNS FROM `prop_project_manager` [ RunTime:0.0030s ]
SQL: SELECT `project_id` FROM `prop_project_manager` WHERE ( uin=1468 )  [ RunTime:0.0000s ]
INFO: [ view_parse ] --START--
INFO: [ template_filter ] --START--
INFO: Run Behavior\ContentReplaceBehavior [ RunTime:0.000000s ]
INFO: [ template_filter ] --END-- [ RunTime:0.000000s ]
NOTIC: [8] Undefined variable: item C:\Program Files\phpStudy\WWW_prop\Application\Runtime\Cache\Admin\922ca344bd03ed3a7ef36b99d63a0c69.php 第 44 行.
INFO: Run Behavior\ParseTemplateBehavior [ RunTime:0.039003s ]
INFO: [ view_parse ] --END-- [ RunTime:0.039003s ]
INFO: [ view_filter ] --START--
INFO: Run Behavior\WriteHtmlCacheBehavior [ RunTime:0.002000s ]
INFO: [ view_filter ] --END-- [ RunTime:0.002000s ]
INFO: [ app_end ] --START--
INFO: Run Behavior\ShowPageTraceBehavior [ RunTime:0.001000s ]
INFO: [ app_end ] --END-- [ RunTime:0.001000s ]

[ 2015-08-20T10:40:10+08:00 ] 127.0.0.1 /Admin/Notice/search/
INFO: [ app_init ] --START--
INFO: Run Behavior\BuildLiteBehavior [ RunTime:0.000000s ]
INFO: [ app_init ] --END-- [ RunTime:0.000000s ]
INFO: [ app_begin ] --START--
INFO: Run Behavior\ReadHtmlCacheBehavior [ RunTime:0.001000s ]
INFO: [ app_begin ] --END-- [ RunTime:0.002000s ]
NOTIC: [2048] Non-static method Admin\Controller\Check::check() should not be called statically, assuming $this from incompatible context C:\Program Files\phpStudy\WWW_prop\Application\Admin\Controller\NoticeController.class.php 第 8 行.
SQL: SHOW COLUMNS FROM `prop_notice` [ RunTime:0.0030s ]
SQL: SELECT `notice_id`,`notice_title`,`add_time`,`is_top`,p.project FROM prop_notice n LEFT JOIN prop_project p ON n.project_id = p.h_id  WHERE n.project_id IN ('33','35','36') ORDER BY is_top desc,notice_id desc LIMIT 0,15   [ RunTime:0.0010s ]
SQL: SELECT COUNT(*) AS tp_count FROM prop_notice n WHERE n.project_id IN ('33','35','36') LIMIT 1   [ RunTime:0.0000s ]
INFO: [ view_parse ] --START--
INFO: [ template_filter ] --START--
INFO: Run Behavior\ContentReplaceBehavior [ RunTime:0.000000s ]
INFO: [ template_filter ] --END-- [ RunTime:0.000000s ]
INFO: Run Behavior\ParseTemplateBehavior [ RunTime:0.023001s ]
INFO: [ view_parse ] --END-- [ RunTime:0.023001s ]
INFO: [ view_filter ] --START--
INFO: Run Behavior\WriteHtmlCacheBehavior [ RunTime:0.001000s ]
INFO: [ view_filter ] --END-- [ RunTime:0.001000s ]
INFO: [ app_end ] --START--
INFO: Run Behavior\ShowPageTraceBehavior [ RunTime:0.002000s ]
INFO: [ app_end ] --END-- [ RunTime:0.002000s ]

[ 2015-08-20T10:40:14+08:00 ] 127.0.0.1 /Admin/Project/index.html
INFO: [ app_init ] --START--
INFO: Run Behavior\BuildLiteBehavior [ RunTime:0.000000s ]
INFO: [ app_init ] --END-- [ RunTime:0.000000s ]
INFO: [ app_begin ] --START--
INFO: Run Behavior\ReadHtmlCacheBehavior [ RunTime:0.001001s ]
INFO: [ app_begin ] --END-- [ RunTime:0.001001s ]
NOTIC: [2048] Non-static method Admin\Controller\Check::check() should not be called statically, assuming $this from incompatible context C:\Program Files\phpStudy\WWW_prop\Application\Admin\Controller\ProjectController.class.php 第 7 行.
SQL: SHOW COLUMNS FROM `prop_project_manager` [ RunTime:0.0020s ]
SQL: SELECT p.h_id,p.project FROM prop_project_manager m INNER JOIN prop_project p ON m.project_id = p.h_id  WHERE m.uin = '1468'  [ RunTime:0.0000s ]
SQL: SHOW COLUMNS FROM `prop_menu` [ RunTime:0.0030s ]
SQL: SELECT * FROM `prop_menu`  [ RunTime:0.0000s ]
SQL: SHOW COLUMNS FROM `prop_project` [ RunTime:0.0020s ]
SQL: SELECT * FROM `prop_project` WHERE ( h_id=33 ) LIMIT 1   [ RunTime:0.0000s ]
INFO: [ view_parse ] --START--
INFO: [ template_filter ] --START--
INFO: Run Behavior\ContentReplaceBehavior [ RunTime:0.000000s ]
INFO: [ template_filter ] --END-- [ RunTime:0.000000s ]
INFO: Run Behavior\ParseTemplateBehavior [ RunTime:0.017001s ]
INFO: [ view_parse ] --END-- [ RunTime:0.017001s ]
INFO: [ view_filter ] --START--
INFO: Run Behavior\WriteHtmlCacheBehavior [ RunTime:0.001000s ]
INFO: [ view_filter ] --END-- [ RunTime:0.002000s ]
INFO: [ app_end ] --START--
INFO: Run Behavior\ShowPageTraceBehavior [ RunTime:0.002000s ]
INFO: [ app_end ] --END-- [ RunTime:0.002000s ]

[ 2015-08-20T10:40:19+08:00 ] 127.0.0.1 /Admin/Project/index/project_id/36.html
INFO: [ app_init ] --START--
INFO: Run Behavior\BuildLiteBehavior [ RunTime:0.000000s ]
INFO: [ app_init ] --END-- [ RunTime:0.000000s ]
INFO: [ app_begin ] --START--
INFO: Run Behavior\ReadHtmlCacheBehavior [ RunTime:0.001000s ]
INFO: [ app_begin ] --END-- [ RunTime:0.001000s ]
NOTIC: [2048] Non-static method Admin\Controller\Check::check() should not be called statically, assuming $this from incompatible context C:\Program Files\phpStudy\WWW_prop\Application\Admin\Controller\ProjectController.class.php 第 7 行.
SQL: SHOW COLUMNS FROM `prop_project_manager` [ RunTime:0.0020s ]
SQL: SELECT p.h_id,p.project FROM prop_project_manager m INNER JOIN prop_project p ON m.project_id = p.h_id  WHERE m.uin = '1468'  [ RunTime:0.0000s ]
SQL: SHOW COLUMNS FROM `prop_menu` [ RunTime:0.0020s ]
SQL: SELECT * FROM `prop_menu`  [ RunTime:0.0000s ]
SQL: SHOW COLUMNS FROM `prop_project` [ RunTime:0.0030s ]
SQL: SELECT * FROM `prop_project` WHERE ( h_id=36 ) LIMIT 1   [ RunTime:0.0000s ]
INFO: [ view_parse ] --START--
INFO: [ template_filter ] --START--
INFO: Run Behavior\ContentReplaceBehavior [ RunTime:0.000000s ]
INFO: [ template_filter ] --END-- [ RunTime:0.000000s ]
INFO: Run Behavior\ParseTemplateBehavior [ RunTime:0.017001s ]
INFO: [ view_parse ] --END-- [ RunTime:0.018001s ]
INFO: [ view_filter ] --START--
INFO: Run Behavior\WriteHtmlCacheBehavior [ RunTime:0.001000s ]
INFO: [ view_filter ] --END-- [ RunTime:0.001000s ]
INFO: [ app_end ] --START--
INFO: Run Behavior\ShowPageTraceBehavior [ RunTime:0.001000s ]
INFO: [ app_end ] --END-- [ RunTime:0.001000s ]

[ 2015-08-20T10:41:38+08:00 ] 127.0.0.1 /Admin/Project/index.html
INFO: [ app_init ] --START--
INFO: Run Behavior\BuildLiteBehavior [ RunTime:0.001000s ]
INFO: [ app_init ] --END-- [ RunTime:0.001000s ]
INFO: [ app_begin ] --START--
INFO: Run Behavior\ReadHtmlCacheBehavior [ RunTime:0.001000s ]
INFO: [ app_begin ] --END-- [ RunTime:0.001000s ]
NOTIC: [2048] Non-static method Admin\Controller\Check::check() should not be called statically, assuming $this from incompatible context C:\Program Files\phpStudy\WWW_prop\Application\Admin\Controller\ProjectController.class.php 第 7 行.
SQL: SHOW COLUMNS FROM `prop_project_manager` [ RunTime:0.0040s ]
SQL: SELECT p.h_id,p.project FROM prop_project_manager m INNER JOIN prop_project p ON m.project_id = p.h_id  WHERE m.uin = '1468'  [ RunTime:0.0010s ]
SQL: SHOW COLUMNS FROM `prop_menu` [ RunTime:0.0030s ]
SQL: SELECT * FROM `prop_menu`  [ RunTime:0.0000s ]
SQL: SHOW COLUMNS FROM `prop_project` [ RunTime:0.0030s ]
SQL: SELECT * FROM `prop_project` WHERE ( h_id=33 ) LIMIT 1   [ RunTime:0.0000s ]
INFO: [ view_parse ] --START--
INFO: [ template_filter ] --START--
INFO: Run Behavior\ContentReplaceBehavior [ RunTime:0.000000s ]
INFO: [ template_filter ] --END-- [ RunTime:0.000000s ]
INFO: Run Behavior\ParseTemplateBehavior [ RunTime:0.020002s ]
INFO: [ view_parse ] --END-- [ RunTime:0.020002s ]
INFO: [ view_filter ] --START--
INFO: Run Behavior\WriteHtmlCacheBehavior [ RunTime:0.001000s ]
INFO: [ view_filter ] --END-- [ RunTime:0.001000s ]
INFO: [ app_end ] --START--
INFO: Run Behavior\ShowPageTraceBehavior [ RunTime:0.001000s ]
INFO: [ app_end ] --END-- [ RunTime:0.001000s ]

[ 2015-08-20T10:41:41+08:00 ] 127.0.0.1 /Admin/Project/index/project_id/36.html
INFO: [ app_init ] --START--
INFO: Run Behavior\BuildLiteBehavior [ RunTime:0.001000s ]
INFO: [ app_init ] --END-- [ RunTime:0.001000s ]
INFO: [ app_begin ] --START--
INFO: Run Behavior\ReadHtmlCacheBehavior [ RunTime:0.000000s ]
INFO: [ app_begin ] --END-- [ RunTime:0.000000s ]
NOTIC: [2048] Non-static method Admin\Controller\Check::check() should not be called statically, assuming $this from incompatible context C:\Program Files\phpStudy\WWW_prop\Application\Admin\Controller\ProjectController.class.php 第 7 行.
SQL: SHOW COLUMNS FROM `prop_project_manager` [ RunTime:0.0020s ]
SQL: SELECT p.h_id,p.project FROM prop_project_manager m INNER JOIN prop_project p ON m.project_id = p.h_id  WHERE m.uin = '1468'  [ RunTime:0.0000s ]
SQL: SHOW COLUMNS FROM `prop_menu` [ RunTime:0.0020s ]
SQL: SELECT * FROM `prop_menu`  [ RunTime:0.0010s ]
SQL: SHOW COLUMNS FROM `prop_project` [ RunTime:0.0030s ]
SQL: SELECT * FROM `prop_project` WHERE ( h_id=36 ) LIMIT 1   [ RunTime:0.0000s ]
INFO: [ view_parse ] --START--
INFO: [ template_filter ] --START--
INFO: Run Behavior\ContentReplaceBehavior [ RunTime:0.000000s ]
INFO: [ template_filter ] --END-- [ RunTime:0.000000s ]
INFO: Run Behavior\ParseTemplateBehavior [ RunTime:0.011000s ]
INFO: [ view_parse ] --END-- [ RunTime:0.011000s ]
INFO: [ view_filter ] --START--
INFO: Run Behavior\WriteHtmlCacheBehavior [ RunTime:0.001000s ]
INFO: [ view_filter ] --END-- [ RunTime:0.001000s ]
INFO: [ app_end ] --START--
INFO: Run Behavior\ShowPageTraceBehavior [ RunTime:0.001000s ]
INFO: [ app_end ] --END-- [ RunTime:0.001000s ]

[ 2015-08-20T10:41:48+08:00 ] 127.0.0.1 /Admin/Project/update_project/
INFO: [ app_init ] --START--
INFO: Run Behavior\BuildLiteBehavior [ RunTime:0.000000s ]
INFO: [ app_init ] --END-- [ RunTime:0.001000s ]
INFO: [ app_begin ] --START--
INFO: Run Behavior\ReadHtmlCacheBehavior [ RunTime:0.000000s ]
INFO: [ app_begin ] --END-- [ RunTime:0.000000s ]
NOTIC: [2048] Non-static method Admin\Controller\Check::check() should not be called statically, assuming $this from incompatible context C:\Program Files\phpStudy\WWW_prop\Application\Admin\Controller\ProjectController.class.php 第 7 行.
SQL: SHOW COLUMNS FROM `prop_project_manager` [ RunTime:0.0020s ]
SQL: SELECT COUNT(*) AS tp_count FROM `prop_project_manager` WHERE `uin` = 1468 AND `project_id` = 36 LIMIT 1   [ RunTime:0.0010s ]
SQL: SHOW COLUMNS FROM `prop_project` [ RunTime:0.0020s ]
NOTIC: [2] Illegal offset type in isset or empty C:\Program Files\phpStudy\WWW_prop\ThinkPHP\Library\Think\Model.class.php 第 445 行.
SQL: UPDATE `prop_project` SET `project_tel`='123456789' WHERE `h_id` = 36 [ RunTime:0.0000s ]
NOTIC: [8] Undefined variable: menu_config C:\Program Files\phpStudy\WWW_prop\Application\Admin\Controller\ProjectController.class.php 第 116 行.
INFO: [ app_end ] --START--
INFO: Run Behavior\ShowPageTraceBehavior [ RunTime:0.001000s ]
INFO: [ app_end ] --END-- [ RunTime:0.001000s ]

[ 2015-08-20T12:08:10+08:00 ] 127.0.0.1 /Admin/Project/update_menu/
INFO: [ app_init ] --START--
INFO: Run Behavior\BuildLiteBehavior [ RunTime:0.000000s ]
INFO: [ app_init ] --END-- [ RunTime:0.001000s ]
INFO: [ app_begin ] --START--
INFO: Run Behavior\ReadHtmlCacheBehavior [ RunTime:0.001000s ]
INFO: [ app_begin ] --END-- [ RunTime:0.001000s ]
NOTIC: [2048] Non-static method Admin\Controller\Check::check() should not be called statically, assuming $this from incompatible context C:\Program Files\phpStudy\WWW_prop\Application\Admin\Controller\ProjectController.class.php 第 7 行.

[ 2015-08-20T12:08:11+08:00 ] 127.0.0.1 /Admin/Login/index.html?backurl=http://prop.zzp.cn/Admin/Project
INFO: [ app_init ] --START--
INFO: Run Behavior\BuildLiteBehavior [ RunTime:0.000000s ]
INFO: [ app_init ] --END-- [ RunTime:0.000000s ]
INFO: [ app_begin ] --START--
INFO: Run Behavior\ReadHtmlCacheBehavior [ RunTime:0.000000s ]
INFO: [ app_begin ] --END-- [ RunTime:0.000000s ]
INFO: [ view_parse ] --START--
INFO: [ template_filter ] --START--
INFO: Run Behavior\ContentReplaceBehavior [ RunTime:0.000000s ]
INFO: [ template_filter ] --END-- [ RunTime:0.000000s ]
NOTIC: [8] Undefined variable: webname C:\Program Files\phpStudy\WWW_prop\Application\Runtime\Cache\Admin\2413a4ed422c62341e4ae44a15949ed4.php 第 10 行.
INFO: Run Behavior\ParseTemplateBehavior [ RunTime:0.011001s ]
INFO: [ view_parse ] --END-- [ RunTime:0.012001s ]
INFO: [ view_filter ] --START--
INFO: Run Behavior\WriteHtmlCacheBehavior [ RunTime:0.000000s ]
INFO: [ view_filter ] --END-- [ RunTime:0.001000s ]
INFO: [ app_end ] --START--
INFO: Run Behavior\ShowPageTraceBehavior [ RunTime:0.000000s ]
INFO: [ app_end ] --END-- [ RunTime:0.000000s ]

[ 2015-08-20T12:08:12+08:00 ] 127.0.0.1 /Admin/Project/update_menu/
INFO: [ app_init ] --START--
INFO: Run Behavior\BuildLiteBehavior [ RunTime:0.000000s ]
INFO: [ app_init ] --END-- [ RunTime:0.001000s ]
INFO: [ app_begin ] --START--
INFO: Run Behavior\ReadHtmlCacheBehavior [ RunTime:0.000000s ]
INFO: [ app_begin ] --END-- [ RunTime:0.000000s ]
NOTIC: [2048] Non-static method Admin\Controller\Check::check() should not be called statically, assuming $this from incompatible context C:\Program Files\phpStudy\WWW_prop\Application\Admin\Controller\ProjectController.class.php 第 7 行.

[ 2015-08-20T12:08:13+08:00 ] 127.0.0.1 /Admin/Login/index.html?backurl=http://prop.zzp.cn/Admin/Project
INFO: [ app_init ] --START--
INFO: Run Behavior\BuildLiteBehavior [ RunTime:0.000000s ]
INFO: [ app_init ] --END-- [ RunTime:0.000000s ]
INFO: [ app_begin ] --START--
INFO: Run Behavior\ReadHtmlCacheBehavior [ RunTime:0.000000s ]
INFO: [ app_begin ] --END-- [ RunTime:0.000000s ]
INFO: [ view_parse ] --START--
INFO: [ template_filter ] --START--
INFO: Run Behavior\ContentReplaceBehavior [ RunTime:0.000000s ]
INFO: [ template_filter ] --END-- [ RunTime:0.000000s ]
NOTIC: [8] Undefined variable: webname C:\Program Files\phpStudy\WWW_prop\Application\Runtime\Cache\Admin\2413a4ed422c62341e4ae44a15949ed4.php 第 10 行.
INFO: Run Behavior\ParseTemplateBehavior [ RunTime:0.009000s ]
INFO: [ view_parse ] --END-- [ RunTime:0.009000s ]
INFO: [ view_filter ] --START--
INFO: Run Behavior\WriteHtmlCacheBehavior [ RunTime:0.001000s ]
INFO: [ view_filter ] --END-- [ RunTime:0.001000s ]
INFO: [ app_end ] --START--
INFO: Run Behavior\ShowPageTraceBehavior [ RunTime:0.001001s ]
INFO: [ app_end ] --END-- [ RunTime:0.001001s ]

[ 2015-08-20T12:08:15+08:00 ] 127.0.0.1 /Admin/Project/update_menu/
INFO: [ app_init ] --START--
INFO: Run Behavior\BuildLiteBehavior [ RunTime:0.000000s ]
INFO: [ app_init ] --END-- [ RunTime:0.000000s ]
INFO: [ app_begin ] --START--
INFO: Run Behavior\ReadHtmlCacheBehavior [ RunTime:0.001000s ]
INFO: [ app_begin ] --END-- [ RunTime:0.001000s ]
NOTIC: [2048] Non-static method Admin\Controller\Check::check() should not be called statically, assuming $this from incompatible context C:\Program Files\phpStudy\WWW_prop\Application\Admin\Controller\ProjectController.class.php 第 7 行.

[ 2015-08-20T12:08:16+08:00 ] 127.0.0.1 /Admin/Login/index.html?backurl=http://prop.zzp.cn/Admin/Project
INFO: [ app_init ] --START--
INFO: Run Behavior\BuildLiteBehavior [ RunTime:0.000000s ]
INFO: [ app_init ] --END-- [ RunTime:0.001000s ]
INFO: [ app_begin ] --START--
INFO: Run Behavior\ReadHtmlCacheBehavior [ RunTime:0.001000s ]
INFO: [ app_begin ] --END-- [ RunTime:0.001000s ]
INFO: [ view_parse ] --START--
INFO: [ template_filter ] --START--
INFO: Run Behavior\ContentReplaceBehavior [ RunTime:0.000000s ]
INFO: [ template_filter ] --END-- [ RunTime:0.000000s ]
NOTIC: [8] Undefined variable: webname C:\Program Files\phpStudy\WWW_prop\Application\Runtime\Cache\Admin\2413a4ed422c62341e4ae44a15949ed4.php 第 10 行.
INFO: Run Behavior\ParseTemplateBehavior [ RunTime:0.006000s ]
INFO: [ view_parse ] --END-- [ RunTime:0.006000s ]
INFO: [ view_filter ] --START--
INFO: Run Behavior\WriteHtmlCacheBehavior [ RunTime:0.001000s ]
INFO: [ view_filter ] --END-- [ RunTime:0.001000s ]
INFO: [ app_end ] --START--
INFO: Run Behavior\ShowPageTraceBehavior [ RunTime:0.000000s ]
INFO: [ app_end ] --END-- [ RunTime:0.000000s ]

[ 2015-08-20T12:08:28+08:00 ] 127.0.0.1 /Admin/Project/index.html
INFO: [ app_init ] --START--
INFO: Run Behavior\BuildLiteBehavior [ RunTime:0.000000s ]
INFO: [ app_init ] --END-- [ RunTime:0.001000s ]
INFO: [ app_begin ] --START--
INFO: Run Behavior\ReadHtmlCacheBehavior [ RunTime:0.001000s ]
INFO: [ app_begin ] --END-- [ RunTime:0.002000s ]
NOTIC: [2048] Non-static method Admin\Controller\Check::check() should not be called statically, assuming $this from incompatible context C:\Program Files\phpStudy\WWW_prop\Application\Admin\Controller\ProjectController.class.php 第 7 行.
SQL: SHOW COLUMNS FROM `prop_project_manager` [ RunTime:0.0020s ]
SQL: SELECT p.h_id,p.project FROM prop_project_manager m INNER JOIN prop_project p ON m.project_id = p.h_id  WHERE m.uin = '1468'  [ RunTime:0.0000s ]
SQL: SHOW COLUMNS FROM `prop_menu` [ RunTime:0.0020s ]
SQL: SELECT * FROM `prop_menu`  [ RunTime:0.0000s ]
SQL: SHOW COLUMNS FROM `prop_project` [ RunTime:0.0030s ]
SQL: SELECT * FROM `prop_project` WHERE ( h_id=33 ) LIMIT 1   [ RunTime:0.0010s ]
INFO: [ view_parse ] --START--
INFO: [ template_filter ] --START--
INFO: Run Behavior\ContentReplaceBehavior [ RunTime:0.000000s ]
INFO: [ template_filter ] --END-- [ RunTime:0.000000s ]
INFO: Run Behavior\ParseTemplateBehavior [ RunTime:0.011001s ]
INFO: [ view_parse ] --END-- [ RunTime:0.011001s ]
INFO: [ view_filter ] --START--
INFO: Run Behavior\WriteHtmlCacheBehavior [ RunTime:0.001000s ]
INFO: [ view_filter ] --END-- [ RunTime:0.001000s ]
INFO: [ app_end ] --START--
INFO: Run Behavior\ShowPageTraceBehavior [ RunTime:0.001000s ]
INFO: [ app_end ] --END-- [ RunTime:0.001000s ]

[ 2015-08-20T12:08:31+08:00 ] 127.0.0.1 /Admin/Project/index/project_id/35.html
INFO: [ app_init ] --START--
INFO: Run Behavior\BuildLiteBehavior [ RunTime:0.000000s ]
INFO: [ app_init ] --END-- [ RunTime:0.001000s ]
INFO: [ app_begin ] --START--
INFO: Run Behavior\ReadHtmlCacheBehavior [ RunTime:0.001000s ]
INFO: [ app_begin ] --END-- [ RunTime:0.001000s ]
NOTIC: [2048] Non-static method Admin\Controller\Check::check() should not be called statically, assuming $this from incompatible context C:\Program Files\phpStudy\WWW_prop\Application\Admin\Controller\ProjectController.class.php 第 7 行.
SQL: SHOW COLUMNS FROM `prop_project_manager` [ RunTime:0.0030s ]
SQL: SELECT p.h_id,p.project FROM prop_project_manager m INNER JOIN prop_project p ON m.project_id = p.h_id  WHERE m.uin = '1468'  [ RunTime:0.0010s ]
SQL: SHOW COLUMNS FROM `prop_menu` [ RunTime:0.0020s ]
SQL: SELECT * FROM `prop_menu`  [ RunTime:0.0010s ]
SQL: SHOW COLUMNS FROM `prop_project` [ RunTime:0.0030s ]
SQL: SELECT * FROM `prop_project` WHERE ( h_id=35 ) LIMIT 1   [ RunTime:0.0010s ]
INFO: [ view_parse ] --START--
INFO: [ template_filter ] --START--
INFO: Run Behavior\ContentReplaceBehavior [ RunTime:0.000000s ]
INFO: [ template_filter ] --END-- [ RunTime:0.000000s ]
INFO: Run Behavior\ParseTemplateBehavior [ RunTime:0.011001s ]
INFO: [ view_parse ] --END-- [ RunTime:0.012001s ]
INFO: [ view_filter ] --START--
INFO: Run Behavior\WriteHtmlCacheBehavior [ RunTime:0.000000s ]
INFO: [ view_filter ] --END-- [ RunTime:0.000000s ]
INFO: [ app_end ] --START--
INFO: Run Behavior\ShowPageTraceBehavior [ RunTime:0.000000s ]
INFO: [ app_end ] --END-- [ RunTime:0.000000s ]

[ 2015-08-20T12:08:31+08:00 ] 127.0.0.1 /Admin/Project/index/project_id/36.html
INFO: [ app_init ] --START--
INFO: Run Behavior\BuildLiteBehavior [ RunTime:0.000000s ]
INFO: [ app_init ] --END-- [ RunTime:0.000000s ]
INFO: [ app_begin ] --START--
INFO: Run Behavior\ReadHtmlCacheBehavior [ RunTime:0.000000s ]
INFO: [ app_begin ] --END-- [ RunTime:0.000000s ]
NOTIC: [2048] Non-static method Admin\Controller\Check::check() should not be called statically, assuming $this from incompatible context C:\Program Files\phpStudy\WWW_prop\Application\Admin\Controller\ProjectController.class.php 第 7 行.
SQL: SHOW COLUMNS FROM `prop_project_manager` [ RunTime:0.0030s ]
SQL: SELECT p.h_id,p.project FROM prop_project_manager m INNER JOIN prop_project p ON m.project_id = p.h_id  WHERE m.uin = '1468'  [ RunTime:0.0010s ]
SQL: SHOW COLUMNS FROM `prop_menu` [ RunTime:0.0030s ]
SQL: SELECT * FROM `prop_menu`  [ RunTime:0.0010s ]
SQL: SHOW COLUMNS FROM `prop_project` [ RunTime:0.0030s ]
SQL: SELECT * FROM `prop_project` WHERE ( h_id=36 ) LIMIT 1   [ RunTime:0.0010s ]
INFO: [ view_parse ] --START--
INFO: [ template_filter ] --START--
INFO: Run Behavior\ContentReplaceBehavior [ RunTime:0.000000s ]
INFO: [ template_filter ] --END-- [ RunTime:0.000000s ]
INFO: Run Behavior\ParseTemplateBehavior [ RunTime:0.018001s ]
INFO: [ view_parse ] --END-- [ RunTime:0.018001s ]
INFO: [ view_filter ] --START--
INFO: Run Behavior\WriteHtmlCacheBehavior [ RunTime:0.000000s ]
INFO: [ view_filter ] --END-- [ RunTime:0.000000s ]
INFO: [ app_end ] --START--
INFO: Run Behavior\ShowPageTraceBehavior [ RunTime:0.000000s ]
INFO: [ app_end ] --END-- [ RunTime:0.001000s ]

[ 2015-08-20T12:08:35+08:00 ] 127.0.0.1 /Admin/Project/update_menu/
INFO: [ app_init ] --START--
INFO: Run Behavior\BuildLiteBehavior [ RunTime:0.000000s ]
INFO: [ app_init ] --END-- [ RunTime:0.001000s ]
INFO: [ app_begin ] --START--
INFO: Run Behavior\ReadHtmlCacheBehavior [ RunTime:0.001000s ]
INFO: [ app_begin ] --END-- [ RunTime:0.001000s ]
NOTIC: [2048] Non-static method Admin\Controller\Check::check() should not be called statically, assuming $this from incompatible context C:\Program Files\phpStudy\WWW_prop\Application\Admin\Controller\ProjectController.class.php 第 7 行.
SQL: SHOW COLUMNS FROM `prop_project_manager` [ RunTime:0.0020s ]
SQL: SELECT COUNT(*) AS tp_count FROM `prop_project_manager` WHERE `uin` = 1468 AND `project_id` = 36 LIMIT 1   [ RunTime:0.0000s ]
SQL: SHOW COLUMNS FROM `prop_menu` [ RunTime:0.0030s ]
SQL: SELECT * FROM `prop_menu` WHERE `menu_id` = 4 LIMIT 1   [ RunTime:0.0000s ]
SQL: SELECT * FROM `prop_menu` WHERE `menu_id` = 6 LIMIT 1   [ RunTime:0.0000s ]
SQL: SELECT * FROM `prop_menu` WHERE `menu_id` = 3 LIMIT 1   [ RunTime:0.0010s ]
SQL: SELECT * FROM `prop_menu` WHERE `menu_id` = 8 LIMIT 1   [ RunTime:0.0000s ]
SQL: SELECT * FROM `prop_menu` WHERE `menu_id` = 1 LIMIT 1   [ RunTime:0.0000s ]
SQL: SELECT * FROM `prop_menu` WHERE `menu_id` = 7 LIMIT 1   [ RunTime:0.0000s ]
SQL: SELECT * FROM `prop_menu` WHERE `menu_id` = 2 LIMIT 1   [ RunTime:0.0010s ]
SQL: SELECT * FROM `prop_menu` WHERE `menu_id` = 5 LIMIT 1   [ RunTime:0.0000s ]
SQL: SHOW COLUMNS FROM `prop_project` [ RunTime:0.0030s ]
NOTIC: [2] Illegal offset type in isset or empty C:\Program Files\phpStudy\WWW_prop\ThinkPHP\Library\Think\Model.class.php 第 445 行.
SQL: UPDATE `prop_project` SET `project_menu`='a:8:{i:4;a:3:{s:9:\"menu_name\";s:6:\"快递\";s:8:\"menu_url\";s:3:\"###\";s:8:\"menu_ico\";s:10:\"icon-truck\";}i:6;a:3:{s:9:\"menu_name\";s:6:\"闲置\";s:8:\"menu_url\";s:3:\"###\";s:8:\"menu_ico\";s:12:\"icon-archive\";}i:3;a:3:{s:9:\"menu_name\";s:6:\"账单\";s:8:\"menu_url\";s:21:\"/Prop/Bill/index.html\";s:8:\"menu_ico\";s:10:\"icon-money\";}i:8;a:3:{s:9:\"menu_name\";s:6:\"黄页\";s:8:\"menu_url\";s:23:\"/Prop/Yellow/index.html\";s:8:\"menu_ico\";s:16:\"icon-file-text-o\";}i:1;a:3:{s:9:\"menu_name\";s:6:\"资讯\";s:8:\"menu_url\";s:23:\"/Prop/Notice/index.html\";s:8:\"menu_ico\";s:13:\"icon-bullhorn\";}i:7;a:3:{s:9:\"menu_name\";s:6:\"拼车\";s:8:\"menu_url\";s:3:\"###\";s:8:\"menu_ico\";s:9:\"icon-taxi\";}i:2;a:3:{s:9:\"menu_name\";s:6:\"服务\";s:8:\"menu_url\";s:23:\"/Prop/Server/index.html\";s:8:\"menu_ico\";s:9:\"icon-cogs\";}i:5;a:3:{s:9:\"menu_name\";s:6:\"活动\";s:8:\"menu_url\";s:3:\"###\";s:8:\"menu_ico\";s:18:\"icon-paper-plane-o\";}}' WHERE `h_id` = 36 [ RunTime:0.0010s ]
INFO: [ app_end ] --START--
INFO: Run Behavior\ShowPageTraceBehavior [ RunTime:0.001000s ]
INFO: [ app_end ] --END-- [ RunTime:0.001000s ]

[ 2015-08-20T12:08:37+08:00 ] 127.0.0.1 /Admin/Project/update_project/
INFO: [ app_init ] --START--
INFO: Run Behavior\BuildLiteBehavior [ RunTime:0.000000s ]
INFO: [ app_init ] --END-- [ RunTime:0.001001s ]
INFO: [ app_begin ] --START--
INFO: Run Behavior\ReadHtmlCacheBehavior [ RunTime:0.002000s ]
INFO: [ app_begin ] --END-- [ RunTime:0.002000s ]
NOTIC: [2048] Non-static method Admin\Controller\Check::check() should not be called statically, assuming $this from incompatible context C:\Program Files\phpStudy\WWW_prop\Application\Admin\Controller\ProjectController.class.php 第 7 行.
SQL: SHOW COLUMNS FROM `prop_project_manager` [ RunTime:0.0030s ]
SQL: SELECT COUNT(*) AS tp_count FROM `prop_project_manager` WHERE `uin` = 1468 AND `project_id` = 36 LIMIT 1   [ RunTime:0.0000s ]
SQL: SHOW COLUMNS FROM `prop_project` [ RunTime:0.0010s ]
NOTIC: [2] Illegal offset type in isset or empty C:\Program Files\phpStudy\WWW_prop\ThinkPHP\Library\Think\Model.class.php 第 445 行.
SQL: UPDATE `prop_project` SET `project_tel`='123456789' WHERE `h_id` = 36 [ RunTime:0.0000s ]
NOTIC: [8] Undefined variable: menu_config C:\Program Files\phpStudy\WWW_prop\Application\Admin\Controller\ProjectController.class.php 第 116 行.
INFO: [ app_end ] --START--
INFO: Run Behavior\ShowPageTraceBehavior [ RunTime:0.002000s ]
INFO: [ app_end ] --END-- [ RunTime:0.002000s ]

[ 2015-08-20T12:09:12+08:00 ] 127.0.0.1 /Admin/Project/update_project/
INFO: [ app_init ] --START--
INFO: Run Behavior\BuildLiteBehavior [ RunTime:0.000000s ]
INFO: [ app_init ] --END-- [ RunTime:0.001000s ]
INFO: [ app_begin ] --START--
INFO: Run Behavior\ReadHtmlCacheBehavior [ RunTime:0.001000s ]
INFO: [ app_begin ] --END-- [ RunTime:0.001000s ]
NOTIC: [2048] Non-static method Admin\Controller\Check::check() should not be called statically, assuming $this from incompatible context C:\Program Files\phpStudy\WWW_prop\Application\Admin\Controller\ProjectController.class.php 第 7 行.
SQL: SHOW COLUMNS FROM `prop_project_manager` [ RunTime:0.0000s ]
SQL: SELECT COUNT(*) AS tp_count FROM `prop_project_manager` WHERE `uin` = 1468 AND `project_id` = 36 LIMIT 1   [ RunTime:0.0000s ]
SQL: SHOW COLUMNS FROM `prop_project` [ RunTime:0.0000s ]
NOTIC: [2] Illegal offset type in isset or empty C:\Program Files\phpStudy\WWW_prop\ThinkPHP\Library\Think\Model.class.php 第 445 行.
SQL: UPDATE `prop_project` SET `project_tel`='123456789' WHERE `h_id` = 36 [ RunTime:0.0000s ]
INFO: [ app_end ] --START--
INFO: Run Behavior\ShowPageTraceBehavior [ RunTime:0.000000s ]
INFO: [ app_end ] --END-- [ RunTime:0.000000s ]

[ 2015-08-20T14:28:57+08:00 ] 192.168.2.124 /Admin/MenuTree?callback=jQuery21408062262809835374_1440052135523&_=1440052135524
INFO: [ app_init ] --START--
INFO: Run Behavior\BuildLiteBehavior [ RunTime:0.000000s ]
INFO: [ app_init ] --END-- [ RunTime:0.001000s ]
INFO: [ app_begin ] --START--
INFO: Run Behavior\ReadHtmlCacheBehavior [ RunTime:0.001000s ]
INFO: [ app_begin ] --END-- [ RunTime:0.001000s ]
NOTIC: [2] mysql_connect() [<a href='function.mysql-connect'>function.mysql-connect</a>]: Access denied for user 'property_user'@'localhost' (using password: YES) C:\Program Files\phpStudy\WWW_prop\ThinkPHP\Library\Think\Session\Driver\Db.class.php 第 95 行.
NOTIC: [2] mysql_select_db() expects parameter 2 to be resource, boolean given C:\Program Files\phpStudy\WWW_prop\ThinkPHP\Library\Think\Session\Driver\Db.class.php 第 98 行.
NOTIC: [8] Undefined offset: 1 C:\Program Files\phpStudy\WWW_prop\ThinkPHP\Library\Think\Session\Driver\Db.class.php 第 124 行.
NOTIC: [2] mysql_query() expects parameter 2 to be resource, null given C:\Program Files\phpStudy\WWW_prop\ThinkPHP\Library\Think\Session\Driver\Db.class.php 第 125 行.

